22-Nov-2019 04:16:44.681 INFO [main] org.apache.catalina.startup.Catalina.load Initialization processed in 3116 ms
22-Nov-2019 04:26:10.995 INFO [main] org.apache.catalina.startup.Catalina.start Server startup in 566284 ms
22-Nov-2019 06:33:16.047 SEVERE [http-nio-8080-exec-4] org.apache.jasper.compiler.Compiler.generateClass Error compiling file: C:\LR7\liferay-ce-portal-7.1.1-ga2\work\com.crowd.funding.module.controller-1.0.0\org\apache\jsp\jsp\AdminDaysExtend\AdminDaysExtendCampaignTab_jsp.java
22-Nov-2019 06:36:08.877 SEVERE [http-nio-8080-exec-6] org.apache.jasper.compiler.Compiler.generateClass Error compiling file: C:\LR7\liferay-ce-portal-7.1.1-ga2\work\com.crowd.funding.module.controller-1.0.0\org\apache\jsp\jsp\AdminDaysExtend\AdminDaysExtendCampaignTab_jsp.java
22-Nov-2019 06:46:24.663 SEVERE [http-nio-8080-exec-10] org.apache.jasper.compiler.Compiler.generateClass Error compiling file: C:\LR7\liferay-ce-portal-7.1.1-ga2\work\com.crowd.funding.module.controller-1.0.0\org\apache\jsp\jsp\AdminDaysExtend\AdminDaysExtendCampaignTab_jsp.java
22-Nov-2019 06:58:36.505 SEVERE [http-nio-8080-exec-9] org.apache.jasper.compiler.Compiler.generateClass Error compiling file: C:\LR7\liferay-ce-portal-7.1.1-ga2\work\com.crowd.funding.module.controller-1.0.0\org\apache\jsp\jsp\AdminDaysExtend\AdminDaysExtendCampaignTab_jsp.java
22-Nov-2019 07:02:21.995 SEVERE [http-nio-8080-exec-6] org.apache.jasper.compiler.Compiler.generateClass Error compiling file: C:\LR7\liferay-ce-portal-7.1.1-ga2\work\com.crowd.funding.module.controller-1.0.0\org\apache\jsp\jsp\AdminDaysExtend\AdminDaysExtendCampaignTab_jsp.java
22-Nov-2019 07:10:19.326 SEVERE [http-nio-8080-exec-6] org.apache.jasper.compiler.Compiler.generateClass Error compiling file: C:\LR7\liferay-ce-portal-7.1.1-ga2\work\com.crowd.funding.module.controller-1.0.0\org\apache\jsp\jsp\AdminDaysExtend\AdminDaysExtendCampaignTab_jsp.java
22-Nov-2019 08:08:52.518 SEVERE [http-nio-8080-exec-2] org.apache.jasper.compiler.Compiler.generateClass Error compiling file: C:\LR7\liferay-ce-portal-7.1.1-ga2\work\com.crowd.funding.module.controller-1.0.0\org\apache\jsp\jsp\BenificiaryDetails\BenificiaryCategory_jsp.java
22-Nov-2019 08:31:33.390 SEVERE [http-nio-8080-exec-3] org.apache.jasper.compiler.Compiler.generateClass Error compiling file: C:\LR7\liferay-ce-portal-7.1.1-ga2\work\com.crowd.funding.module.controller-1.0.0\org\apache\jsp\jsp\BenificiaryDetails\BenificiaryDetails_jsp.java
22-Nov-2019 08:32:15.662 SEVERE [http-nio-8080-exec-4] org.apache.jasper.compiler.Compiler.generateClass Error compiling file: C:\LR7\liferay-ce-portal-7.1.1-ga2\work\com.crowd.funding.module.controller-1.0.0\org\apache\jsp\jsp\BenificiaryDetails\FamilyIndividualCategoryData_jsp.java
22-Nov-2019 09:27:17.714 SEVERE [http-nio-8080-exec-8] org.apache.jasper.compiler.Compiler.generateClass Error compiling file: C:\LR7\liferay-ce-portal-7.1.1-ga2\work\com.crowd.funding.module.controller-1.0.0\org\apache\jsp\jsp\BenificiaryDetails\FamilyIndividualCategoryData_jsp.java
22-Nov-2019 11:30:44.866 SEVERE [http-nio-8080-exec-9] org.apache.jasper.compiler.Compiler.generateClass Error compiling file: C:\LR7\liferay-ce-portal-7.1.1-ga2\work\com.crowd.funding.module.controller-1.0.0\org\apache\jsp\jsp\BenificiaryDetails\FamilyIndividualCategoryData_jsp.java
22-Nov-2019 11:35:28.030 SEVERE [http-nio-8080-exec-2] org.apache.jasper.compiler.Compiler.generateClass Error compiling file: C:\LR7\liferay-ce-portal-7.1.1-ga2\work\com.crowd.funding.module.controller-1.0.0\org\apache\jsp\jsp\BenificiaryDetails\FamilyIndividualCategoryData_jsp.java
22-Nov-2019 11:50:30.840 WARNING [main] org.apache.catalina.loader.WebappClassLoaderBase.clearReferencesThreads The web application [ROOT] appears to have started a thread named [Refresh Thread: Equinox Container: 1ab80bcb-1cd5-43cf-9231-219385fa1c16] but has failed to stop it. This is very likely to create a memory leak. Stack trace of thread:
 java.lang.Object.wait(Native Method)
 java.lang.Object.wait(Object.java:502)
 org.eclipse.osgi.framework.eventmgr.EventManager$EventThread.getNextEvent(EventManager.java:400)
 org.eclipse.osgi.framework.eventmgr.EventManager$EventThread.run(EventManager.java:336)
22-Nov-2019 11:50:30.901 WARNING [main] org.apache.catalina.loader.WebappClassLoaderBase.clearReferencesThreads The web application [ROOT] appears to have started a thread named [Framework stop] but has failed to stop it. This is very likely to create a memory leak. Stack trace of thread:
 org.eclipse.osgi.container.ModuleContainer$ContainerStartLevel.doContainerStartLevel(ModuleContainer.java:1590)
 org.eclipse.osgi.container.SystemModule.stopWorker(SystemModule.java:270)
 org.eclipse.osgi.internal.framework.EquinoxBundle$SystemBundle$EquinoxSystemModule.stopWorker(EquinoxBundle.java:192)
 org.eclipse.osgi.container.Module.doStop(Module.java:636)
 org.eclipse.osgi.container.Module.stop(Module.java:498)
 org.eclipse.osgi.container.SystemModule.stop(SystemModule.java:202)
 org.eclipse.osgi.internal.framework.EquinoxBundle$SystemBundle$EquinoxSystemModule$1.run(EquinoxBundle.java:210)
 java.lang.Thread.run(Thread.java:745)
22-Nov-2019 11:50:31.229 SEVERE [main] org.apache.catalina.loader.WebappClassLoaderBase.checkThreadLocalMapForLeaks The web application [ROOT] created a ThreadLocal with key of type [java.lang.ThreadLocal] (value [java.lang.ThreadLocal@6dcd2ff2]) and a value of type [io.netty.util.internal.InternalThreadLocalMap] (value [io.netty.util.internal.InternalThreadLocalMap@61ffdbf6]) but failed to remove it when the web application was stopped. Threads are going to be renewed over time to try and avoid a probable memory leak.
22-Nov-2019 12:26:02.859 INFO [main] org.apache.catalina.startup.Catalina.load Initialization processed in 4415 ms
22-Nov-2019 12:37:11.949 INFO [main] org.apache.catalina.startup.Catalina.start Server startup in 668964 ms
22-Nov-2019 12:41:00.115 SEVERE [http-nio-8080-exec-7] org.apache.jasper.compiler.Compiler.generateClass Error compiling file: C:\LR7\liferay-ce-portal-7.1.1-ga2\work\com.crowd.funding.module.controller-1.0.0\org\apache\jsp\jsp\BenificiaryDetails\CauseDetails_jsp.java
22-Nov-2019 13:06:15.186 SEVERE [http-nio-8080-exec-6] org.apache.jasper.compiler.Compiler.generateClass Error compiling file: C:\LR7\liferay-ce-portal-7.1.1-ga2\work\com.crowd.funding.module.controller-1.0.0\org\apache\jsp\jsp\BenificiaryDetails\BenificiaryDetails_jsp.java
