!SESSION 2019-03-15 05:09:41.005 -----------------------------------------------
eclipse.buildId=unknown
java.version=1.8.0_101
java.vendor=Oracle Corporation
BootLoader constants: OS=win32, ARCH=x86_64, WS=win32, NL=en_IN

!ENTRY com.nirav.jasper.report 4 0 2019-03-15 05:09:41.005
!MESSAGE FrameworkEvent ERROR
!STACK 0
org.osgi.framework.BundleException: Could not resolve module: com.nirav.jasper.report [1000]
  Unresolved requirement: Import-Package: com.liferay.portal.reports.engine.console.model; version="[1.0.0,2.0.0)"

	at org.eclipse.osgi.container.Module.start(Module.java:444)
	at org.eclipse.osgi.container.ModuleContainer$ContainerStartLevel.incStartLevel(ModuleContainer.java:1682)
	at org.eclipse.osgi.container.ModuleContainer$ContainerStartLevel.incStartLevel(ModuleContainer.java:1662)
	at org.eclipse.osgi.container.ModuleContainer$ContainerStartLevel.doContainerStartLevel(ModuleContainer.java:1624)
	at org.eclipse.osgi.container.ModuleContainer$ContainerStartLevel.dispatchEvent(ModuleContainer.java:1555)
	at org.eclipse.osgi.container.ModuleContainer$ContainerStartLevel.dispatchEvent(ModuleContainer.java:1)
	at org.eclipse.osgi.framework.eventmgr.EventManager.dispatchEvent(EventManager.java:230)
	at org.eclipse.osgi.framework.eventmgr.EventManager$EventThread.run(EventManager.java:340)

!ENTRY org.apache.felix.fileinstall 4 0 2019-03-15 05:26:27.218
!MESSAGE Error while starting bundle: file:/C:/LR7/liferay-ce-portal-7.1.1-ga2/osgi/modules/com.nirav.jasper.report.jar
!STACK 0
org.osgi.framework.BundleException: Could not resolve module: com.nirav.jasper.report [1000]
  Unresolved requirement: Import-Package: com.liferay.portal.reports.engine.console.model; version="[1.0.0,2.0.0)"

	at org.eclipse.osgi.container.Module.start(Module.java:444)
	at org.eclipse.osgi.internal.framework.EquinoxBundle.start(EquinoxBundle.java:428)
	at org.apache.felix.fileinstall.internal.DirectoryWatcher.startBundle(DirectoryWatcher.java:1258)
	at org.apache.felix.fileinstall.internal.DirectoryWatcher.startBundles(DirectoryWatcher.java:1230)
	at org.apache.felix.fileinstall.internal.DirectoryWatcher.startAllBundles(DirectoryWatcher.java:1218)
	at org.apache.felix.fileinstall.internal.DirectoryWatcher.doProcess(DirectoryWatcher.java:507)
	at org.apache.felix.fileinstall.internal.DirectoryWatcher.process(DirectoryWatcher.java:361)
	at org.apache.felix.fileinstall.internal.DirectoryWatcher.run(DirectoryWatcher.java:312)

!ENTRY org.apache.felix.fileinstall 4 0 2019-03-15 05:28:22.744
!MESSAGE Error while starting bundle: file:/C:/LR7/liferay-ce-portal-7.1.1-ga2/osgi/modules/com.nirav.jasper.report.jar
!STACK 0
org.osgi.framework.BundleException: Could not resolve module: com.nirav.jasper.report [1000]
  Unresolved requirement: Import-Package: com.liferay.portal.reports.engine.console.model; version="[1.0.0,2.0.0)"

	at org.eclipse.osgi.container.Module.start(Module.java:444)
	at org.eclipse.osgi.internal.framework.EquinoxBundle.start(EquinoxBundle.java:428)
	at org.apache.felix.fileinstall.internal.DirectoryWatcher.startBundle(DirectoryWatcher.java:1258)
	at org.apache.felix.fileinstall.internal.DirectoryWatcher.startBundles(DirectoryWatcher.java:1230)
	at org.apache.felix.fileinstall.internal.DirectoryWatcher.startAllBundles(DirectoryWatcher.java:1218)
	at org.apache.felix.fileinstall.internal.DirectoryWatcher.doProcess(DirectoryWatcher.java:507)
	at org.apache.felix.fileinstall.internal.DirectoryWatcher.process(DirectoryWatcher.java:361)
	at org.apache.felix.fileinstall.internal.DirectoryWatcher.run(DirectoryWatcher.java:312)

!ENTRY org.apache.felix.fileinstall 4 0 2019-03-15 05:29:38.211
!MESSAGE Error while starting bundle: file:/C:/LR7/liferay-ce-portal-7.1.1-ga2/osgi/modules/com.nirav.jasper.report.jar
!STACK 0
org.osgi.framework.BundleException: Could not resolve module: com.nirav.jasper.report [1000]
  Unresolved requirement: Import-Package: com.liferay.portal.reports.engine.console.model; version="[1.0.0,2.0.0)"

	at org.eclipse.osgi.container.Module.start(Module.java:444)
	at org.eclipse.osgi.internal.framework.EquinoxBundle.start(EquinoxBundle.java:428)
	at org.apache.felix.fileinstall.internal.DirectoryWatcher.startBundle(DirectoryWatcher.java:1258)
	at org.apache.felix.fileinstall.internal.DirectoryWatcher.startBundles(DirectoryWatcher.java:1230)
	at org.apache.felix.fileinstall.internal.DirectoryWatcher.startAllBundles(DirectoryWatcher.java:1218)
	at org.apache.felix.fileinstall.internal.DirectoryWatcher.doProcess(DirectoryWatcher.java:507)
	at org.apache.felix.fileinstall.internal.DirectoryWatcher.process(DirectoryWatcher.java:361)
	at org.apache.felix.fileinstall.internal.DirectoryWatcher.run(DirectoryWatcher.java:312)

!ENTRY org.apache.felix.fileinstall 4 0 2019-03-15 05:34:58.692
!MESSAGE Error while starting bundle: file:/C:/LR7/liferay-ce-portal-7.1.1-ga2/osgi/modules/com.nirav.jasper.report.jar
!STACK 0
org.osgi.framework.BundleException: Could not resolve module: com.nirav.jasper.report [1000]
  Unresolved requirement: Import-Package: com.liferay.portal.reports.engine.console.model; version="[1.0.0,2.0.0)"

	at org.eclipse.osgi.container.Module.start(Module.java:444)
	at org.eclipse.osgi.internal.framework.EquinoxBundle.start(EquinoxBundle.java:428)
	at org.apache.felix.fileinstall.internal.DirectoryWatcher.startBundle(DirectoryWatcher.java:1258)
	at org.apache.felix.fileinstall.internal.DirectoryWatcher.startBundles(DirectoryWatcher.java:1230)
	at org.apache.felix.fileinstall.internal.DirectoryWatcher.startAllBundles(DirectoryWatcher.java:1218)
	at org.apache.felix.fileinstall.internal.DirectoryWatcher.doProcess(DirectoryWatcher.java:507)
	at org.apache.felix.fileinstall.internal.DirectoryWatcher.process(DirectoryWatcher.java:361)
	at org.apache.felix.fileinstall.internal.DirectoryWatcher.run(DirectoryWatcher.java:312)

!ENTRY org.apache.felix.fileinstall 4 0 2019-03-15 05:36:49.022
!MESSAGE Error while starting bundle: file:/C:/LR7/liferay-ce-portal-7.1.1-ga2/osgi/modules/com.nirav.jasper.report.jar
!STACK 0
org.osgi.framework.BundleException: Could not resolve module: com.nirav.jasper.report [1000]
  Unresolved requirement: Import-Package: com.liferay.portal.reports.engine.console.model; version="[1.0.0,2.0.0)"

	at org.eclipse.osgi.container.Module.start(Module.java:444)
	at org.eclipse.osgi.internal.framework.EquinoxBundle.start(EquinoxBundle.java:428)
	at org.apache.felix.fileinstall.internal.DirectoryWatcher.startBundle(DirectoryWatcher.java:1258)
	at org.apache.felix.fileinstall.internal.DirectoryWatcher.startBundles(DirectoryWatcher.java:1230)
	at org.apache.felix.fileinstall.internal.DirectoryWatcher.startAllBundles(DirectoryWatcher.java:1218)
	at org.apache.felix.fileinstall.internal.DirectoryWatcher.doProcess(DirectoryWatcher.java:507)
	at org.apache.felix.fileinstall.internal.DirectoryWatcher.process(DirectoryWatcher.java:361)
	at org.apache.felix.fileinstall.internal.DirectoryWatcher.run(DirectoryWatcher.java:312)

!ENTRY org.apache.felix.fileinstall 4 0 2019-03-15 05:40:14.419
!MESSAGE Error while starting bundle: file:/C:/LR7/liferay-ce-portal-7.1.1-ga2/osgi/modules/com.nirav.jasper.report.jar
!STACK 0
org.osgi.framework.BundleException: Could not resolve module: com.nirav.jasper.report [1000]
  Unresolved requirement: Import-Package: com.liferay.portal.reports.engine.console.model; version="[1.0.0,2.0.0)"

	at org.eclipse.osgi.container.Module.start(Module.java:444)
	at org.eclipse.osgi.internal.framework.EquinoxBundle.start(EquinoxBundle.java:428)
	at org.apache.felix.fileinstall.internal.DirectoryWatcher.startBundle(DirectoryWatcher.java:1258)
	at org.apache.felix.fileinstall.internal.DirectoryWatcher.startBundles(DirectoryWatcher.java:1230)
	at org.apache.felix.fileinstall.internal.DirectoryWatcher.startAllBundles(DirectoryWatcher.java:1218)
	at org.apache.felix.fileinstall.internal.DirectoryWatcher.doProcess(DirectoryWatcher.java:507)
	at org.apache.felix.fileinstall.internal.DirectoryWatcher.process(DirectoryWatcher.java:361)
	at org.apache.felix.fileinstall.internal.DirectoryWatcher.run(DirectoryWatcher.java:312)

!ENTRY org.apache.felix.fileinstall 4 0 2019-03-15 05:43:25.025
!MESSAGE Error while starting bundle: file:/C:/LR7/liferay-ce-portal-7.1.1-ga2/osgi/modules/com.nirav.jasper.report.jar
!STACK 0
org.osgi.framework.BundleException: Could not resolve module: com.nirav.jasper.report [1000]
  Unresolved requirement: Import-Package: com.liferay.portal.reports.engine.console.model; version="[1.0.0,2.0.0)"

	at org.eclipse.osgi.container.Module.start(Module.java:444)
	at org.eclipse.osgi.internal.framework.EquinoxBundle.start(EquinoxBundle.java:428)
	at org.apache.felix.fileinstall.internal.DirectoryWatcher.startBundle(DirectoryWatcher.java:1258)
	at org.apache.felix.fileinstall.internal.DirectoryWatcher.startBundles(DirectoryWatcher.java:1230)
	at org.apache.felix.fileinstall.internal.DirectoryWatcher.startAllBundles(DirectoryWatcher.java:1218)
	at org.apache.felix.fileinstall.internal.DirectoryWatcher.doProcess(DirectoryWatcher.java:507)
	at org.apache.felix.fileinstall.internal.DirectoryWatcher.process(DirectoryWatcher.java:361)
	at org.apache.felix.fileinstall.internal.DirectoryWatcher.run(DirectoryWatcher.java:312)

!ENTRY org.apache.felix.fileinstall 4 0 2019-03-15 05:46:00.349
!MESSAGE Error while starting bundle: file:/C:/LR7/liferay-ce-portal-7.1.1-ga2/osgi/modules/com.nirav.jasper.report.jar
!STACK 0
org.osgi.framework.BundleException: Could not resolve module: com.nirav.jasper.report [1000]
  Unresolved requirement: Import-Package: com.liferay.portal.reports.engine.console.model; version="[1.0.0,2.0.0)"

	at org.eclipse.osgi.container.Module.start(Module.java:444)
	at org.eclipse.osgi.internal.framework.EquinoxBundle.start(EquinoxBundle.java:428)
	at org.apache.felix.fileinstall.internal.DirectoryWatcher.startBundle(DirectoryWatcher.java:1258)
	at org.apache.felix.fileinstall.internal.DirectoryWatcher.startBundles(DirectoryWatcher.java:1230)
	at org.apache.felix.fileinstall.internal.DirectoryWatcher.startAllBundles(DirectoryWatcher.java:1218)
	at org.apache.felix.fileinstall.internal.DirectoryWatcher.doProcess(DirectoryWatcher.java:507)
	at org.apache.felix.fileinstall.internal.DirectoryWatcher.process(DirectoryWatcher.java:361)
	at org.apache.felix.fileinstall.internal.DirectoryWatcher.run(DirectoryWatcher.java:312)

!ENTRY org.apache.felix.fileinstall 4 0 2019-03-15 05:46:15.611
!MESSAGE Error while starting bundle: file:/C:/LR7/liferay-ce-portal-7.1.1-ga2/osgi/modules/com.nirav.jasper.report.jar
!STACK 0
org.osgi.framework.BundleException: Could not resolve module: com.nirav.jasper.report [1000]
  Unresolved requirement: Import-Package: com.liferay.portal.reports.engine.console.model; version="[1.0.0,2.0.0)"

	at org.eclipse.osgi.container.Module.start(Module.java:444)
	at org.eclipse.osgi.internal.framework.EquinoxBundle.start(EquinoxBundle.java:428)
	at org.apache.felix.fileinstall.internal.DirectoryWatcher.startBundle(DirectoryWatcher.java:1258)
	at org.apache.felix.fileinstall.internal.DirectoryWatcher.startBundles(DirectoryWatcher.java:1230)
	at org.apache.felix.fileinstall.internal.DirectoryWatcher.startAllBundles(DirectoryWatcher.java:1218)
	at org.apache.felix.fileinstall.internal.DirectoryWatcher.doProcess(DirectoryWatcher.java:507)
	at org.apache.felix.fileinstall.internal.DirectoryWatcher.process(DirectoryWatcher.java:361)
	at org.apache.felix.fileinstall.internal.DirectoryWatcher.run(DirectoryWatcher.java:312)

!ENTRY org.apache.felix.fileinstall 4 0 2019-03-15 06:06:17.711
!MESSAGE Error while starting bundle: file:/C:/LR7/liferay-ce-portal-7.1.1-ga2/osgi/modules/com.nirav.jasper.report.jar
!STACK 0
org.osgi.framework.BundleException: Could not resolve module: com.nirav.jasper.report [1000]
  Unresolved requirement: Import-Package: com.liferay.portal.reports.engine.console.model; version="[1.0.0,2.0.0)"

	at org.eclipse.osgi.container.Module.start(Module.java:444)
	at org.eclipse.osgi.internal.framework.EquinoxBundle.start(EquinoxBundle.java:428)
	at org.apache.felix.fileinstall.internal.DirectoryWatcher.startBundle(DirectoryWatcher.java:1258)
	at org.apache.felix.fileinstall.internal.DirectoryWatcher.startBundles(DirectoryWatcher.java:1230)
	at org.apache.felix.fileinstall.internal.DirectoryWatcher.startAllBundles(DirectoryWatcher.java:1218)
	at org.apache.felix.fileinstall.internal.DirectoryWatcher.doProcess(DirectoryWatcher.java:507)
	at org.apache.felix.fileinstall.internal.DirectoryWatcher.process(DirectoryWatcher.java:361)
	at org.apache.felix.fileinstall.internal.DirectoryWatcher.run(DirectoryWatcher.java:312)

!ENTRY org.apache.felix.fileinstall 4 0 2019-03-15 06:13:03.542
!MESSAGE Error while starting bundle: file:/C:/LR7/liferay-ce-portal-7.1.1-ga2/osgi/modules/com.nirav.jasper.report.jar
!STACK 0
org.osgi.framework.BundleException: Could not resolve module: com.nirav.jasper.report [1000]
  Unresolved requirement: Import-Package: com.liferay.portal.reports.engine.console.model; version="[1.0.0,2.0.0)"

	at org.eclipse.osgi.container.Module.start(Module.java:444)
	at org.eclipse.osgi.internal.framework.EquinoxBundle.start(EquinoxBundle.java:428)
	at org.apache.felix.fileinstall.internal.DirectoryWatcher.startBundle(DirectoryWatcher.java:1258)
	at org.apache.felix.fileinstall.internal.DirectoryWatcher.startBundles(DirectoryWatcher.java:1230)
	at org.apache.felix.fileinstall.internal.DirectoryWatcher.startAllBundles(DirectoryWatcher.java:1218)
	at org.apache.felix.fileinstall.internal.DirectoryWatcher.doProcess(DirectoryWatcher.java:507)
	at org.apache.felix.fileinstall.internal.DirectoryWatcher.process(DirectoryWatcher.java:361)
	at org.apache.felix.fileinstall.internal.DirectoryWatcher.run(DirectoryWatcher.java:312)

!ENTRY org.apache.felix.fileinstall 4 0 2019-03-15 06:15:29.114
!MESSAGE Error while starting bundle: file:/C:/LR7/liferay-ce-portal-7.1.1-ga2/osgi/modules/com.nirav.jasper.report.jar
!STACK 0
org.osgi.framework.BundleException: Could not resolve module: com.nirav.jasper.report [1000]
  Unresolved requirement: Import-Package: com.liferay.portal.reports.engine.console.model; version="[1.0.0,2.0.0)"

	at org.eclipse.osgi.container.Module.start(Module.java:444)
	at org.eclipse.osgi.internal.framework.EquinoxBundle.start(EquinoxBundle.java:428)
	at org.apache.felix.fileinstall.internal.DirectoryWatcher.startBundle(DirectoryWatcher.java:1258)
	at org.apache.felix.fileinstall.internal.DirectoryWatcher.startBundles(DirectoryWatcher.java:1230)
	at org.apache.felix.fileinstall.internal.DirectoryWatcher.startAllBundles(DirectoryWatcher.java:1218)
	at org.apache.felix.fileinstall.internal.DirectoryWatcher.doProcess(DirectoryWatcher.java:507)
	at org.apache.felix.fileinstall.internal.DirectoryWatcher.process(DirectoryWatcher.java:361)
	at org.apache.felix.fileinstall.internal.DirectoryWatcher.run(DirectoryWatcher.java:312)

!ENTRY org.apache.felix.fileinstall 4 0 2019-03-15 06:15:54.484
!MESSAGE Error while starting bundle: file:/C:/LR7/liferay-ce-portal-7.1.1-ga2/osgi/modules/com.nirav.jasper.report.jar
!STACK 0
org.osgi.framework.BundleException: Could not resolve module: com.nirav.jasper.report [1000]
  Unresolved requirement: Import-Package: com.liferay.portal.reports.engine.console.model; version="[1.0.0,2.0.0)"

	at org.eclipse.osgi.container.Module.start(Module.java:444)
	at org.eclipse.osgi.internal.framework.EquinoxBundle.start(EquinoxBundle.java:428)
	at org.apache.felix.fileinstall.internal.DirectoryWatcher.startBundle(DirectoryWatcher.java:1258)
	at org.apache.felix.fileinstall.internal.DirectoryWatcher.startBundles(DirectoryWatcher.java:1230)
	at org.apache.felix.fileinstall.internal.DirectoryWatcher.startAllBundles(DirectoryWatcher.java:1218)
	at org.apache.felix.fileinstall.internal.DirectoryWatcher.doProcess(DirectoryWatcher.java:507)
	at org.apache.felix.fileinstall.internal.DirectoryWatcher.process(DirectoryWatcher.java:361)
	at org.apache.felix.fileinstall.internal.DirectoryWatcher.run(DirectoryWatcher.java:312)

!ENTRY org.apache.felix.fileinstall 4 0 2019-03-15 06:16:54.945
!MESSAGE Error while starting bundle: file:/C:/LR7/liferay-ce-portal-7.1.1-ga2/osgi/modules/com.nirav.jasper.report.jar
!STACK 0
org.osgi.framework.BundleException: Could not resolve module: com.nirav.jasper.report [1000]
  Unresolved requirement: Import-Package: com.liferay.portal.reports.engine.console.model; version="[1.0.0,2.0.0)"

	at org.eclipse.osgi.container.Module.start(Module.java:444)
	at org.eclipse.osgi.internal.framework.EquinoxBundle.start(EquinoxBundle.java:428)
	at org.apache.felix.fileinstall.internal.DirectoryWatcher.startBundle(DirectoryWatcher.java:1258)
	at org.apache.felix.fileinstall.internal.DirectoryWatcher.startBundles(DirectoryWatcher.java:1230)
	at org.apache.felix.fileinstall.internal.DirectoryWatcher.startAllBundles(DirectoryWatcher.java:1218)
	at org.apache.felix.fileinstall.internal.DirectoryWatcher.doProcess(DirectoryWatcher.java:507)
	at org.apache.felix.fileinstall.internal.DirectoryWatcher.process(DirectoryWatcher.java:361)
	at org.apache.felix.fileinstall.internal.DirectoryWatcher.run(DirectoryWatcher.java:312)

!ENTRY org.apache.felix.fileinstall 4 0 2019-03-15 08:55:01.559
!MESSAGE Error while starting bundle: file:/C:/LR7/liferay-ce-portal-7.1.1-ga2/osgi/modules/com.nirav.jasper.report.jar
!STACK 0
org.osgi.framework.BundleException: Could not resolve module: com.nirav.jasper.report [1000]
  Unresolved requirement: Import-Package: com.liferay.portal.reports.engine.console.model; version="[1.0.0,2.0.0)"

	at org.eclipse.osgi.container.Module.start(Module.java:444)
	at org.eclipse.osgi.internal.framework.EquinoxBundle.start(EquinoxBundle.java:428)
	at org.apache.felix.fileinstall.internal.DirectoryWatcher.startBundle(DirectoryWatcher.java:1258)
	at org.apache.felix.fileinstall.internal.DirectoryWatcher.startBundles(DirectoryWatcher.java:1230)
	at org.apache.felix.fileinstall.internal.DirectoryWatcher.startAllBundles(DirectoryWatcher.java:1218)
	at org.apache.felix.fileinstall.internal.DirectoryWatcher.doProcess(DirectoryWatcher.java:507)
	at org.apache.felix.fileinstall.internal.DirectoryWatcher.process(DirectoryWatcher.java:361)
	at org.apache.felix.fileinstall.internal.DirectoryWatcher.run(DirectoryWatcher.java:312)
