!SESSION 2019-03-14 05:46:43.541 -----------------------------------------------
eclipse.buildId=unknown
java.version=1.8.0_101
java.vendor=Oracle Corporation
BootLoader constants: OS=win32, ARCH=x86_64, WS=win32, NL=en_IN

!ENTRY com.liferay.portal.bundle.blacklist.impl 4 0 2019-03-14 05:46:43.541
!MESSAGE bundle com.liferay.portal.bundle.blacklist.impl:1.0.5 (46)[com.liferay.portal.bundle.blacklist.internal.BundleBlacklist(17)] : The activate method has thrown an exception
!STACK 0
org.osgi.framework.BundleException: Error reading bundle content.
	at org.eclipse.osgi.storage.Storage.install(Storage.java:612)
	at org.eclipse.osgi.internal.framework.BundleContextImpl.installBundle(BundleContextImpl.java:146)
	at org.eclipse.osgi.internal.framework.BundleContextImpl.installBundle(BundleContextImpl.java:139)
	at com.liferay.portal.bundle.blacklist.internal.BundleUtil.reinstallBundle(BundleUtil.java:128)
	at com.liferay.portal.bundle.blacklist.internal.BundleBlacklist.activate(BundleBlacklist.java:123)
	at sun.reflect.NativeMethodAccessorImpl.invoke0(Native Method)
	at sun.reflect.NativeMethodAccessorImpl.invoke(NativeMethodAccessorImpl.java:62)
	at sun.reflect.DelegatingMethodAccessorImpl.invoke(DelegatingMethodAccessorImpl.java:43)
	at java.lang.reflect.Method.invoke(Method.java:498)
	at org.apache.felix.scr.impl.inject.methods.BaseMethod.invokeMethod(BaseMethod.java:228)
	at org.apache.felix.scr.impl.inject.methods.BaseMethod.access$500(BaseMethod.java:41)
	at org.apache.felix.scr.impl.inject.methods.BaseMethod$Resolved.invoke(BaseMethod.java:664)
	at org.apache.felix.scr.impl.inject.methods.BaseMethod.invoke(BaseMethod.java:510)
	at org.apache.felix.scr.impl.inject.methods.ActivateMethod.invoke(ActivateMethod.java:317)
	at org.apache.felix.scr.impl.inject.methods.ActivateMethod.invoke(ActivateMethod.java:307)
	at org.apache.felix.scr.impl.manager.SingleComponentManager.createImplementationObject(SingleComponentManager.java:341)
	at org.apache.felix.scr.impl.manager.SingleComponentManager.createComponent(SingleComponentManager.java:114)
	at org.apache.felix.scr.impl.manager.SingleComponentManager.getService(SingleComponentManager.java:983)
	at org.apache.felix.scr.impl.manager.SingleComponentManager.getServiceInternal(SingleComponentManager.java:956)
	at org.apache.felix.scr.impl.manager.AbstractComponentManager.activateInternal(AbstractComponentManager.java:756)
	at org.apache.felix.scr.impl.manager.DependencyManager$SingleStaticCustomizer.addedService(DependencyManager.java:1053)
	at org.apache.felix.scr.impl.manager.DependencyManager$SingleStaticCustomizer.addedService(DependencyManager.java:1007)
	at org.apache.felix.scr.impl.manager.ServiceTracker$Tracked.customizerAdded(ServiceTracker.java:1216)
	at org.apache.felix.scr.impl.manager.ServiceTracker$Tracked.customizerAdded(ServiceTracker.java:1137)
	at org.apache.felix.scr.impl.manager.ServiceTracker$AbstractTracked.trackAdding(ServiceTracker.java:944)
	at org.apache.felix.scr.impl.manager.ServiceTracker$AbstractTracked.track(ServiceTracker.java:880)
	at org.apache.felix.scr.impl.manager.ServiceTracker$Tracked.serviceChanged(ServiceTracker.java:1168)
	at org.apache.felix.scr.impl.BundleComponentActivator$ListenerInfo.serviceChanged(BundleComponentActivator.java:125)
	at org.eclipse.osgi.internal.serviceregistry.FilteredServiceListener.serviceChanged(FilteredServiceListener.java:109)
	at org.eclipse.osgi.internal.serviceregistry.ServiceRegistry.publishServiceEventPrivileged(ServiceRegistry.java:891)
	at org.eclipse.osgi.internal.serviceregistry.ServiceRegistry.publishServiceEvent(ServiceRegistry.java:804)
	at org.eclipse.osgi.internal.serviceregistry.ServiceRegistrationImpl.register(ServiceRegistrationImpl.java:127)
	at org.eclipse.osgi.internal.serviceregistry.ServiceRegistry.registerService(ServiceRegistry.java:228)
	at org.eclipse.osgi.internal.framework.BundleContextImpl.registerService(BundleContextImpl.java:469)
	at org.apache.felix.scr.impl.manager.AbstractComponentManager$3.register(AbstractComponentManager.java:906)
	at org.apache.felix.scr.impl.manager.AbstractComponentManager$3.register(AbstractComponentManager.java:892)
	at org.apache.felix.scr.impl.manager.RegistrationManager.changeRegistration(RegistrationManager.java:128)
	at org.apache.felix.scr.impl.manager.AbstractComponentManager.registerService(AbstractComponentManager.java:959)
	at org.apache.felix.scr.impl.manager.AbstractComponentManager.activateInternal(AbstractComponentManager.java:732)
	at org.apache.felix.scr.impl.manager.DependencyManager$SingleStaticCustomizer.addedService(DependencyManager.java:1053)
	at org.apache.felix.scr.impl.manager.DependencyManager$SingleStaticCustomizer.addedService(DependencyManager.java:1007)
	at org.apache.felix.scr.impl.manager.ServiceTracker$Tracked.customizerAdded(ServiceTracker.java:1216)
	at org.apache.felix.scr.impl.manager.ServiceTracker$Tracked.customizerAdded(ServiceTracker.java:1137)
	at org.apache.felix.scr.impl.manager.ServiceTracker$AbstractTracked.trackAdding(ServiceTracker.java:944)
	at org.apache.felix.scr.impl.manager.ServiceTracker$AbstractTracked.track(ServiceTracker.java:880)
	at org.apache.felix.scr.impl.manager.ServiceTracker$Tracked.serviceChanged(ServiceTracker.java:1168)
	at org.apache.felix.scr.impl.BundleComponentActivator$ListenerInfo.serviceChanged(BundleComponentActivator.java:125)
	at org.eclipse.osgi.internal.serviceregistry.FilteredServiceListener.serviceChanged(FilteredServiceListener.java:109)
	at org.eclipse.osgi.internal.serviceregistry.ServiceRegistry.publishServiceEventPrivileged(ServiceRegistry.java:891)
	at org.eclipse.osgi.internal.serviceregistry.ServiceRegistry.publishServiceEvent(ServiceRegistry.java:804)
	at org.eclipse.osgi.internal.serviceregistry.ServiceRegistrationImpl.register(ServiceRegistrationImpl.java:127)
	at org.eclipse.osgi.internal.serviceregistry.ServiceRegistry.registerService(ServiceRegistry.java:228)
	at org.eclipse.osgi.internal.framework.BundleContextImpl.registerService(BundleContextImpl.java:469)
	at org.apache.felix.scr.impl.manager.AbstractComponentManager$3.register(AbstractComponentManager.java:906)
	at org.apache.felix.scr.impl.manager.AbstractComponentManager$3.register(AbstractComponentManager.java:892)
	at org.apache.felix.scr.impl.manager.RegistrationManager.changeRegistration(RegistrationManager.java:128)
	at org.apache.felix.scr.impl.manager.AbstractComponentManager.registerService(AbstractComponentManager.java:959)
	at org.apache.felix.scr.impl.manager.AbstractComponentManager.activateInternal(AbstractComponentManager.java:732)
	at org.apache.felix.scr.impl.manager.DependencyManager$SingleStaticCustomizer.addedService(DependencyManager.java:1053)
	at org.apache.felix.scr.impl.manager.DependencyManager$SingleStaticCustomizer.addedService(DependencyManager.java:1007)
	at org.apache.felix.scr.impl.manager.ServiceTracker$Tracked.customizerAdded(ServiceTracker.java:1216)
	at org.apache.felix.scr.impl.manager.ServiceTracker$Tracked.customizerAdded(ServiceTracker.java:1137)
	at org.apache.felix.scr.impl.manager.ServiceTracker$AbstractTracked.trackAdding(ServiceTracker.java:944)
	at org.apache.felix.scr.impl.manager.ServiceTracker$AbstractTracked.track(ServiceTracker.java:880)
	at org.apache.felix.scr.impl.manager.ServiceTracker$Tracked.serviceChanged(ServiceTracker.java:1168)
	at org.apache.felix.scr.impl.BundleComponentActivator$ListenerInfo.serviceChanged(BundleComponentActivator.java:125)
	at org.eclipse.osgi.internal.serviceregistry.FilteredServiceListener.serviceChanged(FilteredServiceListener.java:109)
	at org.eclipse.osgi.internal.serviceregistry.ServiceRegistry.publishServiceEventPrivileged(ServiceRegistry.java:891)
	at org.eclipse.osgi.internal.serviceregistry.ServiceRegistry.publishServiceEvent(ServiceRegistry.java:804)
	at org.eclipse.osgi.internal.serviceregistry.ServiceRegistrationImpl.register(ServiceRegistrationImpl.java:127)
	at org.eclipse.osgi.internal.serviceregistry.ServiceRegistry.registerService(ServiceRegistry.java:228)
	at org.eclipse.osgi.internal.framework.BundleContextImpl.registerService(BundleContextImpl.java:469)
	at org.apache.felix.scr.impl.manager.AbstractComponentManager$3.register(AbstractComponentManager.java:906)
	at org.apache.felix.scr.impl.manager.AbstractComponentManager$3.register(AbstractComponentManager.java:892)
	at org.apache.felix.scr.impl.manager.RegistrationManager.changeRegistration(RegistrationManager.java:128)
	at org.apache.felix.scr.impl.manager.AbstractComponentManager.registerService(AbstractComponentManager.java:959)
	at org.apache.felix.scr.impl.manager.AbstractComponentManager.activateInternal(AbstractComponentManager.java:732)
	at org.apache.felix.scr.impl.manager.DependencyManager$SingleStaticCustomizer.addedService(DependencyManager.java:1053)
	at org.apache.felix.scr.impl.manager.DependencyManager$SingleStaticCustomizer.addedService(DependencyManager.java:1007)
	at org.apache.felix.scr.impl.manager.ServiceTracker$Tracked.customizerAdded(ServiceTracker.java:1216)
	at org.apache.felix.scr.impl.manager.ServiceTracker$Tracked.customizerAdded(ServiceTracker.java:1137)
	at org.apache.felix.scr.impl.manager.ServiceTracker$AbstractTracked.trackAdding(ServiceTracker.java:944)
	at org.apache.felix.scr.impl.manager.ServiceTracker$AbstractTracked.track(ServiceTracker.java:880)
	at org.apache.felix.scr.impl.manager.ServiceTracker$Tracked.serviceChanged(ServiceTracker.java:1168)
	at org.apache.felix.scr.impl.BundleComponentActivator$ListenerInfo.serviceChanged(BundleComponentActivator.java:125)
	at org.eclipse.osgi.internal.serviceregistry.FilteredServiceListener.serviceChanged(FilteredServiceListener.java:109)
	at org.eclipse.osgi.internal.serviceregistry.ServiceRegistry.publishServiceEventPrivileged(ServiceRegistry.java:891)
	at org.eclipse.osgi.internal.serviceregistry.ServiceRegistry.publishServiceEvent(ServiceRegistry.java:804)
	at org.eclipse.osgi.internal.serviceregistry.ServiceRegistrationImpl.register(ServiceRegistrationImpl.java:127)
	at org.eclipse.osgi.internal.serviceregistry.ServiceRegistry.registerService(ServiceRegistry.java:228)
	at org.eclipse.osgi.internal.framework.BundleContextImpl.registerService(BundleContextImpl.java:469)
	at org.eclipse.osgi.internal.framework.BundleContextImpl.registerService(BundleContextImpl.java:487)
	at org.eclipse.osgi.internal.framework.BundleContextImpl.registerService(BundleContextImpl.java:1010)
	at org.apache.felix.cm.impl.ConfigurationManager.start(ConfigurationManager.java:186)
	at org.apache.felix.cm.impl.persistence.PersistenceManagerTracker.activate(PersistenceManagerTracker.java:110)
	at org.apache.felix.cm.impl.persistence.PersistenceManagerTracker.addingService(PersistenceManagerTracker.java:167)
	at org.apache.felix.cm.impl.persistence.PersistenceManagerTracker.addingService(PersistenceManagerTracker.java:49)
	at org.osgi.util.tracker.ServiceTracker$Tracked.customizerAdding(ServiceTracker.java:943)
	at org.osgi.util.tracker.ServiceTracker$Tracked.customizerAdding(ServiceTracker.java:1)
	at org.osgi.util.tracker.AbstractTracked.trackAdding(AbstractTracked.java:256)
	at org.osgi.util.tracker.AbstractTracked.track(AbstractTracked.java:229)
	at org.osgi.util.tracker.ServiceTracker$Tracked.serviceChanged(ServiceTracker.java:903)
	at org.eclipse.osgi.internal.serviceregistry.FilteredServiceListener.serviceChanged(FilteredServiceListener.java:109)
	at org.eclipse.osgi.internal.serviceregistry.ServiceRegistry.publishServiceEventPrivileged(ServiceRegistry.java:891)
	at org.eclipse.osgi.internal.serviceregistry.ServiceRegistry.publishServiceEvent(ServiceRegistry.java:804)
	at org.eclipse.osgi.internal.serviceregistry.ServiceRegistrationImpl.register(ServiceRegistrationImpl.java:127)
	at org.eclipse.osgi.internal.serviceregistry.ServiceRegistry.registerService(ServiceRegistry.java:228)
	at org.eclipse.osgi.internal.framework.BundleContextImpl.registerService(BundleContextImpl.java:469)
	at com.liferay.portal.configuration.persistence.internal.activator.ConfigurationPersistenceBundleActivator.start(ConfigurationPersistenceBundleActivator.java:75)
	at org.eclipse.osgi.internal.framework.BundleContextImpl$3.run(BundleContextImpl.java:779)
	at org.eclipse.osgi.internal.framework.BundleContextImpl$3.run(BundleContextImpl.java:1)
	at java.security.AccessController.doPrivileged(Native Method)
	at org.eclipse.osgi.internal.framework.BundleContextImpl.startActivator(BundleContextImpl.java:772)
	at org.eclipse.osgi.internal.framework.BundleContextImpl.start(BundleContextImpl.java:729)
	at org.eclipse.osgi.internal.framework.EquinoxBundle.startWorker0(EquinoxBundle.java:1002)
	at org.eclipse.osgi.internal.framework.EquinoxBundle$EquinoxModule.startWorker(EquinoxBundle.java:354)
	at org.eclipse.osgi.container.Module.doStart(Module.java:581)
	at org.eclipse.osgi.container.Module.start(Module.java:449)
	at org.eclipse.osgi.internal.framework.EquinoxBundle.start(EquinoxBundle.java:428)
	at org.eclipse.osgi.internal.framework.EquinoxBundle.start(EquinoxBundle.java:447)
	at com.liferay.portal.bootstrap.ModuleFrameworkImpl$6.call(ModuleFrameworkImpl.java:1554)
	at com.liferay.portal.bootstrap.ModuleFrameworkImpl$6.call(ModuleFrameworkImpl.java:1550)
	at java.util.concurrent.FutureTask.run(FutureTask.java:266)
	at java.util.concurrent.ThreadPoolExecutor.runWorker(ThreadPoolExecutor.java:1142)
	at java.util.concurrent.ThreadPoolExecutor$Worker.run(ThreadPoolExecutor.java:617)
	at java.lang.Thread.run(Thread.java:745)
Caused by: java.io.FileNotFoundException: C:\LR7\liferay-ce-portal-7.1.1-ga2\osgi\modules\com.crowd.funding.donor.controller.jar (The system cannot find the file specified)
	at java.io.FileInputStream.open0(Native Method)
	at java.io.FileInputStream.open(FileInputStream.java:195)
	at java.io.FileInputStream.<init>(FileInputStream.java:138)
	at java.io.FileInputStream.<init>(FileInputStream.java:93)
	at sun.net.www.protocol.file.FileURLConnection.connect(FileURLConnection.java:90)
	at sun.net.www.protocol.file.FileURLConnection.getInputStream(FileURLConnection.java:188)
	at org.eclipse.osgi.storage.Storage.install(Storage.java:610)
	... 125 more
Root exception:
java.io.FileNotFoundException: C:\LR7\liferay-ce-portal-7.1.1-ga2\osgi\modules\com.crowd.funding.donor.controller.jar (The system cannot find the file specified)
	at java.io.FileInputStream.open0(Native Method)
	at java.io.FileInputStream.open(FileInputStream.java:195)
	at java.io.FileInputStream.<init>(FileInputStream.java:138)
	at java.io.FileInputStream.<init>(FileInputStream.java:93)
	at sun.net.www.protocol.file.FileURLConnection.connect(FileURLConnection.java:90)
	at sun.net.www.protocol.file.FileURLConnection.getInputStream(FileURLConnection.java:188)
	at org.eclipse.osgi.storage.Storage.install(Storage.java:610)
	at org.eclipse.osgi.internal.framework.BundleContextImpl.installBundle(BundleContextImpl.java:146)
	at org.eclipse.osgi.internal.framework.BundleContextImpl.installBundle(BundleContextImpl.java:139)
	at com.liferay.portal.bundle.blacklist.internal.BundleUtil.reinstallBundle(BundleUtil.java:128)
	at com.liferay.portal.bundle.blacklist.internal.BundleBlacklist.activate(BundleBlacklist.java:123)
	at sun.reflect.NativeMethodAccessorImpl.invoke0(Native Method)
	at sun.reflect.NativeMethodAccessorImpl.invoke(NativeMethodAccessorImpl.java:62)
	at sun.reflect.DelegatingMethodAccessorImpl.invoke(DelegatingMethodAccessorImpl.java:43)
	at java.lang.reflect.Method.invoke(Method.java:498)
	at org.apache.felix.scr.impl.inject.methods.BaseMethod.invokeMethod(BaseMethod.java:228)
	at org.apache.felix.scr.impl.inject.methods.BaseMethod.access$500(BaseMethod.java:41)
	at org.apache.felix.scr.impl.inject.methods.BaseMethod$Resolved.invoke(BaseMethod.java:664)
	at org.apache.felix.scr.impl.inject.methods.BaseMethod.invoke(BaseMethod.java:510)
	at org.apache.felix.scr.impl.inject.methods.ActivateMethod.invoke(ActivateMethod.java:317)
	at org.apache.felix.scr.impl.inject.methods.ActivateMethod.invoke(ActivateMethod.java:307)
	at org.apache.felix.scr.impl.manager.SingleComponentManager.createImplementationObject(SingleComponentManager.java:341)
	at org.apache.felix.scr.impl.manager.SingleComponentManager.createComponent(SingleComponentManager.java:114)
	at org.apache.felix.scr.impl.manager.SingleComponentManager.getService(SingleComponentManager.java:983)
	at org.apache.felix.scr.impl.manager.SingleComponentManager.getServiceInternal(SingleComponentManager.java:956)
	at org.apache.felix.scr.impl.manager.AbstractComponentManager.activateInternal(AbstractComponentManager.java:756)
	at org.apache.felix.scr.impl.manager.DependencyManager$SingleStaticCustomizer.addedService(DependencyManager.java:1053)
	at org.apache.felix.scr.impl.manager.DependencyManager$SingleStaticCustomizer.addedService(DependencyManager.java:1007)
	at org.apache.felix.scr.impl.manager.ServiceTracker$Tracked.customizerAdded(ServiceTracker.java:1216)
	at org.apache.felix.scr.impl.manager.ServiceTracker$Tracked.customizerAdded(ServiceTracker.java:1137)
	at org.apache.felix.scr.impl.manager.ServiceTracker$AbstractTracked.trackAdding(ServiceTracker.java:944)
	at org.apache.felix.scr.impl.manager.ServiceTracker$AbstractTracked.track(ServiceTracker.java:880)
	at org.apache.felix.scr.impl.manager.ServiceTracker$Tracked.serviceChanged(ServiceTracker.java:1168)
	at org.apache.felix.scr.impl.BundleComponentActivator$ListenerInfo.serviceChanged(BundleComponentActivator.java:125)
	at org.eclipse.osgi.internal.serviceregistry.FilteredServiceListener.serviceChanged(FilteredServiceListener.java:109)
	at org.eclipse.osgi.internal.serviceregistry.ServiceRegistry.publishServiceEventPrivileged(ServiceRegistry.java:891)
	at org.eclipse.osgi.internal.serviceregistry.ServiceRegistry.publishServiceEvent(ServiceRegistry.java:804)
	at org.eclipse.osgi.internal.serviceregistry.ServiceRegistrationImpl.register(ServiceRegistrationImpl.java:127)
	at org.eclipse.osgi.internal.serviceregistry.ServiceRegistry.registerService(ServiceRegistry.java:228)
	at org.eclipse.osgi.internal.framework.BundleContextImpl.registerService(BundleContextImpl.java:469)
	at org.apache.felix.scr.impl.manager.AbstractComponentManager$3.register(AbstractComponentManager.java:906)
	at org.apache.felix.scr.impl.manager.AbstractComponentManager$3.register(AbstractComponentManager.java:892)
	at org.apache.felix.scr.impl.manager.RegistrationManager.changeRegistration(RegistrationManager.java:128)
	at org.apache.felix.scr.impl.manager.AbstractComponentManager.registerService(AbstractComponentManager.java:959)
	at org.apache.felix.scr.impl.manager.AbstractComponentManager.activateInternal(AbstractComponentManager.java:732)
	at org.apache.felix.scr.impl.manager.DependencyManager$SingleStaticCustomizer.addedService(DependencyManager.java:1053)
	at org.apache.felix.scr.impl.manager.DependencyManager$SingleStaticCustomizer.addedService(DependencyManager.java:1007)
	at org.apache.felix.scr.impl.manager.ServiceTracker$Tracked.customizerAdded(ServiceTracker.java:1216)
	at org.apache.felix.scr.impl.manager.ServiceTracker$Tracked.customizerAdded(ServiceTracker.java:1137)
	at org.apache.felix.scr.impl.manager.ServiceTracker$AbstractTracked.trackAdding(ServiceTracker.java:944)
	at org.apache.felix.scr.impl.manager.ServiceTracker$AbstractTracked.track(ServiceTracker.java:880)
	at org.apache.felix.scr.impl.manager.ServiceTracker$Tracked.serviceChanged(ServiceTracker.java:1168)
	at org.apache.felix.scr.impl.BundleComponentActivator$ListenerInfo.serviceChanged(BundleComponentActivator.java:125)
	at org.eclipse.osgi.internal.serviceregistry.FilteredServiceListener.serviceChanged(FilteredServiceListener.java:109)
	at org.eclipse.osgi.internal.serviceregistry.ServiceRegistry.publishServiceEventPrivileged(ServiceRegistry.java:891)
	at org.eclipse.osgi.internal.serviceregistry.ServiceRegistry.publishServiceEvent(ServiceRegistry.java:804)
	at org.eclipse.osgi.internal.serviceregistry.ServiceRegistrationImpl.register(ServiceRegistrationImpl.java:127)
	at org.eclipse.osgi.internal.serviceregistry.ServiceRegistry.registerService(ServiceRegistry.java:228)
	at org.eclipse.osgi.internal.framework.BundleContextImpl.registerService(BundleContextImpl.java:469)
	at org.apache.felix.scr.impl.manager.AbstractComponentManager$3.register(AbstractComponentManager.java:906)
	at org.apache.felix.scr.impl.manager.AbstractComponentManager$3.register(AbstractComponentManager.java:892)
	at org.apache.felix.scr.impl.manager.RegistrationManager.changeRegistration(RegistrationManager.java:128)
	at org.apache.felix.scr.impl.manager.AbstractComponentManager.registerService(AbstractComponentManager.java:959)
	at org.apache.felix.scr.impl.manager.AbstractComponentManager.activateInternal(AbstractComponentManager.java:732)
	at org.apache.felix.scr.impl.manager.DependencyManager$SingleStaticCustomizer.addedService(DependencyManager.java:1053)
	at org.apache.felix.scr.impl.manager.DependencyManager$SingleStaticCustomizer.addedService(DependencyManager.java:1007)
	at org.apache.felix.scr.impl.manager.ServiceTracker$Tracked.customizerAdded(ServiceTracker.java:1216)
	at org.apache.felix.scr.impl.manager.ServiceTracker$Tracked.customizerAdded(ServiceTracker.java:1137)
	at org.apache.felix.scr.impl.manager.ServiceTracker$AbstractTracked.trackAdding(ServiceTracker.java:944)
	at org.apache.felix.scr.impl.manager.ServiceTracker$AbstractTracked.track(ServiceTracker.java:880)
	at org.apache.felix.scr.impl.manager.ServiceTracker$Tracked.serviceChanged(ServiceTracker.java:1168)
	at org.apache.felix.scr.impl.BundleComponentActivator$ListenerInfo.serviceChanged(BundleComponentActivator.java:125)
	at org.eclipse.osgi.internal.serviceregistry.FilteredServiceListener.serviceChanged(FilteredServiceListener.java:109)
	at org.eclipse.osgi.internal.serviceregistry.ServiceRegistry.publishServiceEventPrivileged(ServiceRegistry.java:891)
	at org.eclipse.osgi.internal.serviceregistry.ServiceRegistry.publishServiceEvent(ServiceRegistry.java:804)
	at org.eclipse.osgi.internal.serviceregistry.ServiceRegistrationImpl.register(ServiceRegistrationImpl.java:127)
	at org.eclipse.osgi.internal.serviceregistry.ServiceRegistry.registerService(ServiceRegistry.java:228)
	at org.eclipse.osgi.internal.framework.BundleContextImpl.registerService(BundleContextImpl.java:469)
	at org.apache.felix.scr.impl.manager.AbstractComponentManager$3.register(AbstractComponentManager.java:906)
	at org.apache.felix.scr.impl.manager.AbstractComponentManager$3.register(AbstractComponentManager.java:892)
	at org.apache.felix.scr.impl.manager.RegistrationManager.changeRegistration(RegistrationManager.java:128)
	at org.apache.felix.scr.impl.manager.AbstractComponentManager.registerService(AbstractComponentManager.java:959)
	at org.apache.felix.scr.impl.manager.AbstractComponentManager.activateInternal(AbstractComponentManager.java:732)
	at org.apache.felix.scr.impl.manager.DependencyManager$SingleStaticCustomizer.addedService(DependencyManager.java:1053)
	at org.apache.felix.scr.impl.manager.DependencyManager$SingleStaticCustomizer.addedService(DependencyManager.java:1007)
	at org.apache.felix.scr.impl.manager.ServiceTracker$Tracked.customizerAdded(ServiceTracker.java:1216)
	at org.apache.felix.scr.impl.manager.ServiceTracker$Tracked.customizerAdded(ServiceTracker.java:1137)
	at org.apache.felix.scr.impl.manager.ServiceTracker$AbstractTracked.trackAdding(ServiceTracker.java:944)
	at org.apache.felix.scr.impl.manager.ServiceTracker$AbstractTracked.track(ServiceTracker.java:880)
	at org.apache.felix.scr.impl.manager.ServiceTracker$Tracked.serviceChanged(ServiceTracker.java:1168)
	at org.apache.felix.scr.impl.BundleComponentActivator$ListenerInfo.serviceChanged(BundleComponentActivator.java:125)
	at org.eclipse.osgi.internal.serviceregistry.FilteredServiceListener.serviceChanged(FilteredServiceListener.java:109)
	at org.eclipse.osgi.internal.serviceregistry.ServiceRegistry.publishServiceEventPrivileged(ServiceRegistry.java:891)
	at org.eclipse.osgi.internal.serviceregistry.ServiceRegistry.publishServiceEvent(ServiceRegistry.java:804)
	at org.eclipse.osgi.internal.serviceregistry.ServiceRegistrationImpl.register(ServiceRegistrationImpl.java:127)
	at org.eclipse.osgi.internal.serviceregistry.ServiceRegistry.registerService(ServiceRegistry.java:228)
	at org.eclipse.osgi.internal.framework.BundleContextImpl.registerService(BundleContextImpl.java:469)
	at org.eclipse.osgi.internal.framework.BundleContextImpl.registerService(BundleContextImpl.java:487)
	at org.eclipse.osgi.internal.framework.BundleContextImpl.registerService(BundleContextImpl.java:1010)
	at org.apache.felix.cm.impl.ConfigurationManager.start(ConfigurationManager.java:186)
	at org.apache.felix.cm.impl.persistence.PersistenceManagerTracker.activate(PersistenceManagerTracker.java:110)
	at org.apache.felix.cm.impl.persistence.PersistenceManagerTracker.addingService(PersistenceManagerTracker.java:167)
	at org.apache.felix.cm.impl.persistence.PersistenceManagerTracker.addingService(PersistenceManagerTracker.java:49)
	at org.osgi.util.tracker.ServiceTracker$Tracked.customizerAdding(ServiceTracker.java:943)
	at org.osgi.util.tracker.ServiceTracker$Tracked.customizerAdding(ServiceTracker.java:1)
	at org.osgi.util.tracker.AbstractTracked.trackAdding(AbstractTracked.java:256)
	at org.osgi.util.tracker.AbstractTracked.track(AbstractTracked.java:229)
	at org.osgi.util.tracker.ServiceTracker$Tracked.serviceChanged(ServiceTracker.java:903)
	at org.eclipse.osgi.internal.serviceregistry.FilteredServiceListener.serviceChanged(FilteredServiceListener.java:109)
	at org.eclipse.osgi.internal.serviceregistry.ServiceRegistry.publishServiceEventPrivileged(ServiceRegistry.java:891)
	at org.eclipse.osgi.internal.serviceregistry.ServiceRegistry.publishServiceEvent(ServiceRegistry.java:804)
	at org.eclipse.osgi.internal.serviceregistry.ServiceRegistrationImpl.register(ServiceRegistrationImpl.java:127)
	at org.eclipse.osgi.internal.serviceregistry.ServiceRegistry.registerService(ServiceRegistry.java:228)
	at org.eclipse.osgi.internal.framework.BundleContextImpl.registerService(BundleContextImpl.java:469)
	at com.liferay.portal.configuration.persistence.internal.activator.ConfigurationPersistenceBundleActivator.start(ConfigurationPersistenceBundleActivator.java:75)
	at org.eclipse.osgi.internal.framework.BundleContextImpl$3.run(BundleContextImpl.java:779)
	at org.eclipse.osgi.internal.framework.BundleContextImpl$3.run(BundleContextImpl.java:1)
	at java.security.AccessController.doPrivileged(Native Method)
	at org.eclipse.osgi.internal.framework.BundleContextImpl.startActivator(BundleContextImpl.java:772)
	at org.eclipse.osgi.internal.framework.BundleContextImpl.start(BundleContextImpl.java:729)
	at org.eclipse.osgi.internal.framework.EquinoxBundle.startWorker0(EquinoxBundle.java:1002)
	at org.eclipse.osgi.internal.framework.EquinoxBundle$EquinoxModule.startWorker(EquinoxBundle.java:354)
	at org.eclipse.osgi.container.Module.doStart(Module.java:581)
	at org.eclipse.osgi.container.Module.start(Module.java:449)
	at org.eclipse.osgi.internal.framework.EquinoxBundle.start(EquinoxBundle.java:428)
	at org.eclipse.osgi.internal.framework.EquinoxBundle.start(EquinoxBundle.java:447)
	at com.liferay.portal.bootstrap.ModuleFrameworkImpl$6.call(ModuleFrameworkImpl.java:1554)
	at com.liferay.portal.bootstrap.ModuleFrameworkImpl$6.call(ModuleFrameworkImpl.java:1550)
	at java.util.concurrent.FutureTask.run(FutureTask.java:266)
	at java.util.concurrent.ThreadPoolExecutor.runWorker(ThreadPoolExecutor.java:1142)
	at java.util.concurrent.ThreadPoolExecutor$Worker.run(ThreadPoolExecutor.java:617)
	at java.lang.Thread.run(Thread.java:745)

!ENTRY com.nirav.jasper.report 4 0 2019-03-14 05:47:04.220
!MESSAGE FrameworkEvent ERROR
!STACK 0
org.osgi.framework.BundleException: Could not resolve module: com.nirav.jasper.report [1000]
  Unresolved requirement: Import-Package: com.liferay.portal.reports.engine.console.model; version="[1.0.0,2.0.0)"

	at org.eclipse.osgi.container.Module.start(Module.java:444)
	at org.eclipse.osgi.container.ModuleContainer$ContainerStartLevel.incStartLevel(ModuleContainer.java:1682)
	at org.eclipse.osgi.container.ModuleContainer$ContainerStartLevel.incStartLevel(ModuleContainer.java:1662)
	at org.eclipse.osgi.container.ModuleContainer$ContainerStartLevel.doContainerStartLevel(ModuleContainer.java:1624)
	at org.eclipse.osgi.container.ModuleContainer$ContainerStartLevel.dispatchEvent(ModuleContainer.java:1555)
	at org.eclipse.osgi.container.ModuleContainer$ContainerStartLevel.dispatchEvent(ModuleContainer.java:1)
	at org.eclipse.osgi.framework.eventmgr.EventManager.dispatchEvent(EventManager.java:230)
	at org.eclipse.osgi.framework.eventmgr.EventManager$EventThread.run(EventManager.java:340)

!ENTRY org.apache.felix.fileinstall 4 0 2019-03-14 06:20:02.049
!MESSAGE Error while starting bundle: file:/C:/LR7/liferay-ce-portal-7.1.1-ga2/osgi/modules/com.nirav.jasper.report.jar
!STACK 0
org.osgi.framework.BundleException: Could not resolve module: com.nirav.jasper.report [1000]
  Unresolved requirement: Import-Package: com.liferay.portal.reports.engine.console.model; version="[1.0.0,2.0.0)"

	at org.eclipse.osgi.container.Module.start(Module.java:444)
	at org.eclipse.osgi.internal.framework.EquinoxBundle.start(EquinoxBundle.java:428)
	at org.apache.felix.fileinstall.internal.DirectoryWatcher.startBundle(DirectoryWatcher.java:1258)
	at org.apache.felix.fileinstall.internal.DirectoryWatcher.startBundles(DirectoryWatcher.java:1230)
	at org.apache.felix.fileinstall.internal.DirectoryWatcher.startAllBundles(DirectoryWatcher.java:1218)
	at org.apache.felix.fileinstall.internal.DirectoryWatcher.doProcess(DirectoryWatcher.java:507)
	at org.apache.felix.fileinstall.internal.DirectoryWatcher.process(DirectoryWatcher.java:361)
	at org.apache.felix.fileinstall.internal.DirectoryWatcher.run(DirectoryWatcher.java:312)

!ENTRY org.apache.felix.fileinstall 4 0 2019-03-14 07:13:23.476
!MESSAGE Error while starting bundle: file:/C:/LR7/liferay-ce-portal-7.1.1-ga2/osgi/modules/com.nirav.jasper.report.jar
!STACK 0
org.osgi.framework.BundleException: Could not resolve module: com.nirav.jasper.report [1000]
  Unresolved requirement: Import-Package: com.liferay.portal.reports.engine.console.model; version="[1.0.0,2.0.0)"

	at org.eclipse.osgi.container.Module.start(Module.java:444)
	at org.eclipse.osgi.internal.framework.EquinoxBundle.start(EquinoxBundle.java:428)
	at org.apache.felix.fileinstall.internal.DirectoryWatcher.startBundle(DirectoryWatcher.java:1258)
	at org.apache.felix.fileinstall.internal.DirectoryWatcher.startBundles(DirectoryWatcher.java:1230)
	at org.apache.felix.fileinstall.internal.DirectoryWatcher.startAllBundles(DirectoryWatcher.java:1218)
	at org.apache.felix.fileinstall.internal.DirectoryWatcher.doProcess(DirectoryWatcher.java:507)
	at org.apache.felix.fileinstall.internal.DirectoryWatcher.process(DirectoryWatcher.java:361)
	at org.apache.felix.fileinstall.internal.DirectoryWatcher.run(DirectoryWatcher.java:312)

!ENTRY org.apache.felix.fileinstall 4 0 2019-03-14 07:13:33.890
!MESSAGE Error while starting bundle: file:/C:/LR7/liferay-ce-portal-7.1.1-ga2/osgi/modules/com.nirav.jasper.report.jar
!STACK 0
org.osgi.framework.BundleException: Could not resolve module: com.nirav.jasper.report [1000]
  Unresolved requirement: Import-Package: com.liferay.portal.reports.engine.console.model; version="[1.0.0,2.0.0)"

	at org.eclipse.osgi.container.Module.start(Module.java:444)
	at org.eclipse.osgi.internal.framework.EquinoxBundle.start(EquinoxBundle.java:428)
	at org.apache.felix.fileinstall.internal.DirectoryWatcher.startBundle(DirectoryWatcher.java:1258)
	at org.apache.felix.fileinstall.internal.DirectoryWatcher.startBundles(DirectoryWatcher.java:1230)
	at org.apache.felix.fileinstall.internal.DirectoryWatcher.startAllBundles(DirectoryWatcher.java:1218)
	at org.apache.felix.fileinstall.internal.DirectoryWatcher.doProcess(DirectoryWatcher.java:507)
	at org.apache.felix.fileinstall.internal.DirectoryWatcher.process(DirectoryWatcher.java:361)
	at org.apache.felix.fileinstall.internal.DirectoryWatcher.run(DirectoryWatcher.java:312)

!ENTRY org.apache.felix.fileinstall 4 0 2019-03-14 09:46:45.067
!MESSAGE Error while starting bundle: file:/C:/LR7/liferay-ce-portal-7.1.1-ga2/osgi/modules/com.nirav.jasper.report.jar
!STACK 0
org.osgi.framework.BundleException: Could not resolve module: com.nirav.jasper.report [1000]
  Unresolved requirement: Import-Package: com.liferay.portal.reports.engine.console.model; version="[1.0.0,2.0.0)"

	at org.eclipse.osgi.container.Module.start(Module.java:444)
	at org.eclipse.osgi.internal.framework.EquinoxBundle.start(EquinoxBundle.java:428)
	at org.apache.felix.fileinstall.internal.DirectoryWatcher.startBundle(DirectoryWatcher.java:1258)
	at org.apache.felix.fileinstall.internal.DirectoryWatcher.startBundles(DirectoryWatcher.java:1230)
	at org.apache.felix.fileinstall.internal.DirectoryWatcher.startAllBundles(DirectoryWatcher.java:1218)
	at org.apache.felix.fileinstall.internal.DirectoryWatcher.doProcess(DirectoryWatcher.java:507)
	at org.apache.felix.fileinstall.internal.DirectoryWatcher.process(DirectoryWatcher.java:361)
	at org.apache.felix.fileinstall.internal.DirectoryWatcher.run(DirectoryWatcher.java:312)

!ENTRY org.apache.felix.fileinstall 4 0 2019-03-14 09:46:57.188
!MESSAGE Error while starting bundle: file:/C:/LR7/liferay-ce-portal-7.1.1-ga2/osgi/modules/com.nirav.jasper.report.jar
!STACK 0
org.osgi.framework.BundleException: Could not resolve module: com.nirav.jasper.report [1000]
  Unresolved requirement: Import-Package: com.liferay.portal.reports.engine.console.model; version="[1.0.0,2.0.0)"

	at org.eclipse.osgi.container.Module.start(Module.java:444)
	at org.eclipse.osgi.internal.framework.EquinoxBundle.start(EquinoxBundle.java:428)
	at org.apache.felix.fileinstall.internal.DirectoryWatcher.startBundle(DirectoryWatcher.java:1258)
	at org.apache.felix.fileinstall.internal.DirectoryWatcher.startBundles(DirectoryWatcher.java:1230)
	at org.apache.felix.fileinstall.internal.DirectoryWatcher.startAllBundles(DirectoryWatcher.java:1218)
	at org.apache.felix.fileinstall.internal.DirectoryWatcher.doProcess(DirectoryWatcher.java:507)
	at org.apache.felix.fileinstall.internal.DirectoryWatcher.process(DirectoryWatcher.java:361)
	at org.apache.felix.fileinstall.internal.DirectoryWatcher.run(DirectoryWatcher.java:312)
