!SESSION 2019-03-11 02:37:05.513 -----------------------------------------------
eclipse.buildId=unknown
java.version=1.8.0_101
java.vendor=Oracle Corporation
BootLoader constants: OS=win32, ARCH=x86_64, WS=win32, NL=en_IN

!ENTRY com.nirav.jasper.report 4 0 2019-03-11 02:37:05.513
!MESSAGE FrameworkEvent ERROR
!STACK 0
org.osgi.framework.BundleException: Could not resolve module: com.nirav.jasper.report [993]
  Unresolved requirement: Import-Package: com.liferay.portal.reports.engine.console.model; version="[1.0.0,2.0.0)"

	at org.eclipse.osgi.container.Module.start(Module.java:444)
	at org.eclipse.osgi.container.ModuleContainer$ContainerStartLevel.incStartLevel(ModuleContainer.java:1682)
	at org.eclipse.osgi.container.ModuleContainer$ContainerStartLevel.incStartLevel(ModuleContainer.java:1662)
	at org.eclipse.osgi.container.ModuleContainer$ContainerStartLevel.doContainerStartLevel(ModuleContainer.java:1624)
	at org.eclipse.osgi.container.ModuleContainer$ContainerStartLevel.dispatchEvent(ModuleContainer.java:1555)
	at org.eclipse.osgi.container.ModuleContainer$ContainerStartLevel.dispatchEvent(ModuleContainer.java:1)
	at org.eclipse.osgi.framework.eventmgr.EventManager.dispatchEvent(EventManager.java:230)
	at org.eclipse.osgi.framework.eventmgr.EventManager$EventThread.run(EventManager.java:340)

!ENTRY org.apache.felix.fileinstall 4 0 2019-03-11 02:43:38.052
!MESSAGE Error while starting bundle: file:/C:/LR7/liferay-ce-portal-7.1.1-ga2/osgi/modules/com.nirav.jasper.report.jar
!STACK 0
org.osgi.framework.BundleException: Could not resolve module: com.nirav.jasper.report [993]
  Unresolved requirement: Import-Package: com.liferay.portal.reports.engine.console.model; version="[1.0.0,2.0.0)"

	at org.eclipse.osgi.container.Module.start(Module.java:444)
	at org.eclipse.osgi.internal.framework.EquinoxBundle.start(EquinoxBundle.java:428)
	at org.apache.felix.fileinstall.internal.DirectoryWatcher.startBundle(DirectoryWatcher.java:1258)
	at org.apache.felix.fileinstall.internal.DirectoryWatcher.startBundles(DirectoryWatcher.java:1230)
	at org.apache.felix.fileinstall.internal.DirectoryWatcher.startAllBundles(DirectoryWatcher.java:1218)
	at org.apache.felix.fileinstall.internal.DirectoryWatcher.doProcess(DirectoryWatcher.java:507)
	at org.apache.felix.fileinstall.internal.DirectoryWatcher.process(DirectoryWatcher.java:361)
	at org.apache.felix.fileinstall.internal.DirectoryWatcher.run(DirectoryWatcher.java:312)

!ENTRY org.apache.felix.fileinstall 4 0 2019-03-11 02:47:28.829
!MESSAGE Error while starting bundle: file:/C:/LR7/liferay-ce-portal-7.1.1-ga2/osgi/modules/com.nirav.jasper.report.jar
!STACK 0
org.osgi.framework.BundleException: Could not resolve module: com.nirav.jasper.report [993]
  Unresolved requirement: Import-Package: com.liferay.portal.reports.engine.console.model; version="[1.0.0,2.0.0)"

	at org.eclipse.osgi.container.Module.start(Module.java:444)
	at org.eclipse.osgi.internal.framework.EquinoxBundle.start(EquinoxBundle.java:428)
	at org.apache.felix.fileinstall.internal.DirectoryWatcher.startBundle(DirectoryWatcher.java:1258)
	at org.apache.felix.fileinstall.internal.DirectoryWatcher.startBundles(DirectoryWatcher.java:1230)
	at org.apache.felix.fileinstall.internal.DirectoryWatcher.startAllBundles(DirectoryWatcher.java:1218)
	at org.apache.felix.fileinstall.internal.DirectoryWatcher.doProcess(DirectoryWatcher.java:507)
	at org.apache.felix.fileinstall.internal.DirectoryWatcher.process(DirectoryWatcher.java:361)
	at org.apache.felix.fileinstall.internal.DirectoryWatcher.run(DirectoryWatcher.java:312)

!ENTRY org.apache.felix.fileinstall 4 0 2019-03-11 02:48:24.497
!MESSAGE Error while starting bundle: file:/C:/LR7/liferay-ce-portal-7.1.1-ga2/osgi/modules/com.nirav.jasper.report.jar
!STACK 0
org.osgi.framework.BundleException: Could not resolve module: com.nirav.jasper.report [993]
  Unresolved requirement: Import-Package: com.liferay.portal.reports.engine.console.model; version="[1.0.0,2.0.0)"

	at org.eclipse.osgi.container.Module.start(Module.java:444)
	at org.eclipse.osgi.internal.framework.EquinoxBundle.start(EquinoxBundle.java:428)
	at org.apache.felix.fileinstall.internal.DirectoryWatcher.startBundle(DirectoryWatcher.java:1258)
	at org.apache.felix.fileinstall.internal.DirectoryWatcher.startBundles(DirectoryWatcher.java:1230)
	at org.apache.felix.fileinstall.internal.DirectoryWatcher.startAllBundles(DirectoryWatcher.java:1218)
	at org.apache.felix.fileinstall.internal.DirectoryWatcher.doProcess(DirectoryWatcher.java:507)
	at org.apache.felix.fileinstall.internal.DirectoryWatcher.process(DirectoryWatcher.java:361)
	at org.apache.felix.fileinstall.internal.DirectoryWatcher.run(DirectoryWatcher.java:312)

!ENTRY org.apache.felix.fileinstall 4 0 2019-03-11 02:53:15.415
!MESSAGE Error while starting bundle: file:/C:/LR7/liferay-ce-portal-7.1.1-ga2/osgi/modules/com.nirav.jasper.report.jar
!STACK 0
org.osgi.framework.BundleException: Could not resolve module: com.nirav.jasper.report [993]
  Unresolved requirement: Import-Package: com.liferay.portal.reports.engine.console.model; version="[1.0.0,2.0.0)"

	at org.eclipse.osgi.container.Module.start(Module.java:444)
	at org.eclipse.osgi.internal.framework.EquinoxBundle.start(EquinoxBundle.java:428)
	at org.apache.felix.fileinstall.internal.DirectoryWatcher.startBundle(DirectoryWatcher.java:1258)
	at org.apache.felix.fileinstall.internal.DirectoryWatcher.startBundles(DirectoryWatcher.java:1230)
	at org.apache.felix.fileinstall.internal.DirectoryWatcher.startAllBundles(DirectoryWatcher.java:1218)
	at org.apache.felix.fileinstall.internal.DirectoryWatcher.doProcess(DirectoryWatcher.java:507)
	at org.apache.felix.fileinstall.internal.DirectoryWatcher.process(DirectoryWatcher.java:361)
	at org.apache.felix.fileinstall.internal.DirectoryWatcher.run(DirectoryWatcher.java:312)

!ENTRY org.apache.felix.fileinstall 4 0 2019-03-11 02:56:25.966
!MESSAGE Error while starting bundle: file:/C:/LR7/liferay-ce-portal-7.1.1-ga2/osgi/modules/com.nirav.jasper.report.jar
!STACK 0
org.osgi.framework.BundleException: Could not resolve module: com.nirav.jasper.report [993]
  Unresolved requirement: Import-Package: com.liferay.portal.reports.engine.console.model; version="[1.0.0,2.0.0)"

	at org.eclipse.osgi.container.Module.start(Module.java:444)
	at org.eclipse.osgi.internal.framework.EquinoxBundle.start(EquinoxBundle.java:428)
	at org.apache.felix.fileinstall.internal.DirectoryWatcher.startBundle(DirectoryWatcher.java:1258)
	at org.apache.felix.fileinstall.internal.DirectoryWatcher.startBundles(DirectoryWatcher.java:1230)
	at org.apache.felix.fileinstall.internal.DirectoryWatcher.startAllBundles(DirectoryWatcher.java:1218)
	at org.apache.felix.fileinstall.internal.DirectoryWatcher.doProcess(DirectoryWatcher.java:507)
	at org.apache.felix.fileinstall.internal.DirectoryWatcher.process(DirectoryWatcher.java:361)
	at org.apache.felix.fileinstall.internal.DirectoryWatcher.run(DirectoryWatcher.java:312)

!ENTRY org.apache.felix.fileinstall 4 0 2019-03-11 02:58:26.466
!MESSAGE Error while starting bundle: file:/C:/LR7/liferay-ce-portal-7.1.1-ga2/osgi/modules/com.nirav.jasper.report.jar
!STACK 0
org.osgi.framework.BundleException: Could not resolve module: com.nirav.jasper.report [993]
  Unresolved requirement: Import-Package: com.liferay.portal.reports.engine.console.model; version="[1.0.0,2.0.0)"

	at org.eclipse.osgi.container.Module.start(Module.java:444)
	at org.eclipse.osgi.internal.framework.EquinoxBundle.start(EquinoxBundle.java:428)
	at org.apache.felix.fileinstall.internal.DirectoryWatcher.startBundle(DirectoryWatcher.java:1258)
	at org.apache.felix.fileinstall.internal.DirectoryWatcher.startBundles(DirectoryWatcher.java:1230)
	at org.apache.felix.fileinstall.internal.DirectoryWatcher.startAllBundles(DirectoryWatcher.java:1218)
	at org.apache.felix.fileinstall.internal.DirectoryWatcher.doProcess(DirectoryWatcher.java:507)
	at org.apache.felix.fileinstall.internal.DirectoryWatcher.process(DirectoryWatcher.java:361)
	at org.apache.felix.fileinstall.internal.DirectoryWatcher.run(DirectoryWatcher.java:312)

!ENTRY org.apache.felix.fileinstall 4 0 2019-03-11 02:59:36.893
!MESSAGE Error while starting bundle: file:/C:/LR7/liferay-ce-portal-7.1.1-ga2/osgi/modules/com.nirav.jasper.report.jar
!STACK 0
org.osgi.framework.BundleException: Could not resolve module: com.nirav.jasper.report [993]
  Unresolved requirement: Import-Package: com.liferay.portal.reports.engine.console.model; version="[1.0.0,2.0.0)"

	at org.eclipse.osgi.container.Module.start(Module.java:444)
	at org.eclipse.osgi.internal.framework.EquinoxBundle.start(EquinoxBundle.java:428)
	at org.apache.felix.fileinstall.internal.DirectoryWatcher.startBundle(DirectoryWatcher.java:1258)
	at org.apache.felix.fileinstall.internal.DirectoryWatcher.startBundles(DirectoryWatcher.java:1230)
	at org.apache.felix.fileinstall.internal.DirectoryWatcher.startAllBundles(DirectoryWatcher.java:1218)
	at org.apache.felix.fileinstall.internal.DirectoryWatcher.doProcess(DirectoryWatcher.java:507)
	at org.apache.felix.fileinstall.internal.DirectoryWatcher.process(DirectoryWatcher.java:361)
	at org.apache.felix.fileinstall.internal.DirectoryWatcher.run(DirectoryWatcher.java:312)

!ENTRY org.apache.felix.fileinstall 4 0 2019-03-11 03:02:17.350
!MESSAGE Error while starting bundle: file:/C:/LR7/liferay-ce-portal-7.1.1-ga2/osgi/modules/com.nirav.jasper.report.jar
!STACK 0
org.osgi.framework.BundleException: Could not resolve module: com.nirav.jasper.report [993]
  Unresolved requirement: Import-Package: com.liferay.portal.reports.engine.console.model; version="[1.0.0,2.0.0)"

	at org.eclipse.osgi.container.Module.start(Module.java:444)
	at org.eclipse.osgi.internal.framework.EquinoxBundle.start(EquinoxBundle.java:428)
	at org.apache.felix.fileinstall.internal.DirectoryWatcher.startBundle(DirectoryWatcher.java:1258)
	at org.apache.felix.fileinstall.internal.DirectoryWatcher.startBundles(DirectoryWatcher.java:1230)
	at org.apache.felix.fileinstall.internal.DirectoryWatcher.startAllBundles(DirectoryWatcher.java:1218)
	at org.apache.felix.fileinstall.internal.DirectoryWatcher.doProcess(DirectoryWatcher.java:507)
	at org.apache.felix.fileinstall.internal.DirectoryWatcher.process(DirectoryWatcher.java:361)
	at org.apache.felix.fileinstall.internal.DirectoryWatcher.run(DirectoryWatcher.java:312)

!ENTRY org.apache.felix.fileinstall 4 0 2019-03-11 03:03:37.713
!MESSAGE Error while starting bundle: file:/C:/LR7/liferay-ce-portal-7.1.1-ga2/osgi/modules/com.nirav.jasper.report.jar
!STACK 0
org.osgi.framework.BundleException: Could not resolve module: com.nirav.jasper.report [993]
  Unresolved requirement: Import-Package: com.liferay.portal.reports.engine.console.model; version="[1.0.0,2.0.0)"

	at org.eclipse.osgi.container.Module.start(Module.java:444)
	at org.eclipse.osgi.internal.framework.EquinoxBundle.start(EquinoxBundle.java:428)
	at org.apache.felix.fileinstall.internal.DirectoryWatcher.startBundle(DirectoryWatcher.java:1258)
	at org.apache.felix.fileinstall.internal.DirectoryWatcher.startBundles(DirectoryWatcher.java:1230)
	at org.apache.felix.fileinstall.internal.DirectoryWatcher.startAllBundles(DirectoryWatcher.java:1218)
	at org.apache.felix.fileinstall.internal.DirectoryWatcher.doProcess(DirectoryWatcher.java:507)
	at org.apache.felix.fileinstall.internal.DirectoryWatcher.process(DirectoryWatcher.java:361)
	at org.apache.felix.fileinstall.internal.DirectoryWatcher.run(DirectoryWatcher.java:312)

!ENTRY org.apache.felix.fileinstall 4 0 2019-03-11 03:07:03.228
!MESSAGE Error while starting bundle: file:/C:/LR7/liferay-ce-portal-7.1.1-ga2/osgi/modules/com.nirav.jasper.report.jar
!STACK 0
org.osgi.framework.BundleException: Could not resolve module: com.nirav.jasper.report [993]
  Unresolved requirement: Import-Package: com.liferay.portal.reports.engine.console.model; version="[1.0.0,2.0.0)"

	at org.eclipse.osgi.container.Module.start(Module.java:444)
	at org.eclipse.osgi.internal.framework.EquinoxBundle.start(EquinoxBundle.java:428)
	at org.apache.felix.fileinstall.internal.DirectoryWatcher.startBundle(DirectoryWatcher.java:1258)
	at org.apache.felix.fileinstall.internal.DirectoryWatcher.startBundles(DirectoryWatcher.java:1230)
	at org.apache.felix.fileinstall.internal.DirectoryWatcher.startAllBundles(DirectoryWatcher.java:1218)
	at org.apache.felix.fileinstall.internal.DirectoryWatcher.doProcess(DirectoryWatcher.java:507)
	at org.apache.felix.fileinstall.internal.DirectoryWatcher.process(DirectoryWatcher.java:361)
	at org.apache.felix.fileinstall.internal.DirectoryWatcher.run(DirectoryWatcher.java:312)

!ENTRY org.apache.felix.fileinstall 4 0 2019-03-11 03:07:53.332
!MESSAGE Error while starting bundle: file:/C:/LR7/liferay-ce-portal-7.1.1-ga2/osgi/modules/com.nirav.jasper.report.jar
!STACK 0
org.osgi.framework.BundleException: Could not resolve module: com.nirav.jasper.report [993]
  Unresolved requirement: Import-Package: com.liferay.portal.reports.engine.console.model; version="[1.0.0,2.0.0)"

	at org.eclipse.osgi.container.Module.start(Module.java:444)
	at org.eclipse.osgi.internal.framework.EquinoxBundle.start(EquinoxBundle.java:428)
	at org.apache.felix.fileinstall.internal.DirectoryWatcher.startBundle(DirectoryWatcher.java:1258)
	at org.apache.felix.fileinstall.internal.DirectoryWatcher.startBundles(DirectoryWatcher.java:1230)
	at org.apache.felix.fileinstall.internal.DirectoryWatcher.startAllBundles(DirectoryWatcher.java:1218)
	at org.apache.felix.fileinstall.internal.DirectoryWatcher.doProcess(DirectoryWatcher.java:507)
	at org.apache.felix.fileinstall.internal.DirectoryWatcher.process(DirectoryWatcher.java:361)
	at org.apache.felix.fileinstall.internal.DirectoryWatcher.run(DirectoryWatcher.java:312)

!ENTRY org.apache.felix.fileinstall 4 0 2019-03-11 03:08:08.473
!MESSAGE Error while starting bundle: file:/C:/LR7/liferay-ce-portal-7.1.1-ga2/osgi/modules/com.nirav.jasper.report.jar
!STACK 0
org.osgi.framework.BundleException: Could not resolve module: com.nirav.jasper.report [993]
  Unresolved requirement: Import-Package: com.liferay.portal.reports.engine.console.model; version="[1.0.0,2.0.0)"

	at org.eclipse.osgi.container.Module.start(Module.java:444)
	at org.eclipse.osgi.internal.framework.EquinoxBundle.start(EquinoxBundle.java:428)
	at org.apache.felix.fileinstall.internal.DirectoryWatcher.startBundle(DirectoryWatcher.java:1258)
	at org.apache.felix.fileinstall.internal.DirectoryWatcher.startBundles(DirectoryWatcher.java:1230)
	at org.apache.felix.fileinstall.internal.DirectoryWatcher.startAllBundles(DirectoryWatcher.java:1218)
	at org.apache.felix.fileinstall.internal.DirectoryWatcher.doProcess(DirectoryWatcher.java:507)
	at org.apache.felix.fileinstall.internal.DirectoryWatcher.process(DirectoryWatcher.java:361)
	at org.apache.felix.fileinstall.internal.DirectoryWatcher.run(DirectoryWatcher.java:312)

!ENTRY org.apache.felix.fileinstall 4 0 2019-03-11 03:09:34.000
!MESSAGE Error while starting bundle: file:/C:/LR7/liferay-ce-portal-7.1.1-ga2/osgi/modules/com.nirav.jasper.report.jar
!STACK 0
org.osgi.framework.BundleException: Could not resolve module: com.nirav.jasper.report [993]
  Unresolved requirement: Import-Package: com.liferay.portal.reports.engine.console.model; version="[1.0.0,2.0.0)"

	at org.eclipse.osgi.container.Module.start(Module.java:444)
	at org.eclipse.osgi.internal.framework.EquinoxBundle.start(EquinoxBundle.java:428)
	at org.apache.felix.fileinstall.internal.DirectoryWatcher.startBundle(DirectoryWatcher.java:1258)
	at org.apache.felix.fileinstall.internal.DirectoryWatcher.startBundles(DirectoryWatcher.java:1230)
	at org.apache.felix.fileinstall.internal.DirectoryWatcher.startAllBundles(DirectoryWatcher.java:1218)
	at org.apache.felix.fileinstall.internal.DirectoryWatcher.doProcess(DirectoryWatcher.java:507)
	at org.apache.felix.fileinstall.internal.DirectoryWatcher.process(DirectoryWatcher.java:361)
	at org.apache.felix.fileinstall.internal.DirectoryWatcher.run(DirectoryWatcher.java:312)

!ENTRY org.apache.felix.fileinstall 4 0 2019-03-11 03:12:44.458
!MESSAGE Error while starting bundle: file:/C:/LR7/liferay-ce-portal-7.1.1-ga2/osgi/modules/com.nirav.jasper.report.jar
!STACK 0
org.osgi.framework.BundleException: Could not resolve module: com.nirav.jasper.report [993]
  Unresolved requirement: Import-Package: com.liferay.portal.reports.engine.console.model; version="[1.0.0,2.0.0)"

	at org.eclipse.osgi.container.Module.start(Module.java:444)
	at org.eclipse.osgi.internal.framework.EquinoxBundle.start(EquinoxBundle.java:428)
	at org.apache.felix.fileinstall.internal.DirectoryWatcher.startBundle(DirectoryWatcher.java:1258)
	at org.apache.felix.fileinstall.internal.DirectoryWatcher.startBundles(DirectoryWatcher.java:1230)
	at org.apache.felix.fileinstall.internal.DirectoryWatcher.startAllBundles(DirectoryWatcher.java:1218)
	at org.apache.felix.fileinstall.internal.DirectoryWatcher.doProcess(DirectoryWatcher.java:507)
	at org.apache.felix.fileinstall.internal.DirectoryWatcher.process(DirectoryWatcher.java:361)
	at org.apache.felix.fileinstall.internal.DirectoryWatcher.run(DirectoryWatcher.java:312)

!ENTRY org.apache.felix.fileinstall 4 0 2019-03-11 03:13:34.807
!MESSAGE Error while starting bundle: file:/C:/LR7/liferay-ce-portal-7.1.1-ga2/osgi/modules/com.nirav.jasper.report.jar
!STACK 0
org.osgi.framework.BundleException: Could not resolve module: com.nirav.jasper.report [993]
  Unresolved requirement: Import-Package: com.liferay.portal.reports.engine.console.model; version="[1.0.0,2.0.0)"

	at org.eclipse.osgi.container.Module.start(Module.java:444)
	at org.eclipse.osgi.internal.framework.EquinoxBundle.start(EquinoxBundle.java:428)
	at org.apache.felix.fileinstall.internal.DirectoryWatcher.startBundle(DirectoryWatcher.java:1258)
	at org.apache.felix.fileinstall.internal.DirectoryWatcher.startBundles(DirectoryWatcher.java:1230)
	at org.apache.felix.fileinstall.internal.DirectoryWatcher.startAllBundles(DirectoryWatcher.java:1218)
	at org.apache.felix.fileinstall.internal.DirectoryWatcher.doProcess(DirectoryWatcher.java:507)
	at org.apache.felix.fileinstall.internal.DirectoryWatcher.process(DirectoryWatcher.java:361)
	at org.apache.felix.fileinstall.internal.DirectoryWatcher.run(DirectoryWatcher.java:312)

!ENTRY org.apache.felix.fileinstall 4 0 2019-03-11 03:14:30.157
!MESSAGE Error while starting bundle: file:/C:/LR7/liferay-ce-portal-7.1.1-ga2/osgi/modules/com.nirav.jasper.report.jar
!STACK 0
org.osgi.framework.BundleException: Could not resolve module: com.nirav.jasper.report [993]
  Unresolved requirement: Import-Package: com.liferay.portal.reports.engine.console.model; version="[1.0.0,2.0.0)"

	at org.eclipse.osgi.container.Module.start(Module.java:444)
	at org.eclipse.osgi.internal.framework.EquinoxBundle.start(EquinoxBundle.java:428)
	at org.apache.felix.fileinstall.internal.DirectoryWatcher.startBundle(DirectoryWatcher.java:1258)
	at org.apache.felix.fileinstall.internal.DirectoryWatcher.startBundles(DirectoryWatcher.java:1230)
	at org.apache.felix.fileinstall.internal.DirectoryWatcher.startAllBundles(DirectoryWatcher.java:1218)
	at org.apache.felix.fileinstall.internal.DirectoryWatcher.doProcess(DirectoryWatcher.java:507)
	at org.apache.felix.fileinstall.internal.DirectoryWatcher.process(DirectoryWatcher.java:361)
	at org.apache.felix.fileinstall.internal.DirectoryWatcher.run(DirectoryWatcher.java:312)

!ENTRY org.apache.felix.fileinstall 4 0 2019-03-11 03:23:16.014
!MESSAGE Error while starting bundle: file:/C:/LR7/liferay-ce-portal-7.1.1-ga2/osgi/modules/com.nirav.jasper.report.jar
!STACK 0
org.osgi.framework.BundleException: Could not resolve module: com.nirav.jasper.report [993]
  Unresolved requirement: Import-Package: com.liferay.portal.reports.engine.console.model; version="[1.0.0,2.0.0)"

	at org.eclipse.osgi.container.Module.start(Module.java:444)
	at org.eclipse.osgi.internal.framework.EquinoxBundle.start(EquinoxBundle.java:428)
	at org.apache.felix.fileinstall.internal.DirectoryWatcher.startBundle(DirectoryWatcher.java:1258)
	at org.apache.felix.fileinstall.internal.DirectoryWatcher.startBundles(DirectoryWatcher.java:1230)
	at org.apache.felix.fileinstall.internal.DirectoryWatcher.startAllBundles(DirectoryWatcher.java:1218)
	at org.apache.felix.fileinstall.internal.DirectoryWatcher.doProcess(DirectoryWatcher.java:507)
	at org.apache.felix.fileinstall.internal.DirectoryWatcher.process(DirectoryWatcher.java:361)
	at org.apache.felix.fileinstall.internal.DirectoryWatcher.run(DirectoryWatcher.java:312)

!ENTRY org.apache.felix.fileinstall 4 0 2019-03-11 03:25:46.569
!MESSAGE Error while starting bundle: file:/C:/LR7/liferay-ce-portal-7.1.1-ga2/osgi/modules/com.nirav.jasper.report.jar
!STACK 0
org.osgi.framework.BundleException: Could not resolve module: com.nirav.jasper.report [993]
  Unresolved requirement: Import-Package: com.liferay.portal.reports.engine.console.model; version="[1.0.0,2.0.0)"

	at org.eclipse.osgi.container.Module.start(Module.java:444)
	at org.eclipse.osgi.internal.framework.EquinoxBundle.start(EquinoxBundle.java:428)
	at org.apache.felix.fileinstall.internal.DirectoryWatcher.startBundle(DirectoryWatcher.java:1258)
	at org.apache.felix.fileinstall.internal.DirectoryWatcher.startBundles(DirectoryWatcher.java:1230)
	at org.apache.felix.fileinstall.internal.DirectoryWatcher.startAllBundles(DirectoryWatcher.java:1218)
	at org.apache.felix.fileinstall.internal.DirectoryWatcher.doProcess(DirectoryWatcher.java:507)
	at org.apache.felix.fileinstall.internal.DirectoryWatcher.process(DirectoryWatcher.java:361)
	at org.apache.felix.fileinstall.internal.DirectoryWatcher.run(DirectoryWatcher.java:312)

!ENTRY org.apache.felix.fileinstall 4 0 2019-03-11 03:26:46.943
!MESSAGE Error while starting bundle: file:/C:/LR7/liferay-ce-portal-7.1.1-ga2/osgi/modules/com.nirav.jasper.report.jar
!STACK 0
org.osgi.framework.BundleException: Could not resolve module: com.nirav.jasper.report [993]
  Unresolved requirement: Import-Package: com.liferay.portal.reports.engine.console.model; version="[1.0.0,2.0.0)"

	at org.eclipse.osgi.container.Module.start(Module.java:444)
	at org.eclipse.osgi.internal.framework.EquinoxBundle.start(EquinoxBundle.java:428)
	at org.apache.felix.fileinstall.internal.DirectoryWatcher.startBundle(DirectoryWatcher.java:1258)
	at org.apache.felix.fileinstall.internal.DirectoryWatcher.startBundles(DirectoryWatcher.java:1230)
	at org.apache.felix.fileinstall.internal.DirectoryWatcher.startAllBundles(DirectoryWatcher.java:1218)
	at org.apache.felix.fileinstall.internal.DirectoryWatcher.doProcess(DirectoryWatcher.java:507)
	at org.apache.felix.fileinstall.internal.DirectoryWatcher.process(DirectoryWatcher.java:361)
	at org.apache.felix.fileinstall.internal.DirectoryWatcher.run(DirectoryWatcher.java:312)

!ENTRY org.apache.felix.fileinstall 4 0 2019-03-11 03:29:52.685
!MESSAGE Error while starting bundle: file:/C:/LR7/liferay-ce-portal-7.1.1-ga2/osgi/modules/com.nirav.jasper.report.jar
!STACK 0
org.osgi.framework.BundleException: Could not resolve module: com.nirav.jasper.report [993]
  Unresolved requirement: Import-Package: com.liferay.portal.reports.engine.console.model; version="[1.0.0,2.0.0)"

	at org.eclipse.osgi.container.Module.start(Module.java:444)
	at org.eclipse.osgi.internal.framework.EquinoxBundle.start(EquinoxBundle.java:428)
	at org.apache.felix.fileinstall.internal.DirectoryWatcher.startBundle(DirectoryWatcher.java:1258)
	at org.apache.felix.fileinstall.internal.DirectoryWatcher.startBundles(DirectoryWatcher.java:1230)
	at org.apache.felix.fileinstall.internal.DirectoryWatcher.startAllBundles(DirectoryWatcher.java:1218)
	at org.apache.felix.fileinstall.internal.DirectoryWatcher.doProcess(DirectoryWatcher.java:507)
	at org.apache.felix.fileinstall.internal.DirectoryWatcher.process(DirectoryWatcher.java:361)
	at org.apache.felix.fileinstall.internal.DirectoryWatcher.run(DirectoryWatcher.java:312)

!ENTRY org.apache.felix.fileinstall 4 0 2019-03-11 03:30:28.067
!MESSAGE Error while starting bundle: file:/C:/LR7/liferay-ce-portal-7.1.1-ga2/osgi/modules/com.nirav.jasper.report.jar
!STACK 0
org.osgi.framework.BundleException: Could not resolve module: com.nirav.jasper.report [993]
  Unresolved requirement: Import-Package: com.liferay.portal.reports.engine.console.model; version="[1.0.0,2.0.0)"

	at org.eclipse.osgi.container.Module.start(Module.java:444)
	at org.eclipse.osgi.internal.framework.EquinoxBundle.start(EquinoxBundle.java:428)
	at org.apache.felix.fileinstall.internal.DirectoryWatcher.startBundle(DirectoryWatcher.java:1258)
	at org.apache.felix.fileinstall.internal.DirectoryWatcher.startBundles(DirectoryWatcher.java:1230)
	at org.apache.felix.fileinstall.internal.DirectoryWatcher.startAllBundles(DirectoryWatcher.java:1218)
	at org.apache.felix.fileinstall.internal.DirectoryWatcher.doProcess(DirectoryWatcher.java:507)
	at org.apache.felix.fileinstall.internal.DirectoryWatcher.process(DirectoryWatcher.java:361)
	at org.apache.felix.fileinstall.internal.DirectoryWatcher.run(DirectoryWatcher.java:312)

!ENTRY org.apache.felix.fileinstall 4 0 2019-03-11 03:31:13.419
!MESSAGE Error while starting bundle: file:/C:/LR7/liferay-ce-portal-7.1.1-ga2/osgi/modules/com.nirav.jasper.report.jar
!STACK 0
org.osgi.framework.BundleException: Could not resolve module: com.nirav.jasper.report [993]
  Unresolved requirement: Import-Package: com.liferay.portal.reports.engine.console.model; version="[1.0.0,2.0.0)"

	at org.eclipse.osgi.container.Module.start(Module.java:444)
	at org.eclipse.osgi.internal.framework.EquinoxBundle.start(EquinoxBundle.java:428)
	at org.apache.felix.fileinstall.internal.DirectoryWatcher.startBundle(DirectoryWatcher.java:1258)
	at org.apache.felix.fileinstall.internal.DirectoryWatcher.startBundles(DirectoryWatcher.java:1230)
	at org.apache.felix.fileinstall.internal.DirectoryWatcher.startAllBundles(DirectoryWatcher.java:1218)
	at org.apache.felix.fileinstall.internal.DirectoryWatcher.doProcess(DirectoryWatcher.java:507)
	at org.apache.felix.fileinstall.internal.DirectoryWatcher.process(DirectoryWatcher.java:361)
	at org.apache.felix.fileinstall.internal.DirectoryWatcher.run(DirectoryWatcher.java:312)

!ENTRY org.apache.felix.fileinstall 4 0 2019-03-11 03:31:43.785
!MESSAGE Error while starting bundle: file:/C:/LR7/liferay-ce-portal-7.1.1-ga2/osgi/modules/com.nirav.jasper.report.jar
!STACK 0
org.osgi.framework.BundleException: Could not resolve module: com.nirav.jasper.report [993]
  Unresolved requirement: Import-Package: com.liferay.portal.reports.engine.console.model; version="[1.0.0,2.0.0)"

	at org.eclipse.osgi.container.Module.start(Module.java:444)
	at org.eclipse.osgi.internal.framework.EquinoxBundle.start(EquinoxBundle.java:428)
	at org.apache.felix.fileinstall.internal.DirectoryWatcher.startBundle(DirectoryWatcher.java:1258)
	at org.apache.felix.fileinstall.internal.DirectoryWatcher.startBundles(DirectoryWatcher.java:1230)
	at org.apache.felix.fileinstall.internal.DirectoryWatcher.startAllBundles(DirectoryWatcher.java:1218)
	at org.apache.felix.fileinstall.internal.DirectoryWatcher.doProcess(DirectoryWatcher.java:507)
	at org.apache.felix.fileinstall.internal.DirectoryWatcher.process(DirectoryWatcher.java:361)
	at org.apache.felix.fileinstall.internal.DirectoryWatcher.run(DirectoryWatcher.java:312)

!ENTRY org.apache.felix.fileinstall 4 0 2019-03-11 03:35:14.267
!MESSAGE Error while starting bundle: file:/C:/LR7/liferay-ce-portal-7.1.1-ga2/osgi/modules/com.nirav.jasper.report.jar
!STACK 0
org.osgi.framework.BundleException: Could not resolve module: com.nirav.jasper.report [993]
  Unresolved requirement: Import-Package: com.liferay.portal.reports.engine.console.model; version="[1.0.0,2.0.0)"

	at org.eclipse.osgi.container.Module.start(Module.java:444)
	at org.eclipse.osgi.internal.framework.EquinoxBundle.start(EquinoxBundle.java:428)
	at org.apache.felix.fileinstall.internal.DirectoryWatcher.startBundle(DirectoryWatcher.java:1258)
	at org.apache.felix.fileinstall.internal.DirectoryWatcher.startBundles(DirectoryWatcher.java:1230)
	at org.apache.felix.fileinstall.internal.DirectoryWatcher.startAllBundles(DirectoryWatcher.java:1218)
	at org.apache.felix.fileinstall.internal.DirectoryWatcher.doProcess(DirectoryWatcher.java:507)
	at org.apache.felix.fileinstall.internal.DirectoryWatcher.process(DirectoryWatcher.java:361)
	at org.apache.felix.fileinstall.internal.DirectoryWatcher.run(DirectoryWatcher.java:312)

!ENTRY org.apache.felix.fileinstall 4 0 2019-03-11 03:36:39.660
!MESSAGE Error while starting bundle: file:/C:/LR7/liferay-ce-portal-7.1.1-ga2/osgi/modules/com.nirav.jasper.report.jar
!STACK 0
org.osgi.framework.BundleException: Could not resolve module: com.nirav.jasper.report [993]
  Unresolved requirement: Import-Package: com.liferay.portal.reports.engine.console.model; version="[1.0.0,2.0.0)"

	at org.eclipse.osgi.container.Module.start(Module.java:444)
	at org.eclipse.osgi.internal.framework.EquinoxBundle.start(EquinoxBundle.java:428)
	at org.apache.felix.fileinstall.internal.DirectoryWatcher.startBundle(DirectoryWatcher.java:1258)
	at org.apache.felix.fileinstall.internal.DirectoryWatcher.startBundles(DirectoryWatcher.java:1230)
	at org.apache.felix.fileinstall.internal.DirectoryWatcher.startAllBundles(DirectoryWatcher.java:1218)
	at org.apache.felix.fileinstall.internal.DirectoryWatcher.doProcess(DirectoryWatcher.java:507)
	at org.apache.felix.fileinstall.internal.DirectoryWatcher.process(DirectoryWatcher.java:361)
	at org.apache.felix.fileinstall.internal.DirectoryWatcher.run(DirectoryWatcher.java:312)

!ENTRY org.apache.felix.fileinstall 4 0 2019-03-11 03:37:40.048
!MESSAGE Error while starting bundle: file:/C:/LR7/liferay-ce-portal-7.1.1-ga2/osgi/modules/com.nirav.jasper.report.jar
!STACK 0
org.osgi.framework.BundleException: Could not resolve module: com.nirav.jasper.report [993]
  Unresolved requirement: Import-Package: com.liferay.portal.reports.engine.console.model; version="[1.0.0,2.0.0)"

	at org.eclipse.osgi.container.Module.start(Module.java:444)
	at org.eclipse.osgi.internal.framework.EquinoxBundle.start(EquinoxBundle.java:428)
	at org.apache.felix.fileinstall.internal.DirectoryWatcher.startBundle(DirectoryWatcher.java:1258)
	at org.apache.felix.fileinstall.internal.DirectoryWatcher.startBundles(DirectoryWatcher.java:1230)
	at org.apache.felix.fileinstall.internal.DirectoryWatcher.startAllBundles(DirectoryWatcher.java:1218)
	at org.apache.felix.fileinstall.internal.DirectoryWatcher.doProcess(DirectoryWatcher.java:507)
	at org.apache.felix.fileinstall.internal.DirectoryWatcher.process(DirectoryWatcher.java:361)
	at org.apache.felix.fileinstall.internal.DirectoryWatcher.run(DirectoryWatcher.java:312)

!ENTRY org.apache.felix.fileinstall 4 0 2019-03-11 03:38:35.421
!MESSAGE Error while starting bundle: file:/C:/LR7/liferay-ce-portal-7.1.1-ga2/osgi/modules/com.nirav.jasper.report.jar
!STACK 0
org.osgi.framework.BundleException: Could not resolve module: com.nirav.jasper.report [993]
  Unresolved requirement: Import-Package: com.liferay.portal.reports.engine.console.model; version="[1.0.0,2.0.0)"

	at org.eclipse.osgi.container.Module.start(Module.java:444)
	at org.eclipse.osgi.internal.framework.EquinoxBundle.start(EquinoxBundle.java:428)
	at org.apache.felix.fileinstall.internal.DirectoryWatcher.startBundle(DirectoryWatcher.java:1258)
	at org.apache.felix.fileinstall.internal.DirectoryWatcher.startBundles(DirectoryWatcher.java:1230)
	at org.apache.felix.fileinstall.internal.DirectoryWatcher.startAllBundles(DirectoryWatcher.java:1218)
	at org.apache.felix.fileinstall.internal.DirectoryWatcher.doProcess(DirectoryWatcher.java:507)
	at org.apache.felix.fileinstall.internal.DirectoryWatcher.process(DirectoryWatcher.java:361)
	at org.apache.felix.fileinstall.internal.DirectoryWatcher.run(DirectoryWatcher.java:312)

!ENTRY org.apache.felix.fileinstall 4 0 2019-03-11 03:39:05.751
!MESSAGE Error while starting bundle: file:/C:/LR7/liferay-ce-portal-7.1.1-ga2/osgi/modules/com.nirav.jasper.report.jar
!STACK 0
org.osgi.framework.BundleException: Could not resolve module: com.nirav.jasper.report [993]
  Unresolved requirement: Import-Package: com.liferay.portal.reports.engine.console.model; version="[1.0.0,2.0.0)"

	at org.eclipse.osgi.container.Module.start(Module.java:444)
	at org.eclipse.osgi.internal.framework.EquinoxBundle.start(EquinoxBundle.java:428)
	at org.apache.felix.fileinstall.internal.DirectoryWatcher.startBundle(DirectoryWatcher.java:1258)
	at org.apache.felix.fileinstall.internal.DirectoryWatcher.startBundles(DirectoryWatcher.java:1230)
	at org.apache.felix.fileinstall.internal.DirectoryWatcher.startAllBundles(DirectoryWatcher.java:1218)
	at org.apache.felix.fileinstall.internal.DirectoryWatcher.doProcess(DirectoryWatcher.java:507)
	at org.apache.felix.fileinstall.internal.DirectoryWatcher.process(DirectoryWatcher.java:361)
	at org.apache.felix.fileinstall.internal.DirectoryWatcher.run(DirectoryWatcher.java:312)

!ENTRY org.apache.felix.fileinstall 4 0 2019-03-11 03:39:56.228
!MESSAGE Error while starting bundle: file:/C:/LR7/liferay-ce-portal-7.1.1-ga2/osgi/modules/com.nirav.jasper.report.jar
!STACK 0
org.osgi.framework.BundleException: Could not resolve module: com.nirav.jasper.report [993]
  Unresolved requirement: Import-Package: com.liferay.portal.reports.engine.console.model; version="[1.0.0,2.0.0)"

	at org.eclipse.osgi.container.Module.start(Module.java:444)
	at org.eclipse.osgi.internal.framework.EquinoxBundle.start(EquinoxBundle.java:428)
	at org.apache.felix.fileinstall.internal.DirectoryWatcher.startBundle(DirectoryWatcher.java:1258)
	at org.apache.felix.fileinstall.internal.DirectoryWatcher.startBundles(DirectoryWatcher.java:1230)
	at org.apache.felix.fileinstall.internal.DirectoryWatcher.startAllBundles(DirectoryWatcher.java:1218)
	at org.apache.felix.fileinstall.internal.DirectoryWatcher.doProcess(DirectoryWatcher.java:507)
	at org.apache.felix.fileinstall.internal.DirectoryWatcher.process(DirectoryWatcher.java:361)
	at org.apache.felix.fileinstall.internal.DirectoryWatcher.run(DirectoryWatcher.java:312)

!ENTRY org.apache.felix.fileinstall 4 0 2019-03-11 03:41:51.654
!MESSAGE Error while starting bundle: file:/C:/LR7/liferay-ce-portal-7.1.1-ga2/osgi/modules/com.nirav.jasper.report.jar
!STACK 0
org.osgi.framework.BundleException: Could not resolve module: com.nirav.jasper.report [993]
  Unresolved requirement: Import-Package: com.liferay.portal.reports.engine.console.model; version="[1.0.0,2.0.0)"

	at org.eclipse.osgi.container.Module.start(Module.java:444)
	at org.eclipse.osgi.internal.framework.EquinoxBundle.start(EquinoxBundle.java:428)
	at org.apache.felix.fileinstall.internal.DirectoryWatcher.startBundle(DirectoryWatcher.java:1258)
	at org.apache.felix.fileinstall.internal.DirectoryWatcher.startBundles(DirectoryWatcher.java:1230)
	at org.apache.felix.fileinstall.internal.DirectoryWatcher.startAllBundles(DirectoryWatcher.java:1218)
	at org.apache.felix.fileinstall.internal.DirectoryWatcher.doProcess(DirectoryWatcher.java:507)
	at org.apache.felix.fileinstall.internal.DirectoryWatcher.process(DirectoryWatcher.java:361)
	at org.apache.felix.fileinstall.internal.DirectoryWatcher.run(DirectoryWatcher.java:312)

!ENTRY org.apache.felix.fileinstall 4 0 2019-03-11 03:43:22.074
!MESSAGE Error while starting bundle: file:/C:/LR7/liferay-ce-portal-7.1.1-ga2/osgi/modules/com.nirav.jasper.report.jar
!STACK 0
org.osgi.framework.BundleException: Could not resolve module: com.nirav.jasper.report [993]
  Unresolved requirement: Import-Package: com.liferay.portal.reports.engine.console.model; version="[1.0.0,2.0.0)"

	at org.eclipse.osgi.container.Module.start(Module.java:444)
	at org.eclipse.osgi.internal.framework.EquinoxBundle.start(EquinoxBundle.java:428)
	at org.apache.felix.fileinstall.internal.DirectoryWatcher.startBundle(DirectoryWatcher.java:1258)
	at org.apache.felix.fileinstall.internal.DirectoryWatcher.startBundles(DirectoryWatcher.java:1230)
	at org.apache.felix.fileinstall.internal.DirectoryWatcher.startAllBundles(DirectoryWatcher.java:1218)
	at org.apache.felix.fileinstall.internal.DirectoryWatcher.doProcess(DirectoryWatcher.java:507)
	at org.apache.felix.fileinstall.internal.DirectoryWatcher.process(DirectoryWatcher.java:361)
	at org.apache.felix.fileinstall.internal.DirectoryWatcher.run(DirectoryWatcher.java:312)

!ENTRY org.apache.felix.fileinstall 4 0 2019-03-11 03:45:07.485
!MESSAGE Error while starting bundle: file:/C:/LR7/liferay-ce-portal-7.1.1-ga2/osgi/modules/com.nirav.jasper.report.jar
!STACK 0
org.osgi.framework.BundleException: Could not resolve module: com.nirav.jasper.report [993]
  Unresolved requirement: Import-Package: com.liferay.portal.reports.engine.console.model; version="[1.0.0,2.0.0)"

	at org.eclipse.osgi.container.Module.start(Module.java:444)
	at org.eclipse.osgi.internal.framework.EquinoxBundle.start(EquinoxBundle.java:428)
	at org.apache.felix.fileinstall.internal.DirectoryWatcher.startBundle(DirectoryWatcher.java:1258)
	at org.apache.felix.fileinstall.internal.DirectoryWatcher.startBundles(DirectoryWatcher.java:1230)
	at org.apache.felix.fileinstall.internal.DirectoryWatcher.startAllBundles(DirectoryWatcher.java:1218)
	at org.apache.felix.fileinstall.internal.DirectoryWatcher.doProcess(DirectoryWatcher.java:507)
	at org.apache.felix.fileinstall.internal.DirectoryWatcher.process(DirectoryWatcher.java:361)
	at org.apache.felix.fileinstall.internal.DirectoryWatcher.run(DirectoryWatcher.java:312)

!ENTRY org.apache.felix.fileinstall 4 0 2019-03-11 03:46:22.902
!MESSAGE Error while starting bundle: file:/C:/LR7/liferay-ce-portal-7.1.1-ga2/osgi/modules/com.nirav.jasper.report.jar
!STACK 0
org.osgi.framework.BundleException: Could not resolve module: com.nirav.jasper.report [993]
  Unresolved requirement: Import-Package: com.liferay.portal.reports.engine.console.model; version="[1.0.0,2.0.0)"

	at org.eclipse.osgi.container.Module.start(Module.java:444)
	at org.eclipse.osgi.internal.framework.EquinoxBundle.start(EquinoxBundle.java:428)
	at org.apache.felix.fileinstall.internal.DirectoryWatcher.startBundle(DirectoryWatcher.java:1258)
	at org.apache.felix.fileinstall.internal.DirectoryWatcher.startBundles(DirectoryWatcher.java:1230)
	at org.apache.felix.fileinstall.internal.DirectoryWatcher.startAllBundles(DirectoryWatcher.java:1218)
	at org.apache.felix.fileinstall.internal.DirectoryWatcher.doProcess(DirectoryWatcher.java:507)
	at org.apache.felix.fileinstall.internal.DirectoryWatcher.process(DirectoryWatcher.java:361)
	at org.apache.felix.fileinstall.internal.DirectoryWatcher.run(DirectoryWatcher.java:312)

!ENTRY org.apache.felix.fileinstall 4 0 2019-03-11 03:48:03.291
!MESSAGE Error while starting bundle: file:/C:/LR7/liferay-ce-portal-7.1.1-ga2/osgi/modules/com.nirav.jasper.report.jar
!STACK 0
org.osgi.framework.BundleException: Could not resolve module: com.nirav.jasper.report [993]
  Unresolved requirement: Import-Package: com.liferay.portal.reports.engine.console.model; version="[1.0.0,2.0.0)"

	at org.eclipse.osgi.container.Module.start(Module.java:444)
	at org.eclipse.osgi.internal.framework.EquinoxBundle.start(EquinoxBundle.java:428)
	at org.apache.felix.fileinstall.internal.DirectoryWatcher.startBundle(DirectoryWatcher.java:1258)
	at org.apache.felix.fileinstall.internal.DirectoryWatcher.startBundles(DirectoryWatcher.java:1230)
	at org.apache.felix.fileinstall.internal.DirectoryWatcher.startAllBundles(DirectoryWatcher.java:1218)
	at org.apache.felix.fileinstall.internal.DirectoryWatcher.doProcess(DirectoryWatcher.java:507)
	at org.apache.felix.fileinstall.internal.DirectoryWatcher.process(DirectoryWatcher.java:361)
	at org.apache.felix.fileinstall.internal.DirectoryWatcher.run(DirectoryWatcher.java:312)

!ENTRY org.apache.felix.fileinstall 4 0 2019-03-11 03:53:48.977
!MESSAGE Error while starting bundle: file:/C:/LR7/liferay-ce-portal-7.1.1-ga2/osgi/modules/com.nirav.jasper.report.jar
!STACK 0
org.osgi.framework.BundleException: Could not resolve module: com.nirav.jasper.report [993]
  Unresolved requirement: Import-Package: com.liferay.portal.reports.engine.console.model; version="[1.0.0,2.0.0)"

	at org.eclipse.osgi.container.Module.start(Module.java:444)
	at org.eclipse.osgi.internal.framework.EquinoxBundle.start(EquinoxBundle.java:428)
	at org.apache.felix.fileinstall.internal.DirectoryWatcher.startBundle(DirectoryWatcher.java:1258)
	at org.apache.felix.fileinstall.internal.DirectoryWatcher.startBundles(DirectoryWatcher.java:1230)
	at org.apache.felix.fileinstall.internal.DirectoryWatcher.startAllBundles(DirectoryWatcher.java:1218)
	at org.apache.felix.fileinstall.internal.DirectoryWatcher.doProcess(DirectoryWatcher.java:507)
	at org.apache.felix.fileinstall.internal.DirectoryWatcher.process(DirectoryWatcher.java:361)
	at org.apache.felix.fileinstall.internal.DirectoryWatcher.run(DirectoryWatcher.java:312)

!ENTRY org.apache.felix.fileinstall 4 0 2019-03-11 03:54:34.237
!MESSAGE Error while starting bundle: file:/C:/LR7/liferay-ce-portal-7.1.1-ga2/osgi/modules/com.nirav.jasper.report.jar
!STACK 0
org.osgi.framework.BundleException: Could not resolve module: com.nirav.jasper.report [993]
  Unresolved requirement: Import-Package: com.liferay.portal.reports.engine.console.model; version="[1.0.0,2.0.0)"

	at org.eclipse.osgi.container.Module.start(Module.java:444)
	at org.eclipse.osgi.internal.framework.EquinoxBundle.start(EquinoxBundle.java:428)
	at org.apache.felix.fileinstall.internal.DirectoryWatcher.startBundle(DirectoryWatcher.java:1258)
	at org.apache.felix.fileinstall.internal.DirectoryWatcher.startBundles(DirectoryWatcher.java:1230)
	at org.apache.felix.fileinstall.internal.DirectoryWatcher.startAllBundles(DirectoryWatcher.java:1218)
	at org.apache.felix.fileinstall.internal.DirectoryWatcher.doProcess(DirectoryWatcher.java:507)
	at org.apache.felix.fileinstall.internal.DirectoryWatcher.process(DirectoryWatcher.java:361)
	at org.apache.felix.fileinstall.internal.DirectoryWatcher.run(DirectoryWatcher.java:312)

!ENTRY org.apache.felix.fileinstall 4 0 2019-03-11 03:56:04.524
!MESSAGE Error while starting bundle: file:/C:/LR7/liferay-ce-portal-7.1.1-ga2/osgi/modules/com.nirav.jasper.report.jar
!STACK 0
org.osgi.framework.BundleException: Could not resolve module: com.nirav.jasper.report [993]
  Unresolved requirement: Import-Package: com.liferay.portal.reports.engine.console.model; version="[1.0.0,2.0.0)"

	at org.eclipse.osgi.container.Module.start(Module.java:444)
	at org.eclipse.osgi.internal.framework.EquinoxBundle.start(EquinoxBundle.java:428)
	at org.apache.felix.fileinstall.internal.DirectoryWatcher.startBundle(DirectoryWatcher.java:1258)
	at org.apache.felix.fileinstall.internal.DirectoryWatcher.startBundles(DirectoryWatcher.java:1230)
	at org.apache.felix.fileinstall.internal.DirectoryWatcher.startAllBundles(DirectoryWatcher.java:1218)
	at org.apache.felix.fileinstall.internal.DirectoryWatcher.doProcess(DirectoryWatcher.java:507)
	at org.apache.felix.fileinstall.internal.DirectoryWatcher.process(DirectoryWatcher.java:361)
	at org.apache.felix.fileinstall.internal.DirectoryWatcher.run(DirectoryWatcher.java:312)

!ENTRY org.apache.felix.fileinstall 4 0 2019-03-11 03:58:24.894
!MESSAGE Error while starting bundle: file:/C:/LR7/liferay-ce-portal-7.1.1-ga2/osgi/modules/com.nirav.jasper.report.jar
!STACK 0
org.osgi.framework.BundleException: Could not resolve module: com.nirav.jasper.report [993]
  Unresolved requirement: Import-Package: com.liferay.portal.reports.engine.console.model; version="[1.0.0,2.0.0)"

	at org.eclipse.osgi.container.Module.start(Module.java:444)
	at org.eclipse.osgi.internal.framework.EquinoxBundle.start(EquinoxBundle.java:428)
	at org.apache.felix.fileinstall.internal.DirectoryWatcher.startBundle(DirectoryWatcher.java:1258)
	at org.apache.felix.fileinstall.internal.DirectoryWatcher.startBundles(DirectoryWatcher.java:1230)
	at org.apache.felix.fileinstall.internal.DirectoryWatcher.startAllBundles(DirectoryWatcher.java:1218)
	at org.apache.felix.fileinstall.internal.DirectoryWatcher.doProcess(DirectoryWatcher.java:507)
	at org.apache.felix.fileinstall.internal.DirectoryWatcher.process(DirectoryWatcher.java:361)
	at org.apache.felix.fileinstall.internal.DirectoryWatcher.run(DirectoryWatcher.java:312)

!ENTRY org.apache.felix.fileinstall 4 0 2019-03-11 03:59:40.164
!MESSAGE Error while starting bundle: file:/C:/LR7/liferay-ce-portal-7.1.1-ga2/osgi/modules/com.nirav.jasper.report.jar
!STACK 0
org.osgi.framework.BundleException: Could not resolve module: com.nirav.jasper.report [993]
  Unresolved requirement: Import-Package: com.liferay.portal.reports.engine.console.model; version="[1.0.0,2.0.0)"

	at org.eclipse.osgi.container.Module.start(Module.java:444)
	at org.eclipse.osgi.internal.framework.EquinoxBundle.start(EquinoxBundle.java:428)
	at org.apache.felix.fileinstall.internal.DirectoryWatcher.startBundle(DirectoryWatcher.java:1258)
	at org.apache.felix.fileinstall.internal.DirectoryWatcher.startBundles(DirectoryWatcher.java:1230)
	at org.apache.felix.fileinstall.internal.DirectoryWatcher.startAllBundles(DirectoryWatcher.java:1218)
	at org.apache.felix.fileinstall.internal.DirectoryWatcher.doProcess(DirectoryWatcher.java:507)
	at org.apache.felix.fileinstall.internal.DirectoryWatcher.process(DirectoryWatcher.java:361)
	at org.apache.felix.fileinstall.internal.DirectoryWatcher.run(DirectoryWatcher.java:312)

!ENTRY org.apache.felix.fileinstall 4 0 2019-03-11 04:01:25.532
!MESSAGE Error while starting bundle: file:/C:/LR7/liferay-ce-portal-7.1.1-ga2/osgi/modules/com.nirav.jasper.report.jar
!STACK 0
org.osgi.framework.BundleException: Could not resolve module: com.nirav.jasper.report [993]
  Unresolved requirement: Import-Package: com.liferay.portal.reports.engine.console.model; version="[1.0.0,2.0.0)"

	at org.eclipse.osgi.container.Module.start(Module.java:444)
	at org.eclipse.osgi.internal.framework.EquinoxBundle.start(EquinoxBundle.java:428)
	at org.apache.felix.fileinstall.internal.DirectoryWatcher.startBundle(DirectoryWatcher.java:1258)
	at org.apache.felix.fileinstall.internal.DirectoryWatcher.startBundles(DirectoryWatcher.java:1230)
	at org.apache.felix.fileinstall.internal.DirectoryWatcher.startAllBundles(DirectoryWatcher.java:1218)
	at org.apache.felix.fileinstall.internal.DirectoryWatcher.doProcess(DirectoryWatcher.java:507)
	at org.apache.felix.fileinstall.internal.DirectoryWatcher.process(DirectoryWatcher.java:361)
	at org.apache.felix.fileinstall.internal.DirectoryWatcher.run(DirectoryWatcher.java:312)

!ENTRY org.apache.felix.fileinstall 4 0 2019-03-11 04:02:31.003
!MESSAGE Error while starting bundle: file:/C:/LR7/liferay-ce-portal-7.1.1-ga2/osgi/modules/com.nirav.jasper.report.jar
!STACK 0
org.osgi.framework.BundleException: Could not resolve module: com.nirav.jasper.report [993]
  Unresolved requirement: Import-Package: com.liferay.portal.reports.engine.console.model; version="[1.0.0,2.0.0)"

	at org.eclipse.osgi.container.Module.start(Module.java:444)
	at org.eclipse.osgi.internal.framework.EquinoxBundle.start(EquinoxBundle.java:428)
	at org.apache.felix.fileinstall.internal.DirectoryWatcher.startBundle(DirectoryWatcher.java:1258)
	at org.apache.felix.fileinstall.internal.DirectoryWatcher.startBundles(DirectoryWatcher.java:1230)
	at org.apache.felix.fileinstall.internal.DirectoryWatcher.startAllBundles(DirectoryWatcher.java:1218)
	at org.apache.felix.fileinstall.internal.DirectoryWatcher.doProcess(DirectoryWatcher.java:507)
	at org.apache.felix.fileinstall.internal.DirectoryWatcher.process(DirectoryWatcher.java:361)
	at org.apache.felix.fileinstall.internal.DirectoryWatcher.run(DirectoryWatcher.java:312)

!ENTRY org.apache.felix.fileinstall 4 0 2019-03-11 04:36:38.668
!MESSAGE Error while starting bundle: file:/C:/LR7/liferay-ce-portal-7.1.1-ga2/osgi/modules/com.nirav.jasper.report.jar
!STACK 0
org.osgi.framework.BundleException: Could not resolve module: com.nirav.jasper.report [993]
  Unresolved requirement: Import-Package: com.liferay.portal.reports.engine.console.model; version="[1.0.0,2.0.0)"

	at org.eclipse.osgi.container.Module.start(Module.java:444)
	at org.eclipse.osgi.internal.framework.EquinoxBundle.start(EquinoxBundle.java:428)
	at org.apache.felix.fileinstall.internal.DirectoryWatcher.startBundle(DirectoryWatcher.java:1258)
	at org.apache.felix.fileinstall.internal.DirectoryWatcher.startBundles(DirectoryWatcher.java:1230)
	at org.apache.felix.fileinstall.internal.DirectoryWatcher.startAllBundles(DirectoryWatcher.java:1218)
	at org.apache.felix.fileinstall.internal.DirectoryWatcher.doProcess(DirectoryWatcher.java:507)
	at org.apache.felix.fileinstall.internal.DirectoryWatcher.process(DirectoryWatcher.java:361)
	at org.apache.felix.fileinstall.internal.DirectoryWatcher.run(DirectoryWatcher.java:312)

!ENTRY org.apache.felix.fileinstall 4 0 2019-03-11 04:53:40.161
!MESSAGE Error while starting bundle: file:/C:/LR7/liferay-ce-portal-7.1.1-ga2/osgi/modules/com.nirav.jasper.report.jar
!STACK 0
org.osgi.framework.BundleException: Could not resolve module: com.nirav.jasper.report [993]
  Unresolved requirement: Import-Package: com.liferay.portal.reports.engine.console.model; version="[1.0.0,2.0.0)"

	at org.eclipse.osgi.container.Module.start(Module.java:444)
	at org.eclipse.osgi.internal.framework.EquinoxBundle.start(EquinoxBundle.java:428)
	at org.apache.felix.fileinstall.internal.DirectoryWatcher.startBundle(DirectoryWatcher.java:1258)
	at org.apache.felix.fileinstall.internal.DirectoryWatcher.startBundles(DirectoryWatcher.java:1230)
	at org.apache.felix.fileinstall.internal.DirectoryWatcher.startAllBundles(DirectoryWatcher.java:1218)
	at org.apache.felix.fileinstall.internal.DirectoryWatcher.doProcess(DirectoryWatcher.java:507)
	at org.apache.felix.fileinstall.internal.DirectoryWatcher.process(DirectoryWatcher.java:361)
	at org.apache.felix.fileinstall.internal.DirectoryWatcher.run(DirectoryWatcher.java:312)

!ENTRY org.apache.felix.fileinstall 4 0 2019-03-11 05:10:16.368
!MESSAGE Error while starting bundle: file:/C:/LR7/liferay-ce-portal-7.1.1-ga2/osgi/modules/com.nirav.jasper.report.jar
!STACK 0
org.osgi.framework.BundleException: Could not resolve module: com.nirav.jasper.report [993]
  Unresolved requirement: Import-Package: com.liferay.portal.reports.engine.console.model; version="[1.0.0,2.0.0)"

	at org.eclipse.osgi.container.Module.start(Module.java:444)
	at org.eclipse.osgi.internal.framework.EquinoxBundle.start(EquinoxBundle.java:428)
	at org.apache.felix.fileinstall.internal.DirectoryWatcher.startBundle(DirectoryWatcher.java:1258)
	at org.apache.felix.fileinstall.internal.DirectoryWatcher.startBundles(DirectoryWatcher.java:1230)
	at org.apache.felix.fileinstall.internal.DirectoryWatcher.startAllBundles(DirectoryWatcher.java:1218)
	at org.apache.felix.fileinstall.internal.DirectoryWatcher.doProcess(DirectoryWatcher.java:507)
	at org.apache.felix.fileinstall.internal.DirectoryWatcher.process(DirectoryWatcher.java:361)
	at org.apache.felix.fileinstall.internal.DirectoryWatcher.run(DirectoryWatcher.java:312)

!ENTRY org.apache.felix.fileinstall 4 0 2019-03-11 05:11:46.644
!MESSAGE Error while starting bundle: file:/C:/LR7/liferay-ce-portal-7.1.1-ga2/osgi/modules/com.nirav.jasper.report.jar
!STACK 0
org.osgi.framework.BundleException: Could not resolve module: com.nirav.jasper.report [1000]
  Unresolved requirement: Import-Package: com.liferay.portal.reports.engine.console.model; version="[1.0.0,2.0.0)"

	at org.eclipse.osgi.container.Module.start(Module.java:444)
	at org.eclipse.osgi.internal.framework.EquinoxBundle.start(EquinoxBundle.java:428)
	at org.apache.felix.fileinstall.internal.DirectoryWatcher.startBundle(DirectoryWatcher.java:1258)
	at org.apache.felix.fileinstall.internal.DirectoryWatcher.startBundles(DirectoryWatcher.java:1230)
	at org.apache.felix.fileinstall.internal.DirectoryWatcher.doProcess(DirectoryWatcher.java:512)
	at org.apache.felix.fileinstall.internal.DirectoryWatcher.process(DirectoryWatcher.java:361)
	at org.apache.felix.fileinstall.internal.DirectoryWatcher.run(DirectoryWatcher.java:312)

!ENTRY org.apache.felix.fileinstall 4 0 2019-03-11 09:58:14.935
!MESSAGE Error while starting bundle: file:/C:/LR7/liferay-ce-portal-7.1.1-ga2/osgi/modules/com.nirav.jasper.report.jar
!STACK 0
org.osgi.framework.BundleException: Could not resolve module: com.nirav.jasper.report [1000]
  Unresolved requirement: Import-Package: com.liferay.portal.reports.engine.console.model; version="[1.0.0,2.0.0)"

	at org.eclipse.osgi.container.Module.start(Module.java:444)
	at org.eclipse.osgi.internal.framework.EquinoxBundle.start(EquinoxBundle.java:428)
	at org.apache.felix.fileinstall.internal.DirectoryWatcher.startBundle(DirectoryWatcher.java:1258)
	at org.apache.felix.fileinstall.internal.DirectoryWatcher.startBundles(DirectoryWatcher.java:1230)
	at org.apache.felix.fileinstall.internal.DirectoryWatcher.startAllBundles(DirectoryWatcher.java:1218)
	at org.apache.felix.fileinstall.internal.DirectoryWatcher.doProcess(DirectoryWatcher.java:507)
	at org.apache.felix.fileinstall.internal.DirectoryWatcher.process(DirectoryWatcher.java:361)
	at org.apache.felix.fileinstall.internal.DirectoryWatcher.run(DirectoryWatcher.java:312)

!ENTRY org.apache.felix.fileinstall 4 0 2019-03-11 09:58:14.939
!MESSAGE Error while starting bundle: file:/C:/LR7/liferay-ce-portal-7.1.1-ga2/osgi/modules/com.nirav.jasper.report.jar
!STACK 0
org.osgi.framework.BundleException: Could not resolve module: com.nirav.jasper.report [1000]
  Unresolved requirement: Import-Package: com.liferay.portal.reports.engine.console.model; version="[1.0.0,2.0.0)"

	at org.eclipse.osgi.container.Module.start(Module.java:444)
	at org.eclipse.osgi.internal.framework.EquinoxBundle.start(EquinoxBundle.java:428)
	at org.apache.felix.fileinstall.internal.DirectoryWatcher.startBundle(DirectoryWatcher.java:1258)
	at org.apache.felix.fileinstall.internal.DirectoryWatcher.startBundles(DirectoryWatcher.java:1230)
	at org.apache.felix.fileinstall.internal.DirectoryWatcher.doProcess(DirectoryWatcher.java:512)
	at org.apache.felix.fileinstall.internal.DirectoryWatcher.process(DirectoryWatcher.java:361)
	at org.apache.felix.fileinstall.internal.DirectoryWatcher.run(DirectoryWatcher.java:312)

!ENTRY org.apache.felix.fileinstall 4 0 2019-03-11 10:03:50.673
!MESSAGE Error while starting bundle: file:/C:/LR7/liferay-ce-portal-7.1.1-ga2/osgi/modules/com.nirav.jasper.report.jar
!STACK 0
org.osgi.framework.BundleException: Could not resolve module: com.nirav.jasper.report [1000]
  Unresolved requirement: Import-Package: com.liferay.portal.reports.engine.console.model; version="[1.0.0,2.0.0)"

	at org.eclipse.osgi.container.Module.start(Module.java:444)
	at org.eclipse.osgi.internal.framework.EquinoxBundle.start(EquinoxBundle.java:428)
	at org.apache.felix.fileinstall.internal.DirectoryWatcher.startBundle(DirectoryWatcher.java:1258)
	at org.apache.felix.fileinstall.internal.DirectoryWatcher.startBundles(DirectoryWatcher.java:1230)
	at org.apache.felix.fileinstall.internal.DirectoryWatcher.startAllBundles(DirectoryWatcher.java:1218)
	at org.apache.felix.fileinstall.internal.DirectoryWatcher.doProcess(DirectoryWatcher.java:507)
	at org.apache.felix.fileinstall.internal.DirectoryWatcher.process(DirectoryWatcher.java:361)
	at org.apache.felix.fileinstall.internal.DirectoryWatcher.run(DirectoryWatcher.java:312)

!ENTRY org.apache.felix.fileinstall 4 0 2019-03-11 10:03:50.676
!MESSAGE Error while starting bundle: file:/C:/LR7/liferay-ce-portal-7.1.1-ga2/osgi/modules/com.nirav.jasper.report.jar
!STACK 0
org.osgi.framework.BundleException: Could not resolve module: com.nirav.jasper.report [1000]
  Unresolved requirement: Import-Package: com.liferay.portal.reports.engine.console.model; version="[1.0.0,2.0.0)"

	at org.eclipse.osgi.container.Module.start(Module.java:444)
	at org.eclipse.osgi.internal.framework.EquinoxBundle.start(EquinoxBundle.java:428)
	at org.apache.felix.fileinstall.internal.DirectoryWatcher.startBundle(DirectoryWatcher.java:1258)
	at org.apache.felix.fileinstall.internal.DirectoryWatcher.startBundles(DirectoryWatcher.java:1230)
	at org.apache.felix.fileinstall.internal.DirectoryWatcher.doProcess(DirectoryWatcher.java:512)
	at org.apache.felix.fileinstall.internal.DirectoryWatcher.process(DirectoryWatcher.java:361)
	at org.apache.felix.fileinstall.internal.DirectoryWatcher.run(DirectoryWatcher.java:312)

!ENTRY org.apache.felix.fileinstall 4 0 2019-03-11 10:07:46.306
!MESSAGE Error while starting bundle: file:/C:/LR7/liferay-ce-portal-7.1.1-ga2/osgi/modules/com.nirav.jasper.report.jar
!STACK 0
org.osgi.framework.BundleException: Could not resolve module: com.nirav.jasper.report [1000]
  Unresolved requirement: Import-Package: com.liferay.portal.reports.engine.console.model; version="[1.0.0,2.0.0)"

	at org.eclipse.osgi.container.Module.start(Module.java:444)
	at org.eclipse.osgi.internal.framework.EquinoxBundle.start(EquinoxBundle.java:428)
	at org.apache.felix.fileinstall.internal.DirectoryWatcher.startBundle(DirectoryWatcher.java:1258)
	at org.apache.felix.fileinstall.internal.DirectoryWatcher.startBundles(DirectoryWatcher.java:1230)
	at org.apache.felix.fileinstall.internal.DirectoryWatcher.startAllBundles(DirectoryWatcher.java:1218)
	at org.apache.felix.fileinstall.internal.DirectoryWatcher.doProcess(DirectoryWatcher.java:507)
	at org.apache.felix.fileinstall.internal.DirectoryWatcher.process(DirectoryWatcher.java:361)
	at org.apache.felix.fileinstall.internal.DirectoryWatcher.run(DirectoryWatcher.java:312)

!ENTRY org.apache.felix.fileinstall 4 0 2019-03-11 10:07:46.309
!MESSAGE Error while starting bundle: file:/C:/LR7/liferay-ce-portal-7.1.1-ga2/osgi/modules/com.nirav.jasper.report.jar
!STACK 0
org.osgi.framework.BundleException: Could not resolve module: com.nirav.jasper.report [1000]
  Unresolved requirement: Import-Package: com.liferay.portal.reports.engine.console.model; version="[1.0.0,2.0.0)"

	at org.eclipse.osgi.container.Module.start(Module.java:444)
	at org.eclipse.osgi.internal.framework.EquinoxBundle.start(EquinoxBundle.java:428)
	at org.apache.felix.fileinstall.internal.DirectoryWatcher.startBundle(DirectoryWatcher.java:1258)
	at org.apache.felix.fileinstall.internal.DirectoryWatcher.startBundles(DirectoryWatcher.java:1230)
	at org.apache.felix.fileinstall.internal.DirectoryWatcher.doProcess(DirectoryWatcher.java:512)
	at org.apache.felix.fileinstall.internal.DirectoryWatcher.process(DirectoryWatcher.java:361)
	at org.apache.felix.fileinstall.internal.DirectoryWatcher.run(DirectoryWatcher.java:312)

!ENTRY org.apache.felix.fileinstall 4 0 2019-03-11 10:08:31.745
!MESSAGE Error while starting bundle: file:/C:/LR7/liferay-ce-portal-7.1.1-ga2/osgi/modules/com.nirav.jasper.report.jar
!STACK 0
org.osgi.framework.BundleException: Could not resolve module: com.nirav.jasper.report [1000]
  Unresolved requirement: Import-Package: com.liferay.portal.reports.engine.console.model; version="[1.0.0,2.0.0)"

	at org.eclipse.osgi.container.Module.start(Module.java:444)
	at org.eclipse.osgi.internal.framework.EquinoxBundle.start(EquinoxBundle.java:428)
	at org.apache.felix.fileinstall.internal.DirectoryWatcher.startBundle(DirectoryWatcher.java:1258)
	at org.apache.felix.fileinstall.internal.DirectoryWatcher.startBundles(DirectoryWatcher.java:1230)
	at org.apache.felix.fileinstall.internal.DirectoryWatcher.startAllBundles(DirectoryWatcher.java:1218)
	at org.apache.felix.fileinstall.internal.DirectoryWatcher.doProcess(DirectoryWatcher.java:507)
	at org.apache.felix.fileinstall.internal.DirectoryWatcher.process(DirectoryWatcher.java:361)
	at org.apache.felix.fileinstall.internal.DirectoryWatcher.run(DirectoryWatcher.java:312)

!ENTRY org.apache.felix.fileinstall 4 0 2019-03-11 10:08:31.748
!MESSAGE Error while starting bundle: file:/C:/LR7/liferay-ce-portal-7.1.1-ga2/osgi/modules/com.nirav.jasper.report.jar
!STACK 0
org.osgi.framework.BundleException: Could not resolve module: com.nirav.jasper.report [1000]
  Unresolved requirement: Import-Package: com.liferay.portal.reports.engine.console.model; version="[1.0.0,2.0.0)"

	at org.eclipse.osgi.container.Module.start(Module.java:444)
	at org.eclipse.osgi.internal.framework.EquinoxBundle.start(EquinoxBundle.java:428)
	at org.apache.felix.fileinstall.internal.DirectoryWatcher.startBundle(DirectoryWatcher.java:1258)
	at org.apache.felix.fileinstall.internal.DirectoryWatcher.startBundles(DirectoryWatcher.java:1230)
	at org.apache.felix.fileinstall.internal.DirectoryWatcher.doProcess(DirectoryWatcher.java:512)
	at org.apache.felix.fileinstall.internal.DirectoryWatcher.process(DirectoryWatcher.java:361)
	at org.apache.felix.fileinstall.internal.DirectoryWatcher.run(DirectoryWatcher.java:312)

!ENTRY org.apache.felix.fileinstall 4 0 2019-03-11 10:09:37.224
!MESSAGE Error while starting bundle: file:/C:/LR7/liferay-ce-portal-7.1.1-ga2/osgi/modules/com.nirav.jasper.report.jar
!STACK 0
org.osgi.framework.BundleException: Could not resolve module: com.nirav.jasper.report [1000]
  Unresolved requirement: Import-Package: com.liferay.portal.reports.engine.console.model; version="[1.0.0,2.0.0)"

	at org.eclipse.osgi.container.Module.start(Module.java:444)
	at org.eclipse.osgi.internal.framework.EquinoxBundle.start(EquinoxBundle.java:428)
	at org.apache.felix.fileinstall.internal.DirectoryWatcher.startBundle(DirectoryWatcher.java:1258)
	at org.apache.felix.fileinstall.internal.DirectoryWatcher.startBundles(DirectoryWatcher.java:1230)
	at org.apache.felix.fileinstall.internal.DirectoryWatcher.startAllBundles(DirectoryWatcher.java:1218)
	at org.apache.felix.fileinstall.internal.DirectoryWatcher.doProcess(DirectoryWatcher.java:507)
	at org.apache.felix.fileinstall.internal.DirectoryWatcher.process(DirectoryWatcher.java:361)
	at org.apache.felix.fileinstall.internal.DirectoryWatcher.run(DirectoryWatcher.java:312)

!ENTRY org.apache.felix.fileinstall 4 0 2019-03-11 10:09:37.229
!MESSAGE Error while starting bundle: file:/C:/LR7/liferay-ce-portal-7.1.1-ga2/osgi/modules/com.nirav.jasper.report.jar
!STACK 0
org.osgi.framework.BundleException: Could not resolve module: com.nirav.jasper.report [1000]
  Unresolved requirement: Import-Package: com.liferay.portal.reports.engine.console.model; version="[1.0.0,2.0.0)"

	at org.eclipse.osgi.container.Module.start(Module.java:444)
	at org.eclipse.osgi.internal.framework.EquinoxBundle.start(EquinoxBundle.java:428)
	at org.apache.felix.fileinstall.internal.DirectoryWatcher.startBundle(DirectoryWatcher.java:1258)
	at org.apache.felix.fileinstall.internal.DirectoryWatcher.startBundles(DirectoryWatcher.java:1230)
	at org.apache.felix.fileinstall.internal.DirectoryWatcher.doProcess(DirectoryWatcher.java:512)
	at org.apache.felix.fileinstall.internal.DirectoryWatcher.process(DirectoryWatcher.java:361)
	at org.apache.felix.fileinstall.internal.DirectoryWatcher.run(DirectoryWatcher.java:312)

!ENTRY org.apache.felix.fileinstall 4 0 2019-03-11 10:10:32.590
!MESSAGE Error while starting bundle: file:/C:/LR7/liferay-ce-portal-7.1.1-ga2/osgi/modules/com.nirav.jasper.report.jar
!STACK 0
org.osgi.framework.BundleException: Could not resolve module: com.nirav.jasper.report [1000]
  Unresolved requirement: Import-Package: com.liferay.portal.reports.engine.console.model; version="[1.0.0,2.0.0)"

	at org.eclipse.osgi.container.Module.start(Module.java:444)
	at org.eclipse.osgi.internal.framework.EquinoxBundle.start(EquinoxBundle.java:428)
	at org.apache.felix.fileinstall.internal.DirectoryWatcher.startBundle(DirectoryWatcher.java:1258)
	at org.apache.felix.fileinstall.internal.DirectoryWatcher.startBundles(DirectoryWatcher.java:1230)
	at org.apache.felix.fileinstall.internal.DirectoryWatcher.startAllBundles(DirectoryWatcher.java:1218)
	at org.apache.felix.fileinstall.internal.DirectoryWatcher.doProcess(DirectoryWatcher.java:507)
	at org.apache.felix.fileinstall.internal.DirectoryWatcher.process(DirectoryWatcher.java:361)
	at org.apache.felix.fileinstall.internal.DirectoryWatcher.run(DirectoryWatcher.java:312)

!ENTRY org.apache.felix.fileinstall 4 0 2019-03-11 10:10:32.593
!MESSAGE Error while starting bundle: file:/C:/LR7/liferay-ce-portal-7.1.1-ga2/osgi/modules/com.nirav.jasper.report.jar
!STACK 0
org.osgi.framework.BundleException: Could not resolve module: com.nirav.jasper.report [1000]
  Unresolved requirement: Import-Package: com.liferay.portal.reports.engine.console.model; version="[1.0.0,2.0.0)"

	at org.eclipse.osgi.container.Module.start(Module.java:444)
	at org.eclipse.osgi.internal.framework.EquinoxBundle.start(EquinoxBundle.java:428)
	at org.apache.felix.fileinstall.internal.DirectoryWatcher.startBundle(DirectoryWatcher.java:1258)
	at org.apache.felix.fileinstall.internal.DirectoryWatcher.startBundles(DirectoryWatcher.java:1230)
	at org.apache.felix.fileinstall.internal.DirectoryWatcher.doProcess(DirectoryWatcher.java:512)
	at org.apache.felix.fileinstall.internal.DirectoryWatcher.process(DirectoryWatcher.java:361)
	at org.apache.felix.fileinstall.internal.DirectoryWatcher.run(DirectoryWatcher.java:312)

!ENTRY org.apache.felix.fileinstall 4 0 2019-03-11 10:18:28.397
!MESSAGE Error while starting bundle: file:/C:/LR7/liferay-ce-portal-7.1.1-ga2/osgi/modules/com.nirav.jasper.report.jar
!STACK 0
org.osgi.framework.BundleException: Could not resolve module: com.nirav.jasper.report [1000]
  Unresolved requirement: Import-Package: com.liferay.portal.reports.engine.console.model; version="[1.0.0,2.0.0)"

	at org.eclipse.osgi.container.Module.start(Module.java:444)
	at org.eclipse.osgi.internal.framework.EquinoxBundle.start(EquinoxBundle.java:428)
	at org.apache.felix.fileinstall.internal.DirectoryWatcher.startBundle(DirectoryWatcher.java:1258)
	at org.apache.felix.fileinstall.internal.DirectoryWatcher.startBundles(DirectoryWatcher.java:1230)
	at org.apache.felix.fileinstall.internal.DirectoryWatcher.startAllBundles(DirectoryWatcher.java:1218)
	at org.apache.felix.fileinstall.internal.DirectoryWatcher.doProcess(DirectoryWatcher.java:507)
	at org.apache.felix.fileinstall.internal.DirectoryWatcher.process(DirectoryWatcher.java:361)
	at org.apache.felix.fileinstall.internal.DirectoryWatcher.run(DirectoryWatcher.java:312)

!ENTRY org.apache.felix.fileinstall 4 0 2019-03-11 10:18:28.401
!MESSAGE Error while starting bundle: file:/C:/LR7/liferay-ce-portal-7.1.1-ga2/osgi/modules/com.nirav.jasper.report.jar
!STACK 0
org.osgi.framework.BundleException: Could not resolve module: com.nirav.jasper.report [1000]
  Unresolved requirement: Import-Package: com.liferay.portal.reports.engine.console.model; version="[1.0.0,2.0.0)"

	at org.eclipse.osgi.container.Module.start(Module.java:444)
	at org.eclipse.osgi.internal.framework.EquinoxBundle.start(EquinoxBundle.java:428)
	at org.apache.felix.fileinstall.internal.DirectoryWatcher.startBundle(DirectoryWatcher.java:1258)
	at org.apache.felix.fileinstall.internal.DirectoryWatcher.startBundles(DirectoryWatcher.java:1230)
	at org.apache.felix.fileinstall.internal.DirectoryWatcher.doProcess(DirectoryWatcher.java:512)
	at org.apache.felix.fileinstall.internal.DirectoryWatcher.process(DirectoryWatcher.java:361)
	at org.apache.felix.fileinstall.internal.DirectoryWatcher.run(DirectoryWatcher.java:312)

!ENTRY org.apache.felix.fileinstall 4 0 2019-03-11 10:19:28.784
!MESSAGE Error while starting bundle: file:/C:/LR7/liferay-ce-portal-7.1.1-ga2/osgi/modules/com.nirav.jasper.report.jar
!STACK 0
org.osgi.framework.BundleException: Could not resolve module: com.nirav.jasper.report [1000]
  Unresolved requirement: Import-Package: com.liferay.portal.reports.engine.console.model; version="[1.0.0,2.0.0)"

	at org.eclipse.osgi.container.Module.start(Module.java:444)
	at org.eclipse.osgi.internal.framework.EquinoxBundle.start(EquinoxBundle.java:428)
	at org.apache.felix.fileinstall.internal.DirectoryWatcher.startBundle(DirectoryWatcher.java:1258)
	at org.apache.felix.fileinstall.internal.DirectoryWatcher.startBundles(DirectoryWatcher.java:1230)
	at org.apache.felix.fileinstall.internal.DirectoryWatcher.startAllBundles(DirectoryWatcher.java:1218)
	at org.apache.felix.fileinstall.internal.DirectoryWatcher.doProcess(DirectoryWatcher.java:507)
	at org.apache.felix.fileinstall.internal.DirectoryWatcher.process(DirectoryWatcher.java:361)
	at org.apache.felix.fileinstall.internal.DirectoryWatcher.run(DirectoryWatcher.java:312)

!ENTRY org.apache.felix.fileinstall 4 0 2019-03-11 10:19:28.787
!MESSAGE Error while starting bundle: file:/C:/LR7/liferay-ce-portal-7.1.1-ga2/osgi/modules/com.nirav.jasper.report.jar
!STACK 0
org.osgi.framework.BundleException: Could not resolve module: com.nirav.jasper.report [1000]
  Unresolved requirement: Import-Package: com.liferay.portal.reports.engine.console.model; version="[1.0.0,2.0.0)"

	at org.eclipse.osgi.container.Module.start(Module.java:444)
	at org.eclipse.osgi.internal.framework.EquinoxBundle.start(EquinoxBundle.java:428)
	at org.apache.felix.fileinstall.internal.DirectoryWatcher.startBundle(DirectoryWatcher.java:1258)
	at org.apache.felix.fileinstall.internal.DirectoryWatcher.startBundles(DirectoryWatcher.java:1230)
	at org.apache.felix.fileinstall.internal.DirectoryWatcher.doProcess(DirectoryWatcher.java:512)
	at org.apache.felix.fileinstall.internal.DirectoryWatcher.process(DirectoryWatcher.java:361)
	at org.apache.felix.fileinstall.internal.DirectoryWatcher.run(DirectoryWatcher.java:312)
