!SESSION 2019-03-26 02:54:07.762 -----------------------------------------------
eclipse.buildId=unknown
java.version=1.8.0_101
java.vendor=Oracle Corporation
BootLoader constants: OS=win32, ARCH=x86_64, WS=win32, NL=en_IN

!ENTRY crowd.funding.report 4 0 2019-03-26 02:54:07.762
!MESSAGE FrameworkEvent ERROR
!STACK 0
org.osgi.framework.BundleException: Could not resolve module: crowd.funding.report [1985]
  Unresolved requirement: Import-Package: crowd.funding.report.database.connection

	at org.eclipse.osgi.container.Module.start(Module.java:444)
	at org.eclipse.osgi.container.ModuleContainer$ContainerStartLevel.incStartLevel(ModuleContainer.java:1682)
	at org.eclipse.osgi.container.ModuleContainer$ContainerStartLevel.incStartLevel(ModuleContainer.java:1662)
	at org.eclipse.osgi.container.ModuleContainer$ContainerStartLevel.doContainerStartLevel(ModuleContainer.java:1624)
	at org.eclipse.osgi.container.ModuleContainer$ContainerStartLevel.dispatchEvent(ModuleContainer.java:1555)
	at org.eclipse.osgi.container.ModuleContainer$ContainerStartLevel.dispatchEvent(ModuleContainer.java:1)
	at org.eclipse.osgi.framework.eventmgr.EventManager.dispatchEvent(EventManager.java:230)
	at org.eclipse.osgi.framework.eventmgr.EventManager$EventThread.run(EventManager.java:340)

!ENTRY org.apache.felix.fileinstall 4 0 2019-03-26 02:54:08.147
!MESSAGE Error while starting bundle: file:/C:/LR7/liferay-ce-portal-7.1.1-ga2/osgi/modules/crowd.funding.report.jar
!STACK 0
org.osgi.framework.BundleException: Could not resolve module: crowd.funding.report [1985]
  Unresolved requirement: Import-Package: crowd.funding.report.database.connection

	at org.eclipse.osgi.container.Module.start(Module.java:444)
	at org.eclipse.osgi.internal.framework.EquinoxBundle.start(EquinoxBundle.java:428)
	at org.apache.felix.fileinstall.internal.DirectoryWatcher.startBundle(DirectoryWatcher.java:1258)
	at org.apache.felix.fileinstall.internal.DirectoryWatcher.startBundles(DirectoryWatcher.java:1230)
	at org.apache.felix.fileinstall.internal.DirectoryWatcher.startAllBundles(DirectoryWatcher.java:1218)
	at org.apache.felix.fileinstall.internal.DirectoryWatcher.doProcess(DirectoryWatcher.java:507)
	at org.apache.felix.fileinstall.internal.DirectoryWatcher.process(DirectoryWatcher.java:361)
	at org.apache.felix.fileinstall.internal.DirectoryWatcher.start(DirectoryWatcher.java:243)
	at org.apache.felix.fileinstall.internal.FileInstall.updated(FileInstall.java:253)
	at org.apache.felix.fileinstall.internal.FileInstall.start(FileInstall.java:130)
	at org.eclipse.osgi.internal.framework.BundleContextImpl$3.run(BundleContextImpl.java:779)
	at org.eclipse.osgi.internal.framework.BundleContextImpl$3.run(BundleContextImpl.java:1)
	at java.security.AccessController.doPrivileged(Native Method)
	at org.eclipse.osgi.internal.framework.BundleContextImpl.startActivator(BundleContextImpl.java:772)
	at org.eclipse.osgi.internal.framework.BundleContextImpl.start(BundleContextImpl.java:729)
	at org.eclipse.osgi.internal.framework.EquinoxBundle.startWorker0(EquinoxBundle.java:1002)
	at org.eclipse.osgi.internal.framework.EquinoxBundle$EquinoxModule.startWorker(EquinoxBundle.java:354)
	at org.eclipse.osgi.container.Module.doStart(Module.java:581)
	at org.eclipse.osgi.container.Module.start(Module.java:449)
	at org.eclipse.osgi.internal.framework.EquinoxBundle.start(EquinoxBundle.java:428)
	at com.liferay.portal.bootstrap.ModuleFrameworkImpl._startDynamicBundles(ModuleFrameworkImpl.java:1712)
	at com.liferay.portal.bootstrap.ModuleFrameworkImpl.startFramework(ModuleFrameworkImpl.java:410)
	at com.liferay.portal.module.framework.ModuleFrameworkUtilAdapter.startFramework(ModuleFrameworkUtilAdapter.java:100)
	at com.liferay.portal.spring.context.PortalContextLoaderListener.contextInitialized(PortalContextLoaderListener.java:294)
	at org.apache.catalina.core.StandardContext.listenerStart(StandardContext.java:4643)
	at org.apache.catalina.core.StandardContext.startInternal(StandardContext.java:5109)
	at org.apache.catalina.util.LifecycleBase.start(LifecycleBase.java:183)
	at org.apache.catalina.core.ContainerBase.addChildInternal(ContainerBase.java:742)
	at org.apache.catalina.core.ContainerBase.addChild(ContainerBase.java:718)
	at org.apache.catalina.core.StandardHost.addChild(StandardHost.java:703)
	at org.apache.catalina.startup.HostConfig.deployDescriptor(HostConfig.java:630)
	at org.apache.catalina.startup.HostConfig$DeployDescriptor.run(HostConfig.java:1840)
	at java.util.concurrent.Executors$RunnableAdapter.call(Executors.java:511)
	at java.util.concurrent.FutureTask.run(FutureTask.java:266)
	at org.apache.tomcat.util.threads.InlineExecutorService.execute(InlineExecutorService.java:75)
	at java.util.concurrent.AbstractExecutorService.submit(AbstractExecutorService.java:112)
	at org.apache.catalina.startup.HostConfig.deployDescriptors(HostConfig.java:525)
	at org.apache.catalina.startup.HostConfig.deployApps(HostConfig.java:424)
	at org.apache.catalina.startup.HostConfig.start(HostConfig.java:1585)
	at org.apache.catalina.startup.HostConfig.lifecycleEvent(HostConfig.java:308)
	at org.apache.catalina.util.LifecycleBase.fireLifecycleEvent(LifecycleBase.java:123)
	at org.apache.catalina.util.LifecycleBase.setStateInternal(LifecycleBase.java:424)
	at org.apache.catalina.util.LifecycleBase.setState(LifecycleBase.java:367)
	at org.apache.catalina.core.ContainerBase.startInternal(ContainerBase.java:966)
	at org.apache.catalina.core.StandardHost.startInternal(StandardHost.java:839)
	at org.apache.catalina.util.LifecycleBase.start(LifecycleBase.java:183)
	at org.apache.catalina.core.ContainerBase$StartChild.call(ContainerBase.java:1427)
	at org.apache.catalina.core.ContainerBase$StartChild.call(ContainerBase.java:1417)
	at java.util.concurrent.FutureTask.run(FutureTask.java:266)
	at org.apache.tomcat.util.threads.InlineExecutorService.execute(InlineExecutorService.java:75)
	at java.util.concurrent.AbstractExecutorService.submit(AbstractExecutorService.java:134)
	at org.apache.catalina.core.ContainerBase.startInternal(ContainerBase.java:943)
	at org.apache.catalina.core.StandardEngine.startInternal(StandardEngine.java:258)
	at org.apache.catalina.util.LifecycleBase.start(LifecycleBase.java:183)
	at org.apache.catalina.core.StandardService.startInternal(StandardService.java:422)
	at org.apache.catalina.util.LifecycleBase.start(LifecycleBase.java:183)
	at org.apache.catalina.core.StandardServer.startInternal(StandardServer.java:770)
	at org.apache.catalina.util.LifecycleBase.start(LifecycleBase.java:183)
	at org.apache.catalina.startup.Catalina.start(Catalina.java:682)
	at sun.reflect.NativeMethodAccessorImpl.invoke0(Native Method)
	at sun.reflect.NativeMethodAccessorImpl.invoke(NativeMethodAccessorImpl.java:62)
	at sun.reflect.DelegatingMethodAccessorImpl.invoke(DelegatingMethodAccessorImpl.java:43)
	at java.lang.reflect.Method.invoke(Method.java:498)
	at org.apache.catalina.startup.Bootstrap.start(Bootstrap.java:350)
	at org.apache.catalina.startup.Bootstrap.main(Bootstrap.java:492)

!ENTRY org.apache.felix.fileinstall 4 0 2019-03-26 03:23:56.225
!MESSAGE Error while starting bundle: file:/C:/LR7/liferay-ce-portal-7.1.1-ga2/osgi/modules/crowd.funding.report.jar
!STACK 0
org.osgi.framework.BundleException: Could not resolve module: crowd.funding.report [1985]
  Unresolved requirement: Import-Package: crowd.funding.report.database.connection

	at org.eclipse.osgi.container.Module.start(Module.java:444)
	at org.eclipse.osgi.internal.framework.EquinoxBundle.start(EquinoxBundle.java:428)
	at org.apache.felix.fileinstall.internal.DirectoryWatcher.startBundle(DirectoryWatcher.java:1258)
	at org.apache.felix.fileinstall.internal.DirectoryWatcher.startBundles(DirectoryWatcher.java:1230)
	at org.apache.felix.fileinstall.internal.DirectoryWatcher.startAllBundles(DirectoryWatcher.java:1218)
	at org.apache.felix.fileinstall.internal.DirectoryWatcher.doProcess(DirectoryWatcher.java:507)
	at org.apache.felix.fileinstall.internal.DirectoryWatcher.process(DirectoryWatcher.java:361)
	at org.apache.felix.fileinstall.internal.DirectoryWatcher.run(DirectoryWatcher.java:312)

!ENTRY org.apache.felix.fileinstall 4 0 2019-03-26 03:24:10.501
!MESSAGE Error while starting bundle: file:/C:/LR7/liferay-ce-portal-7.1.1-ga2/osgi/modules/crowd.funding.report.jar
!STACK 0
org.osgi.framework.BundleException: Could not resolve module: crowd.funding.report [1985]
  Unresolved requirement: Import-Package: crowd.funding.report.database.connection

	at org.eclipse.osgi.container.Module.start(Module.java:444)
	at org.eclipse.osgi.internal.framework.EquinoxBundle.start(EquinoxBundle.java:428)
	at org.apache.felix.fileinstall.internal.DirectoryWatcher.startBundle(DirectoryWatcher.java:1258)
	at org.apache.felix.fileinstall.internal.DirectoryWatcher.startBundles(DirectoryWatcher.java:1230)
	at org.apache.felix.fileinstall.internal.DirectoryWatcher.startAllBundles(DirectoryWatcher.java:1218)
	at org.apache.felix.fileinstall.internal.DirectoryWatcher.doProcess(DirectoryWatcher.java:507)
	at org.apache.felix.fileinstall.internal.DirectoryWatcher.process(DirectoryWatcher.java:361)
	at org.apache.felix.fileinstall.internal.DirectoryWatcher.run(DirectoryWatcher.java:312)

!ENTRY org.apache.felix.fileinstall 4 0 2019-03-26 04:00:35.128
!MESSAGE Error while starting bundle: file:/C:/LR7/liferay-ce-portal-7.1.1-ga2/osgi/modules/crowd.funding.report.jar
!STACK 0
org.osgi.framework.BundleException: Could not resolve module: crowd.funding.report [1985]
  Unresolved requirement: Import-Package: crowd.funding.report.database.connection

	at org.eclipse.osgi.container.Module.start(Module.java:444)
	at org.eclipse.osgi.internal.framework.EquinoxBundle.start(EquinoxBundle.java:428)
	at org.apache.felix.fileinstall.internal.DirectoryWatcher.startBundle(DirectoryWatcher.java:1258)
	at org.apache.felix.fileinstall.internal.DirectoryWatcher.startBundles(DirectoryWatcher.java:1230)
	at org.apache.felix.fileinstall.internal.DirectoryWatcher.startAllBundles(DirectoryWatcher.java:1218)
	at org.apache.felix.fileinstall.internal.DirectoryWatcher.doProcess(DirectoryWatcher.java:507)
	at org.apache.felix.fileinstall.internal.DirectoryWatcher.process(DirectoryWatcher.java:361)
	at org.apache.felix.fileinstall.internal.DirectoryWatcher.run(DirectoryWatcher.java:312)

!ENTRY org.apache.felix.fileinstall 4 0 2019-03-26 04:19:52.516
!MESSAGE Error while starting bundle: file:/C:/LR7/liferay-ce-portal-7.1.1-ga2/osgi/modules/crowd.funding.report.jar
!STACK 0
org.osgi.framework.BundleException: Could not resolve module: crowd.funding.report [1988]
  Unresolved requirement: Import-Package: crowd.funding.report.database.connection

	at org.eclipse.osgi.container.Module.start(Module.java:444)
	at org.eclipse.osgi.internal.framework.EquinoxBundle.start(EquinoxBundle.java:428)
	at org.apache.felix.fileinstall.internal.DirectoryWatcher.startBundle(DirectoryWatcher.java:1258)
	at org.apache.felix.fileinstall.internal.DirectoryWatcher.startBundles(DirectoryWatcher.java:1230)
	at org.apache.felix.fileinstall.internal.DirectoryWatcher.doProcess(DirectoryWatcher.java:512)
	at org.apache.felix.fileinstall.internal.DirectoryWatcher.process(DirectoryWatcher.java:361)
	at org.apache.felix.fileinstall.internal.DirectoryWatcher.run(DirectoryWatcher.java:312)

!ENTRY org.apache.felix.fileinstall 4 0 2019-03-26 04:22:18.932
!MESSAGE Error while starting bundle: file:/C:/LR7/liferay-ce-portal-7.1.1-ga2/osgi/modules/crowd.funding.report.jar
!STACK 0
org.osgi.framework.BundleException: Could not resolve module: crowd.funding.report [1989]
  Unresolved requirement: Import-Package: crowd.funding.report.database.connection

	at org.eclipse.osgi.container.Module.start(Module.java:444)
	at org.eclipse.osgi.internal.framework.EquinoxBundle.start(EquinoxBundle.java:428)
	at org.apache.felix.fileinstall.internal.DirectoryWatcher.startBundle(DirectoryWatcher.java:1258)
	at org.apache.felix.fileinstall.internal.DirectoryWatcher.startBundles(DirectoryWatcher.java:1230)
	at org.apache.felix.fileinstall.internal.DirectoryWatcher.doProcess(DirectoryWatcher.java:512)
	at org.apache.felix.fileinstall.internal.DirectoryWatcher.process(DirectoryWatcher.java:361)
	at org.apache.felix.fileinstall.internal.DirectoryWatcher.run(DirectoryWatcher.java:312)

!ENTRY org.apache.felix.fileinstall 4 0 2019-03-26 04:24:44.778
!MESSAGE Error while starting bundle: file:/C:/LR7/liferay-ce-portal-7.1.1-ga2/osgi/modules/crowd.funding.report.jar
!STACK 0
org.osgi.framework.BundleException: Could not resolve module: crowd.funding.report [1990]
  Unresolved requirement: Import-Package: crowd.funding.report.database.connection

	at org.eclipse.osgi.container.Module.start(Module.java:444)
	at org.eclipse.osgi.internal.framework.EquinoxBundle.start(EquinoxBundle.java:428)
	at org.apache.felix.fileinstall.internal.DirectoryWatcher.startBundle(DirectoryWatcher.java:1258)
	at org.apache.felix.fileinstall.internal.DirectoryWatcher.startBundles(DirectoryWatcher.java:1230)
	at org.apache.felix.fileinstall.internal.DirectoryWatcher.doProcess(DirectoryWatcher.java:512)
	at org.apache.felix.fileinstall.internal.DirectoryWatcher.process(DirectoryWatcher.java:361)
	at org.apache.felix.fileinstall.internal.DirectoryWatcher.run(DirectoryWatcher.java:312)

!ENTRY org.apache.felix.fileinstall 4 0 2019-03-26 04:37:44.639
!MESSAGE Error while starting bundle: file:/C:/LR7/liferay-ce-portal-7.1.1-ga2/osgi/modules/com.crowd.funding.admin.report.jar
!STACK 0
org.osgi.framework.BundleException: Could not resolve module: com.crowd.funding.admin.report [1994]
  Unresolved requirement: Import-Package: crowd.funding.report.constants

	at org.eclipse.osgi.container.Module.start(Module.java:444)
	at org.eclipse.osgi.internal.framework.EquinoxBundle.start(EquinoxBundle.java:428)
	at org.apache.felix.fileinstall.internal.DirectoryWatcher.startBundle(DirectoryWatcher.java:1258)
	at org.apache.felix.fileinstall.internal.DirectoryWatcher.startBundles(DirectoryWatcher.java:1230)
	at org.apache.felix.fileinstall.internal.DirectoryWatcher.doProcess(DirectoryWatcher.java:512)
	at org.apache.felix.fileinstall.internal.DirectoryWatcher.process(DirectoryWatcher.java:361)
	at org.apache.felix.fileinstall.internal.DirectoryWatcher.run(DirectoryWatcher.java:312)

!ENTRY org.apache.felix.fileinstall 4 0 2019-03-26 04:40:45.316
!MESSAGE Error while starting bundle: file:/C:/LR7/liferay-ce-portal-7.1.1-ga2/osgi/modules/com.crowd.funding.admin.report.jar
!STACK 0
org.osgi.framework.BundleException: Could not resolve module: com.crowd.funding.admin.report [1994]
  Unresolved requirement: Import-Package: crowd.funding.report.constants

	at org.eclipse.osgi.container.Module.start(Module.java:444)
	at org.eclipse.osgi.internal.framework.EquinoxBundle.start(EquinoxBundle.java:428)
	at org.apache.felix.fileinstall.internal.DirectoryWatcher.startBundle(DirectoryWatcher.java:1258)
	at org.apache.felix.fileinstall.internal.DirectoryWatcher.startBundles(DirectoryWatcher.java:1230)
	at org.apache.felix.fileinstall.internal.DirectoryWatcher.startAllBundles(DirectoryWatcher.java:1218)
	at org.apache.felix.fileinstall.internal.DirectoryWatcher.doProcess(DirectoryWatcher.java:507)
	at org.apache.felix.fileinstall.internal.DirectoryWatcher.process(DirectoryWatcher.java:361)
	at org.apache.felix.fileinstall.internal.DirectoryWatcher.run(DirectoryWatcher.java:312)

!ENTRY org.apache.felix.fileinstall 4 0 2019-03-26 04:40:45.320
!MESSAGE Error while starting bundle: file:/C:/LR7/liferay-ce-portal-7.1.1-ga2/osgi/modules/com.crowd.funding.admin.report.jar
!STACK 0
org.osgi.framework.BundleException: Could not resolve module: com.crowd.funding.admin.report [1994]
  Unresolved requirement: Import-Package: crowd.funding.report.constants

	at org.eclipse.osgi.container.Module.start(Module.java:444)
	at org.eclipse.osgi.internal.framework.EquinoxBundle.start(EquinoxBundle.java:428)
	at org.apache.felix.fileinstall.internal.DirectoryWatcher.startBundle(DirectoryWatcher.java:1258)
	at org.apache.felix.fileinstall.internal.DirectoryWatcher.startBundles(DirectoryWatcher.java:1230)
	at org.apache.felix.fileinstall.internal.DirectoryWatcher.doProcess(DirectoryWatcher.java:512)
	at org.apache.felix.fileinstall.internal.DirectoryWatcher.process(DirectoryWatcher.java:361)
	at org.apache.felix.fileinstall.internal.DirectoryWatcher.run(DirectoryWatcher.java:312)

!ENTRY org.apache.felix.configadmin 4 0 2019-03-26 12:03:33.955
!MESSAGE Worker thread CM Configuration Updater did not terminate within 5 seconds; trying to kill
