2019-06-11 03:29:09.739 INFO  [main][DialectDetector:158] Using dialect org.hibernate.dialect.MySQLDialect for MySQL 5.7
2019-06-11 03:29:13.444 INFO  [main][ModuleFrameworkImpl:1326] Starting initial bundles
2019-06-11 03:29:35.335 INFO  [ModuleFramework-Static-Bundles-3][LPKGIndexValidator:166] Passed integrity check
2019-06-11 03:29:35.490 INFO  [main][ModuleFrameworkImpl:1592] Started initial bundles
2019-06-11 03:29:35.491 INFO  [main][ModuleFrameworkImpl:1627] Starting dynamic bundles
2019-06-11 03:29:54.239 INFO  [main][ModuleFrameworkImpl:1716] Started dynamic bundles
2019-06-11 03:29:55.495 INFO  [main][ModuleFrameworkImpl:413] Navigate to Control Panel > Configuration > Gogo Shell and enter "lb" to see all bundles
2019-06-11 03:30:01.345 WARN  [Elasticsearch initialization thread][EmbeddedElasticsearchConnection:286] Liferay is configured to use embedded Elasticsearch as its search engine. Do NOT use embedded Elasticsearch in production. Embedded Elasticsearch is useful for development and demonstration purposes. Remote Elasticsearch connections can be configured in the Control Panel.
2019-06-11 03:30:14.515 INFO  [main][StartupHelper:72] There are no patches installed
2019-06-11 03:30:17.401 INFO  [main][AutoDeployDir:193] Auto deploy scanner started for C:\LR7\liferay-ce-portal-7.1.1-ga2\deploy
2019-06-11 03:30:50.784 INFO  [main][ThemeHotDeployListener:108] 1 theme for classic-theme is available for use
2019-06-11 03:30:51.882 INFO  [main][ThemeHotDeployListener:108] 1 theme for admin-theme is available for use
2019-06-11 03:30:57.342 INFO  [main][ThemeHotDeployListener:108] 1 theme for my-custome-theme is available for use
2019-06-11 03:31:01.162 ERROR [main][PortletImpl:2920] Unable to link role for portlet [MyCampaigns] with role-name [cf_PROJECT_OWNER] because role-link is null
2019-06-11 03:31:04.003 INFO  [main][SystemCheckOSGiCommands:54] System check is enabled. You can run a system check with the command "system:check" in Gogo shell.
2019-06-11 03:31:04.004 INFO  [main][SystemCheckOSGiCommands:64] Running system check
2019-06-11 03:31:04.005 INFO  [main][SystemCheckOSGiCommands:95] Available checkers :[Declarative Service Soft Circular Dependency Checker, Declarative Service Unsatisfied Component Checker, Spring Extender Unavailable Component Checker]
2019-06-11 03:31:04.005 INFO  [main][SystemCheckOSGiCommands:111] Running "Declarative Service Soft Circular Dependency Checker". You can run this by itself with command "ds:softCircularDependency" in gogo shell.
2019-06-11 03:31:05.002 INFO  [main][SystemCheckOSGiCommands:123] Declarative Service Soft Circular Dependency Checker check result: No issues were found.
2019-06-11 03:31:05.003 INFO  [main][SystemCheckOSGiCommands:111] Running "Declarative Service Unsatisfied Component Checker". You can run this by itself with command "ds:unsatisfied" in gogo shell.
2019-06-11 03:31:09.815 INFO  [main][SystemCheckOSGiCommands:123] Declarative Service Unsatisfied Component Checker check result: No issues were found.
2019-06-11 03:31:09.815 INFO  [main][SystemCheckOSGiCommands:111] Running "Spring Extender Unavailable Component Checker". You can run this by itself with command "dm na" in gogo shell.
2019-06-11 03:31:09.817 INFO  [main][SystemCheckOSGiCommands:123] Spring Extender Unavailable Component Checker check result: No issues were found.
2019-06-11 03:31:57.537 INFO  [main][ThemeHotDeployListener:171] 1 theme for classic-theme was unregistered
2019-06-11 03:31:58.034 INFO  [main][ThemeHotDeployListener:171] 1 theme for my-custome-theme was unregistered
2019-06-11 03:31:58.254 INFO  [main][ThemeHotDeployListener:171] 1 theme for admin-theme was unregistered
2019-06-11 03:31:59.824 WARN  [liferay/search_writer/SYSTEM_ENGINE-7][ProxyMessageListener:88] com.liferay.portal.kernel.search.SearchException: Unable to delete document com_liferay_configuration_admin_web_portlet_SystemSettingsPortlet_PORTLET_com.liferay.portal.security.sso.ntlm.configuration.NtlmConfiguration
com.liferay.portal.kernel.search.SearchException: Unable to delete document com_liferay_configuration_admin_web_portlet_SystemSettingsPortlet_PORTLET_com.liferay.portal.security.sso.ntlm.configuration.NtlmConfiguration
	at com.liferay.portal.search.elasticsearch6.internal.ElasticsearchIndexWriter.deleteDocument(ElasticsearchIndexWriter.java:138)
	at sun.reflect.GeneratedMethodAccessor535.invoke(Unknown Source)
	at sun.reflect.DelegatingMethodAccessorImpl.invoke(DelegatingMethodAccessorImpl.java:43)
	at java.lang.reflect.Method.invoke(Method.java:498)
	at com.liferay.portal.kernel.messaging.proxy.ProxyRequest.execute(ProxyRequest.java:82)
	at com.liferay.portal.kernel.messaging.proxy.ProxyMessageListener.receive(ProxyMessageListener.java:58)
	at com.liferay.portal.kernel.messaging.InvokerMessageListener.receive(InvokerMessageListener.java:74)
	at com.liferay.portal.kernel.messaging.ParallelDestination$1.run(ParallelDestination.java:52)
	at com.liferay.portal.kernel.concurrent.ThreadPoolExecutor$WorkerTask._runTask(ThreadPoolExecutor.java:752)
	at com.liferay.portal.kernel.concurrent.ThreadPoolExecutor$WorkerTask.run(ThreadPoolExecutor.java:664)
	at java.lang.Thread.run(Thread.java:745)
Caused by: java.lang.IllegalStateException: Future got interrupted
	at org.elasticsearch.action.support.AdapterActionFuture.actionGet(AdapterActionFuture.java:42)
	at org.elasticsearch.action.ActionRequestBuilder.get(ActionRequestBuilder.java:53)
	at com.liferay.portal.search.elasticsearch6.internal.ElasticsearchIndexWriter.deleteDocument(ElasticsearchIndexWriter.java:125)
	... 10 more
Caused by: java.lang.InterruptedException
	at java.util.concurrent.locks.AbstractQueuedSynchronizer.doAcquireSharedInterruptibly(AbstractQueuedSynchronizer.java:998)
	at java.util.concurrent.locks.AbstractQueuedSynchronizer.acquireSharedInterruptibly(AbstractQueuedSynchronizer.java:1304)
	at org.elasticsearch.common.util.concurrent.BaseFuture$Sync.get(BaseFuture.java:251)
	at org.elasticsearch.common.util.concurrent.BaseFuture.get(BaseFuture.java:94)
	at org.elasticsearch.action.support.AdapterActionFuture.actionGet(AdapterActionFuture.java:39)
	... 12 more
2019-06-11 03:31:59.824 WARN  [liferay/search_writer/SYSTEM_ENGINE-1][ProxyMessageListener:88] com.liferay.portal.kernel.search.SearchException: Unable to delete document com_liferay_configuration_admin_web_portlet_SystemSettingsPortlet_PORTLET_com.liferay.journal.web.configuration.JournalWebConfiguration
com.liferay.portal.kernel.search.SearchException: Unable to delete document com_liferay_configuration_admin_web_portlet_SystemSettingsPortlet_PORTLET_com.liferay.journal.web.configuration.JournalWebConfiguration
	at com.liferay.portal.search.elasticsearch6.internal.ElasticsearchIndexWriter.deleteDocument(ElasticsearchIndexWriter.java:138)
	at sun.reflect.GeneratedMethodAccessor535.invoke(Unknown Source)
	at sun.reflect.DelegatingMethodAccessorImpl.invoke(DelegatingMethodAccessorImpl.java:43)
	at java.lang.reflect.Method.invoke(Method.java:498)
	at com.liferay.portal.kernel.messaging.proxy.ProxyRequest.execute(ProxyRequest.java:82)
	at com.liferay.portal.kernel.messaging.proxy.ProxyMessageListener.receive(ProxyMessageListener.java:58)
	at com.liferay.portal.kernel.messaging.InvokerMessageListener.receive(InvokerMessageListener.java:74)
	at com.liferay.portal.kernel.messaging.ParallelDestination$1.run(ParallelDestination.java:52)
	at com.liferay.portal.kernel.concurrent.ThreadPoolExecutor$WorkerTask._runTask(ThreadPoolExecutor.java:752)
	at com.liferay.portal.kernel.concurrent.ThreadPoolExecutor$WorkerTask.run(ThreadPoolExecutor.java:664)
	at java.lang.Thread.run(Thread.java:745)
Caused by: java.lang.IllegalStateException: Future got interrupted
	at org.elasticsearch.action.support.AdapterActionFuture.actionGet(AdapterActionFuture.java:42)
	at org.elasticsearch.action.ActionRequestBuilder.get(ActionRequestBuilder.java:53)
	at com.liferay.portal.search.elasticsearch6.internal.ElasticsearchIndexWriter.deleteDocument(ElasticsearchIndexWriter.java:125)
	... 10 more
Caused by: java.lang.InterruptedException
	at java.util.concurrent.locks.AbstractQueuedSynchronizer.doAcquireSharedInterruptibly(AbstractQueuedSynchronizer.java:998)
	at java.util.concurrent.locks.AbstractQueuedSynchronizer.acquireSharedInterruptibly(AbstractQueuedSynchronizer.java:1304)
	at org.elasticsearch.common.util.concurrent.BaseFuture$Sync.get(BaseFuture.java:251)
	at org.elasticsearch.common.util.concurrent.BaseFuture.get(BaseFuture.java:94)
	at org.elasticsearch.action.support.AdapterActionFuture.actionGet(AdapterActionFuture.java:39)
	... 12 more
2019-06-11 03:31:59.824 WARN  [liferay/search_writer/SYSTEM_ENGINE-8][ProxyMessageListener:88] com.liferay.portal.kernel.search.SearchException: Unable to delete document com_liferay_configuration_admin_web_portlet_SystemSettingsPortlet_PORTLET_com.liferay.site.navigation.site.map.web.configuration.SiteNavigationSiteMapPortletInstanceConfiguration
com.liferay.portal.kernel.search.SearchException: Unable to delete document com_liferay_configuration_admin_web_portlet_SystemSettingsPortlet_PORTLET_com.liferay.site.navigation.site.map.web.configuration.SiteNavigationSiteMapPortletInstanceConfiguration
	at com.liferay.portal.search.elasticsearch6.internal.ElasticsearchIndexWriter.deleteDocument(ElasticsearchIndexWriter.java:138)
	at sun.reflect.NativeMethodAccessorImpl.invoke0(Native Method)
	at sun.reflect.NativeMethodAccessorImpl.invoke(NativeMethodAccessorImpl.java:62)
	at sun.reflect.DelegatingMethodAccessorImpl.invoke(DelegatingMethodAccessorImpl.java:43)
	at java.lang.reflect.Method.invoke(Method.java:498)
	at com.liferay.portal.kernel.messaging.proxy.ProxyRequest.execute(ProxyRequest.java:82)
	at com.liferay.portal.kernel.messaging.proxy.ProxyMessageListener.receive(ProxyMessageListener.java:58)
	at com.liferay.portal.kernel.messaging.InvokerMessageListener.receive(InvokerMessageListener.java:74)
	at com.liferay.portal.kernel.messaging.ParallelDestination$1.run(ParallelDestination.java:52)
	at com.liferay.portal.kernel.concurrent.ThreadPoolExecutor$WorkerTask._runTask(ThreadPoolExecutor.java:752)
	at com.liferay.portal.kernel.concurrent.ThreadPoolExecutor$WorkerTask.run(ThreadPoolExecutor.java:664)
	at java.lang.Thread.run(Thread.java:745)
Caused by: java.lang.IllegalStateException: Future got interrupted
	at org.elasticsearch.action.support.AdapterActionFuture.actionGet(AdapterActionFuture.java:42)
	at org.elasticsearch.action.ActionRequestBuilder.get(ActionRequestBuilder.java:53)
	at com.liferay.portal.search.elasticsearch6.internal.ElasticsearchIndexWriter.deleteDocument(ElasticsearchIndexWriter.java:125)
	... 11 more
Caused by: java.lang.InterruptedException
	at java.util.concurrent.locks.AbstractQueuedSynchronizer.doAcquireSharedInterruptibly(AbstractQueuedSynchronizer.java:998)
	at java.util.concurrent.locks.AbstractQueuedSynchronizer.acquireSharedInterruptibly(AbstractQueuedSynchronizer.java:1304)
	at org.elasticsearch.common.util.concurrent.BaseFuture$Sync.get(BaseFuture.java:251)
	at org.elasticsearch.common.util.concurrent.BaseFuture.get(BaseFuture.java:94)
	at org.elasticsearch.action.support.AdapterActionFuture.actionGet(AdapterActionFuture.java:39)
	... 13 more
2019-06-11 03:31:59.824 WARN  [liferay/search_writer/SYSTEM_ENGINE-5][ProxyMessageListener:88] com.liferay.portal.kernel.search.SearchException: Unable to delete document com_liferay_configuration_admin_web_portlet_SystemSettingsPortlet_PORTLET_com.liferay.user.associated.data.web.internal.configuration.AnonymousUserConfiguration
com.liferay.portal.kernel.search.SearchException: Unable to delete document com_liferay_configuration_admin_web_portlet_SystemSettingsPortlet_PORTLET_com.liferay.user.associated.data.web.internal.configuration.AnonymousUserConfiguration
	at com.liferay.portal.search.elasticsearch6.internal.ElasticsearchIndexWriter.deleteDocument(ElasticsearchIndexWriter.java:138)
	at sun.reflect.GeneratedMethodAccessor535.invoke(Unknown Source)
	at sun.reflect.DelegatingMethodAccessorImpl.invoke(DelegatingMethodAccessorImpl.java:43)
	at java.lang.reflect.Method.invoke(Method.java:498)
	at com.liferay.portal.kernel.messaging.proxy.ProxyRequest.execute(ProxyRequest.java:82)
	at com.liferay.portal.kernel.messaging.proxy.ProxyMessageListener.receive(ProxyMessageListener.java:58)
	at com.liferay.portal.kernel.messaging.InvokerMessageListener.receive(InvokerMessageListener.java:74)
	at com.liferay.portal.kernel.messaging.ParallelDestination$1.run(ParallelDestination.java:52)
	at com.liferay.portal.kernel.concurrent.ThreadPoolExecutor$WorkerTask._runTask(ThreadPoolExecutor.java:752)
	at com.liferay.portal.kernel.concurrent.ThreadPoolExecutor$WorkerTask.run(ThreadPoolExecutor.java:664)
	at java.lang.Thread.run(Thread.java:745)
Caused by: java.lang.IllegalStateException: Future got interrupted
	at org.elasticsearch.action.support.AdapterActionFuture.actionGet(AdapterActionFuture.java:42)
	at org.elasticsearch.action.ActionRequestBuilder.get(ActionRequestBuilder.java:53)
	at com.liferay.portal.search.elasticsearch6.internal.ElasticsearchIndexWriter.deleteDocument(ElasticsearchIndexWriter.java:125)
	... 10 more
Caused by: java.lang.InterruptedException
	at java.util.concurrent.locks.AbstractQueuedSynchronizer.doAcquireSharedInterruptibly(AbstractQueuedSynchronizer.java:998)
	at java.util.concurrent.locks.AbstractQueuedSynchronizer.acquireSharedInterruptibly(AbstractQueuedSynchronizer.java:1304)
	at org.elasticsearch.common.util.concurrent.BaseFuture$Sync.get(BaseFuture.java:251)
	at org.elasticsearch.common.util.concurrent.BaseFuture.get(BaseFuture.java:94)
	at org.elasticsearch.action.support.AdapterActionFuture.actionGet(AdapterActionFuture.java:39)
	... 12 more
2019-06-11 03:31:59.824 WARN  [liferay/search_writer/SYSTEM_ENGINE-6][ProxyMessageListener:88] com.liferay.portal.kernel.search.SearchException: Unable to delete document com_liferay_configuration_admin_web_portlet_SystemSettingsPortlet_PORTLET_com.liferay.portal.security.service.access.policy.configuration.SAPConfiguration
com.liferay.portal.kernel.search.SearchException: Unable to delete document com_liferay_configuration_admin_web_portlet_SystemSettingsPortlet_PORTLET_com.liferay.portal.security.service.access.policy.configuration.SAPConfiguration
	at com.liferay.portal.search.elasticsearch6.internal.ElasticsearchIndexWriter.deleteDocument(ElasticsearchIndexWriter.java:138)
	at sun.reflect.GeneratedMethodAccessor535.invoke(Unknown Source)
	at sun.reflect.DelegatingMethodAccessorImpl.invoke(DelegatingMethodAccessorImpl.java:43)
	at java.lang.reflect.Method.invoke(Method.java:498)
	at com.liferay.portal.kernel.messaging.proxy.ProxyRequest.execute(ProxyRequest.java:82)
	at com.liferay.portal.kernel.messaging.proxy.ProxyMessageListener.receive(ProxyMessageListener.java:58)
	at com.liferay.portal.kernel.messaging.InvokerMessageListener.receive(InvokerMessageListener.java:74)
	at com.liferay.portal.kernel.messaging.ParallelDestination$1.run(ParallelDestination.java:52)
	at com.liferay.portal.kernel.concurrent.ThreadPoolExecutor$WorkerTask._runTask(ThreadPoolExecutor.java:752)
	at com.liferay.portal.kernel.concurrent.ThreadPoolExecutor$WorkerTask.run(ThreadPoolExecutor.java:664)
	at java.lang.Thread.run(Thread.java:745)
Caused by: java.lang.IllegalStateException: Future got interrupted
	at org.elasticsearch.action.support.AdapterActionFuture.actionGet(AdapterActionFuture.java:42)
	at org.elasticsearch.action.ActionRequestBuilder.get(ActionRequestBuilder.java:53)
	at com.liferay.portal.search.elasticsearch6.internal.ElasticsearchIndexWriter.deleteDocument(ElasticsearchIndexWriter.java:125)
	... 10 more
Caused by: java.lang.InterruptedException
	at java.util.concurrent.locks.AbstractQueuedSynchronizer.doAcquireSharedInterruptibly(AbstractQueuedSynchronizer.java:998)
	at java.util.concurrent.locks.AbstractQueuedSynchronizer.acquireSharedInterruptibly(AbstractQueuedSynchronizer.java:1304)
	at org.elasticsearch.common.util.concurrent.BaseFuture$Sync.get(BaseFuture.java:251)
	at org.elasticsearch.common.util.concurrent.BaseFuture.get(BaseFuture.java:94)
	at org.elasticsearch.action.support.AdapterActionFuture.actionGet(AdapterActionFuture.java:39)
	... 12 more
2019-06-11 03:32:09.818 INFO  [main][DialectDetector:158] Using dialect org.hibernate.dialect.MySQLDialect for MySQL 5.7
2019-06-11 03:32:11.993 INFO  [main][ModuleFrameworkImpl:1326] Starting initial bundles
2019-06-11 03:32:19.654 INFO  [ModuleFramework-Static-Bundles-4][LPKGIndexValidator:166] Passed integrity check
2019-06-11 03:32:19.952 INFO  [main][ModuleFrameworkImpl:1592] Started initial bundles
2019-06-11 03:32:19.953 INFO  [main][ModuleFrameworkImpl:1627] Starting dynamic bundles
2019-06-11 03:32:31.194 INFO  [main][ModuleFrameworkImpl:1716] Started dynamic bundles
2019-06-11 03:32:31.196 INFO  [main][ModuleFrameworkImpl:413] Navigate to Control Panel > Configuration > Gogo Shell and enter "lb" to see all bundles
2019-06-11 03:32:34.435 WARN  [Elasticsearch initialization thread][EmbeddedElasticsearchConnection:286] Liferay is configured to use embedded Elasticsearch as its search engine. Do NOT use embedded Elasticsearch in production. Embedded Elasticsearch is useful for development and demonstration purposes. Remote Elasticsearch connections can be configured in the Control Panel.
2019-06-11 03:32:41.302 INFO  [main][StartupHelper:72] There are no patches installed
2019-06-11 03:32:42.734 INFO  [main][AutoDeployDir:193] Auto deploy scanner started for C:\LR7\liferay-ce-portal-7.1.1-ga2\deploy
2019-06-11 03:33:03.204 INFO  [main][ThemeHotDeployListener:108] 1 theme for classic-theme is available for use
2019-06-11 03:33:03.780 INFO  [main][ThemeHotDeployListener:108] 1 theme for admin-theme is available for use
2019-06-11 03:33:10.230 INFO  [main][ThemeHotDeployListener:108] 1 theme for my-custome-theme is available for use
2019-06-11 03:33:12.173 ERROR [main][PortletImpl:2920] Unable to link role for portlet [MyCampaigns] with role-name [cf_PROJECT_OWNER] because role-link is null
2019-06-11 03:33:14.216 INFO  [main][SystemCheckOSGiCommands:54] System check is enabled. You can run a system check with the command "system:check" in Gogo shell.
2019-06-11 03:33:14.217 INFO  [main][SystemCheckOSGiCommands:64] Running system check
2019-06-11 03:33:14.218 INFO  [main][SystemCheckOSGiCommands:95] Available checkers :[Declarative Service Soft Circular Dependency Checker, Declarative Service Unsatisfied Component Checker, Spring Extender Unavailable Component Checker]
2019-06-11 03:33:14.219 INFO  [main][SystemCheckOSGiCommands:111] Running "Declarative Service Soft Circular Dependency Checker". You can run this by itself with command "ds:softCircularDependency" in gogo shell.
2019-06-11 03:33:16.065 INFO  [main][SystemCheckOSGiCommands:123] Declarative Service Soft Circular Dependency Checker check result: No issues were found.
2019-06-11 03:33:16.066 INFO  [main][SystemCheckOSGiCommands:111] Running "Declarative Service Unsatisfied Component Checker". You can run this by itself with command "ds:unsatisfied" in gogo shell.
2019-06-11 03:33:20.189 INFO  [main][SystemCheckOSGiCommands:123] Declarative Service Unsatisfied Component Checker check result: No issues were found.
2019-06-11 03:33:20.190 INFO  [main][SystemCheckOSGiCommands:111] Running "Spring Extender Unavailable Component Checker". You can run this by itself with command "dm na" in gogo shell.
2019-06-11 03:33:20.191 INFO  [main][SystemCheckOSGiCommands:123] Spring Extender Unavailable Component Checker check result: No issues were found.
2019-06-11 04:14:35.210 WARN  [HikariPool-1 housekeeper][HikariPool:686] HikariPool-1 - Thread starvation or clock leap detected (housekeeper delta=55s507ms199µs603ns).
2019-06-11 04:14:37.253 WARN  [HikariPool-2 housekeeper][HikariPool:686] HikariPool-2 - Thread starvation or clock leap detected (housekeeper delta=55s506ms740µs216ns).
2019-06-11 07:05:36.444 WARN  [HikariPool-1 housekeeper][HikariPool:686] HikariPool-1 - Thread starvation or clock leap detected (housekeeper delta=1h31m1s212ms598µs252ns).
2019-06-11 07:05:38.491 WARN  [HikariPool-2 housekeeper][HikariPool:686] HikariPool-2 - Thread starvation or clock leap detected (housekeeper delta=1h31m1s212ms408µs906ns).
2019-06-11 08:29:26.904 WARN  [HikariPool-1 housekeeper][HikariPool:686] HikariPool-1 - Thread starvation or clock leap detected (housekeeper delta=36m20s482ms412µs158ns).
2019-06-11 08:29:28.949 WARN  [HikariPool-2 housekeeper][HikariPool:686] HikariPool-2 - Thread starvation or clock leap detected (housekeeper delta=36m20s482ms372µs165ns).
2019-06-11 10:44:32.112 WARN  [HikariPool-1 housekeeper][HikariPool:686] HikariPool-1 - Thread starvation or clock leap detected (housekeeper delta=14m5s139ms74µs707ns).
2019-06-11 10:44:34.179 WARN  [HikariPool-2 housekeeper][HikariPool:686] HikariPool-2 - Thread starvation or clock leap detected (housekeeper delta=14m5s138ms838µs996ns).
