2019-11-06 04:11:37.675 INFO  [main][DialectDetector:158] Using dialect org.hibernate.dialect.MySQLDialect for MySQL 5.7
2019-11-06 04:11:42.408 INFO  [main][ModuleFrameworkImpl:1326] Starting initial bundles
2019-11-06 04:12:48.336 INFO  [ModuleFramework-Static-Bundles-4][LPKGIndexValidator:166] Passed integrity check
2019-11-06 04:12:48.472 INFO  [ModuleFramework-Static-Bundles-4][BundleBlacklist:120] Reinstalling bundle nirav.demo
2019-11-06 04:12:48.472 ERROR [ModuleFramework-Static-Bundles-4][com_liferay_portal_bundle_blacklist_impl:97] bundle com.liferay.portal.bundle.blacklist.impl:1.0.5 (7759)[com.liferay.portal.bundle.blacklist.internal.BundleBlacklist(18)] : The activate method has thrown an exception 
org.osgi.framework.BundleException: Error reading bundle content.
	at org.eclipse.osgi.storage.Storage.install(Storage.java:612)
	at org.eclipse.osgi.internal.framework.BundleContextImpl.installBundle(BundleContextImpl.java:146)
	at org.eclipse.osgi.internal.framework.BundleContextImpl.installBundle(BundleContextImpl.java:139)
	at com.liferay.portal.bundle.blacklist.internal.BundleUtil.reinstallBundle(BundleUtil.java:128)
	at com.liferay.portal.bundle.blacklist.internal.BundleBlacklist.activate(BundleBlacklist.java:123)
	at sun.reflect.NativeMethodAccessorImpl.invoke0(Native Method)
	at sun.reflect.NativeMethodAccessorImpl.invoke(NativeMethodAccessorImpl.java:62)
	at sun.reflect.DelegatingMethodAccessorImpl.invoke(DelegatingMethodAccessorImpl.java:43)
	at java.lang.reflect.Method.invoke(Method.java:498)
	at org.apache.felix.scr.impl.inject.methods.BaseMethod.invokeMethod(BaseMethod.java:228)
	at org.apache.felix.scr.impl.inject.methods.BaseMethod.access$500(BaseMethod.java:41)
	at org.apache.felix.scr.impl.inject.methods.BaseMethod$Resolved.invoke(BaseMethod.java:664)
	at org.apache.felix.scr.impl.inject.methods.BaseMethod.invoke(BaseMethod.java:510)
	at org.apache.felix.scr.impl.inject.methods.ActivateMethod.invoke(ActivateMethod.java:317)
	at org.apache.felix.scr.impl.inject.methods.ActivateMethod.invoke(ActivateMethod.java:307)
	at org.apache.felix.scr.impl.manager.SingleComponentManager.createImplementationObject(SingleComponentManager.java:341)
	at org.apache.felix.scr.impl.manager.SingleComponentManager.createComponent(SingleComponentManager.java:114)
	at org.apache.felix.scr.impl.manager.SingleComponentManager.getService(SingleComponentManager.java:983)
	at org.apache.felix.scr.impl.manager.SingleComponentManager.getServiceInternal(SingleComponentManager.java:956)
	at org.apache.felix.scr.impl.manager.AbstractComponentManager.activateInternal(AbstractComponentManager.java:756)
	at org.apache.felix.scr.impl.manager.DependencyManager$SingleStaticCustomizer.addedService(DependencyManager.java:1053)
	at org.apache.felix.scr.impl.manager.DependencyManager$SingleStaticCustomizer.addedService(DependencyManager.java:1007)
	at org.apache.felix.scr.impl.manager.ServiceTracker$Tracked.customizerAdded(ServiceTracker.java:1216)
	at org.apache.felix.scr.impl.manager.ServiceTracker$Tracked.customizerAdded(ServiceTracker.java:1137)
	at org.apache.felix.scr.impl.manager.ServiceTracker$AbstractTracked.trackAdding(ServiceTracker.java:944)
	at org.apache.felix.scr.impl.manager.ServiceTracker$AbstractTracked.track(ServiceTracker.java:880)
	at org.apache.felix.scr.impl.manager.ServiceTracker$Tracked.serviceChanged(ServiceTracker.java:1168)
	at org.apache.felix.scr.impl.BundleComponentActivator$ListenerInfo.serviceChanged(BundleComponentActivator.java:125)
	at org.eclipse.osgi.internal.serviceregistry.FilteredServiceListener.serviceChanged(FilteredServiceListener.java:109)
	at org.eclipse.osgi.internal.serviceregistry.ServiceRegistry.publishServiceEventPrivileged(ServiceRegistry.java:891)
	at org.eclipse.osgi.internal.serviceregistry.ServiceRegistry.publishServiceEvent(ServiceRegistry.java:804)
	at org.eclipse.osgi.internal.serviceregistry.ServiceRegistrationImpl.register(ServiceRegistrationImpl.java:127)
	at org.eclipse.osgi.internal.serviceregistry.ServiceRegistry.registerService(ServiceRegistry.java:228)
	at org.eclipse.osgi.internal.framework.BundleContextImpl.registerService(BundleContextImpl.java:469)
	at org.apache.felix.scr.impl.manager.AbstractComponentManager$3.register(AbstractComponentManager.java:906)
	at org.apache.felix.scr.impl.manager.AbstractComponentManager$3.register(AbstractComponentManager.java:892)
	at org.apache.felix.scr.impl.manager.RegistrationManager.changeRegistration(RegistrationManager.java:128)
	at org.apache.felix.scr.impl.manager.AbstractComponentManager.registerService(AbstractComponentManager.java:959)
	at org.apache.felix.scr.impl.manager.AbstractComponentManager.activateInternal(AbstractComponentManager.java:732)
	at org.apache.felix.scr.impl.manager.DependencyManager$SingleStaticCustomizer.addedService(DependencyManager.java:1053)
	at org.apache.felix.scr.impl.manager.DependencyManager$SingleStaticCustomizer.addedService(DependencyManager.java:1007)
	at org.apache.felix.scr.impl.manager.ServiceTracker$Tracked.customizerAdded(ServiceTracker.java:1216)
	at org.apache.felix.scr.impl.manager.ServiceTracker$Tracked.customizerAdded(ServiceTracker.java:1137)
	at org.apache.felix.scr.impl.manager.ServiceTracker$AbstractTracked.trackAdding(ServiceTracker.java:944)
	at org.apache.felix.scr.impl.manager.ServiceTracker$AbstractTracked.track(ServiceTracker.java:880)
	at org.apache.felix.scr.impl.manager.ServiceTracker$Tracked.serviceChanged(ServiceTracker.java:1168)
	at org.apache.felix.scr.impl.BundleComponentActivator$ListenerInfo.serviceChanged(BundleComponentActivator.java:125)
	at org.eclipse.osgi.internal.serviceregistry.FilteredServiceListener.serviceChanged(FilteredServiceListener.java:109)
	at org.eclipse.osgi.internal.serviceregistry.ServiceRegistry.publishServiceEventPrivileged(ServiceRegistry.java:891)
	at org.eclipse.osgi.internal.serviceregistry.ServiceRegistry.publishServiceEvent(ServiceRegistry.java:804)
	at org.eclipse.osgi.internal.serviceregistry.ServiceRegistrationImpl.register(ServiceRegistrationImpl.java:127)
	at org.eclipse.osgi.internal.serviceregistry.ServiceRegistry.registerService(ServiceRegistry.java:228)
	at org.eclipse.osgi.internal.framework.BundleContextImpl.registerService(BundleContextImpl.java:469)
	at org.apache.felix.scr.impl.manager.AbstractComponentManager$3.register(AbstractComponentManager.java:906)
	at org.apache.felix.scr.impl.manager.AbstractComponentManager$3.register(AbstractComponentManager.java:892)
	at org.apache.felix.scr.impl.manager.RegistrationManager.changeRegistration(RegistrationManager.java:128)
	at org.apache.felix.scr.impl.manager.AbstractComponentManager.registerService(AbstractComponentManager.java:959)
	at org.apache.felix.scr.impl.manager.AbstractComponentManager.activateInternal(AbstractComponentManager.java:732)
	at org.apache.felix.scr.impl.manager.DependencyManager$SingleStaticCustomizer.addedService(DependencyManager.java:1053)
	at org.apache.felix.scr.impl.manager.DependencyManager$SingleStaticCustomizer.addedService(DependencyManager.java:1007)
	at org.apache.felix.scr.impl.manager.ServiceTracker$Tracked.customizerAdded(ServiceTracker.java:1216)
	at org.apache.felix.scr.impl.manager.ServiceTracker$Tracked.customizerAdded(ServiceTracker.java:1137)
	at org.apache.felix.scr.impl.manager.ServiceTracker$AbstractTracked.trackAdding(ServiceTracker.java:944)
	at org.apache.felix.scr.impl.manager.ServiceTracker$AbstractTracked.track(ServiceTracker.java:880)
	at org.apache.felix.scr.impl.manager.ServiceTracker$Tracked.serviceChanged(ServiceTracker.java:1168)
	at org.apache.felix.scr.impl.BundleComponentActivator$ListenerInfo.serviceChanged(BundleComponentActivator.java:125)
	at org.eclipse.osgi.internal.serviceregistry.FilteredServiceListener.serviceChanged(FilteredServiceListener.java:109)
	at org.eclipse.osgi.internal.serviceregistry.ServiceRegistry.publishServiceEventPrivileged(ServiceRegistry.java:891)
	at org.eclipse.osgi.internal.serviceregistry.ServiceRegistry.publishServiceEvent(ServiceRegistry.java:804)
	at org.eclipse.osgi.internal.serviceregistry.ServiceRegistrationImpl.register(ServiceRegistrationImpl.java:127)
	at org.eclipse.osgi.internal.serviceregistry.ServiceRegistry.registerService(ServiceRegistry.java:228)
	at org.eclipse.osgi.internal.framework.BundleContextImpl.registerService(BundleContextImpl.java:469)
	at org.apache.felix.scr.impl.manager.AbstractComponentManager$3.register(AbstractComponentManager.java:906)
	at org.apache.felix.scr.impl.manager.AbstractComponentManager$3.register(AbstractComponentManager.java:892)
	at org.apache.felix.scr.impl.manager.RegistrationManager.changeRegistration(RegistrationManager.java:128)
	at org.apache.felix.scr.impl.manager.AbstractComponentManager.registerService(AbstractComponentManager.java:959)
	at org.apache.felix.scr.impl.manager.AbstractComponentManager.activateInternal(AbstractComponentManager.java:732)
	at org.apache.felix.scr.impl.manager.DependencyManager$SingleStaticCustomizer.addedService(DependencyManager.java:1053)
	at org.apache.felix.scr.impl.manager.DependencyManager$SingleStaticCustomizer.addedService(DependencyManager.java:1007)
	at org.apache.felix.scr.impl.manager.ServiceTracker$Tracked.customizerAdded(ServiceTracker.java:1216)
	at org.apache.felix.scr.impl.manager.ServiceTracker$Tracked.customizerAdded(ServiceTracker.java:1137)
	at org.apache.felix.scr.impl.manager.ServiceTracker$AbstractTracked.trackAdding(ServiceTracker.java:944)
	at org.apache.felix.scr.impl.manager.ServiceTracker$AbstractTracked.track(ServiceTracker.java:880)
	at org.apache.felix.scr.impl.manager.ServiceTracker$Tracked.serviceChanged(ServiceTracker.java:1168)
	at org.apache.felix.scr.impl.BundleComponentActivator$ListenerInfo.serviceChanged(BundleComponentActivator.java:125)
	at org.eclipse.osgi.internal.serviceregistry.FilteredServiceListener.serviceChanged(FilteredServiceListener.java:109)
	at org.eclipse.osgi.internal.serviceregistry.ServiceRegistry.publishServiceEventPrivileged(ServiceRegistry.java:891)
	at org.eclipse.osgi.internal.serviceregistry.ServiceRegistry.publishServiceEvent(ServiceRegistry.java:804)
	at org.eclipse.osgi.internal.serviceregistry.ServiceRegistrationImpl.register(ServiceRegistrationImpl.java:127)
	at org.eclipse.osgi.internal.serviceregistry.ServiceRegistry.registerService(ServiceRegistry.java:228)
	at org.eclipse.osgi.internal.framework.BundleContextImpl.registerService(BundleContextImpl.java:469)
	at org.eclipse.osgi.internal.framework.BundleContextImpl.registerService(BundleContextImpl.java:487)
	at org.eclipse.osgi.internal.framework.BundleContextImpl.registerService(BundleContextImpl.java:1010)
	at org.apache.felix.cm.impl.ConfigurationManager.start(ConfigurationManager.java:186)
	at org.apache.felix.cm.impl.persistence.PersistenceManagerTracker.activate(PersistenceManagerTracker.java:110)
	at org.apache.felix.cm.impl.persistence.PersistenceManagerTracker.addingService(PersistenceManagerTracker.java:167)
	at org.apache.felix.cm.impl.persistence.PersistenceManagerTracker.addingService(PersistenceManagerTracker.java:49)
	at org.osgi.util.tracker.ServiceTracker$Tracked.customizerAdding(ServiceTracker.java:943)
	at org.osgi.util.tracker.ServiceTracker$Tracked.customizerAdding(ServiceTracker.java:1)
	at org.osgi.util.tracker.AbstractTracked.trackAdding(AbstractTracked.java:256)
	at org.osgi.util.tracker.AbstractTracked.track(AbstractTracked.java:229)
	at org.osgi.util.tracker.ServiceTracker$Tracked.serviceChanged(ServiceTracker.java:903)
	at org.eclipse.osgi.internal.serviceregistry.FilteredServiceListener.serviceChanged(FilteredServiceListener.java:109)
	at org.eclipse.osgi.internal.serviceregistry.ServiceRegistry.publishServiceEventPrivileged(ServiceRegistry.java:891)
	at org.eclipse.osgi.internal.serviceregistry.ServiceRegistry.publishServiceEvent(ServiceRegistry.java:804)
	at org.eclipse.osgi.internal.serviceregistry.ServiceRegistrationImpl.register(ServiceRegistrationImpl.java:127)
	at org.eclipse.osgi.internal.serviceregistry.ServiceRegistry.registerService(ServiceRegistry.java:228)
	at org.eclipse.osgi.internal.framework.BundleContextImpl.registerService(BundleContextImpl.java:469)
	at com.liferay.portal.configuration.persistence.internal.activator.ConfigurationPersistenceBundleActivator.start(ConfigurationPersistenceBundleActivator.java:75)
	at org.eclipse.osgi.internal.framework.BundleContextImpl$3.run(BundleContextImpl.java:779)
	at org.eclipse.osgi.internal.framework.BundleContextImpl$3.run(BundleContextImpl.java:1)
	at java.security.AccessController.doPrivileged(Native Method)
	at org.eclipse.osgi.internal.framework.BundleContextImpl.startActivator(BundleContextImpl.java:772)
	at org.eclipse.osgi.internal.framework.BundleContextImpl.start(BundleContextImpl.java:729)
	at org.eclipse.osgi.internal.framework.EquinoxBundle.startWorker0(EquinoxBundle.java:1002)
	at org.eclipse.osgi.internal.framework.EquinoxBundle$EquinoxModule.startWorker(EquinoxBundle.java:354)
	at org.eclipse.osgi.container.Module.doStart(Module.java:581)
	at org.eclipse.osgi.container.Module.start(Module.java:449)
	at org.eclipse.osgi.internal.framework.EquinoxBundle.start(EquinoxBundle.java:428)
	at org.eclipse.osgi.internal.framework.EquinoxBundle.start(EquinoxBundle.java:447)
	at com.liferay.portal.bootstrap.ModuleFrameworkImpl$6.call(ModuleFrameworkImpl.java:1554)
	at com.liferay.portal.bootstrap.ModuleFrameworkImpl$6.call(ModuleFrameworkImpl.java:1550)
	at java.util.concurrent.FutureTask.run(FutureTask.java:266)
	at java.util.concurrent.ThreadPoolExecutor.runWorker(ThreadPoolExecutor.java:1142)
	at java.util.concurrent.ThreadPoolExecutor$Worker.run(ThreadPoolExecutor.java:617)
	at java.lang.Thread.run(Thread.java:745)
Caused by: java.io.FileNotFoundException: C:\LR7\liferay-ce-portal-7.1.1-ga2\osgi\modules\nirav.demo.jar (The system cannot find the file specified)
	at java.io.FileInputStream.open0(Native Method)
	at java.io.FileInputStream.open(FileInputStream.java:195)
	at java.io.FileInputStream.<init>(FileInputStream.java:138)
	at java.io.FileInputStream.<init>(FileInputStream.java:93)
	at sun.net.www.protocol.file.FileURLConnection.connect(FileURLConnection.java:90)
	at sun.net.www.protocol.file.FileURLConnection.getInputStream(FileURLConnection.java:188)
	at org.eclipse.osgi.storage.Storage.install(Storage.java:610)
	... 125 more
2019-11-06 04:12:48.550 INFO  [main][ModuleFrameworkImpl:1592] Started initial bundles
2019-11-06 04:12:48.550 INFO  [main][ModuleFrameworkImpl:1627] Starting dynamic bundles
2019-11-06 04:13:06.911 INFO  [main][ModuleFrameworkImpl:1716] Started dynamic bundles
2019-11-06 04:13:06.911 INFO  [main][ModuleFrameworkImpl:413] Navigate to Control Panel > Configuration > Gogo Shell and enter "lb" to see all bundles
2019-11-06 04:13:13.393 WARN  [Elasticsearch initialization thread][EmbeddedElasticsearchConnection:286] Liferay is configured to use embedded Elasticsearch as its search engine. Do NOT use embedded Elasticsearch in production. Embedded Elasticsearch is useful for development and demonstration purposes. Remote Elasticsearch connections can be configured in the Control Panel.
2019-11-06 04:13:26.525 INFO  [main][StartupHelper:72] There are no patches installed
2019-11-06 04:13:29.054 INFO  [main][AutoDeployDir:193] Auto deploy scanner started for C:\LR7\liferay-ce-portal-7.1.1-ga2\deploy
2019-11-06 04:13:32.756 ERROR [main][ServiceConfigurationInitializer:126] Unable to initialize service component
com.liferay.portal.kernel.exception.OldServiceComponentException: Build namespace CrowdFunding has build number 159 which is newer than 158
	at com.liferay.portal.service.impl.ServiceComponentLocalServiceImpl.initServiceComponent(ServiceComponentLocalServiceImpl.java:172)
	at sun.reflect.GeneratedMethodAccessor340.invoke(Unknown Source)
	at sun.reflect.DelegatingMethodAccessorImpl.invoke(DelegatingMethodAccessorImpl.java:43)
	at java.lang.reflect.Method.invoke(Method.java:498)
	at com.liferay.portal.spring.aop.ServiceBeanMethodInvocation.proceed(ServiceBeanMethodInvocation.java:153)
	at com.liferay.portal.spring.transaction.DefaultTransactionExecutor._execute(DefaultTransactionExecutor.java:203)
	at com.liferay.portal.spring.transaction.DefaultTransactionExecutor.execute(DefaultTransactionExecutor.java:94)
	at com.liferay.portal.spring.transaction.TransactionInterceptor.invoke(TransactionInterceptor.java:113)
	at com.liferay.portal.spring.aop.ServiceBeanMethodInvocation.proceed(ServiceBeanMethodInvocation.java:130)
	at com.liferay.portal.spring.aop.ChainableMethodAdvice.invoke(ChainableMethodAdvice.java:55)
	at com.liferay.portal.spring.aop.ServiceBeanMethodInvocation.proceed(ServiceBeanMethodInvocation.java:130)
	at com.liferay.portal.spring.aop.ServiceBeanAopProxy.invoke(ServiceBeanAopProxy.java:125)
	at com.sun.proxy.$Proxy209.initServiceComponent(Unknown Source)
	at com.liferay.portal.spring.extender.internal.configuration.ServiceConfigurationInitializer._initServiceComponent(ServiceConfigurationInitializer.java:121)
	at com.liferay.portal.spring.extender.internal.configuration.ServiceConfigurationInitializer.start(ServiceConfigurationInitializer.java:89)
	at sun.reflect.GeneratedMethodAccessor339.invoke(Unknown Source)
	at sun.reflect.DelegatingMethodAccessorImpl.invoke(DelegatingMethodAccessorImpl.java:43)
	at java.lang.reflect.Method.invoke(Method.java:498)
	at org.apache.felix.dm.InvocationUtil.invokeMethod(InvocationUtil.java:111)
	at org.apache.felix.dm.InvocationUtil.invokeCallbackMethod(InvocationUtil.java:66)
	at org.apache.felix.dm.impl.ComponentImpl.invokeCallbackMethod(ComponentImpl.java:769)
	at org.apache.felix.dm.impl.ComponentImpl.invoke(ComponentImpl.java:760)
	at org.apache.felix.dm.impl.ComponentImpl.bindService(ComponentImpl.java:705)
	at org.apache.felix.dm.impl.ComponentImpl.access$400(ComponentImpl.java:54)
	at org.apache.felix.dm.impl.ComponentImpl$7.run(ComponentImpl.java:202)
	at org.apache.felix.dm.impl.SerialExecutor.runTask(SerialExecutor.java:137)
	at org.apache.felix.dm.impl.SerialExecutor.runTasks(SerialExecutor.java:119)
	at org.apache.felix.dm.impl.SerialExecutor.execute(SerialExecutor.java:85)
	at org.apache.felix.dm.impl.ComponentImpl.calculateStateChanges(ComponentImpl.java:252)
	at org.apache.felix.dm.impl.ComponentImpl.dependencyAvailable(ComponentImpl.java:379)
	at org.apache.felix.dm.impl.dependencies.ServiceDependencyImpl.doAddedService(ServiceDependencyImpl.java:849)
	at org.apache.felix.dm.impl.dependencies.ServiceDependencyImpl.access$200(ServiceDependencyImpl.java:60)
	at org.apache.felix.dm.impl.dependencies.ServiceDependencyImpl$4.run(ServiceDependencyImpl.java:317)
	at org.apache.felix.dm.impl.SerialExecutor.runTask(SerialExecutor.java:137)
	at org.apache.felix.dm.impl.SerialExecutor.runTasks(SerialExecutor.java:119)
	at org.apache.felix.dm.impl.SerialExecutor.execute(SerialExecutor.java:85)
	at org.apache.felix.dm.impl.SerialExecutor.execute(SerialExecutor.java:104)
	at org.apache.felix.dm.impl.dependencies.ServiceDependencyImpl.addedService(ServiceDependencyImpl.java:314)
	at org.apache.felix.dm.tracker.ServiceTracker$Tracked.customizerAdded(ServiceTracker.java:1331)
	at org.apache.felix.dm.tracker.AbstractTracked.trackAdding(AbstractTracked.java:290)
	at org.apache.felix.dm.tracker.AbstractTracked.track(AbstractTracked.java:236)
	at org.apache.felix.dm.tracker.ServiceTracker$Tracked.serviceChangedHideAspects(ServiceTracker.java:1212)
	at org.apache.felix.dm.tracker.ServiceTracker$Tracked.serviceChanged(ServiceTracker.java:1107)
	at org.eclipse.osgi.internal.serviceregistry.FilteredServiceListener.serviceChanged(FilteredServiceListener.java:109)
	at org.eclipse.osgi.internal.serviceregistry.ServiceRegistry.publishServiceEventPrivileged(ServiceRegistry.java:891)
	at org.eclipse.osgi.internal.serviceregistry.ServiceRegistry.publishServiceEvent(ServiceRegistry.java:804)
	at org.eclipse.osgi.internal.serviceregistry.ServiceRegistrationImpl.register(ServiceRegistrationImpl.java:127)
	at org.eclipse.osgi.internal.serviceregistry.ServiceRegistry.registerService(ServiceRegistry.java:228)
	at org.eclipse.osgi.internal.framework.BundleContextImpl.registerService(BundleContextImpl.java:469)
	at org.eclipse.osgi.internal.framework.BundleContextImpl.registerService(BundleContextImpl.java:487)
	at org.eclipse.osgi.internal.framework.BundleContextImpl.registerService(BundleContextImpl.java:1004)
	at com.liferay.portal.upgrade.internal.release.ReleasePublisher.publish(ReleasePublisher.java:66)
	at com.liferay.portal.upgrade.internal.release.ReleasePublisher.activate(ReleasePublisher.java:86)
	at sun.reflect.NativeMethodAccessorImpl.invoke0(Native Method)
	at sun.reflect.NativeMethodAccessorImpl.invoke(NativeMethodAccessorImpl.java:62)
	at sun.reflect.DelegatingMethodAccessorImpl.invoke(DelegatingMethodAccessorImpl.java:43)
	at java.lang.reflect.Method.invoke(Method.java:498)
	at org.apache.felix.scr.impl.inject.methods.BaseMethod.invokeMethod(BaseMethod.java:228)
	at org.apache.felix.scr.impl.inject.methods.BaseMethod.access$500(BaseMethod.java:41)
	at org.apache.felix.scr.impl.inject.methods.BaseMethod$Resolved.invoke(BaseMethod.java:664)
	at org.apache.felix.scr.impl.inject.methods.BaseMethod.invoke(BaseMethod.java:510)
	at org.apache.felix.scr.impl.inject.methods.ActivateMethod.invoke(ActivateMethod.java:317)
	at org.apache.felix.scr.impl.inject.methods.ActivateMethod.invoke(ActivateMethod.java:307)
	at org.apache.felix.scr.impl.manager.SingleComponentManager.createImplementationObject(SingleComponentManager.java:341)
	at org.apache.felix.scr.impl.manager.SingleComponentManager.createComponent(SingleComponentManager.java:114)
	at org.apache.felix.scr.impl.manager.SingleComponentManager.getService(SingleComponentManager.java:983)
	at org.apache.felix.scr.impl.manager.SingleComponentManager.getServiceInternal(SingleComponentManager.java:956)
	at org.apache.felix.scr.impl.manager.SingleComponentManager.getService(SingleComponentManager.java:901)
	at org.eclipse.osgi.internal.serviceregistry.ServiceFactoryUse$1.run(ServiceFactoryUse.java:212)
	at java.security.AccessController.doPrivileged(Native Method)
	at org.eclipse.osgi.internal.serviceregistry.ServiceFactoryUse.factoryGetService(ServiceFactoryUse.java:210)
	at org.eclipse.osgi.internal.serviceregistry.ServiceFactoryUse.getService(ServiceFactoryUse.java:111)
	at org.eclipse.osgi.internal.serviceregistry.ServiceConsumer$2.getService(ServiceConsumer.java:45)
	at org.eclipse.osgi.internal.serviceregistry.ServiceRegistrationImpl.getService(ServiceRegistrationImpl.java:524)
	at org.eclipse.osgi.internal.serviceregistry.ServiceRegistry.getService(ServiceRegistry.java:464)
	at org.eclipse.osgi.internal.framework.BundleContextImpl.getService(BundleContextImpl.java:624)
	at org.apache.felix.scr.impl.manager.SingleRefPair.getServiceObject(SingleRefPair.java:73)
	at org.apache.felix.scr.impl.inject.BindParameters.getServiceObject(BindParameters.java:47)
	at org.apache.felix.scr.impl.inject.field.FieldHandler$ReferenceMethodImpl.getServiceObject(FieldHandler.java:519)
	at org.apache.felix.scr.impl.manager.DependencyManager.getServiceObject(DependencyManager.java:2306)
	at org.apache.felix.scr.impl.manager.DependencyManager$SingleStaticCustomizer.prebind(DependencyManager.java:1162)
	at org.apache.felix.scr.impl.manager.DependencyManager.prebind(DependencyManager.java:1576)
	at org.apache.felix.scr.impl.manager.AbstractComponentManager.collectDependencies(AbstractComponentManager.java:1029)
	at org.apache.felix.scr.impl.manager.SingleComponentManager.getServiceInternal(SingleComponentManager.java:936)
	at org.apache.felix.scr.impl.manager.SingleComponentManager.getService(SingleComponentManager.java:901)
	at org.eclipse.osgi.internal.serviceregistry.ServiceFactoryUse$1.run(ServiceFactoryUse.java:212)
	at java.security.AccessController.doPrivileged(Native Method)
	at org.eclipse.osgi.internal.serviceregistry.ServiceFactoryUse.factoryGetService(ServiceFactoryUse.java:210)
	at org.eclipse.osgi.internal.serviceregistry.ServiceFactoryUse.getService(ServiceFactoryUse.java:111)
	at org.eclipse.osgi.internal.serviceregistry.ServiceConsumer$2.getService(ServiceConsumer.java:45)
	at org.eclipse.osgi.internal.serviceregistry.ServiceRegistrationImpl.getService(ServiceRegistrationImpl.java:524)
	at org.eclipse.osgi.internal.serviceregistry.ServiceRegistry.getService(ServiceRegistry.java:464)
	at org.eclipse.osgi.internal.framework.BundleContextImpl.getService(BundleContextImpl.java:624)
	at org.apache.felix.scr.impl.manager.SingleRefPair.getServiceObject(SingleRefPair.java:73)
	at org.apache.felix.scr.impl.inject.BindParameters.getServiceObject(BindParameters.java:47)
	at org.apache.felix.scr.impl.inject.field.FieldHandler$ReferenceMethodImpl.getServiceObject(FieldHandler.java:519)
	at org.apache.felix.scr.impl.manager.DependencyManager.getServiceObject(DependencyManager.java:2306)
	at org.apache.felix.scr.impl.manager.DependencyManager$SingleStaticCustomizer.prebind(DependencyManager.java:1162)
	at org.apache.felix.scr.impl.manager.DependencyManager.prebind(DependencyManager.java:1576)
	at org.apache.felix.scr.impl.manager.AbstractComponentManager.collectDependencies(AbstractComponentManager.java:1029)
	at org.apache.felix.scr.impl.manager.SingleComponentManager.getServiceInternal(SingleComponentManager.java:936)
	at org.apache.felix.scr.impl.manager.SingleComponentManager.getService(SingleComponentManager.java:901)
	at org.eclipse.osgi.internal.serviceregistry.ServiceFactoryUse$1.run(ServiceFactoryUse.java:212)
	at java.security.AccessController.doPrivileged(Native Method)
	at org.eclipse.osgi.internal.serviceregistry.ServiceFactoryUse.factoryGetService(ServiceFactoryUse.java:210)
	at org.eclipse.osgi.internal.serviceregistry.ServiceFactoryUse.getService(ServiceFactoryUse.java:111)
	at org.eclipse.osgi.internal.serviceregistry.ServiceConsumer$2.getService(ServiceConsumer.java:45)
	at org.eclipse.osgi.internal.serviceregistry.ServiceRegistrationImpl.getService(ServiceRegistrationImpl.java:524)
	at org.eclipse.osgi.internal.serviceregistry.ServiceRegistry.getService(ServiceRegistry.java:464)
	at org.eclipse.osgi.internal.framework.BundleContextImpl.getService(BundleContextImpl.java:624)
	at org.apache.felix.scr.impl.manager.SingleRefPair.getServiceObject(SingleRefPair.java:73)
	at org.apache.felix.scr.impl.inject.BindParameters.getServiceObject(BindParameters.java:47)
	at org.apache.felix.scr.impl.inject.field.FieldHandler$ReferenceMethodImpl.getServiceObject(FieldHandler.java:519)
	at org.apache.felix.scr.impl.manager.DependencyManager.getServiceObject(DependencyManager.java:2306)
	at org.apache.felix.scr.impl.manager.DependencyManager$SingleStaticCustomizer.prebind(DependencyManager.java:1162)
	at org.apache.felix.scr.impl.manager.DependencyManager.prebind(DependencyManager.java:1576)
	at org.apache.felix.scr.impl.manager.AbstractComponentManager.collectDependencies(AbstractComponentManager.java:1029)
	at org.apache.felix.scr.impl.manager.SingleComponentManager.getServiceInternal(SingleComponentManager.java:936)
	at org.apache.felix.scr.impl.manager.AbstractComponentManager.activateInternal(AbstractComponentManager.java:765)
	at org.apache.felix.scr.impl.manager.DependencyManager$SingleStaticCustomizer.addedService(DependencyManager.java:1053)
	at org.apache.felix.scr.impl.manager.DependencyManager$SingleStaticCustomizer.addedService(DependencyManager.java:1007)
	at org.apache.felix.scr.impl.manager.ServiceTracker$Tracked.customizerAdded(ServiceTracker.java:1216)
	at org.apache.felix.scr.impl.manager.ServiceTracker$Tracked.customizerAdded(ServiceTracker.java:1137)
	at org.apache.felix.scr.impl.manager.ServiceTracker$AbstractTracked.trackAdding(ServiceTracker.java:944)
	at org.apache.felix.scr.impl.manager.ServiceTracker$AbstractTracked.track(ServiceTracker.java:880)
	at org.apache.felix.scr.impl.manager.ServiceTracker$Tracked.serviceChanged(ServiceTracker.java:1168)
	at org.apache.felix.scr.impl.BundleComponentActivator$ListenerInfo.serviceChanged(BundleComponentActivator.java:125)
	at org.eclipse.osgi.internal.serviceregistry.FilteredServiceListener.serviceChanged(FilteredServiceListener.java:109)
	at org.eclipse.osgi.internal.serviceregistry.ServiceRegistry.publishServiceEventPrivileged(ServiceRegistry.java:891)
	at org.eclipse.osgi.internal.serviceregistry.ServiceRegistry.publishServiceEvent(ServiceRegistry.java:804)
	at org.eclipse.osgi.internal.serviceregistry.ServiceRegistrationImpl.register(ServiceRegistrationImpl.java:127)
	at org.eclipse.osgi.internal.serviceregistry.ServiceRegistry.registerService(ServiceRegistry.java:228)
	at org.eclipse.osgi.internal.framework.BundleContextImpl.registerService(BundleContextImpl.java:469)
	at org.apache.felix.scr.impl.manager.AbstractComponentManager$3.register(AbstractComponentManager.java:906)
	at org.apache.felix.scr.impl.manager.AbstractComponentManager$3.register(AbstractComponentManager.java:892)
	at org.apache.felix.scr.impl.manager.RegistrationManager.changeRegistration(RegistrationManager.java:128)
	at org.apache.felix.scr.impl.manager.AbstractComponentManager.registerService(AbstractComponentManager.java:959)
	at org.apache.felix.scr.impl.manager.AbstractComponentManager.activateInternal(AbstractComponentManager.java:732)
	at org.apache.felix.scr.impl.manager.DependencyManager$SingleStaticCustomizer.addedService(DependencyManager.java:1053)
	at org.apache.felix.scr.impl.manager.DependencyManager$SingleStaticCustomizer.addedService(DependencyManager.java:1007)
	at org.apache.felix.scr.impl.manager.ServiceTracker$Tracked.customizerAdded(ServiceTracker.java:1216)
	at org.apache.felix.scr.impl.manager.ServiceTracker$Tracked.customizerAdded(ServiceTracker.java:1137)
	at org.apache.felix.scr.impl.manager.ServiceTracker$AbstractTracked.trackAdding(ServiceTracker.java:944)
	at org.apache.felix.scr.impl.manager.ServiceTracker$AbstractTracked.track(ServiceTracker.java:880)
	at org.apache.felix.scr.impl.manager.ServiceTracker$Tracked.serviceChanged(ServiceTracker.java:1168)
	at org.apache.felix.scr.impl.BundleComponentActivator$ListenerInfo.serviceChanged(BundleComponentActivator.java:125)
	at org.eclipse.osgi.internal.serviceregistry.FilteredServiceListener.serviceChanged(FilteredServiceListener.java:109)
	at org.eclipse.osgi.internal.serviceregistry.ServiceRegistry.publishServiceEventPrivileged(ServiceRegistry.java:891)
	at org.eclipse.osgi.internal.serviceregistry.ServiceRegistry.publishServiceEvent(ServiceRegistry.java:804)
	at org.eclipse.osgi.internal.serviceregistry.ServiceRegistrationImpl.register(ServiceRegistrationImpl.java:127)
	at org.eclipse.osgi.internal.serviceregistry.ServiceRegistry.registerService(ServiceRegistry.java:228)
	at org.eclipse.osgi.internal.framework.BundleContextImpl.registerService(BundleContextImpl.java:469)
	at org.apache.felix.scr.impl.manager.AbstractComponentManager$3.register(AbstractComponentManager.java:906)
	at org.apache.felix.scr.impl.manager.AbstractComponentManager$3.register(AbstractComponentManager.java:892)
	at org.apache.felix.scr.impl.manager.RegistrationManager.changeRegistration(RegistrationManager.java:128)
	at org.apache.felix.scr.impl.manager.AbstractComponentManager.registerService(AbstractComponentManager.java:959)
	at org.apache.felix.scr.impl.manager.AbstractComponentManager.activateInternal(AbstractComponentManager.java:732)
	at org.apache.felix.scr.impl.manager.DependencyManager$SingleStaticCustomizer.addedService(DependencyManager.java:1053)
	at org.apache.felix.scr.impl.manager.DependencyManager$SingleStaticCustomizer.addedService(DependencyManager.java:1007)
	at org.apache.felix.scr.impl.manager.ServiceTracker$Tracked.customizerAdded(ServiceTracker.java:1216)
	at org.apache.felix.scr.impl.manager.ServiceTracker$Tracked.customizerAdded(ServiceTracker.java:1137)
	at org.apache.felix.scr.impl.manager.ServiceTracker$AbstractTracked.trackAdding(ServiceTracker.java:944)
	at org.apache.felix.scr.impl.manager.ServiceTracker$AbstractTracked.track(ServiceTracker.java:880)
	at org.apache.felix.scr.impl.manager.ServiceTracker$Tracked.serviceChanged(ServiceTracker.java:1168)
	at org.apache.felix.scr.impl.BundleComponentActivator$ListenerInfo.serviceChanged(BundleComponentActivator.java:125)
	at org.eclipse.osgi.internal.serviceregistry.FilteredServiceListener.serviceChanged(FilteredServiceListener.java:109)
	at org.eclipse.osgi.internal.serviceregistry.ServiceRegistry.publishServiceEventPrivileged(ServiceRegistry.java:891)
	at org.eclipse.osgi.internal.serviceregistry.ServiceRegistry.publishServiceEvent(ServiceRegistry.java:804)
	at org.eclipse.osgi.internal.serviceregistry.ServiceRegistrationImpl.register(ServiceRegistrationImpl.java:127)
	at org.eclipse.osgi.internal.serviceregistry.ServiceRegistry.registerService(ServiceRegistry.java:228)
	at org.eclipse.osgi.internal.framework.BundleContextImpl.registerService(BundleContextImpl.java:469)
	at org.apache.felix.scr.impl.manager.AbstractComponentManager$3.register(AbstractComponentManager.java:906)
	at org.apache.felix.scr.impl.manager.AbstractComponentManager$3.register(AbstractComponentManager.java:892)
	at org.apache.felix.scr.impl.manager.RegistrationManager.changeRegistration(RegistrationManager.java:128)
	at org.apache.felix.scr.impl.manager.AbstractComponentManager.registerService(AbstractComponentManager.java:959)
	at org.apache.felix.scr.impl.manager.AbstractComponentManager.activateInternal(AbstractComponentManager.java:732)
	at org.apache.felix.scr.impl.manager.DependencyManager$SingleStaticCustomizer.addedService(DependencyManager.java:1053)
	at org.apache.felix.scr.impl.manager.DependencyManager$SingleStaticCustomizer.addedService(DependencyManager.java:1007)
	at org.apache.felix.scr.impl.manager.ServiceTracker$Tracked.customizerAdded(ServiceTracker.java:1216)
	at org.apache.felix.scr.impl.manager.ServiceTracker$Tracked.customizerAdded(ServiceTracker.java:1137)
	at org.apache.felix.scr.impl.manager.ServiceTracker$AbstractTracked.trackAdding(ServiceTracker.java:944)
	at org.apache.felix.scr.impl.manager.ServiceTracker$AbstractTracked.track(ServiceTracker.java:880)
	at org.apache.felix.scr.impl.manager.ServiceTracker$Tracked.serviceChanged(ServiceTracker.java:1168)
	at org.apache.felix.scr.impl.BundleComponentActivator$ListenerInfo.serviceChanged(BundleComponentActivator.java:125)
	at org.eclipse.osgi.internal.serviceregistry.FilteredServiceListener.serviceChanged(FilteredServiceListener.java:109)
	at org.eclipse.osgi.internal.serviceregistry.ServiceRegistry.publishServiceEventPrivileged(ServiceRegistry.java:891)
	at org.eclipse.osgi.internal.serviceregistry.ServiceRegistry.publishServiceEvent(ServiceRegistry.java:804)
	at org.eclipse.osgi.internal.serviceregistry.ServiceRegistrationImpl.register(ServiceRegistrationImpl.java:127)
	at org.eclipse.osgi.internal.serviceregistry.ServiceRegistry.registerService(ServiceRegistry.java:228)
	at org.eclipse.osgi.internal.framework.BundleContextImpl.registerService(BundleContextImpl.java:469)
	at org.eclipse.osgi.internal.framework.BundleContextImpl.registerService(BundleContextImpl.java:487)
	at org.eclipse.osgi.internal.framework.BundleContextImpl.registerService(BundleContextImpl.java:1004)
	at com.liferay.registry.internal.RegistryImpl.registerService(RegistryImpl.java:369)
	at com.liferay.portal.servlet.MainServlet.registerPortalInitialized(MainServlet.java:1310)
	at com.liferay.portal.servlet.MainServlet.init(MainServlet.java:418)
	at javax.servlet.GenericServlet.init(GenericServlet.java:158)
	at org.apache.catalina.core.StandardWrapper.initServlet(StandardWrapper.java:1124)
	at org.apache.catalina.core.StandardWrapper.loadServlet(StandardWrapper.java:1079)
	at org.apache.catalina.core.StandardWrapper.load(StandardWrapper.java:971)
	at org.apache.catalina.core.StandardContext.loadOnStartup(StandardContext.java:4829)
	at org.apache.catalina.core.StandardContext.startInternal(StandardContext.java:5143)
	at org.apache.catalina.util.LifecycleBase.start(LifecycleBase.java:183)
	at org.apache.catalina.core.ContainerBase.addChildInternal(ContainerBase.java:742)
	at org.apache.catalina.core.ContainerBase.addChild(ContainerBase.java:718)
	at org.apache.catalina.core.StandardHost.addChild(StandardHost.java:703)
	at org.apache.catalina.startup.HostConfig.deployDescriptor(HostConfig.java:630)
	at org.apache.catalina.startup.HostConfig$DeployDescriptor.run(HostConfig.java:1840)
	at java.util.concurrent.Executors$RunnableAdapter.call(Executors.java:511)
	at java.util.concurrent.FutureTask.run(FutureTask.java:266)
	at org.apache.tomcat.util.threads.InlineExecutorService.execute(InlineExecutorService.java:75)
	at java.util.concurrent.AbstractExecutorService.submit(AbstractExecutorService.java:112)
	at org.apache.catalina.startup.HostConfig.deployDescriptors(HostConfig.java:525)
	at org.apache.catalina.startup.HostConfig.deployApps(HostConfig.java:424)
	at org.apache.catalina.startup.HostConfig.start(HostConfig.java:1585)
	at org.apache.catalina.startup.HostConfig.lifecycleEvent(HostConfig.java:308)
	at org.apache.catalina.util.LifecycleBase.fireLifecycleEvent(LifecycleBase.java:123)
	at org.apache.catalina.util.LifecycleBase.setStateInternal(LifecycleBase.java:424)
	at org.apache.catalina.util.LifecycleBase.setState(LifecycleBase.java:367)
	at org.apache.catalina.core.ContainerBase.startInternal(ContainerBase.java:966)
	at org.apache.catalina.core.StandardHost.startInternal(StandardHost.java:839)
	at org.apache.catalina.util.LifecycleBase.start(LifecycleBase.java:183)
	at org.apache.catalina.core.ContainerBase$StartChild.call(ContainerBase.java:1427)
	at org.apache.catalina.core.ContainerBase$StartChild.call(ContainerBase.java:1417)
	at java.util.concurrent.FutureTask.run(FutureTask.java:266)
	at org.apache.tomcat.util.threads.InlineExecutorService.execute(InlineExecutorService.java:75)
	at java.util.concurrent.AbstractExecutorService.submit(AbstractExecutorService.java:134)
	at org.apache.catalina.core.ContainerBase.startInternal(ContainerBase.java:943)
	at org.apache.catalina.core.StandardEngine.startInternal(StandardEngine.java:258)
	at org.apache.catalina.util.LifecycleBase.start(LifecycleBase.java:183)
	at org.apache.catalina.core.StandardService.startInternal(StandardService.java:422)
	at org.apache.catalina.util.LifecycleBase.start(LifecycleBase.java:183)
	at org.apache.catalina.core.StandardServer.startInternal(StandardServer.java:770)
	at org.apache.catalina.util.LifecycleBase.start(LifecycleBase.java:183)
	at org.apache.catalina.startup.Catalina.start(Catalina.java:682)
	at sun.reflect.NativeMethodAccessorImpl.invoke0(Native Method)
	at sun.reflect.NativeMethodAccessorImpl.invoke(NativeMethodAccessorImpl.java:62)
	at sun.reflect.DelegatingMethodAccessorImpl.invoke(DelegatingMethodAccessorImpl.java:43)
	at java.lang.reflect.Method.invoke(Method.java:498)
	at org.apache.catalina.startup.Bootstrap.start(Bootstrap.java:350)
	at org.apache.catalina.startup.Bootstrap.main(Bootstrap.java:492)
2019-11-06 04:13:55.550 ERROR [main][HikariPool:541] HikariPool-3 - Exception during pool initialization.
com.mysql.jdbc.exceptions.jdbc4.MySQLSyntaxErrorException: Unknown database 'external_database'
	at sun.reflect.NativeConstructorAccessorImpl.newInstance0(Native Method)
	at sun.reflect.NativeConstructorAccessorImpl.newInstance(NativeConstructorAccessorImpl.java:62)
	at sun.reflect.DelegatingConstructorAccessorImpl.newInstance(DelegatingConstructorAccessorImpl.java:45)
	at java.lang.reflect.Constructor.newInstance(Constructor.java:423)
	at com.mysql.jdbc.Util.handleNewInstance(Util.java:411)
	at com.mysql.jdbc.Util.getInstance(Util.java:386)
	at com.mysql.jdbc.SQLError.createSQLException(SQLError.java:1053)
	at com.mysql.jdbc.MysqlIO.checkErrorPacket(MysqlIO.java:4120)
	at com.mysql.jdbc.MysqlIO.checkErrorPacket(MysqlIO.java:4052)
	at com.mysql.jdbc.MysqlIO.checkErrorPacket(MysqlIO.java:925)
	at com.mysql.jdbc.MysqlIO.proceedHandshakeWithPluggableAuthentication(MysqlIO.java:1704)
	at com.mysql.jdbc.MysqlIO.doHandshake(MysqlIO.java:1250)
	at com.mysql.jdbc.ConnectionImpl.coreConnect(ConnectionImpl.java:2465)
	at com.mysql.jdbc.ConnectionImpl.connectOneTryOnly(ConnectionImpl.java:2498)
	at com.mysql.jdbc.ConnectionImpl.createNewIO(ConnectionImpl.java:2283)
	at com.mysql.jdbc.ConnectionImpl.<init>(ConnectionImpl.java:822)
	at com.mysql.jdbc.JDBC4Connection.<init>(JDBC4Connection.java:47)
	at sun.reflect.GeneratedConstructorAccessor27.newInstance(Unknown Source)
	at sun.reflect.DelegatingConstructorAccessorImpl.newInstance(DelegatingConstructorAccessorImpl.java:45)
	at java.lang.reflect.Constructor.newInstance(Constructor.java:423)
	at com.mysql.jdbc.Util.handleNewInstance(Util.java:411)
	at com.mysql.jdbc.ConnectionImpl.getInstance(ConnectionImpl.java:404)
	at com.mysql.jdbc.NonRegisteringDriver.connect(NonRegisteringDriver.java:317)
	at com.zaxxer.hikari.util.DriverDataSource.getConnection(DriverDataSource.java:112)
	at com.zaxxer.hikari.util.DriverDataSource.getConnection(DriverDataSource.java:118)
	at com.zaxxer.hikari.pool.PoolBase.newConnection(PoolBase.java:358)
	at com.zaxxer.hikari.pool.PoolBase.newPoolEntry(PoolBase.java:201)
	at com.zaxxer.hikari.pool.HikariPool.createPoolEntry(HikariPool.java:443)
	at com.zaxxer.hikari.pool.HikariPool.checkFailFast(HikariPool.java:514)
	at com.zaxxer.hikari.pool.HikariPool.<init>(HikariPool.java:111)
	at com.zaxxer.hikari.HikariDataSource.getConnection(HikariDataSource.java:97)
	at com.liferay.portal.spring.hibernate.DialectDetector.getDialect(DialectDetector.java:55)
	at com.liferay.portal.dao.jdbc.DataSourceFactoryImpl.initDataSource(DataSourceFactoryImpl.java:205)
	at com.liferay.portal.kernel.dao.jdbc.DataSourceFactoryUtil.initDataSource(DataSourceFactoryUtil.java:39)
	at com.liferay.portal.dao.jdbc.spring.DataSourceFactoryBean.createInstance(DataSourceFactoryBean.java:44)
	at com.liferay.portal.dao.jdbc.spring.DataSourceFactoryBean.createInstance(DataSourceFactoryBean.java:30)
	at org.springframework.beans.factory.config.AbstractFactoryBean.afterPropertiesSet(AbstractFactoryBean.java:134)
	at org.springframework.beans.factory.support.AbstractAutowireCapableBeanFactory.invokeInitMethods(AbstractAutowireCapableBeanFactory.java:1631)
	at org.springframework.beans.factory.support.AbstractAutowireCapableBeanFactory.initializeBean(AbstractAutowireCapableBeanFactory.java:1568)
	at org.springframework.beans.factory.support.AbstractAutowireCapableBeanFactory.doCreateBean(AbstractAutowireCapableBeanFactory.java:539)
	at org.springframework.beans.factory.support.AbstractAutowireCapableBeanFactory.createBean(AbstractAutowireCapableBeanFactory.java:476)
	at org.springframework.beans.factory.support.BeanDefinitionValueResolver.resolveInnerBean(BeanDefinitionValueResolver.java:299)
	at org.springframework.beans.factory.support.BeanDefinitionValueResolver.resolveValueIfNecessary(BeanDefinitionValueResolver.java:122)
	at org.springframework.beans.factory.support.AbstractAutowireCapableBeanFactory.applyPropertyValues(AbstractAutowireCapableBeanFactory.java:1475)
	at com.liferay.portal.spring.bean.LiferayBeanFactory.populateBean(LiferayBeanFactory.java:154)
	at org.springframework.beans.factory.support.AbstractAutowireCapableBeanFactory.doCreateBean(AbstractAutowireCapableBeanFactory.java:537)
	at org.springframework.beans.factory.support.AbstractAutowireCapableBeanFactory.createBean(AbstractAutowireCapableBeanFactory.java:476)
	at org.springframework.beans.factory.support.AbstractBeanFactory$1.getObject(AbstractBeanFactory.java:303)
	at org.springframework.beans.factory.support.DefaultSingletonBeanRegistry.getSingleton(DefaultSingletonBeanRegistry.java:230)
	at org.springframework.beans.factory.support.AbstractBeanFactory.doGetBean(AbstractBeanFactory.java:299)
	at org.springframework.beans.factory.support.AbstractBeanFactory.getBean(AbstractBeanFactory.java:194)
	at org.springframework.beans.factory.support.DefaultListableBeanFactory.preInstantiateSingletons(DefaultListableBeanFactory.java:755)
	at org.springframework.context.support.AbstractApplicationContext.finishBeanFactoryInitialization(AbstractApplicationContext.java:762)
	at org.springframework.context.support.AbstractApplicationContext.refresh(AbstractApplicationContext.java:480)
	at com.liferay.portal.spring.extender.internal.context.ModuleApplicationContextRegistrator.start(ModuleApplicationContextRegistrator.java:76)
	at sun.reflect.GeneratedMethodAccessor370.invoke(Unknown Source)
	at sun.reflect.DelegatingMethodAccessorImpl.invoke(DelegatingMethodAccessorImpl.java:43)
	at java.lang.reflect.Method.invoke(Method.java:498)
	at org.apache.felix.dm.InvocationUtil.invokeMethod(InvocationUtil.java:111)
	at org.apache.felix.dm.InvocationUtil.invokeCallbackMethod(InvocationUtil.java:66)
	at org.apache.felix.dm.impl.ComponentImpl.invokeCallbackMethod(ComponentImpl.java:769)
	at org.apache.felix.dm.impl.ComponentImpl.invoke(ComponentImpl.java:760)
	at org.apache.felix.dm.impl.ComponentImpl.bindService(ComponentImpl.java:705)
	at org.apache.felix.dm.impl.ComponentImpl.access$400(ComponentImpl.java:54)
	at org.apache.felix.dm.impl.ComponentImpl$7.run(ComponentImpl.java:202)
	at org.apache.felix.dm.impl.SerialExecutor.runTask(SerialExecutor.java:137)
	at org.apache.felix.dm.impl.SerialExecutor.runTasks(SerialExecutor.java:119)
	at org.apache.felix.dm.impl.SerialExecutor.execute(SerialExecutor.java:85)
	at org.apache.felix.dm.impl.ComponentImpl.calculateStateChanges(ComponentImpl.java:252)
	at org.apache.felix.dm.impl.ComponentImpl.start(ComponentImpl.java:440)
	at org.apache.felix.dm.DependencyManager.add(DependencyManager.java:167)
	at com.liferay.portal.spring.extender.internal.context.ModuleApplicationContextExtender$ModuleApplicationContextExtension.start(ModuleApplicationContextExtender.java:191)
	at org.apache.felix.utils.extender.AbstractExtender.createExtension(AbstractExtender.java:259)
	at org.apache.felix.utils.extender.AbstractExtender.modifiedBundle(AbstractExtender.java:232)
	at org.apache.felix.utils.extender.AbstractExtender.addingBundle(AbstractExtender.java:192)
	at org.osgi.util.tracker.BundleTracker$Tracked.customizerAdding(BundleTracker.java:475)
	at org.osgi.util.tracker.BundleTracker$Tracked.customizerAdding(BundleTracker.java:1)
	at org.osgi.util.tracker.AbstractTracked.trackAdding(AbstractTracked.java:256)
	at org.osgi.util.tracker.AbstractTracked.trackInitial(AbstractTracked.java:183)
	at org.osgi.util.tracker.BundleTracker.open(BundleTracker.java:159)
	at org.apache.felix.utils.extender.AbstractExtender.startTracking(AbstractExtender.java:150)
	at org.apache.felix.utils.extender.AbstractExtender.doStart(AbstractExtender.java:142)
	at org.apache.felix.utils.extender.AbstractExtender.start(AbstractExtender.java:114)
	at com.liferay.portal.spring.extender.internal.context.ModuleApplicationContextExtender.activate(ModuleApplicationContextExtender.java:64)
	at sun.reflect.NativeMethodAccessorImpl.invoke0(Native Method)
	at sun.reflect.NativeMethodAccessorImpl.invoke(NativeMethodAccessorImpl.java:62)
	at sun.reflect.DelegatingMethodAccessorImpl.invoke(DelegatingMethodAccessorImpl.java:43)
	at java.lang.reflect.Method.invoke(Method.java:498)
	at org.apache.felix.scr.impl.inject.methods.BaseMethod.invokeMethod(BaseMethod.java:228)
	at org.apache.felix.scr.impl.inject.methods.BaseMethod.access$500(BaseMethod.java:41)
	at org.apache.felix.scr.impl.inject.methods.BaseMethod$Resolved.invoke(BaseMethod.java:664)
	at org.apache.felix.scr.impl.inject.methods.BaseMethod.invoke(BaseMethod.java:510)
	at org.apache.felix.scr.impl.inject.methods.ActivateMethod.invoke(ActivateMethod.java:317)
	at org.apache.felix.scr.impl.inject.methods.ActivateMethod.invoke(ActivateMethod.java:307)
	at org.apache.felix.scr.impl.manager.SingleComponentManager.createImplementationObject(SingleComponentManager.java:341)
	at org.apache.felix.scr.impl.manager.SingleComponentManager.createComponent(SingleComponentManager.java:114)
	at org.apache.felix.scr.impl.manager.SingleComponentManager.getService(SingleComponentManager.java:983)
	at org.apache.felix.scr.impl.manager.SingleComponentManager.getServiceInternal(SingleComponentManager.java:956)
	at org.apache.felix.scr.impl.manager.AbstractComponentManager.activateInternal(AbstractComponentManager.java:765)
	at org.apache.felix.scr.impl.manager.DependencyManager$SingleStaticCustomizer.addedService(DependencyManager.java:1053)
	at org.apache.felix.scr.impl.manager.DependencyManager$SingleStaticCustomizer.addedService(DependencyManager.java:1007)
	at org.apache.felix.scr.impl.manager.ServiceTracker$Tracked.customizerAdded(ServiceTracker.java:1216)
	at org.apache.felix.scr.impl.manager.ServiceTracker$Tracked.customizerAdded(ServiceTracker.java:1137)
	at org.apache.felix.scr.impl.manager.ServiceTracker$AbstractTracked.trackAdding(ServiceTracker.java:944)
	at org.apache.felix.scr.impl.manager.ServiceTracker$AbstractTracked.track(ServiceTracker.java:880)
	at org.apache.felix.scr.impl.manager.ServiceTracker$Tracked.serviceChanged(ServiceTracker.java:1168)
	at org.apache.felix.scr.impl.BundleComponentActivator$ListenerInfo.serviceChanged(BundleComponentActivator.java:125)
	at org.eclipse.osgi.internal.serviceregistry.FilteredServiceListener.serviceChanged(FilteredServiceListener.java:109)
	at org.eclipse.osgi.internal.serviceregistry.ServiceRegistry.publishServiceEventPrivileged(ServiceRegistry.java:891)
	at org.eclipse.osgi.internal.serviceregistry.ServiceRegistry.publishServiceEvent(ServiceRegistry.java:804)
	at org.eclipse.osgi.internal.serviceregistry.ServiceRegistrationImpl.register(ServiceRegistrationImpl.java:127)
	at org.eclipse.osgi.internal.serviceregistry.ServiceRegistry.registerService(ServiceRegistry.java:228)
	at org.eclipse.osgi.internal.framework.BundleContextImpl.registerService(BundleContextImpl.java:469)
	at org.eclipse.osgi.internal.framework.BundleContextImpl.registerService(BundleContextImpl.java:487)
	at org.eclipse.osgi.internal.framework.BundleContextImpl.registerService(BundleContextImpl.java:1004)
	at com.liferay.registry.internal.RegistryImpl.registerService(RegistryImpl.java:369)
	at com.liferay.portal.servlet.MainServlet.registerPortalInitialized(MainServlet.java:1310)
	at com.liferay.portal.servlet.MainServlet.init(MainServlet.java:418)
	at javax.servlet.GenericServlet.init(GenericServlet.java:158)
	at org.apache.catalina.core.StandardWrapper.initServlet(StandardWrapper.java:1124)
	at org.apache.catalina.core.StandardWrapper.loadServlet(StandardWrapper.java:1079)
	at org.apache.catalina.core.StandardWrapper.load(StandardWrapper.java:971)
	at org.apache.catalina.core.StandardContext.loadOnStartup(StandardContext.java:4829)
	at org.apache.catalina.core.StandardContext.startInternal(StandardContext.java:5143)
	at org.apache.catalina.util.LifecycleBase.start(LifecycleBase.java:183)
	at org.apache.catalina.core.ContainerBase.addChildInternal(ContainerBase.java:742)
	at org.apache.catalina.core.ContainerBase.addChild(ContainerBase.java:718)
	at org.apache.catalina.core.StandardHost.addChild(StandardHost.java:703)
	at org.apache.catalina.startup.HostConfig.deployDescriptor(HostConfig.java:630)
	at org.apache.catalina.startup.HostConfig$DeployDescriptor.run(HostConfig.java:1840)
	at java.util.concurrent.Executors$RunnableAdapter.call(Executors.java:511)
	at java.util.concurrent.FutureTask.run(FutureTask.java:266)
	at org.apache.tomcat.util.threads.InlineExecutorService.execute(InlineExecutorService.java:75)
	at java.util.concurrent.AbstractExecutorService.submit(AbstractExecutorService.java:112)
	at org.apache.catalina.startup.HostConfig.deployDescriptors(HostConfig.java:525)
	at org.apache.catalina.startup.HostConfig.deployApps(HostConfig.java:424)
	at org.apache.catalina.startup.HostConfig.start(HostConfig.java:1585)
	at org.apache.catalina.startup.HostConfig.lifecycleEvent(HostConfig.java:308)
	at org.apache.catalina.util.LifecycleBase.fireLifecycleEvent(LifecycleBase.java:123)
	at org.apache.catalina.util.LifecycleBase.setStateInternal(LifecycleBase.java:424)
	at org.apache.catalina.util.LifecycleBase.setState(LifecycleBase.java:367)
	at org.apache.catalina.core.ContainerBase.startInternal(ContainerBase.java:966)
	at org.apache.catalina.core.StandardHost.startInternal(StandardHost.java:839)
	at org.apache.catalina.util.LifecycleBase.start(LifecycleBase.java:183)
	at org.apache.catalina.core.ContainerBase$StartChild.call(ContainerBase.java:1427)
	at org.apache.catalina.core.ContainerBase$StartChild.call(ContainerBase.java:1417)
	at java.util.concurrent.FutureTask.run(FutureTask.java:266)
	at org.apache.tomcat.util.threads.InlineExecutorService.execute(InlineExecutorService.java:75)
	at java.util.concurrent.AbstractExecutorService.submit(AbstractExecutorService.java:134)
	at org.apache.catalina.core.ContainerBase.startInternal(ContainerBase.java:943)
	at org.apache.catalina.core.StandardEngine.startInternal(StandardEngine.java:258)
	at org.apache.catalina.util.LifecycleBase.start(LifecycleBase.java:183)
	at org.apache.catalina.core.StandardService.startInternal(StandardService.java:422)
	at org.apache.catalina.util.LifecycleBase.start(LifecycleBase.java:183)
	at org.apache.catalina.core.StandardServer.startInternal(StandardServer.java:770)
	at org.apache.catalina.util.LifecycleBase.start(LifecycleBase.java:183)
	at org.apache.catalina.startup.Catalina.start(Catalina.java:682)
	at sun.reflect.NativeMethodAccessorImpl.invoke0(Native Method)
	at sun.reflect.NativeMethodAccessorImpl.invoke(NativeMethodAccessorImpl.java:62)
	at sun.reflect.DelegatingMethodAccessorImpl.invoke(DelegatingMethodAccessorImpl.java:43)
	at java.lang.reflect.Method.invoke(Method.java:498)
	at org.apache.catalina.startup.Bootstrap.start(Bootstrap.java:350)
	at org.apache.catalina.startup.Bootstrap.main(Bootstrap.java:492)
2019-11-06 04:13:55.554 ERROR [main][DialectDetector:147] com.mysql.jdbc.exceptions.jdbc4.MySQLSyntaxErrorException: Unknown database 'external_database'
com.mysql.jdbc.exceptions.jdbc4.MySQLSyntaxErrorException: Unknown database 'external_database'
	at sun.reflect.NativeConstructorAccessorImpl.newInstance0(Native Method)
	at sun.reflect.NativeConstructorAccessorImpl.newInstance(NativeConstructorAccessorImpl.java:62)
	at sun.reflect.DelegatingConstructorAccessorImpl.newInstance(DelegatingConstructorAccessorImpl.java:45)
	at java.lang.reflect.Constructor.newInstance(Constructor.java:423)
	at com.mysql.jdbc.Util.handleNewInstance(Util.java:411)
	at com.mysql.jdbc.Util.getInstance(Util.java:386)
	at com.mysql.jdbc.SQLError.createSQLException(SQLError.java:1053)
	at com.mysql.jdbc.MysqlIO.checkErrorPacket(MysqlIO.java:4120)
	at com.mysql.jdbc.MysqlIO.checkErrorPacket(MysqlIO.java:4052)
	at com.mysql.jdbc.MysqlIO.checkErrorPacket(MysqlIO.java:925)
	at com.mysql.jdbc.MysqlIO.proceedHandshakeWithPluggableAuthentication(MysqlIO.java:1704)
	at com.mysql.jdbc.MysqlIO.doHandshake(MysqlIO.java:1250)
	at com.mysql.jdbc.ConnectionImpl.coreConnect(ConnectionImpl.java:2465)
	at com.mysql.jdbc.ConnectionImpl.connectOneTryOnly(ConnectionImpl.java:2498)
	at com.mysql.jdbc.ConnectionImpl.createNewIO(ConnectionImpl.java:2283)
	at com.mysql.jdbc.ConnectionImpl.<init>(ConnectionImpl.java:822)
	at com.mysql.jdbc.JDBC4Connection.<init>(JDBC4Connection.java:47)
	at sun.reflect.GeneratedConstructorAccessor27.newInstance(Unknown Source)
	at sun.reflect.DelegatingConstructorAccessorImpl.newInstance(DelegatingConstructorAccessorImpl.java:45)
	at java.lang.reflect.Constructor.newInstance(Constructor.java:423)
	at com.mysql.jdbc.Util.handleNewInstance(Util.java:411)
	at com.mysql.jdbc.ConnectionImpl.getInstance(ConnectionImpl.java:404)
	at com.mysql.jdbc.NonRegisteringDriver.connect(NonRegisteringDriver.java:317)
	at com.zaxxer.hikari.util.DriverDataSource.getConnection(DriverDataSource.java:112)
	at com.zaxxer.hikari.util.DriverDataSource.getConnection(DriverDataSource.java:118)
	at com.zaxxer.hikari.pool.PoolBase.newConnection(PoolBase.java:358)
	at com.zaxxer.hikari.pool.PoolBase.newPoolEntry(PoolBase.java:201)
	at com.zaxxer.hikari.pool.HikariPool.createPoolEntry(HikariPool.java:443)
	at com.zaxxer.hikari.pool.HikariPool.checkFailFast(HikariPool.java:514)
	at com.zaxxer.hikari.pool.HikariPool.<init>(HikariPool.java:111)
	at com.zaxxer.hikari.HikariDataSource.getConnection(HikariDataSource.java:97)
	at com.liferay.portal.spring.hibernate.DialectDetector.getDialect(DialectDetector.java:55)
	at com.liferay.portal.dao.jdbc.DataSourceFactoryImpl.initDataSource(DataSourceFactoryImpl.java:205)
	at com.liferay.portal.kernel.dao.jdbc.DataSourceFactoryUtil.initDataSource(DataSourceFactoryUtil.java:39)
	at com.liferay.portal.dao.jdbc.spring.DataSourceFactoryBean.createInstance(DataSourceFactoryBean.java:44)
	at com.liferay.portal.dao.jdbc.spring.DataSourceFactoryBean.createInstance(DataSourceFactoryBean.java:30)
	at org.springframework.beans.factory.config.AbstractFactoryBean.afterPropertiesSet(AbstractFactoryBean.java:134)
	at org.springframework.beans.factory.support.AbstractAutowireCapableBeanFactory.invokeInitMethods(AbstractAutowireCapableBeanFactory.java:1631)
	at org.springframework.beans.factory.support.AbstractAutowireCapableBeanFactory.initializeBean(AbstractAutowireCapableBeanFactory.java:1568)
	at org.springframework.beans.factory.support.AbstractAutowireCapableBeanFactory.doCreateBean(AbstractAutowireCapableBeanFactory.java:539)
	at org.springframework.beans.factory.support.AbstractAutowireCapableBeanFactory.createBean(AbstractAutowireCapableBeanFactory.java:476)
	at org.springframework.beans.factory.support.BeanDefinitionValueResolver.resolveInnerBean(BeanDefinitionValueResolver.java:299)
	at org.springframework.beans.factory.support.BeanDefinitionValueResolver.resolveValueIfNecessary(BeanDefinitionValueResolver.java:122)
	at org.springframework.beans.factory.support.AbstractAutowireCapableBeanFactory.applyPropertyValues(AbstractAutowireCapableBeanFactory.java:1475)
	at com.liferay.portal.spring.bean.LiferayBeanFactory.populateBean(LiferayBeanFactory.java:154)
	at org.springframework.beans.factory.support.AbstractAutowireCapableBeanFactory.doCreateBean(AbstractAutowireCapableBeanFactory.java:537)
	at org.springframework.beans.factory.support.AbstractAutowireCapableBeanFactory.createBean(AbstractAutowireCapableBeanFactory.java:476)
	at org.springframework.beans.factory.support.AbstractBeanFactory$1.getObject(AbstractBeanFactory.java:303)
	at org.springframework.beans.factory.support.DefaultSingletonBeanRegistry.getSingleton(DefaultSingletonBeanRegistry.java:230)
	at org.springframework.beans.factory.support.AbstractBeanFactory.doGetBean(AbstractBeanFactory.java:299)
	at org.springframework.beans.factory.support.AbstractBeanFactory.getBean(AbstractBeanFactory.java:194)
	at org.springframework.beans.factory.support.DefaultListableBeanFactory.preInstantiateSingletons(DefaultListableBeanFactory.java:755)
	at org.springframework.context.support.AbstractApplicationContext.finishBeanFactoryInitialization(AbstractApplicationContext.java:762)
	at org.springframework.context.support.AbstractApplicationContext.refresh(AbstractApplicationContext.java:480)
	at com.liferay.portal.spring.extender.internal.context.ModuleApplicationContextRegistrator.start(ModuleApplicationContextRegistrator.java:76)
	at sun.reflect.GeneratedMethodAccessor370.invoke(Unknown Source)
	at sun.reflect.DelegatingMethodAccessorImpl.invoke(DelegatingMethodAccessorImpl.java:43)
	at java.lang.reflect.Method.invoke(Method.java:498)
	at org.apache.felix.dm.InvocationUtil.invokeMethod(InvocationUtil.java:111)
	at org.apache.felix.dm.InvocationUtil.invokeCallbackMethod(InvocationUtil.java:66)
	at org.apache.felix.dm.impl.ComponentImpl.invokeCallbackMethod(ComponentImpl.java:769)
	at org.apache.felix.dm.impl.ComponentImpl.invoke(ComponentImpl.java:760)
	at org.apache.felix.dm.impl.ComponentImpl.bindService(ComponentImpl.java:705)
	at org.apache.felix.dm.impl.ComponentImpl.access$400(ComponentImpl.java:54)
	at org.apache.felix.dm.impl.ComponentImpl$7.run(ComponentImpl.java:202)
	at org.apache.felix.dm.impl.SerialExecutor.runTask(SerialExecutor.java:137)
	at org.apache.felix.dm.impl.SerialExecutor.runTasks(SerialExecutor.java:119)
	at org.apache.felix.dm.impl.SerialExecutor.execute(SerialExecutor.java:85)
	at org.apache.felix.dm.impl.ComponentImpl.calculateStateChanges(ComponentImpl.java:252)
	at org.apache.felix.dm.impl.ComponentImpl.start(ComponentImpl.java:440)
	at org.apache.felix.dm.DependencyManager.add(DependencyManager.java:167)
	at com.liferay.portal.spring.extender.internal.context.ModuleApplicationContextExtender$ModuleApplicationContextExtension.start(ModuleApplicationContextExtender.java:191)
	at org.apache.felix.utils.extender.AbstractExtender.createExtension(AbstractExtender.java:259)
	at org.apache.felix.utils.extender.AbstractExtender.modifiedBundle(AbstractExtender.java:232)
	at org.apache.felix.utils.extender.AbstractExtender.addingBundle(AbstractExtender.java:192)
	at org.osgi.util.tracker.BundleTracker$Tracked.customizerAdding(BundleTracker.java:475)
	at org.osgi.util.tracker.BundleTracker$Tracked.customizerAdding(BundleTracker.java:1)
	at org.osgi.util.tracker.AbstractTracked.trackAdding(AbstractTracked.java:256)
	at org.osgi.util.tracker.AbstractTracked.trackInitial(AbstractTracked.java:183)
	at org.osgi.util.tracker.BundleTracker.open(BundleTracker.java:159)
	at org.apache.felix.utils.extender.AbstractExtender.startTracking(AbstractExtender.java:150)
	at org.apache.felix.utils.extender.AbstractExtender.doStart(AbstractExtender.java:142)
	at org.apache.felix.utils.extender.AbstractExtender.start(AbstractExtender.java:114)
	at com.liferay.portal.spring.extender.internal.context.ModuleApplicationContextExtender.activate(ModuleApplicationContextExtender.java:64)
	at sun.reflect.NativeMethodAccessorImpl.invoke0(Native Method)
	at sun.reflect.NativeMethodAccessorImpl.invoke(NativeMethodAccessorImpl.java:62)
	at sun.reflect.DelegatingMethodAccessorImpl.invoke(DelegatingMethodAccessorImpl.java:43)
	at java.lang.reflect.Method.invoke(Method.java:498)
	at org.apache.felix.scr.impl.inject.methods.BaseMethod.invokeMethod(BaseMethod.java:228)
	at org.apache.felix.scr.impl.inject.methods.BaseMethod.access$500(BaseMethod.java:41)
	at org.apache.felix.scr.impl.inject.methods.BaseMethod$Resolved.invoke(BaseMethod.java:664)
	at org.apache.felix.scr.impl.inject.methods.BaseMethod.invoke(BaseMethod.java:510)
	at org.apache.felix.scr.impl.inject.methods.ActivateMethod.invoke(ActivateMethod.java:317)
	at org.apache.felix.scr.impl.inject.methods.ActivateMethod.invoke(ActivateMethod.java:307)
	at org.apache.felix.scr.impl.manager.SingleComponentManager.createImplementationObject(SingleComponentManager.java:341)
	at org.apache.felix.scr.impl.manager.SingleComponentManager.createComponent(SingleComponentManager.java:114)
	at org.apache.felix.scr.impl.manager.SingleComponentManager.getService(SingleComponentManager.java:983)
	at org.apache.felix.scr.impl.manager.SingleComponentManager.getServiceInternal(SingleComponentManager.java:956)
	at org.apache.felix.scr.impl.manager.AbstractComponentManager.activateInternal(AbstractComponentManager.java:765)
	at org.apache.felix.scr.impl.manager.DependencyManager$SingleStaticCustomizer.addedService(DependencyManager.java:1053)
	at org.apache.felix.scr.impl.manager.DependencyManager$SingleStaticCustomizer.addedService(DependencyManager.java:1007)
	at org.apache.felix.scr.impl.manager.ServiceTracker$Tracked.customizerAdded(ServiceTracker.java:1216)
	at org.apache.felix.scr.impl.manager.ServiceTracker$Tracked.customizerAdded(ServiceTracker.java:1137)
	at org.apache.felix.scr.impl.manager.ServiceTracker$AbstractTracked.trackAdding(ServiceTracker.java:944)
	at org.apache.felix.scr.impl.manager.ServiceTracker$AbstractTracked.track(ServiceTracker.java:880)
	at org.apache.felix.scr.impl.manager.ServiceTracker$Tracked.serviceChanged(ServiceTracker.java:1168)
	at org.apache.felix.scr.impl.BundleComponentActivator$ListenerInfo.serviceChanged(BundleComponentActivator.java:125)
	at org.eclipse.osgi.internal.serviceregistry.FilteredServiceListener.serviceChanged(FilteredServiceListener.java:109)
	at org.eclipse.osgi.internal.serviceregistry.ServiceRegistry.publishServiceEventPrivileged(ServiceRegistry.java:891)
	at org.eclipse.osgi.internal.serviceregistry.ServiceRegistry.publishServiceEvent(ServiceRegistry.java:804)
	at org.eclipse.osgi.internal.serviceregistry.ServiceRegistrationImpl.register(ServiceRegistrationImpl.java:127)
	at org.eclipse.osgi.internal.serviceregistry.ServiceRegistry.registerService(ServiceRegistry.java:228)
	at org.eclipse.osgi.internal.framework.BundleContextImpl.registerService(BundleContextImpl.java:469)
	at org.eclipse.osgi.internal.framework.BundleContextImpl.registerService(BundleContextImpl.java:487)
	at org.eclipse.osgi.internal.framework.BundleContextImpl.registerService(BundleContextImpl.java:1004)
	at com.liferay.registry.internal.RegistryImpl.registerService(RegistryImpl.java:369)
	at com.liferay.portal.servlet.MainServlet.registerPortalInitialized(MainServlet.java:1310)
	at com.liferay.portal.servlet.MainServlet.init(MainServlet.java:418)
	at javax.servlet.GenericServlet.init(GenericServlet.java:158)
	at org.apache.catalina.core.StandardWrapper.initServlet(StandardWrapper.java:1124)
	at org.apache.catalina.core.StandardWrapper.loadServlet(StandardWrapper.java:1079)
	at org.apache.catalina.core.StandardWrapper.load(StandardWrapper.java:971)
	at org.apache.catalina.core.StandardContext.loadOnStartup(StandardContext.java:4829)
	at org.apache.catalina.core.StandardContext.startInternal(StandardContext.java:5143)
	at org.apache.catalina.util.LifecycleBase.start(LifecycleBase.java:183)
	at org.apache.catalina.core.ContainerBase.addChildInternal(ContainerBase.java:742)
	at org.apache.catalina.core.ContainerBase.addChild(ContainerBase.java:718)
	at org.apache.catalina.core.StandardHost.addChild(StandardHost.java:703)
	at org.apache.catalina.startup.HostConfig.deployDescriptor(HostConfig.java:630)
	at org.apache.catalina.startup.HostConfig$DeployDescriptor.run(HostConfig.java:1840)
	at java.util.concurrent.Executors$RunnableAdapter.call(Executors.java:511)
	at java.util.concurrent.FutureTask.run(FutureTask.java:266)
	at org.apache.tomcat.util.threads.InlineExecutorService.execute(InlineExecutorService.java:75)
	at java.util.concurrent.AbstractExecutorService.submit(AbstractExecutorService.java:112)
	at org.apache.catalina.startup.HostConfig.deployDescriptors(HostConfig.java:525)
	at org.apache.catalina.startup.HostConfig.deployApps(HostConfig.java:424)
	at org.apache.catalina.startup.HostConfig.start(HostConfig.java:1585)
	at org.apache.catalina.startup.HostConfig.lifecycleEvent(HostConfig.java:308)
	at org.apache.catalina.util.LifecycleBase.fireLifecycleEvent(LifecycleBase.java:123)
	at org.apache.catalina.util.LifecycleBase.setStateInternal(LifecycleBase.java:424)
	at org.apache.catalina.util.LifecycleBase.setState(LifecycleBase.java:367)
	at org.apache.catalina.core.ContainerBase.startInternal(ContainerBase.java:966)
	at org.apache.catalina.core.StandardHost.startInternal(StandardHost.java:839)
	at org.apache.catalina.util.LifecycleBase.start(LifecycleBase.java:183)
	at org.apache.catalina.core.ContainerBase$StartChild.call(ContainerBase.java:1427)
	at org.apache.catalina.core.ContainerBase$StartChild.call(ContainerBase.java:1417)
	at java.util.concurrent.FutureTask.run(FutureTask.java:266)
	at org.apache.tomcat.util.threads.InlineExecutorService.execute(InlineExecutorService.java:75)
	at java.util.concurrent.AbstractExecutorService.submit(AbstractExecutorService.java:134)
	at org.apache.catalina.core.ContainerBase.startInternal(ContainerBase.java:943)
	at org.apache.catalina.core.StandardEngine.startInternal(StandardEngine.java:258)
	at org.apache.catalina.util.LifecycleBase.start(LifecycleBase.java:183)
	at org.apache.catalina.core.StandardService.startInternal(StandardService.java:422)
	at org.apache.catalina.util.LifecycleBase.start(LifecycleBase.java:183)
	at org.apache.catalina.core.StandardServer.startInternal(StandardServer.java:770)
	at org.apache.catalina.util.LifecycleBase.start(LifecycleBase.java:183)
	at org.apache.catalina.startup.Catalina.start(Catalina.java:682)
	at sun.reflect.NativeMethodAccessorImpl.invoke0(Native Method)
	at sun.reflect.NativeMethodAccessorImpl.invoke(NativeMethodAccessorImpl.java:62)
	at sun.reflect.DelegatingMethodAccessorImpl.invoke(DelegatingMethodAccessorImpl.java:43)
	at java.lang.reflect.Method.invoke(Method.java:498)
	at org.apache.catalina.startup.Bootstrap.start(Bootstrap.java:350)
	at org.apache.catalina.startup.Bootstrap.main(Bootstrap.java:492)
2019-11-06 04:13:55.554 WARN  [main][ModuleApplicationContext:185] Exception encountered during context initialization - cancelling refresh attempt: org.springframework.beans.factory.BeanCreationException: Error creating bean with name 'extDataSource' defined in URL [bundleentry://8669.fwk243883582/META-INF/spring/ext-spring.xml]: Cannot create inner bean 'com.liferay.portal.dao.jdbc.util.DataSourceFactoryBean#3d8262b' of type [com.liferay.portal.dao.jdbc.util.DataSourceFactoryBean] while setting bean property 'targetDataSource'; nested exception is org.springframework.beans.factory.BeanCreationException: Error creating bean with name 'com.liferay.portal.dao.jdbc.util.DataSourceFactoryBean#3d8262b' defined in URL [bundleentry://8669.fwk243883582/META-INF/spring/ext-spring.xml]: Invocation of init method failed; nested exception is java.lang.RuntimeException: No dialect found
2019-11-06 04:13:55.554 WARN  [main][com_external_database_connection_demo_service:103] Invocation of 'start' failed. 
java.lang.Exception: Unable to start com.external.database.connection.demo.service
	at com.liferay.portal.spring.extender.internal.context.ModuleApplicationContextRegistrator.start(ModuleApplicationContextRegistrator.java:94)
	at sun.reflect.GeneratedMethodAccessor370.invoke(Unknown Source)
	at sun.reflect.DelegatingMethodAccessorImpl.invoke(DelegatingMethodAccessorImpl.java:43)
	at java.lang.reflect.Method.invoke(Method.java:498)
	at org.apache.felix.dm.InvocationUtil.invokeMethod(InvocationUtil.java:111)
	at org.apache.felix.dm.InvocationUtil.invokeCallbackMethod(InvocationUtil.java:66)
	at org.apache.felix.dm.impl.ComponentImpl.invokeCallbackMethod(ComponentImpl.java:769)
	at org.apache.felix.dm.impl.ComponentImpl.invoke(ComponentImpl.java:760)
	at org.apache.felix.dm.impl.ComponentImpl.bindService(ComponentImpl.java:705)
	at org.apache.felix.dm.impl.ComponentImpl.access$400(ComponentImpl.java:54)
	at org.apache.felix.dm.impl.ComponentImpl$7.run(ComponentImpl.java:202)
	at org.apache.felix.dm.impl.SerialExecutor.runTask(SerialExecutor.java:137)
	at org.apache.felix.dm.impl.SerialExecutor.runTasks(SerialExecutor.java:119)
	at org.apache.felix.dm.impl.SerialExecutor.execute(SerialExecutor.java:85)
	at org.apache.felix.dm.impl.ComponentImpl.calculateStateChanges(ComponentImpl.java:252)
	at org.apache.felix.dm.impl.ComponentImpl.start(ComponentImpl.java:440)
	at org.apache.felix.dm.DependencyManager.add(DependencyManager.java:167)
	at com.liferay.portal.spring.extender.internal.context.ModuleApplicationContextExtender$ModuleApplicationContextExtension.start(ModuleApplicationContextExtender.java:191)
	at org.apache.felix.utils.extender.AbstractExtender.createExtension(AbstractExtender.java:259)
	at org.apache.felix.utils.extender.AbstractExtender.modifiedBundle(AbstractExtender.java:232)
	at org.apache.felix.utils.extender.AbstractExtender.addingBundle(AbstractExtender.java:192)
	at org.osgi.util.tracker.BundleTracker$Tracked.customizerAdding(BundleTracker.java:475)
	at org.osgi.util.tracker.BundleTracker$Tracked.customizerAdding(BundleTracker.java:1)
	at org.osgi.util.tracker.AbstractTracked.trackAdding(AbstractTracked.java:256)
	at org.osgi.util.tracker.AbstractTracked.trackInitial(AbstractTracked.java:183)
	at org.osgi.util.tracker.BundleTracker.open(BundleTracker.java:159)
	at org.apache.felix.utils.extender.AbstractExtender.startTracking(AbstractExtender.java:150)
	at org.apache.felix.utils.extender.AbstractExtender.doStart(AbstractExtender.java:142)
	at org.apache.felix.utils.extender.AbstractExtender.start(AbstractExtender.java:114)
	at com.liferay.portal.spring.extender.internal.context.ModuleApplicationContextExtender.activate(ModuleApplicationContextExtender.java:64)
	at sun.reflect.NativeMethodAccessorImpl.invoke0(Native Method)
	at sun.reflect.NativeMethodAccessorImpl.invoke(NativeMethodAccessorImpl.java:62)
	at sun.reflect.DelegatingMethodAccessorImpl.invoke(DelegatingMethodAccessorImpl.java:43)
	at java.lang.reflect.Method.invoke(Method.java:498)
	at org.apache.felix.scr.impl.inject.methods.BaseMethod.invokeMethod(BaseMethod.java:228)
	at org.apache.felix.scr.impl.inject.methods.BaseMethod.access$500(BaseMethod.java:41)
	at org.apache.felix.scr.impl.inject.methods.BaseMethod$Resolved.invoke(BaseMethod.java:664)
	at org.apache.felix.scr.impl.inject.methods.BaseMethod.invoke(BaseMethod.java:510)
	at org.apache.felix.scr.impl.inject.methods.ActivateMethod.invoke(ActivateMethod.java:317)
	at org.apache.felix.scr.impl.inject.methods.ActivateMethod.invoke(ActivateMethod.java:307)
	at org.apache.felix.scr.impl.manager.SingleComponentManager.createImplementationObject(SingleComponentManager.java:341)
	at org.apache.felix.scr.impl.manager.SingleComponentManager.createComponent(SingleComponentManager.java:114)
	at org.apache.felix.scr.impl.manager.SingleComponentManager.getService(SingleComponentManager.java:983)
	at org.apache.felix.scr.impl.manager.SingleComponentManager.getServiceInternal(SingleComponentManager.java:956)
	at org.apache.felix.scr.impl.manager.AbstractComponentManager.activateInternal(AbstractComponentManager.java:765)
	at org.apache.felix.scr.impl.manager.DependencyManager$SingleStaticCustomizer.addedService(DependencyManager.java:1053)
	at org.apache.felix.scr.impl.manager.DependencyManager$SingleStaticCustomizer.addedService(DependencyManager.java:1007)
	at org.apache.felix.scr.impl.manager.ServiceTracker$Tracked.customizerAdded(ServiceTracker.java:1216)
	at org.apache.felix.scr.impl.manager.ServiceTracker$Tracked.customizerAdded(ServiceTracker.java:1137)
	at org.apache.felix.scr.impl.manager.ServiceTracker$AbstractTracked.trackAdding(ServiceTracker.java:944)
	at org.apache.felix.scr.impl.manager.ServiceTracker$AbstractTracked.track(ServiceTracker.java:880)
	at org.apache.felix.scr.impl.manager.ServiceTracker$Tracked.serviceChanged(ServiceTracker.java:1168)
	at org.apache.felix.scr.impl.BundleComponentActivator$ListenerInfo.serviceChanged(BundleComponentActivator.java:125)
	at org.eclipse.osgi.internal.serviceregistry.FilteredServiceListener.serviceChanged(FilteredServiceListener.java:109)
	at org.eclipse.osgi.internal.serviceregistry.ServiceRegistry.publishServiceEventPrivileged(ServiceRegistry.java:891)
	at org.eclipse.osgi.internal.serviceregistry.ServiceRegistry.publishServiceEvent(ServiceRegistry.java:804)
	at org.eclipse.osgi.internal.serviceregistry.ServiceRegistrationImpl.register(ServiceRegistrationImpl.java:127)
	at org.eclipse.osgi.internal.serviceregistry.ServiceRegistry.registerService(ServiceRegistry.java:228)
	at org.eclipse.osgi.internal.framework.BundleContextImpl.registerService(BundleContextImpl.java:469)
	at org.eclipse.osgi.internal.framework.BundleContextImpl.registerService(BundleContextImpl.java:487)
	at org.eclipse.osgi.internal.framework.BundleContextImpl.registerService(BundleContextImpl.java:1004)
	at com.liferay.registry.internal.RegistryImpl.registerService(RegistryImpl.java:369)
	at com.liferay.portal.servlet.MainServlet.registerPortalInitialized(MainServlet.java:1310)
	at com.liferay.portal.servlet.MainServlet.init(MainServlet.java:418)
	at javax.servlet.GenericServlet.init(GenericServlet.java:158)
	at org.apache.catalina.core.StandardWrapper.initServlet(StandardWrapper.java:1124)
	at org.apache.catalina.core.StandardWrapper.loadServlet(StandardWrapper.java:1079)
	at org.apache.catalina.core.StandardWrapper.load(StandardWrapper.java:971)
	at org.apache.catalina.core.StandardContext.loadOnStartup(StandardContext.java:4829)
	at org.apache.catalina.core.StandardContext.startInternal(StandardContext.java:5143)
	at org.apache.catalina.util.LifecycleBase.start(LifecycleBase.java:183)
	at org.apache.catalina.core.ContainerBase.addChildInternal(ContainerBase.java:742)
	at org.apache.catalina.core.ContainerBase.addChild(ContainerBase.java:718)
	at org.apache.catalina.core.StandardHost.addChild(StandardHost.java:703)
	at org.apache.catalina.startup.HostConfig.deployDescriptor(HostConfig.java:630)
	at org.apache.catalina.startup.HostConfig$DeployDescriptor.run(HostConfig.java:1840)
	at java.util.concurrent.Executors$RunnableAdapter.call(Executors.java:511)
	at java.util.concurrent.FutureTask.run(FutureTask.java:266)
	at org.apache.tomcat.util.threads.InlineExecutorService.execute(InlineExecutorService.java:75)
	at java.util.concurrent.AbstractExecutorService.submit(AbstractExecutorService.java:112)
	at org.apache.catalina.startup.HostConfig.deployDescriptors(HostConfig.java:525)
	at org.apache.catalina.startup.HostConfig.deployApps(HostConfig.java:424)
	at org.apache.catalina.startup.HostConfig.start(HostConfig.java:1585)
	at org.apache.catalina.startup.HostConfig.lifecycleEvent(HostConfig.java:308)
	at org.apache.catalina.util.LifecycleBase.fireLifecycleEvent(LifecycleBase.java:123)
	at org.apache.catalina.util.LifecycleBase.setStateInternal(LifecycleBase.java:424)
	at org.apache.catalina.util.LifecycleBase.setState(LifecycleBase.java:367)
	at org.apache.catalina.core.ContainerBase.startInternal(ContainerBase.java:966)
	at org.apache.catalina.core.StandardHost.startInternal(StandardHost.java:839)
	at org.apache.catalina.util.LifecycleBase.start(LifecycleBase.java:183)
	at org.apache.catalina.core.ContainerBase$StartChild.call(ContainerBase.java:1427)
	at org.apache.catalina.core.ContainerBase$StartChild.call(ContainerBase.java:1417)
	at java.util.concurrent.FutureTask.run(FutureTask.java:266)
	at org.apache.tomcat.util.threads.InlineExecutorService.execute(InlineExecutorService.java:75)
	at java.util.concurrent.AbstractExecutorService.submit(AbstractExecutorService.java:134)
	at org.apache.catalina.core.ContainerBase.startInternal(ContainerBase.java:943)
	at org.apache.catalina.core.StandardEngine.startInternal(StandardEngine.java:258)
	at org.apache.catalina.util.LifecycleBase.start(LifecycleBase.java:183)
	at org.apache.catalina.core.StandardService.startInternal(StandardService.java:422)
	at org.apache.catalina.util.LifecycleBase.start(LifecycleBase.java:183)
	at org.apache.catalina.core.StandardServer.startInternal(StandardServer.java:770)
	at org.apache.catalina.util.LifecycleBase.start(LifecycleBase.java:183)
	at org.apache.catalina.startup.Catalina.start(Catalina.java:682)
	at sun.reflect.NativeMethodAccessorImpl.invoke0(Native Method)
	at sun.reflect.NativeMethodAccessorImpl.invoke(NativeMethodAccessorImpl.java:62)
	at sun.reflect.DelegatingMethodAccessorImpl.invoke(DelegatingMethodAccessorImpl.java:43)
	at java.lang.reflect.Method.invoke(Method.java:498)
	at org.apache.catalina.startup.Bootstrap.start(Bootstrap.java:350)
	at org.apache.catalina.startup.Bootstrap.main(Bootstrap.java:492)
Caused by: org.springframework.beans.factory.BeanCreationException: Error creating bean with name 'extDataSource' defined in URL [bundleentry://8669.fwk243883582/META-INF/spring/ext-spring.xml]: Cannot create inner bean 'com.liferay.portal.dao.jdbc.util.DataSourceFactoryBean#3d8262b' of type [com.liferay.portal.dao.jdbc.util.DataSourceFactoryBean] while setting bean property 'targetDataSource'; nested exception is org.springframework.beans.factory.BeanCreationException: Error creating bean with name 'com.liferay.portal.dao.jdbc.util.DataSourceFactoryBean#3d8262b' defined in URL [bundleentry://8669.fwk243883582/META-INF/spring/ext-spring.xml]: Invocation of init method failed; nested exception is java.lang.RuntimeException: No dialect found
	at org.springframework.beans.factory.support.BeanDefinitionValueResolver.resolveInnerBean(BeanDefinitionValueResolver.java:313)
	at org.springframework.beans.factory.support.BeanDefinitionValueResolver.resolveValueIfNecessary(BeanDefinitionValueResolver.java:122)
	at org.springframework.beans.factory.support.AbstractAutowireCapableBeanFactory.applyPropertyValues(AbstractAutowireCapableBeanFactory.java:1475)
	at com.liferay.portal.spring.bean.LiferayBeanFactory.populateBean(LiferayBeanFactory.java:154)
	at org.springframework.beans.factory.support.AbstractAutowireCapableBeanFactory.doCreateBean(AbstractAutowireCapableBeanFactory.java:537)
	at org.springframework.beans.factory.support.AbstractAutowireCapableBeanFactory.createBean(AbstractAutowireCapableBeanFactory.java:476)
	at org.springframework.beans.factory.support.AbstractBeanFactory$1.getObject(AbstractBeanFactory.java:303)
	at org.springframework.beans.factory.support.DefaultSingletonBeanRegistry.getSingleton(DefaultSingletonBeanRegistry.java:230)
	at org.springframework.beans.factory.support.AbstractBeanFactory.doGetBean(AbstractBeanFactory.java:299)
	at org.springframework.beans.factory.support.AbstractBeanFactory.getBean(AbstractBeanFactory.java:194)
	at org.springframework.beans.factory.support.DefaultListableBeanFactory.preInstantiateSingletons(DefaultListableBeanFactory.java:755)
	at org.springframework.context.support.AbstractApplicationContext.finishBeanFactoryInitialization(AbstractApplicationContext.java:762)
	at org.springframework.context.support.AbstractApplicationContext.refresh(AbstractApplicationContext.java:480)
	at com.liferay.portal.spring.extender.internal.context.ModuleApplicationContextRegistrator.start(ModuleApplicationContextRegistrator.java:76)
	... 108 more
Caused by: org.springframework.beans.factory.BeanCreationException: Error creating bean with name 'com.liferay.portal.dao.jdbc.util.DataSourceFactoryBean#3d8262b' defined in URL [bundleentry://8669.fwk243883582/META-INF/spring/ext-spring.xml]: Invocation of init method failed; nested exception is java.lang.RuntimeException: No dialect found
	at org.springframework.beans.factory.support.AbstractAutowireCapableBeanFactory.initializeBean(AbstractAutowireCapableBeanFactory.java:1572)
	at org.springframework.beans.factory.support.AbstractAutowireCapableBeanFactory.doCreateBean(AbstractAutowireCapableBeanFactory.java:539)
	at org.springframework.beans.factory.support.AbstractAutowireCapableBeanFactory.createBean(AbstractAutowireCapableBeanFactory.java:476)
	at org.springframework.beans.factory.support.BeanDefinitionValueResolver.resolveInnerBean(BeanDefinitionValueResolver.java:299)
	... 121 more
Caused by: java.lang.RuntimeException: No dialect found
	at com.liferay.portal.spring.hibernate.DialectDetector.getDialect(DialectDetector.java:152)
	at com.liferay.portal.dao.jdbc.DataSourceFactoryImpl.initDataSource(DataSourceFactoryImpl.java:205)
	at com.liferay.portal.kernel.dao.jdbc.DataSourceFactoryUtil.initDataSource(DataSourceFactoryUtil.java:39)
	at com.liferay.portal.dao.jdbc.spring.DataSourceFactoryBean.createInstance(DataSourceFactoryBean.java:44)
	at com.liferay.portal.dao.jdbc.spring.DataSourceFactoryBean.createInstance(DataSourceFactoryBean.java:30)
	at org.springframework.beans.factory.config.AbstractFactoryBean.afterPropertiesSet(AbstractFactoryBean.java:134)
	at org.springframework.beans.factory.support.AbstractAutowireCapableBeanFactory.invokeInitMethods(AbstractAutowireCapableBeanFactory.java:1631)
	at org.springframework.beans.factory.support.AbstractAutowireCapableBeanFactory.initializeBean(AbstractAutowireCapableBeanFactory.java:1568)
	... 124 more
2019-11-06 04:14:00.398 ERROR [main][PortletImpl:2920] Unable to link role for portlet [MyCampaigns] with role-name [cf_PROJECT_OWNER] because role-link is null
2019-11-06 04:14:08.884 INFO  [main][ThemeHotDeployListener:108] 1 theme for classic-theme is available for use
2019-11-06 04:14:09.898 INFO  [main][ThemeHotDeployListener:108] 1 theme for admin-theme is available for use
2019-11-06 04:14:15.403 INFO  [main][ThemeHotDeployListener:108] 1 theme for my-custome-theme is available for use
2019-11-06 04:14:17.784 INFO  [main][SystemCheckOSGiCommands:54] System check is enabled. You can run a system check with the command "system:check" in Gogo shell.
2019-11-06 04:14:17.786 INFO  [main][SystemCheckOSGiCommands:64] Running system check
2019-11-06 04:14:17.786 INFO  [main][SystemCheckOSGiCommands:95] Available checkers :[Declarative Service Soft Circular Dependency Checker, Declarative Service Unsatisfied Component Checker, Spring Extender Unavailable Component Checker]
2019-11-06 04:14:17.787 INFO  [main][SystemCheckOSGiCommands:111] Running "Declarative Service Soft Circular Dependency Checker". You can run this by itself with command "ds:softCircularDependency" in gogo shell.
2019-11-06 04:14:18.772 INFO  [main][SystemCheckOSGiCommands:123] Declarative Service Soft Circular Dependency Checker check result: No issues were found.
2019-11-06 04:14:18.772 INFO  [main][SystemCheckOSGiCommands:111] Running "Declarative Service Unsatisfied Component Checker". You can run this by itself with command "ds:unsatisfied" in gogo shell.
2019-11-06 04:14:22.928 INFO  [main][SystemCheckOSGiCommands:123] Declarative Service Unsatisfied Component Checker check result: No issues were found.
2019-11-06 04:14:22.940 INFO  [main][SystemCheckOSGiCommands:111] Running "Spring Extender Unavailable Component Checker". You can run this by itself with command "dm na" in gogo shell.
2019-11-06 04:14:22.941 INFO  [main][SystemCheckOSGiCommands:123] Spring Extender Unavailable Component Checker check result: No issues were found.
2019-11-06 04:43:16.335 INFO  [main][ThemeHotDeployListener:171] 1 theme for admin-theme was unregistered
2019-11-06 04:43:16.580 INFO  [main][ThemeHotDeployListener:171] 1 theme for my-custome-theme was unregistered
2019-11-06 04:43:16.820 INFO  [main][ThemeHotDeployListener:171] 1 theme for classic-theme was unregistered
2019-11-06 04:43:18.093 WARN  [liferay/search_writer/SYSTEM_ENGINE-8][ProxyMessageListener:88] com.liferay.portal.kernel.search.SearchException: Unable to delete document com_liferay_configuration_admin_web_portlet_SystemSettingsPortlet_PORTLET_com.liferay.iframe.web.configuration.IFramePortletInstanceConfiguration
com.liferay.portal.kernel.search.SearchException: Unable to delete document com_liferay_configuration_admin_web_portlet_SystemSettingsPortlet_PORTLET_com.liferay.iframe.web.configuration.IFramePortletInstanceConfiguration
	at com.liferay.portal.search.elasticsearch6.internal.ElasticsearchIndexWriter.deleteDocument(ElasticsearchIndexWriter.java:138)
	at sun.reflect.GeneratedMethodAccessor789.invoke(Unknown Source)
	at sun.reflect.DelegatingMethodAccessorImpl.invoke(DelegatingMethodAccessorImpl.java:43)
	at java.lang.reflect.Method.invoke(Method.java:498)
	at com.liferay.portal.kernel.messaging.proxy.ProxyRequest.execute(ProxyRequest.java:82)
	at com.liferay.portal.kernel.messaging.proxy.ProxyMessageListener.receive(ProxyMessageListener.java:58)
	at com.liferay.portal.kernel.messaging.InvokerMessageListener.receive(InvokerMessageListener.java:74)
	at com.liferay.portal.kernel.messaging.ParallelDestination$1.run(ParallelDestination.java:52)
	at com.liferay.portal.kernel.concurrent.ThreadPoolExecutor$WorkerTask._runTask(ThreadPoolExecutor.java:752)
	at com.liferay.portal.kernel.concurrent.ThreadPoolExecutor$WorkerTask.run(ThreadPoolExecutor.java:664)
	at java.lang.Thread.run(Thread.java:745)
Caused by: java.lang.IllegalStateException: Future got interrupted
	at org.elasticsearch.action.support.AdapterActionFuture.actionGet(AdapterActionFuture.java:42)
	at org.elasticsearch.action.ActionRequestBuilder.get(ActionRequestBuilder.java:53)
	at com.liferay.portal.search.elasticsearch6.internal.ElasticsearchIndexWriter.deleteDocument(ElasticsearchIndexWriter.java:125)
	... 10 more
Caused by: java.lang.InterruptedException
	at java.util.concurrent.locks.AbstractQueuedSynchronizer.doAcquireSharedInterruptibly(AbstractQueuedSynchronizer.java:998)
	at java.util.concurrent.locks.AbstractQueuedSynchronizer.acquireSharedInterruptibly(AbstractQueuedSynchronizer.java:1304)
	at org.elasticsearch.common.util.concurrent.BaseFuture$Sync.get(BaseFuture.java:251)
	at org.elasticsearch.common.util.concurrent.BaseFuture.get(BaseFuture.java:94)
	at org.elasticsearch.action.support.AdapterActionFuture.actionGet(AdapterActionFuture.java:39)
	... 12 more
2019-11-06 04:43:18.094 WARN  [liferay/search_writer/SYSTEM_ENGINE-5][ProxyMessageListener:88] com.liferay.portal.kernel.search.SearchException: Unable to delete document com_liferay_configuration_admin_web_portlet_SystemSettingsPortlet_PORTLET_com.liferay.portlet.configuration.css.web.internal.configuration.PortletConfigurationCSSPortletConfiguration
com.liferay.portal.kernel.search.SearchException: Unable to delete document com_liferay_configuration_admin_web_portlet_SystemSettingsPortlet_PORTLET_com.liferay.portlet.configuration.css.web.internal.configuration.PortletConfigurationCSSPortletConfiguration
	at com.liferay.portal.search.elasticsearch6.internal.ElasticsearchIndexWriter.deleteDocument(ElasticsearchIndexWriter.java:138)
	at sun.reflect.GeneratedMethodAccessor789.invoke(Unknown Source)
	at sun.reflect.DelegatingMethodAccessorImpl.invoke(DelegatingMethodAccessorImpl.java:43)
	at java.lang.reflect.Method.invoke(Method.java:498)
	at com.liferay.portal.kernel.messaging.proxy.ProxyRequest.execute(ProxyRequest.java:82)
	at com.liferay.portal.kernel.messaging.proxy.ProxyMessageListener.receive(ProxyMessageListener.java:58)
	at com.liferay.portal.kernel.messaging.InvokerMessageListener.receive(InvokerMessageListener.java:74)
	at com.liferay.portal.kernel.messaging.ParallelDestination$1.run(ParallelDestination.java:52)
	at com.liferay.portal.kernel.concurrent.ThreadPoolExecutor$WorkerTask._runTask(ThreadPoolExecutor.java:752)
	at com.liferay.portal.kernel.concurrent.ThreadPoolExecutor$WorkerTask.run(ThreadPoolExecutor.java:664)
	at java.lang.Thread.run(Thread.java:745)
Caused by: java.lang.IllegalStateException: Future got interrupted
	at org.elasticsearch.action.support.AdapterActionFuture.actionGet(AdapterActionFuture.java:42)
	at org.elasticsearch.action.ActionRequestBuilder.get(ActionRequestBuilder.java:53)
	at com.liferay.portal.search.elasticsearch6.internal.ElasticsearchIndexWriter.deleteDocument(ElasticsearchIndexWriter.java:125)
	... 10 more
Caused by: java.lang.InterruptedException
	at java.util.concurrent.locks.AbstractQueuedSynchronizer.doAcquireSharedInterruptibly(AbstractQueuedSynchronizer.java:998)
	at java.util.concurrent.locks.AbstractQueuedSynchronizer.acquireSharedInterruptibly(AbstractQueuedSynchronizer.java:1304)
	at org.elasticsearch.common.util.concurrent.BaseFuture$Sync.get(BaseFuture.java:251)
	at org.elasticsearch.common.util.concurrent.BaseFuture.get(BaseFuture.java:94)
	at org.elasticsearch.action.support.AdapterActionFuture.actionGet(AdapterActionFuture.java:39)
	... 12 more
2019-11-06 04:43:18.094 WARN  [liferay/search_writer/SYSTEM_ENGINE-3][ProxyMessageListener:88] com.liferay.portal.kernel.search.SearchException: Unable to delete document com_liferay_configuration_admin_web_portlet_SystemSettingsPortlet_PORTLET_com.liferay.document.library.document.conversion.internal.configuration.OpenOfficeConfiguration
com.liferay.portal.kernel.search.SearchException: Unable to delete document com_liferay_configuration_admin_web_portlet_SystemSettingsPortlet_PORTLET_com.liferay.document.library.document.conversion.internal.configuration.OpenOfficeConfiguration
	at com.liferay.portal.search.elasticsearch6.internal.ElasticsearchIndexWriter.deleteDocument(ElasticsearchIndexWriter.java:138)
	at sun.reflect.GeneratedMethodAccessor789.invoke(Unknown Source)
	at sun.reflect.DelegatingMethodAccessorImpl.invoke(DelegatingMethodAccessorImpl.java:43)
	at java.lang.reflect.Method.invoke(Method.java:498)
	at com.liferay.portal.kernel.messaging.proxy.ProxyRequest.execute(ProxyRequest.java:82)
	at com.liferay.portal.kernel.messaging.proxy.ProxyMessageListener.receive(ProxyMessageListener.java:58)
	at com.liferay.portal.kernel.messaging.InvokerMessageListener.receive(InvokerMessageListener.java:74)
	at com.liferay.portal.kernel.messaging.ParallelDestination$1.run(ParallelDestination.java:52)
	at com.liferay.portal.kernel.concurrent.ThreadPoolExecutor$WorkerTask._runTask(ThreadPoolExecutor.java:752)
	at com.liferay.portal.kernel.concurrent.ThreadPoolExecutor$WorkerTask.run(ThreadPoolExecutor.java:664)
	at java.lang.Thread.run(Thread.java:745)
Caused by: java.lang.IllegalStateException: Future got interrupted
	at org.elasticsearch.action.support.AdapterActionFuture.actionGet(AdapterActionFuture.java:42)
	at org.elasticsearch.action.ActionRequestBuilder.get(ActionRequestBuilder.java:53)
	at com.liferay.portal.search.elasticsearch6.internal.ElasticsearchIndexWriter.deleteDocument(ElasticsearchIndexWriter.java:125)
	... 10 more
Caused by: java.lang.InterruptedException
	at java.util.concurrent.locks.AbstractQueuedSynchronizer.doAcquireSharedInterruptibly(AbstractQueuedSynchronizer.java:998)
	at java.util.concurrent.locks.AbstractQueuedSynchronizer.acquireSharedInterruptibly(AbstractQueuedSynchronizer.java:1304)
	at org.elasticsearch.common.util.concurrent.BaseFuture$Sync.get(BaseFuture.java:251)
	at org.elasticsearch.common.util.concurrent.BaseFuture.get(BaseFuture.java:94)
	at org.elasticsearch.action.support.AdapterActionFuture.actionGet(AdapterActionFuture.java:39)
	... 12 more
2019-11-06 04:43:18.094 WARN  [liferay/search_writer/SYSTEM_ENGINE-7][ProxyMessageListener:88] com.liferay.portal.kernel.search.SearchException: Unable to delete document com_liferay_configuration_admin_web_portlet_SystemSettingsPortlet_PORTLET_com.liferay.dynamic.data.lists.configuration.DDLServiceConfiguration
com.liferay.portal.kernel.search.SearchException: Unable to delete document com_liferay_configuration_admin_web_portlet_SystemSettingsPortlet_PORTLET_com.liferay.dynamic.data.lists.configuration.DDLServiceConfiguration
	at com.liferay.portal.search.elasticsearch6.internal.ElasticsearchIndexWriter.deleteDocument(ElasticsearchIndexWriter.java:138)
	at sun.reflect.GeneratedMethodAccessor789.invoke(Unknown Source)
	at sun.reflect.DelegatingMethodAccessorImpl.invoke(DelegatingMethodAccessorImpl.java:43)
	at java.lang.reflect.Method.invoke(Method.java:498)
	at com.liferay.portal.kernel.messaging.proxy.ProxyRequest.execute(ProxyRequest.java:82)
	at com.liferay.portal.kernel.messaging.proxy.ProxyMessageListener.receive(ProxyMessageListener.java:58)
	at com.liferay.portal.kernel.messaging.InvokerMessageListener.receive(InvokerMessageListener.java:74)
	at com.liferay.portal.kernel.messaging.ParallelDestination$1.run(ParallelDestination.java:52)
	at com.liferay.portal.kernel.concurrent.ThreadPoolExecutor$WorkerTask._runTask(ThreadPoolExecutor.java:752)
	at com.liferay.portal.kernel.concurrent.ThreadPoolExecutor$WorkerTask.run(ThreadPoolExecutor.java:664)
	at java.lang.Thread.run(Thread.java:745)
Caused by: java.lang.IllegalStateException: Future got interrupted
	at org.elasticsearch.action.support.AdapterActionFuture.actionGet(AdapterActionFuture.java:42)
	at org.elasticsearch.action.ActionRequestBuilder.get(ActionRequestBuilder.java:53)
	at com.liferay.portal.search.elasticsearch6.internal.ElasticsearchIndexWriter.deleteDocument(ElasticsearchIndexWriter.java:125)
	... 10 more
Caused by: java.lang.InterruptedException
	at java.util.concurrent.locks.AbstractQueuedSynchronizer.doAcquireSharedInterruptibly(AbstractQueuedSynchronizer.java:998)
	at java.util.concurrent.locks.AbstractQueuedSynchronizer.acquireSharedInterruptibly(AbstractQueuedSynchronizer.java:1304)
	at org.elasticsearch.common.util.concurrent.BaseFuture$Sync.get(BaseFuture.java:251)
	at org.elasticsearch.common.util.concurrent.BaseFuture.get(BaseFuture.java:94)
	at org.elasticsearch.action.support.AdapterActionFuture.actionGet(AdapterActionFuture.java:39)
	... 12 more
2019-11-06 04:43:18.093 WARN  [liferay/search_writer/SYSTEM_ENGINE-6][ProxyMessageListener:88] com.liferay.portal.kernel.search.SearchException: Unable to delete document com_liferay_configuration_admin_web_portlet_SystemSettingsPortlet_PORTLET_com.liferay.portal.security.sso.token.internal.configuration.TokenConfiguration
com.liferay.portal.kernel.search.SearchException: Unable to delete document com_liferay_configuration_admin_web_portlet_SystemSettingsPortlet_PORTLET_com.liferay.portal.security.sso.token.internal.configuration.TokenConfiguration
	at com.liferay.portal.search.elasticsearch6.internal.ElasticsearchIndexWriter.deleteDocument(ElasticsearchIndexWriter.java:138)
	at sun.reflect.GeneratedMethodAccessor789.invoke(Unknown Source)
	at sun.reflect.DelegatingMethodAccessorImpl.invoke(DelegatingMethodAccessorImpl.java:43)
	at java.lang.reflect.Method.invoke(Method.java:498)
	at com.liferay.portal.kernel.messaging.proxy.ProxyRequest.execute(ProxyRequest.java:82)
	at com.liferay.portal.kernel.messaging.proxy.ProxyMessageListener.receive(ProxyMessageListener.java:58)
	at com.liferay.portal.kernel.messaging.InvokerMessageListener.receive(InvokerMessageListener.java:74)
	at com.liferay.portal.kernel.messaging.ParallelDestination$1.run(ParallelDestination.java:52)
	at com.liferay.portal.kernel.concurrent.ThreadPoolExecutor$WorkerTask._runTask(ThreadPoolExecutor.java:752)
	at com.liferay.portal.kernel.concurrent.ThreadPoolExecutor$WorkerTask.run(ThreadPoolExecutor.java:664)
	at java.lang.Thread.run(Thread.java:745)
Caused by: java.lang.IllegalStateException: Future got interrupted
	at org.elasticsearch.action.support.AdapterActionFuture.actionGet(AdapterActionFuture.java:42)
	at org.elasticsearch.action.ActionRequestBuilder.get(ActionRequestBuilder.java:53)
	at com.liferay.portal.search.elasticsearch6.internal.ElasticsearchIndexWriter.deleteDocument(ElasticsearchIndexWriter.java:125)
	... 10 more
Caused by: java.lang.InterruptedException
	at java.util.concurrent.locks.AbstractQueuedSynchronizer.doAcquireSharedInterruptibly(AbstractQueuedSynchronizer.java:998)
	at java.util.concurrent.locks.AbstractQueuedSynchronizer.acquireSharedInterruptibly(AbstractQueuedSynchronizer.java:1304)
	at org.elasticsearch.common.util.concurrent.BaseFuture$Sync.get(BaseFuture.java:251)
	at org.elasticsearch.common.util.concurrent.BaseFuture.get(BaseFuture.java:94)
	at org.elasticsearch.action.support.AdapterActionFuture.actionGet(AdapterActionFuture.java:39)
	... 12 more
