2019-04-11 03:58:19.404 INFO  [main][DialectDetector:158] Using dialect org.hibernate.dialect.MySQLDialect for MySQL 5.7
2019-04-11 03:58:22.327 INFO  [main][ModuleFrameworkImpl:1326] Starting initial bundles
2019-04-11 03:58:41.398 INFO  [ModuleFramework-Static-Bundles-3][LPKGIndexValidator:150] Running validation because of mismatched checksum for liferay-target-platform
2019-04-11 04:02:59.500 INFO  [ModuleFramework-Static-Bundles-3][LPKGIndexValidator:273] LPKG validation time 04:23s
2019-04-11 04:04:22.748 INFO  [ModuleFramework-Static-Bundles-3][LPKGIndexValidator:212] Updated C:\LR7\liferay-ce-portal-7.1.1-ga2\osgi\target-platform\integrity.properties
2019-04-11 04:04:25.727 INFO  [main][ModuleFrameworkImpl:1592] Started initial bundles
2019-04-11 04:04:25.737 INFO  [main][ModuleFrameworkImpl:1627] Starting dynamic bundles
2019-04-11 04:05:20.196 INFO  [main][ModuleFrameworkImpl:1716] Started dynamic bundles
2019-04-11 04:05:20.200 INFO  [main][ModuleFrameworkImpl:413] Navigate to Control Panel > Configuration > Gogo Shell and enter "lb" to see all bundles
2019-04-11 04:05:23.676 WARN  [Elasticsearch initialization thread][EmbeddedElasticsearchConnection:286] Liferay is configured to use embedded Elasticsearch as its search engine. Do NOT use embedded Elasticsearch in production. Embedded Elasticsearch is useful for development and demonstration purposes. Remote Elasticsearch connections can be configured in the Control Panel.
2019-04-11 04:05:32.911 INFO  [main][StartupHelper:72] There are no patches installed
2019-04-11 04:05:35.247 INFO  [main][AutoDeployDir:193] Auto deploy scanner started for C:\LR7\liferay-ce-portal-7.1.1-ga2\deploy
2019-04-11 04:05:37.489 INFO  [main][BaseAutoDeployListener:43] Copying themes for C:\LR7\liferay-ce-portal-7.1.1-ga2\tomcat-9.0.10\temp\20190411040537333YHYTAZJD\admin-theme.war
2019-04-11 04:05:39.780 INFO  [main][BaseDeployer:877] Deploying admin-theme.war
2019-04-11 04:05:58.861 INFO  [main][BaseAutoDeployListener:50] Themes for C:\LR7\liferay-ce-portal-7.1.1-ga2\tomcat-9.0.10\temp\20190411040537333YHYTAZJD\admin-theme.war copied successfully
2019-04-11 04:06:03.822 INFO  [main][BundleStartStopLogger:39] STARTED admin-theme_2.0.17 [7712]
2019-04-11 04:06:03.860 INFO  [main][BaseAutoDeployListener:43] Copying themes for C:\LR7\liferay-ce-portal-7.1.1-ga2\tomcat-9.0.10\temp\20190411040603827TYXEPFPJ\classic-theme.war
2019-04-11 04:06:04.421 INFO  [main][BaseDeployer:877] Deploying classic-theme.war
2019-04-11 04:06:21.021 INFO  [main][BaseAutoDeployListener:50] Themes for C:\LR7\liferay-ce-portal-7.1.1-ga2\tomcat-9.0.10\temp\20190411040603827TYXEPFPJ\classic-theme.war copied successfully
2019-04-11 04:06:24.659 INFO  [main][BundleStartStopLogger:39] STARTED classic-theme_2.0.20 [7713]
2019-04-11 04:06:45.844 INFO  [main][ThemeHotDeployListener:108] 1 theme for admin-theme is available for use
2019-04-11 04:06:46.581 INFO  [main][ThemeHotDeployListener:108] 1 theme for classic-theme is available for use
2019-04-11 04:06:48.316 ERROR [main][PortletImpl:2920] Unable to link role for portlet [MyCampaigns] with role-name [cf_PROJECT_OWNER] because role-link is null
2019-04-11 04:06:51.946 INFO  [main][SystemCheckOSGiCommands:54] System check is enabled. You can run a system check with the command "system:check" in Gogo shell.
2019-04-11 04:06:51.950 INFO  [main][SystemCheckOSGiCommands:64] Running system check
2019-04-11 04:06:51.950 INFO  [main][SystemCheckOSGiCommands:95] Available checkers :[Declarative Service Soft Circular Dependency Checker, Declarative Service Unsatisfied Component Checker, Spring Extender Unavailable Component Checker]
2019-04-11 04:06:51.951 INFO  [main][SystemCheckOSGiCommands:111] Running "Declarative Service Soft Circular Dependency Checker". You can run this by itself with command "ds:softCircularDependency" in gogo shell.
2019-04-11 04:06:53.096 INFO  [main][SystemCheckOSGiCommands:123] Declarative Service Soft Circular Dependency Checker check result: No issues were found.
2019-04-11 04:06:53.103 INFO  [main][SystemCheckOSGiCommands:111] Running "Declarative Service Unsatisfied Component Checker". You can run this by itself with command "ds:unsatisfied" in gogo shell.
2019-04-11 04:06:57.267 INFO  [main][SystemCheckOSGiCommands:123] Declarative Service Unsatisfied Component Checker check result: No issues were found.
2019-04-11 04:06:57.267 INFO  [main][SystemCheckOSGiCommands:111] Running "Spring Extender Unavailable Component Checker". You can run this by itself with command "dm na" in gogo shell.
2019-04-11 04:06:57.280 INFO  [main][SystemCheckOSGiCommands:123] Spring Extender Unavailable Component Checker check result: No issues were found.
2019-04-11 05:10:40.163 WARN  [HikariPool-1 housekeeper][HikariPool:686] HikariPool-1 - Thread starvation or clock leap detected (housekeeper delta=34m50s556ms259µs657ns).
2019-04-11 05:10:43.079 WARN  [HikariPool-2 housekeeper][HikariPool:686] HikariPool-2 - Thread starvation or clock leap detected (housekeeper delta=34m50s563ms281µs55ns).
2019-04-11 07:38:31.019 INFO  [fileinstall-C:/LR7/liferay-ce-portal-7.1.1-ga2/osgi/modules][BundleStartStopLogger:42] STOPPED com.crowd.funding.module.controller_1.0.0 [6832]
2019-04-11 07:38:31.218 INFO  [Refresh Thread: Equinox Container: 80452fec-3885-4f18-8be8-ac322d1bed53][BundleStartStopLogger:39] STARTED com.crowd.funding.module.controller_1.0.0 [6832]
2019-04-11 07:38:31.609 ERROR [Refresh Thread: Equinox Container: 80452fec-3885-4f18-8be8-ac322d1bed53][PortletImpl:2920] Unable to link role for portlet [MyCampaigns] with role-name [cf_PROJECT_OWNER] because role-link is null
2019-04-11 07:39:11.756 INFO  [fileinstall-C:/LR7/liferay-ce-portal-7.1.1-ga2/osgi/modules][BundleStartStopLogger:42] STOPPED com.crowd.funding.dynamic.fees.controller_1.0.0 [6831]
2019-04-11 07:39:12.494 INFO  [Refresh Thread: Equinox Container: 80452fec-3885-4f18-8be8-ac322d1bed53][BundleStartStopLogger:39] STARTED com.crowd.funding.dynamic.fees.controller_1.0.0 [6831]
2019-04-11 07:43:37.941 INFO  [fileinstall-C:/LR7/liferay-ce-portal-7.1.1-ga2/osgi/modules][BundleStartStopLogger:42] STOPPED com.crowd.funding.module.controller_1.0.0 [6832]
2019-04-11 07:43:38.108 INFO  [Refresh Thread: Equinox Container: 80452fec-3885-4f18-8be8-ac322d1bed53][BundleStartStopLogger:39] STARTED com.crowd.funding.module.controller_1.0.0 [6832]
2019-04-11 07:43:38.442 ERROR [Refresh Thread: Equinox Container: 80452fec-3885-4f18-8be8-ac322d1bed53][PortletImpl:2920] Unable to link role for portlet [MyCampaigns] with role-name [cf_PROJECT_OWNER] because role-link is null
2019-04-11 07:46:28.670 INFO  [fileinstall-C:/LR7/liferay-ce-portal-7.1.1-ga2/osgi/modules][BundleStartStopLogger:42] STOPPED com.crowd.funding.module.controller_1.0.0 [6832]
2019-04-11 07:46:29.311 INFO  [Refresh Thread: Equinox Container: 80452fec-3885-4f18-8be8-ac322d1bed53][BundleStartStopLogger:39] STARTED com.crowd.funding.module.controller_1.0.0 [6832]
2019-04-11 07:46:29.627 ERROR [Refresh Thread: Equinox Container: 80452fec-3885-4f18-8be8-ac322d1bed53][PortletImpl:2920] Unable to link role for portlet [MyCampaigns] with role-name [cf_PROJECT_OWNER] because role-link is null
2019-04-11 07:47:04.728 INFO  [fileinstall-C:/LR7/liferay-ce-portal-7.1.1-ga2/osgi/modules][BundleStartStopLogger:42] STOPPED com.crowd.funding.module.controller_1.0.0 [6832]
2019-04-11 07:47:04.882 INFO  [Refresh Thread: Equinox Container: 80452fec-3885-4f18-8be8-ac322d1bed53][BundleStartStopLogger:39] STARTED com.crowd.funding.module.controller_1.0.0 [6832]
2019-04-11 07:47:05.099 ERROR [Refresh Thread: Equinox Container: 80452fec-3885-4f18-8be8-ac322d1bed53][PortletImpl:2920] Unable to link role for portlet [MyCampaigns] with role-name [cf_PROJECT_OWNER] because role-link is null
2019-04-11 07:50:50.415 INFO  [fileinstall-C:/LR7/liferay-ce-portal-7.1.1-ga2/osgi/modules][BundleStartStopLogger:42] STOPPED com.crowd.funding.module.controller_1.0.0 [6832]
2019-04-11 07:50:50.553 INFO  [Refresh Thread: Equinox Container: 80452fec-3885-4f18-8be8-ac322d1bed53][BundleStartStopLogger:39] STARTED com.crowd.funding.module.controller_1.0.0 [6832]
2019-04-11 07:50:50.740 ERROR [Refresh Thread: Equinox Container: 80452fec-3885-4f18-8be8-ac322d1bed53][PortletImpl:2920] Unable to link role for portlet [MyCampaigns] with role-name [cf_PROJECT_OWNER] because role-link is null
2019-04-11 08:17:38.899 ERROR [http-nio-8080-exec-1][PortletRequestDispatcherImpl:306] Unable to dispatch request: com.crowd.funding.database.exception.NoSuchUserRegistrationException: No UserRegistration exists with the key {USER_ID=47153}
2019-04-11 08:17:38.909 ERROR [http-nio-8080-exec-1][PortletServlet:112] javax.portlet.PortletException: javax.servlet.ServletException: com.crowd.funding.database.exception.NoSuchUserRegistrationException: No UserRegistration exists with the key {USER_ID=47153}
javax.portlet.PortletException: javax.servlet.ServletException: com.crowd.funding.database.exception.NoSuchUserRegistrationException: No UserRegistration exists with the key {USER_ID=47153}
	at com.liferay.portlet.internal.PortletRequestDispatcherImpl.dispatch(PortletRequestDispatcherImpl.java:308)
	at com.liferay.portlet.internal.PortletRequestDispatcherImpl.include(PortletRequestDispatcherImpl.java:128)
	at com.liferay.portal.kernel.portlet.bridges.mvc.MVCPortlet.include(MVCPortlet.java:589)
	at com.liferay.portal.kernel.portlet.bridges.mvc.MVCPortlet.include(MVCPortlet.java:605)
	at com.liferay.portal.kernel.portlet.bridges.mvc.MVCPortlet.doDispatch(MVCPortlet.java:489)
	at javax.portlet.GenericPortlet.render(GenericPortlet.java:291)
	at com.liferay.portal.kernel.portlet.bridges.mvc.MVCPortlet.render(MVCPortlet.java:316)
	at com.liferay.portlet.internal.FilterChainImpl.doFilter(FilterChainImpl.java:127)
	at com.liferay.portlet.ScriptDataPortletFilter.doFilter(ScriptDataPortletFilter.java:58)
	at com.liferay.portlet.internal.FilterChainImpl.doFilter(FilterChainImpl.java:124)
	at com.liferay.portal.kernel.portlet.PortletFilterUtil.doFilter(PortletFilterUtil.java:71)
	at com.liferay.portal.kernel.servlet.PortletServlet.service(PortletServlet.java:108)
	at javax.servlet.http.HttpServlet.service(HttpServlet.java:741)
	at org.eclipse.equinox.http.servlet.internal.registration.EndpointRegistration.service(EndpointRegistration.java:153)
	at org.eclipse.equinox.http.servlet.internal.servlet.ResponseStateHandler.processRequest(ResponseStateHandler.java:62)
	at org.eclipse.equinox.http.servlet.internal.context.DispatchTargets.doDispatch(DispatchTargets.java:120)
	at org.eclipse.equinox.http.servlet.internal.servlet.RequestDispatcherAdaptor.include(RequestDispatcherAdaptor.java:48)
	at com.liferay.portlet.internal.InvokerPortletImpl.invoke(InvokerPortletImpl.java:564)
	at com.liferay.portlet.internal.InvokerPortletImpl.invokeRender(InvokerPortletImpl.java:660)
	at com.liferay.portlet.internal.InvokerPortletImpl.render(InvokerPortletImpl.java:357)
	at com.liferay.portal.monitoring.internal.portlet.MonitoringInvokerPortlet.lambda$render$0(MonitoringInvokerPortlet.java:280)
	at com.liferay.portal.monitoring.internal.portlet.MonitoringInvokerPortlet._render(MonitoringInvokerPortlet.java:383)
	at com.liferay.portal.monitoring.internal.portlet.MonitoringInvokerPortlet.render(MonitoringInvokerPortlet.java:278)
	at org.apache.jsp.html.portal.render_005fportlet_jsp._jspService(render_005fportlet_jsp.java:1534)
	at org.apache.jasper.runtime.HttpJspBase.service(HttpJspBase.java:70)
	at javax.servlet.http.HttpServlet.service(HttpServlet.java:741)
	at com.liferay.portal.servlet.DirectRequestDispatcher.include(DirectRequestDispatcher.java:64)
	at com.liferay.portal.servlet.DirectRequestDispatcherFactoryImpl$IndirectRequestDispatcher.include(DirectRequestDispatcherFactoryImpl.java:179)
	at com.liferay.portal.servlet.ClassLoaderRequestDispatcherWrapper.doDispatch(ClassLoaderRequestDispatcherWrapper.java:79)
	at com.liferay.portal.servlet.ClassLoaderRequestDispatcherWrapper.include(ClassLoaderRequestDispatcherWrapper.java:53)
	at com.liferay.portal.servlet.TransferHeadersHelperImpl$TransferHeadersRequestDispatcher.include(TransferHeadersHelperImpl.java:163)
	at com.liferay.portlet.internal.PortletContainerImpl._render(PortletContainerImpl.java:869)
	at com.liferay.portlet.internal.PortletContainerImpl.lambda$render$2(PortletContainerImpl.java:215)
	at com.liferay.portlet.internal.PortletContainerImpl._preserveGroupIds(PortletContainerImpl.java:394)
	at com.liferay.portlet.internal.PortletContainerImpl.render(PortletContainerImpl.java:204)
	at com.liferay.portlet.SecurityPortletContainerWrapper.render(SecurityPortletContainerWrapper.java:142)
	at com.liferay.portlet.RestrictPortletContainerWrapper.lambda$render$0(RestrictPortletContainerWrapper.java:126)
	at com.liferay.portlet.RestrictPortletContainerWrapper._render(RestrictPortletContainerWrapper.java:183)
	at com.liferay.portlet.RestrictPortletContainerWrapper.render(RestrictPortletContainerWrapper.java:124)
	at com.liferay.portal.kernel.portlet.PortletContainerUtil.render(PortletContainerUtil.java:185)
	at com.liferay.portal.layoutconfiguration.util.PortletRenderer._render(PortletRenderer.java:192)
	at com.liferay.portal.layoutconfiguration.util.PortletRenderer.render(PortletRenderer.java:84)
	at com.liferay.portal.layoutconfiguration.util.RuntimePageImpl.doProcessTemplate(RuntimePageImpl.java:568)
	at com.liferay.portal.layoutconfiguration.util.RuntimePageImpl.doDispatch(RuntimePageImpl.java:340)
	at com.liferay.portal.layoutconfiguration.util.RuntimePageImpl.processTemplate(RuntimePageImpl.java:154)
	at com.liferay.portal.layoutconfiguration.util.RuntimePageImpl.processTemplate(RuntimePageImpl.java:175)
	at com.liferay.portal.kernel.layoutconfiguration.util.RuntimePageUtil.processTemplate(RuntimePageUtil.java:94)
	at org.apache.jsp.html.portal.layout.view.portlet_jsp._jspService(portlet_jsp.java:728)
	at org.apache.jasper.runtime.HttpJspBase.service(HttpJspBase.java:70)
	at javax.servlet.http.HttpServlet.service(HttpServlet.java:741)
	at com.liferay.portal.servlet.DirectRequestDispatcher.include(DirectRequestDispatcher.java:64)
	at com.liferay.portal.servlet.DirectRequestDispatcherFactoryImpl$IndirectRequestDispatcher.include(DirectRequestDispatcherFactoryImpl.java:179)
	at com.liferay.portal.servlet.ClassLoaderRequestDispatcherWrapper.doDispatch(ClassLoaderRequestDispatcherWrapper.java:79)
	at com.liferay.portal.servlet.ClassLoaderRequestDispatcherWrapper.include(ClassLoaderRequestDispatcherWrapper.java:53)
	at com.liferay.portal.servlet.TransferHeadersHelperImpl$TransferHeadersRequestDispatcher.include(TransferHeadersHelperImpl.java:163)
	at com.liferay.portal.model.impl.LayoutTypeControllerImpl.includeLayoutContent(LayoutTypeControllerImpl.java:171)
	at com.liferay.portal.model.impl.LayoutImpl.includeLayoutContent(LayoutImpl.java:904)
	at com.liferay.portal.action.LayoutAction.processLayout(LayoutAction.java:407)
	at com.liferay.portal.action.LayoutAction.execute(LayoutAction.java:174)
	at com.liferay.portal.struts.PortalRequestProcessor._processActionPerform(PortalRequestProcessor.java:706)
	at com.liferay.portal.struts.PortalRequestProcessor._process(PortalRequestProcessor.java:646)
	at com.liferay.portal.struts.PortalRequestProcessor.process(PortalRequestProcessor.java:194)
	at com.liferay.portal.servlet.MainServlet.process(MainServlet.java:1065)
	at org.apache.struts.action.ActionServlet.doGet(ActionServlet.java:449)
	at javax.servlet.http.HttpServlet.service(HttpServlet.java:634)
	at com.liferay.portal.servlet.MainServlet.callParentService(MainServlet.java:596)
	at com.liferay.portal.servlet.MainServlet.service(MainServlet.java:573)
	at javax.servlet.http.HttpServlet.service(HttpServlet.java:741)
	at org.apache.catalina.core.ApplicationFilterChain.internalDoFilter(ApplicationFilterChain.java:231)
	at org.apache.catalina.core.ApplicationFilterChain.doFilter(ApplicationFilterChain.java:166)
	at org.apache.tomcat.websocket.server.WsFilter.doFilter(WsFilter.java:53)
	at org.apache.catalina.core.ApplicationFilterChain.internalDoFilter(ApplicationFilterChain.java:193)
	at org.apache.catalina.core.ApplicationFilterChain.doFilter(ApplicationFilterChain.java:166)
	at com.liferay.portal.kernel.servlet.filters.invoker.InvokerFilterChain.doFilter(InvokerFilterChain.java:119)
	at com.liferay.portal.servlet.filters.password.modified.PasswordModifiedFilter.processFilter(PasswordModifiedFilter.java:57)
	at com.liferay.portal.kernel.servlet.BaseFilter.doFilter(BaseFilter.java:49)
	at com.liferay.portal.kernel.servlet.filters.invoker.InvokerFilterChain.processDoFilter(InvokerFilterChain.java:207)
	at com.liferay.portal.kernel.servlet.filters.invoker.InvokerFilterChain.doFilter(InvokerFilterChain.java:112)
	at com.liferay.portal.kernel.servlet.BaseFilter.processFilter(BaseFilter.java:144)
	at com.liferay.portal.servlet.filters.secure.BaseAuthFilter.processFilter(BaseAuthFilter.java:340)
	at com.liferay.portal.kernel.servlet.BaseFilter.doFilter(BaseFilter.java:49)
	at com.liferay.portal.kernel.servlet.filters.invoker.InvokerFilterChain.processDoFilter(InvokerFilterChain.java:207)
	at com.liferay.portal.kernel.servlet.filters.invoker.InvokerFilterChain.doFilter(InvokerFilterChain.java:112)
	at com.liferay.portal.kernel.servlet.BaseFilter.processFilter(BaseFilter.java:144)
	at com.liferay.portal.monitoring.internal.servlet.filter.MonitoringFilter.processFilter(MonitoringFilter.java:178)
	at com.liferay.portal.kernel.servlet.BaseFilter.doFilter(BaseFilter.java:49)
	at com.liferay.portal.kernel.servlet.filters.invoker.InvokerFilterChain.processDoFilter(InvokerFilterChain.java:207)
	at com.liferay.portal.kernel.servlet.filters.invoker.InvokerFilterChain.doFilter(InvokerFilterChain.java:112)
	at com.liferay.portal.kernel.servlet.filters.invoker.InvokerFilter.doFilter(InvokerFilter.java:101)
	at org.apache.catalina.core.ApplicationFilterChain.internalDoFilter(ApplicationFilterChain.java:193)
	at org.apache.catalina.core.ApplicationFilterChain.doFilter(ApplicationFilterChain.java:166)
	at org.apache.catalina.core.ApplicationDispatcher.invoke(ApplicationDispatcher.java:712)
	at org.apache.catalina.core.ApplicationDispatcher.processRequest(ApplicationDispatcher.java:459)
	at org.apache.catalina.core.ApplicationDispatcher.doForward(ApplicationDispatcher.java:384)
	at org.apache.catalina.core.ApplicationDispatcher.forward(ApplicationDispatcher.java:312)
	at com.liferay.friendly.url.internal.servlet.FriendlyURLServlet.service(FriendlyURLServlet.java:367)
	at javax.servlet.http.HttpServlet.service(HttpServlet.java:741)
	at com.liferay.portal.servlet.ServletAdapter.service(ServletAdapter.java:98)
	at javax.servlet.http.HttpServlet.service(HttpServlet.java:741)
	at org.apache.catalina.core.ApplicationFilterChain.internalDoFilter(ApplicationFilterChain.java:231)
	at org.apache.catalina.core.ApplicationFilterChain.doFilter(ApplicationFilterChain.java:166)
	at org.apache.tomcat.websocket.server.WsFilter.doFilter(WsFilter.java:53)
	at org.apache.catalina.core.ApplicationFilterChain.internalDoFilter(ApplicationFilterChain.java:193)
	at org.apache.catalina.core.ApplicationFilterChain.doFilter(ApplicationFilterChain.java:166)
	at com.liferay.portal.kernel.servlet.filters.invoker.InvokerFilterChain.doFilter(InvokerFilterChain.java:119)
	at com.liferay.portal.kernel.servlet.BaseFilter.processFilter(BaseFilter.java:144)
	at com.liferay.portal.servlet.filters.strip.StripFilter.processFilter(StripFilter.java:340)
	at com.liferay.portal.kernel.servlet.BaseFilter.doFilter(BaseFilter.java:49)
	at com.liferay.portal.kernel.servlet.filters.invoker.InvokerFilterChain.processDoFilter(InvokerFilterChain.java:207)
	at com.liferay.portal.kernel.servlet.filters.invoker.InvokerFilterChain.doFilter(InvokerFilterChain.java:112)
	at com.liferay.portal.kernel.servlet.BaseFilter.processFilter(BaseFilter.java:144)
	at com.liferay.portal.servlet.filters.i18n.I18nFilter.processFilter(I18nFilter.java:360)
	at com.liferay.portal.kernel.servlet.BaseFilter.doFilter(BaseFilter.java:49)
	at com.liferay.portal.kernel.servlet.filters.invoker.InvokerFilterChain.processDoFilter(InvokerFilterChain.java:207)
	at com.liferay.portal.kernel.servlet.filters.invoker.InvokerFilterChain.doFilter(InvokerFilterChain.java:112)
	at com.liferay.portal.servlet.filters.password.modified.PasswordModifiedFilter.processFilter(PasswordModifiedFilter.java:57)
	at com.liferay.portal.kernel.servlet.BaseFilter.doFilter(BaseFilter.java:49)
	at com.liferay.portal.kernel.servlet.filters.invoker.InvokerFilterChain.processDoFilter(InvokerFilterChain.java:207)
	at com.liferay.portal.kernel.servlet.filters.invoker.InvokerFilterChain.doFilter(InvokerFilterChain.java:112)
	at com.liferay.portal.kernel.servlet.BaseFilter.processFilter(BaseFilter.java:144)
	at com.liferay.portal.servlet.filters.secure.BaseAuthFilter.processFilter(BaseAuthFilter.java:340)
	at com.liferay.portal.kernel.servlet.BaseFilter.doFilter(BaseFilter.java:49)
	at com.liferay.portal.kernel.servlet.filters.invoker.InvokerFilterChain.processDoFilter(InvokerFilterChain.java:207)
	at com.liferay.portal.kernel.servlet.filters.invoker.InvokerFilterChain.doFilter(InvokerFilterChain.java:112)
	at com.liferay.portal.kernel.servlet.BaseFilter.processFilter(BaseFilter.java:144)
	at com.liferay.portal.servlet.filters.autologin.AutoLoginFilter.processFilter(AutoLoginFilter.java:260)
	at com.liferay.portal.kernel.servlet.BaseFilter.doFilter(BaseFilter.java:49)
	at com.liferay.portal.kernel.servlet.filters.invoker.InvokerFilterChain.processDoFilter(InvokerFilterChain.java:207)
	at com.liferay.portal.kernel.servlet.filters.invoker.InvokerFilterChain.doFilter(InvokerFilterChain.java:112)
	at com.liferay.portal.kernel.servlet.BaseFilter.processFilter(BaseFilter.java:144)
	at com.liferay.portal.sharepoint.SharepointFilter.processFilter(SharepointFilter.java:88)
	at com.liferay.portal.kernel.servlet.BaseFilter.doFilter(BaseFilter.java:49)
	at com.liferay.portal.kernel.servlet.filters.invoker.InvokerFilterChain.processDoFilter(InvokerFilterChain.java:207)
	at com.liferay.portal.kernel.servlet.filters.invoker.InvokerFilterChain.doFilter(InvokerFilterChain.java:112)
	at com.liferay.portal.kernel.servlet.BaseFilter.processFilter(BaseFilter.java:144)
	at com.liferay.portal.servlet.filters.virtualhost.VirtualHostFilter.processFilter(VirtualHostFilter.java:263)
	at com.liferay.portal.kernel.servlet.BaseFilter.doFilter(BaseFilter.java:49)
	at com.liferay.portal.kernel.servlet.filters.invoker.InvokerFilterChain.processDoFilter(InvokerFilterChain.java:207)
	at com.liferay.portal.kernel.servlet.filters.invoker.InvokerFilterChain.doFilter(InvokerFilterChain.java:112)
	at com.liferay.portal.kernel.servlet.BaseFilter.processFilter(BaseFilter.java:144)
	at com.liferay.portal.monitoring.internal.servlet.filter.MonitoringFilter.processFilter(MonitoringFilter.java:178)
	at com.liferay.portal.kernel.servlet.BaseFilter.doFilter(BaseFilter.java:49)
	at com.liferay.portal.kernel.servlet.filters.invoker.InvokerFilterChain.processDoFilter(InvokerFilterChain.java:207)
	at com.liferay.portal.kernel.servlet.filters.invoker.InvokerFilterChain.doFilter(InvokerFilterChain.java:112)
	at com.liferay.portal.kernel.servlet.filters.invoker.InvokerFilterChain.processDirectCallFilter(InvokerFilterChain.java:188)
	at com.liferay.portal.kernel.servlet.filters.invoker.InvokerFilterChain.doFilter(InvokerFilterChain.java:96)
	at com.liferay.portal.kernel.servlet.filters.invoker.InvokerFilterChain.processDirectCallFilter(InvokerFilterChain.java:188)
	at com.liferay.portal.kernel.servlet.filters.invoker.InvokerFilterChain.doFilter(InvokerFilterChain.java:96)
	at org.tuckey.web.filters.urlrewrite.RuleChain.handleRewrite(RuleChain.java:176)
	at org.tuckey.web.filters.urlrewrite.RuleChain.doRules(RuleChain.java:145)
	at org.tuckey.web.filters.urlrewrite.UrlRewriter.processRequest(UrlRewriter.java:92)
	at org.tuckey.web.filters.urlrewrite.UrlRewriteFilter.doFilter(UrlRewriteFilter.java:389)
	at com.liferay.portal.servlet.filters.urlrewrite.UrlRewriteFilter.processFilter(UrlRewriteFilter.java:65)
	at com.liferay.portal.kernel.servlet.BaseFilter.doFilter(BaseFilter.java:49)
	at com.liferay.portal.kernel.servlet.filters.invoker.InvokerFilterChain.processDoFilter(InvokerFilterChain.java:207)
	at com.liferay.portal.kernel.servlet.filters.invoker.InvokerFilterChain.doFilter(InvokerFilterChain.java:112)
	at com.liferay.portal.kernel.servlet.filters.invoker.InvokerFilterChain.processDirectCallFilter(InvokerFilterChain.java:168)
	at com.liferay.portal.kernel.servlet.filters.invoker.InvokerFilterChain.doFilter(InvokerFilterChain.java:96)
	at com.liferay.portal.kernel.servlet.filters.invoker.InvokerFilterChain.processDirectCallFilter(InvokerFilterChain.java:168)
	at com.liferay.portal.kernel.servlet.filters.invoker.InvokerFilterChain.doFilter(InvokerFilterChain.java:96)
	at com.liferay.portal.kernel.servlet.filters.invoker.InvokerFilterChain.processDirectCallFilter(InvokerFilterChain.java:188)
	at com.liferay.portal.kernel.servlet.filters.invoker.InvokerFilterChain.doFilter(InvokerFilterChain.java:96)
	at com.liferay.portal.kernel.servlet.filters.invoker.InvokerFilter.doFilter(InvokerFilter.java:101)
	at org.apache.catalina.core.ApplicationFilterChain.internalDoFilter(ApplicationFilterChain.java:193)
	at org.apache.catalina.core.ApplicationFilterChain.doFilter(ApplicationFilterChain.java:166)
	at org.apache.catalina.core.StandardWrapperValve.invoke(StandardWrapperValve.java:199)
	at org.apache.catalina.core.StandardContextValve.invoke(StandardContextValve.java:96)
	at org.apache.catalina.authenticator.AuthenticatorBase.invoke(AuthenticatorBase.java:491)
	at org.apache.catalina.core.StandardHostValve.invoke(StandardHostValve.java:139)
	at org.apache.catalina.valves.ErrorReportValve.invoke(ErrorReportValve.java:92)
	at org.apache.catalina.core.StandardEngineValve.invoke(StandardEngineValve.java:87)
	at org.apache.catalina.connector.CoyoteAdapter.service(CoyoteAdapter.java:343)
	at org.apache.coyote.http11.Http11Processor.service(Http11Processor.java:408)
	at org.apache.coyote.AbstractProcessorLight.process(AbstractProcessorLight.java:66)
	at org.apache.coyote.AbstractProtocol$ConnectionHandler.process(AbstractProtocol.java:764)
	at org.apache.tomcat.util.net.NioEndpoint$SocketProcessor.doRun(NioEndpoint.java:1388)
	at org.apache.tomcat.util.net.SocketProcessorBase.run(SocketProcessorBase.java:49)
	at java.util.concurrent.ThreadPoolExecutor.runWorker(ThreadPoolExecutor.java:1142)
	at java.util.concurrent.ThreadPoolExecutor$Worker.run(ThreadPoolExecutor.java:617)
	at org.apache.tomcat.util.threads.TaskThread$WrappingRunnable.run(TaskThread.java:61)
	at java.lang.Thread.run(Thread.java:745)
Caused by: javax.servlet.ServletException: com.crowd.funding.database.exception.NoSuchUserRegistrationException: No UserRegistration exists with the key {USER_ID=47153}
	at org.apache.jasper.runtime.PageContextImpl.doHandlePageException(PageContextImpl.java:953)
	at org.apache.jasper.runtime.PageContextImpl.handlePageException(PageContextImpl.java:885)
	at com.liferay.taglib.servlet.PageContextWrapper.handlePageException(PageContextWrapper.java:173)
	at org.apache.jsp.jsp.BenificiaryDetails.ApprovalDetails_jsp._jspService(ApprovalDetails_jsp:745)
	at org.apache.jasper.runtime.HttpJspBase.service(HttpJspBase.java:111)
	at javax.servlet.http.HttpServlet.service(HttpServlet.java:741)
	at org.apache.jasper.servlet.JspServletWrapper.service(JspServletWrapper.java:411)
	at org.apache.jasper.servlet.JspServlet.serviceJspFile(JspServlet.java:473)
	at org.apache.jasper.servlet.JspServlet.service(JspServlet.java:377)
	at javax.servlet.http.HttpServlet.service(HttpServlet.java:741)
	at com.liferay.portal.osgi.web.servlet.jsp.compiler.internal.JspServlet.service(JspServlet.java:319)
	at com.liferay.portal.osgi.web.servlet.jsp.compiler.internal.JspServlet.service(JspServlet.java:330)
	at org.eclipse.equinox.http.servlet.internal.registration.EndpointRegistration.service(EndpointRegistration.java:153)
	at org.eclipse.equinox.http.servlet.internal.servlet.ResponseStateHandler.processRequest(ResponseStateHandler.java:62)
	at org.eclipse.equinox.http.servlet.internal.context.DispatchTargets.doDispatch(DispatchTargets.java:120)
	at org.eclipse.equinox.http.servlet.internal.servlet.RequestDispatcherAdaptor.include(RequestDispatcherAdaptor.java:48)
	at com.liferay.portlet.internal.PortletRequestDispatcherImpl.dispatch(PortletRequestDispatcherImpl.java:293)
	... 180 more
Caused by: com.crowd.funding.database.exception.NoSuchUserRegistrationException: No UserRegistration exists with the key {USER_ID=47153}
	at com.crowd.funding.database.service.persistence.impl.UserRegistrationPersistenceImpl.findByUSER_ID(UserRegistrationPersistenceImpl.java:677)
	at com.crowd.funding.database.service.impl.UserRegistrationLocalServiceImpl.findByUSER_ID(UserRegistrationLocalServiceImpl.java:43)
	at sun.reflect.NativeMethodAccessorImpl.invoke0(Native Method)
	at sun.reflect.NativeMethodAccessorImpl.invoke(NativeMethodAccessorImpl.java:62)
	at sun.reflect.DelegatingMethodAccessorImpl.invoke(DelegatingMethodAccessorImpl.java:43)
	at java.lang.reflect.Method.invoke(Method.java:498)
	at com.liferay.portal.spring.aop.ServiceBeanMethodInvocation.proceed(ServiceBeanMethodInvocation.java:153)
	at com.liferay.portal.spring.transaction.DefaultTransactionExecutor._execute(DefaultTransactionExecutor.java:203)
	at com.liferay.portal.spring.transaction.DefaultTransactionExecutor.execute(DefaultTransactionExecutor.java:94)
	at com.liferay.portal.spring.transaction.TransactionInterceptor.invoke(TransactionInterceptor.java:113)
	at com.liferay.portal.spring.aop.ServiceBeanMethodInvocation.proceed(ServiceBeanMethodInvocation.java:130)
	at com.liferay.portal.spring.aop.ChainableMethodAdvice.invoke(ChainableMethodAdvice.java:55)
	at com.liferay.portal.spring.aop.ServiceBeanMethodInvocation.proceed(ServiceBeanMethodInvocation.java:130)
	at com.liferay.portal.spring.aop.ServiceBeanAopProxy.invoke(ServiceBeanAopProxy.java:125)
	at com.sun.proxy.$Proxy462.findByUSER_ID(Unknown Source)
	at com.crowd.funding.database.service.UserRegistrationLocalServiceUtil.findByUSER_ID(UserRegistrationLocalServiceUtil.java:187)
	at org.apache.jsp.jsp.BenificiaryDetails.ApprovalDetails_jsp._jspService(ApprovalDetails_jsp:413)
	... 193 more
2019-04-11 08:17:38.910 ERROR [http-nio-8080-exec-1][render_portlet_jsp:131] null
com.crowd.funding.database.exception.NoSuchUserRegistrationException: No UserRegistration exists with the key {USER_ID=47153}
	at com.crowd.funding.database.service.persistence.impl.UserRegistrationPersistenceImpl.findByUSER_ID(UserRegistrationPersistenceImpl.java:677)
	at com.crowd.funding.database.service.impl.UserRegistrationLocalServiceImpl.findByUSER_ID(UserRegistrationLocalServiceImpl.java:43)
	at com.liferay.portal.spring.aop.ServiceBeanMethodInvocation.proceed(ServiceBeanMethodInvocation.java:153)
	at com.liferay.portal.spring.transaction.DefaultTransactionExecutor._execute(DefaultTransactionExecutor.java:203)
	at com.liferay.portal.spring.transaction.DefaultTransactionExecutor.execute(DefaultTransactionExecutor.java:94)
	at com.liferay.portal.spring.transaction.TransactionInterceptor.invoke(TransactionInterceptor.java:113)
	at com.liferay.portal.spring.aop.ServiceBeanMethodInvocation.proceed(ServiceBeanMethodInvocation.java:130)
	at com.liferay.portal.spring.aop.ChainableMethodAdvice.invoke(ChainableMethodAdvice.java:55)
	at com.liferay.portal.spring.aop.ServiceBeanMethodInvocation.proceed(ServiceBeanMethodInvocation.java:130)
	at com.liferay.portal.spring.aop.ServiceBeanAopProxy.invoke(ServiceBeanAopProxy.java:125)
	at com.crowd.funding.database.service.UserRegistrationLocalServiceUtil.findByUSER_ID(UserRegistrationLocalServiceUtil.java:187)
	at org.apache.jsp.jsp.BenificiaryDetails.ApprovalDetails_jsp._jspService(ApprovalDetails_jsp:413)
	at org.apache.jasper.runtime.HttpJspBase.service(HttpJspBase.java:111)
	at javax.servlet.http.HttpServlet.service(HttpServlet.java:741)
	at org.apache.jasper.servlet.JspServletWrapper.service(JspServletWrapper.java:411)
	at org.apache.jasper.servlet.JspServlet.serviceJspFile(JspServlet.java:473)
	at org.apache.jasper.servlet.JspServlet.service(JspServlet.java:377)
	at javax.servlet.http.HttpServlet.service(HttpServlet.java:741)
	at com.liferay.portal.osgi.web.servlet.jsp.compiler.internal.JspServlet.service(JspServlet.java:319)
	at com.liferay.portal.osgi.web.servlet.jsp.compiler.internal.JspServlet.service(JspServlet.java:330)
2019-04-11 08:17:50.151 ERROR [http-nio-8080-exec-1][PortletRequestDispatcherImpl:306] Unable to dispatch request: com.crowd.funding.database.exception.NoSuchUserRegistrationException: No UserRegistration exists with the key {USER_ID=47153}
2019-04-11 08:17:50.159 ERROR [http-nio-8080-exec-1][PortletServlet:112] javax.portlet.PortletException: javax.servlet.ServletException: com.crowd.funding.database.exception.NoSuchUserRegistrationException: No UserRegistration exists with the key {USER_ID=47153}
javax.portlet.PortletException: javax.servlet.ServletException: com.crowd.funding.database.exception.NoSuchUserRegistrationException: No UserRegistration exists with the key {USER_ID=47153}
	at com.liferay.portlet.internal.PortletRequestDispatcherImpl.dispatch(PortletRequestDispatcherImpl.java:308)
	at com.liferay.portlet.internal.PortletRequestDispatcherImpl.include(PortletRequestDispatcherImpl.java:128)
	at com.liferay.portal.kernel.portlet.bridges.mvc.MVCPortlet.include(MVCPortlet.java:589)
	at com.liferay.portal.kernel.portlet.bridges.mvc.MVCPortlet.include(MVCPortlet.java:605)
	at com.liferay.portal.kernel.portlet.bridges.mvc.MVCPortlet.doDispatch(MVCPortlet.java:489)
	at javax.portlet.GenericPortlet.render(GenericPortlet.java:291)
	at com.liferay.portal.kernel.portlet.bridges.mvc.MVCPortlet.render(MVCPortlet.java:316)
	at com.liferay.portlet.internal.FilterChainImpl.doFilter(FilterChainImpl.java:127)
	at com.liferay.portlet.ScriptDataPortletFilter.doFilter(ScriptDataPortletFilter.java:58)
	at com.liferay.portlet.internal.FilterChainImpl.doFilter(FilterChainImpl.java:124)
	at com.liferay.portal.kernel.portlet.PortletFilterUtil.doFilter(PortletFilterUtil.java:71)
	at com.liferay.portal.kernel.servlet.PortletServlet.service(PortletServlet.java:108)
	at javax.servlet.http.HttpServlet.service(HttpServlet.java:741)
	at org.eclipse.equinox.http.servlet.internal.registration.EndpointRegistration.service(EndpointRegistration.java:153)
	at org.eclipse.equinox.http.servlet.internal.servlet.ResponseStateHandler.processRequest(ResponseStateHandler.java:62)
	at org.eclipse.equinox.http.servlet.internal.context.DispatchTargets.doDispatch(DispatchTargets.java:120)
	at org.eclipse.equinox.http.servlet.internal.servlet.RequestDispatcherAdaptor.include(RequestDispatcherAdaptor.java:48)
	at com.liferay.portlet.internal.InvokerPortletImpl.invoke(InvokerPortletImpl.java:564)
	at com.liferay.portlet.internal.InvokerPortletImpl.invokeRender(InvokerPortletImpl.java:660)
	at com.liferay.portlet.internal.InvokerPortletImpl.render(InvokerPortletImpl.java:357)
	at com.liferay.portal.monitoring.internal.portlet.MonitoringInvokerPortlet.lambda$render$0(MonitoringInvokerPortlet.java:280)
	at com.liferay.portal.monitoring.internal.portlet.MonitoringInvokerPortlet._render(MonitoringInvokerPortlet.java:383)
	at com.liferay.portal.monitoring.internal.portlet.MonitoringInvokerPortlet.render(MonitoringInvokerPortlet.java:278)
	at org.apache.jsp.html.portal.render_005fportlet_jsp._jspService(render_005fportlet_jsp.java:1534)
	at org.apache.jasper.runtime.HttpJspBase.service(HttpJspBase.java:70)
	at javax.servlet.http.HttpServlet.service(HttpServlet.java:741)
	at com.liferay.portal.servlet.DirectRequestDispatcher.include(DirectRequestDispatcher.java:64)
	at com.liferay.portal.servlet.DirectRequestDispatcherFactoryImpl$IndirectRequestDispatcher.include(DirectRequestDispatcherFactoryImpl.java:179)
	at com.liferay.portal.servlet.ClassLoaderRequestDispatcherWrapper.doDispatch(ClassLoaderRequestDispatcherWrapper.java:79)
	at com.liferay.portal.servlet.ClassLoaderRequestDispatcherWrapper.include(ClassLoaderRequestDispatcherWrapper.java:53)
	at com.liferay.portal.servlet.TransferHeadersHelperImpl$TransferHeadersRequestDispatcher.include(TransferHeadersHelperImpl.java:163)
	at com.liferay.portlet.internal.PortletContainerImpl._render(PortletContainerImpl.java:869)
	at com.liferay.portlet.internal.PortletContainerImpl.lambda$render$2(PortletContainerImpl.java:215)
	at com.liferay.portlet.internal.PortletContainerImpl._preserveGroupIds(PortletContainerImpl.java:394)
	at com.liferay.portlet.internal.PortletContainerImpl.render(PortletContainerImpl.java:204)
	at com.liferay.portlet.SecurityPortletContainerWrapper.render(SecurityPortletContainerWrapper.java:142)
	at com.liferay.portlet.RestrictPortletContainerWrapper.lambda$render$0(RestrictPortletContainerWrapper.java:126)
	at com.liferay.portlet.RestrictPortletContainerWrapper._render(RestrictPortletContainerWrapper.java:183)
	at com.liferay.portlet.RestrictPortletContainerWrapper.render(RestrictPortletContainerWrapper.java:124)
	at com.liferay.portal.kernel.portlet.PortletContainerUtil.render(PortletContainerUtil.java:185)
	at com.liferay.portal.layoutconfiguration.util.PortletRenderer._render(PortletRenderer.java:192)
	at com.liferay.portal.layoutconfiguration.util.PortletRenderer.render(PortletRenderer.java:84)
	at com.liferay.portal.layoutconfiguration.util.RuntimePageImpl.doProcessTemplate(RuntimePageImpl.java:568)
	at com.liferay.portal.layoutconfiguration.util.RuntimePageImpl.doDispatch(RuntimePageImpl.java:340)
	at com.liferay.portal.layoutconfiguration.util.RuntimePageImpl.processTemplate(RuntimePageImpl.java:154)
	at com.liferay.portal.layoutconfiguration.util.RuntimePageImpl.processTemplate(RuntimePageImpl.java:175)
	at com.liferay.portal.kernel.layoutconfiguration.util.RuntimePageUtil.processTemplate(RuntimePageUtil.java:94)
	at org.apache.jsp.html.portal.layout.view.portlet_jsp._jspService(portlet_jsp.java:728)
	at org.apache.jasper.runtime.HttpJspBase.service(HttpJspBase.java:70)
	at javax.servlet.http.HttpServlet.service(HttpServlet.java:741)
	at com.liferay.portal.servlet.DirectRequestDispatcher.include(DirectRequestDispatcher.java:64)
	at com.liferay.portal.servlet.DirectRequestDispatcherFactoryImpl$IndirectRequestDispatcher.include(DirectRequestDispatcherFactoryImpl.java:179)
	at com.liferay.portal.servlet.ClassLoaderRequestDispatcherWrapper.doDispatch(ClassLoaderRequestDispatcherWrapper.java:79)
	at com.liferay.portal.servlet.ClassLoaderRequestDispatcherWrapper.include(ClassLoaderRequestDispatcherWrapper.java:53)
	at com.liferay.portal.servlet.TransferHeadersHelperImpl$TransferHeadersRequestDispatcher.include(TransferHeadersHelperImpl.java:163)
	at com.liferay.portal.model.impl.LayoutTypeControllerImpl.includeLayoutContent(LayoutTypeControllerImpl.java:171)
	at com.liferay.portal.model.impl.LayoutImpl.includeLayoutContent(LayoutImpl.java:904)
	at com.liferay.portal.action.LayoutAction.processLayout(LayoutAction.java:407)
	at com.liferay.portal.action.LayoutAction.execute(LayoutAction.java:174)
	at com.liferay.portal.struts.PortalRequestProcessor._processActionPerform(PortalRequestProcessor.java:706)
	at com.liferay.portal.struts.PortalRequestProcessor._process(PortalRequestProcessor.java:646)
	at com.liferay.portal.struts.PortalRequestProcessor.process(PortalRequestProcessor.java:194)
	at com.liferay.portal.servlet.MainServlet.process(MainServlet.java:1065)
	at org.apache.struts.action.ActionServlet.doGet(ActionServlet.java:449)
	at javax.servlet.http.HttpServlet.service(HttpServlet.java:634)
	at com.liferay.portal.servlet.MainServlet.callParentService(MainServlet.java:596)
	at com.liferay.portal.servlet.MainServlet.service(MainServlet.java:573)
	at javax.servlet.http.HttpServlet.service(HttpServlet.java:741)
	at org.apache.catalina.core.ApplicationFilterChain.internalDoFilter(ApplicationFilterChain.java:231)
	at org.apache.catalina.core.ApplicationFilterChain.doFilter(ApplicationFilterChain.java:166)
	at org.apache.tomcat.websocket.server.WsFilter.doFilter(WsFilter.java:53)
	at org.apache.catalina.core.ApplicationFilterChain.internalDoFilter(ApplicationFilterChain.java:193)
	at org.apache.catalina.core.ApplicationFilterChain.doFilter(ApplicationFilterChain.java:166)
	at com.liferay.portal.kernel.servlet.filters.invoker.InvokerFilterChain.doFilter(InvokerFilterChain.java:119)
	at com.liferay.portal.servlet.filters.password.modified.PasswordModifiedFilter.processFilter(PasswordModifiedFilter.java:57)
	at com.liferay.portal.kernel.servlet.BaseFilter.doFilter(BaseFilter.java:49)
	at com.liferay.portal.kernel.servlet.filters.invoker.InvokerFilterChain.processDoFilter(InvokerFilterChain.java:207)
	at com.liferay.portal.kernel.servlet.filters.invoker.InvokerFilterChain.doFilter(InvokerFilterChain.java:112)
	at com.liferay.portal.kernel.servlet.BaseFilter.processFilter(BaseFilter.java:144)
	at com.liferay.portal.servlet.filters.secure.BaseAuthFilter.processFilter(BaseAuthFilter.java:340)
	at com.liferay.portal.kernel.servlet.BaseFilter.doFilter(BaseFilter.java:49)
	at com.liferay.portal.kernel.servlet.filters.invoker.InvokerFilterChain.processDoFilter(InvokerFilterChain.java:207)
	at com.liferay.portal.kernel.servlet.filters.invoker.InvokerFilterChain.doFilter(InvokerFilterChain.java:112)
	at com.liferay.portal.kernel.servlet.BaseFilter.processFilter(BaseFilter.java:144)
	at com.liferay.portal.monitoring.internal.servlet.filter.MonitoringFilter.processFilter(MonitoringFilter.java:178)
	at com.liferay.portal.kernel.servlet.BaseFilter.doFilter(BaseFilter.java:49)
	at com.liferay.portal.kernel.servlet.filters.invoker.InvokerFilterChain.processDoFilter(InvokerFilterChain.java:207)
	at com.liferay.portal.kernel.servlet.filters.invoker.InvokerFilterChain.doFilter(InvokerFilterChain.java:112)
	at com.liferay.portal.kernel.servlet.filters.invoker.InvokerFilter.doFilter(InvokerFilter.java:101)
	at org.apache.catalina.core.ApplicationFilterChain.internalDoFilter(ApplicationFilterChain.java:193)
	at org.apache.catalina.core.ApplicationFilterChain.doFilter(ApplicationFilterChain.java:166)
	at org.apache.catalina.core.ApplicationDispatcher.invoke(ApplicationDispatcher.java:712)
	at org.apache.catalina.core.ApplicationDispatcher.processRequest(ApplicationDispatcher.java:459)
	at org.apache.catalina.core.ApplicationDispatcher.doForward(ApplicationDispatcher.java:384)
	at org.apache.catalina.core.ApplicationDispatcher.forward(ApplicationDispatcher.java:312)
	at com.liferay.friendly.url.internal.servlet.FriendlyURLServlet.service(FriendlyURLServlet.java:367)
	at javax.servlet.http.HttpServlet.service(HttpServlet.java:741)
	at com.liferay.portal.servlet.ServletAdapter.service(ServletAdapter.java:98)
	at javax.servlet.http.HttpServlet.service(HttpServlet.java:741)
	at org.apache.catalina.core.ApplicationFilterChain.internalDoFilter(ApplicationFilterChain.java:231)
	at org.apache.catalina.core.ApplicationFilterChain.doFilter(ApplicationFilterChain.java:166)
	at org.apache.tomcat.websocket.server.WsFilter.doFilter(WsFilter.java:53)
	at org.apache.catalina.core.ApplicationFilterChain.internalDoFilter(ApplicationFilterChain.java:193)
	at org.apache.catalina.core.ApplicationFilterChain.doFilter(ApplicationFilterChain.java:166)
	at com.liferay.portal.kernel.servlet.filters.invoker.InvokerFilterChain.doFilter(InvokerFilterChain.java:119)
	at com.liferay.portal.kernel.servlet.BaseFilter.processFilter(BaseFilter.java:144)
	at com.liferay.portal.servlet.filters.strip.StripFilter.processFilter(StripFilter.java:340)
	at com.liferay.portal.kernel.servlet.BaseFilter.doFilter(BaseFilter.java:49)
	at com.liferay.portal.kernel.servlet.filters.invoker.InvokerFilterChain.processDoFilter(InvokerFilterChain.java:207)
	at com.liferay.portal.kernel.servlet.filters.invoker.InvokerFilterChain.doFilter(InvokerFilterChain.java:112)
	at com.liferay.portal.kernel.servlet.BaseFilter.processFilter(BaseFilter.java:144)
	at com.liferay.portal.servlet.filters.i18n.I18nFilter.processFilter(I18nFilter.java:360)
	at com.liferay.portal.kernel.servlet.BaseFilter.doFilter(BaseFilter.java:49)
	at com.liferay.portal.kernel.servlet.filters.invoker.InvokerFilterChain.processDoFilter(InvokerFilterChain.java:207)
	at com.liferay.portal.kernel.servlet.filters.invoker.InvokerFilterChain.doFilter(InvokerFilterChain.java:112)
	at com.liferay.portal.servlet.filters.password.modified.PasswordModifiedFilter.processFilter(PasswordModifiedFilter.java:57)
	at com.liferay.portal.kernel.servlet.BaseFilter.doFilter(BaseFilter.java:49)
	at com.liferay.portal.kernel.servlet.filters.invoker.InvokerFilterChain.processDoFilter(InvokerFilterChain.java:207)
	at com.liferay.portal.kernel.servlet.filters.invoker.InvokerFilterChain.doFilter(InvokerFilterChain.java:112)
	at com.liferay.portal.kernel.servlet.BaseFilter.processFilter(BaseFilter.java:144)
	at com.liferay.portal.servlet.filters.secure.BaseAuthFilter.processFilter(BaseAuthFilter.java:340)
	at com.liferay.portal.kernel.servlet.BaseFilter.doFilter(BaseFilter.java:49)
	at com.liferay.portal.kernel.servlet.filters.invoker.InvokerFilterChain.processDoFilter(InvokerFilterChain.java:207)
	at com.liferay.portal.kernel.servlet.filters.invoker.InvokerFilterChain.doFilter(InvokerFilterChain.java:112)
	at com.liferay.portal.kernel.servlet.BaseFilter.processFilter(BaseFilter.java:144)
	at com.liferay.portal.servlet.filters.autologin.AutoLoginFilter.processFilter(AutoLoginFilter.java:260)
	at com.liferay.portal.kernel.servlet.BaseFilter.doFilter(BaseFilter.java:49)
	at com.liferay.portal.kernel.servlet.filters.invoker.InvokerFilterChain.processDoFilter(InvokerFilterChain.java:207)
	at com.liferay.portal.kernel.servlet.filters.invoker.InvokerFilterChain.doFilter(InvokerFilterChain.java:112)
	at com.liferay.portal.kernel.servlet.BaseFilter.processFilter(BaseFilter.java:144)
	at com.liferay.portal.sharepoint.SharepointFilter.processFilter(SharepointFilter.java:88)
	at com.liferay.portal.kernel.servlet.BaseFilter.doFilter(BaseFilter.java:49)
	at com.liferay.portal.kernel.servlet.filters.invoker.InvokerFilterChain.processDoFilter(InvokerFilterChain.java:207)
	at com.liferay.portal.kernel.servlet.filters.invoker.InvokerFilterChain.doFilter(InvokerFilterChain.java:112)
	at com.liferay.portal.kernel.servlet.BaseFilter.processFilter(BaseFilter.java:144)
	at com.liferay.portal.servlet.filters.virtualhost.VirtualHostFilter.processFilter(VirtualHostFilter.java:263)
	at com.liferay.portal.kernel.servlet.BaseFilter.doFilter(BaseFilter.java:49)
	at com.liferay.portal.kernel.servlet.filters.invoker.InvokerFilterChain.processDoFilter(InvokerFilterChain.java:207)
	at com.liferay.portal.kernel.servlet.filters.invoker.InvokerFilterChain.doFilter(InvokerFilterChain.java:112)
	at com.liferay.portal.kernel.servlet.BaseFilter.processFilter(BaseFilter.java:144)
	at com.liferay.portal.monitoring.internal.servlet.filter.MonitoringFilter.processFilter(MonitoringFilter.java:178)
	at com.liferay.portal.kernel.servlet.BaseFilter.doFilter(BaseFilter.java:49)
	at com.liferay.portal.kernel.servlet.filters.invoker.InvokerFilterChain.processDoFilter(InvokerFilterChain.java:207)
	at com.liferay.portal.kernel.servlet.filters.invoker.InvokerFilterChain.doFilter(InvokerFilterChain.java:112)
	at com.liferay.portal.kernel.servlet.filters.invoker.InvokerFilterChain.processDirectCallFilter(InvokerFilterChain.java:188)
	at com.liferay.portal.kernel.servlet.filters.invoker.InvokerFilterChain.doFilter(InvokerFilterChain.java:96)
	at com.liferay.portal.kernel.servlet.filters.invoker.InvokerFilterChain.processDirectCallFilter(InvokerFilterChain.java:188)
	at com.liferay.portal.kernel.servlet.filters.invoker.InvokerFilterChain.doFilter(InvokerFilterChain.java:96)
	at org.tuckey.web.filters.urlrewrite.RuleChain.handleRewrite(RuleChain.java:176)
	at org.tuckey.web.filters.urlrewrite.RuleChain.doRules(RuleChain.java:145)
	at org.tuckey.web.filters.urlrewrite.UrlRewriter.processRequest(UrlRewriter.java:92)
	at org.tuckey.web.filters.urlrewrite.UrlRewriteFilter.doFilter(UrlRewriteFilter.java:389)
	at com.liferay.portal.servlet.filters.urlrewrite.UrlRewriteFilter.processFilter(UrlRewriteFilter.java:65)
	at com.liferay.portal.kernel.servlet.BaseFilter.doFilter(BaseFilter.java:49)
	at com.liferay.portal.kernel.servlet.filters.invoker.InvokerFilterChain.processDoFilter(InvokerFilterChain.java:207)
	at com.liferay.portal.kernel.servlet.filters.invoker.InvokerFilterChain.doFilter(InvokerFilterChain.java:112)
	at com.liferay.portal.kernel.servlet.filters.invoker.InvokerFilterChain.processDirectCallFilter(InvokerFilterChain.java:168)
	at com.liferay.portal.kernel.servlet.filters.invoker.InvokerFilterChain.doFilter(InvokerFilterChain.java:96)
	at com.liferay.portal.kernel.servlet.filters.invoker.InvokerFilterChain.processDirectCallFilter(InvokerFilterChain.java:168)
	at com.liferay.portal.kernel.servlet.filters.invoker.InvokerFilterChain.doFilter(InvokerFilterChain.java:96)
	at com.liferay.portal.kernel.servlet.filters.invoker.InvokerFilterChain.processDirectCallFilter(InvokerFilterChain.java:188)
	at com.liferay.portal.kernel.servlet.filters.invoker.InvokerFilterChain.doFilter(InvokerFilterChain.java:96)
	at com.liferay.portal.kernel.servlet.filters.invoker.InvokerFilter.doFilter(InvokerFilter.java:101)
	at org.apache.catalina.core.ApplicationFilterChain.internalDoFilter(ApplicationFilterChain.java:193)
	at org.apache.catalina.core.ApplicationFilterChain.doFilter(ApplicationFilterChain.java:166)
	at org.apache.catalina.core.StandardWrapperValve.invoke(StandardWrapperValve.java:199)
	at org.apache.catalina.core.StandardContextValve.invoke(StandardContextValve.java:96)
	at org.apache.catalina.authenticator.AuthenticatorBase.invoke(AuthenticatorBase.java:491)
	at org.apache.catalina.core.StandardHostValve.invoke(StandardHostValve.java:139)
	at org.apache.catalina.valves.ErrorReportValve.invoke(ErrorReportValve.java:92)
	at org.apache.catalina.core.StandardEngineValve.invoke(StandardEngineValve.java:87)
	at org.apache.catalina.connector.CoyoteAdapter.service(CoyoteAdapter.java:343)
	at org.apache.coyote.http11.Http11Processor.service(Http11Processor.java:408)
	at org.apache.coyote.AbstractProcessorLight.process(AbstractProcessorLight.java:66)
	at org.apache.coyote.AbstractProtocol$ConnectionHandler.process(AbstractProtocol.java:764)
	at org.apache.tomcat.util.net.NioEndpoint$SocketProcessor.doRun(NioEndpoint.java:1388)
	at org.apache.tomcat.util.net.SocketProcessorBase.run(SocketProcessorBase.java:49)
	at java.util.concurrent.ThreadPoolExecutor.runWorker(ThreadPoolExecutor.java:1142)
	at java.util.concurrent.ThreadPoolExecutor$Worker.run(ThreadPoolExecutor.java:617)
	at org.apache.tomcat.util.threads.TaskThread$WrappingRunnable.run(TaskThread.java:61)
	at java.lang.Thread.run(Thread.java:745)
Caused by: javax.servlet.ServletException: com.crowd.funding.database.exception.NoSuchUserRegistrationException: No UserRegistration exists with the key {USER_ID=47153}
	at org.apache.jasper.runtime.PageContextImpl.doHandlePageException(PageContextImpl.java:953)
	at org.apache.jasper.runtime.PageContextImpl.handlePageException(PageContextImpl.java:885)
	at com.liferay.taglib.servlet.PageContextWrapper.handlePageException(PageContextWrapper.java:173)
	at org.apache.jsp.jsp.BenificiaryDetails.ApprovalDetails_jsp._jspService(ApprovalDetails_jsp:745)
	at org.apache.jasper.runtime.HttpJspBase.service(HttpJspBase.java:111)
	at javax.servlet.http.HttpServlet.service(HttpServlet.java:741)
	at org.apache.jasper.servlet.JspServletWrapper.service(JspServletWrapper.java:411)
	at org.apache.jasper.servlet.JspServlet.serviceJspFile(JspServlet.java:473)
	at org.apache.jasper.servlet.JspServlet.service(JspServlet.java:377)
	at javax.servlet.http.HttpServlet.service(HttpServlet.java:741)
	at com.liferay.portal.osgi.web.servlet.jsp.compiler.internal.JspServlet.service(JspServlet.java:319)
	at com.liferay.portal.osgi.web.servlet.jsp.compiler.internal.JspServlet.service(JspServlet.java:330)
	at org.eclipse.equinox.http.servlet.internal.registration.EndpointRegistration.service(EndpointRegistration.java:153)
	at org.eclipse.equinox.http.servlet.internal.servlet.ResponseStateHandler.processRequest(ResponseStateHandler.java:62)
	at org.eclipse.equinox.http.servlet.internal.context.DispatchTargets.doDispatch(DispatchTargets.java:120)
	at org.eclipse.equinox.http.servlet.internal.servlet.RequestDispatcherAdaptor.include(RequestDispatcherAdaptor.java:48)
	at com.liferay.portlet.internal.PortletRequestDispatcherImpl.dispatch(PortletRequestDispatcherImpl.java:293)
	... 180 more
Caused by: com.crowd.funding.database.exception.NoSuchUserRegistrationException: No UserRegistration exists with the key {USER_ID=47153}
	at com.crowd.funding.database.service.persistence.impl.UserRegistrationPersistenceImpl.findByUSER_ID(UserRegistrationPersistenceImpl.java:677)
	at com.crowd.funding.database.service.impl.UserRegistrationLocalServiceImpl.findByUSER_ID(UserRegistrationLocalServiceImpl.java:43)
	at sun.reflect.NativeMethodAccessorImpl.invoke0(Native Method)
	at sun.reflect.NativeMethodAccessorImpl.invoke(NativeMethodAccessorImpl.java:62)
	at sun.reflect.DelegatingMethodAccessorImpl.invoke(DelegatingMethodAccessorImpl.java:43)
	at java.lang.reflect.Method.invoke(Method.java:498)
	at com.liferay.portal.spring.aop.ServiceBeanMethodInvocation.proceed(ServiceBeanMethodInvocation.java:153)
	at com.liferay.portal.spring.transaction.DefaultTransactionExecutor._execute(DefaultTransactionExecutor.java:203)
	at com.liferay.portal.spring.transaction.DefaultTransactionExecutor.execute(DefaultTransactionExecutor.java:94)
	at com.liferay.portal.spring.transaction.TransactionInterceptor.invoke(TransactionInterceptor.java:113)
	at com.liferay.portal.spring.aop.ServiceBeanMethodInvocation.proceed(ServiceBeanMethodInvocation.java:130)
	at com.liferay.portal.spring.aop.ChainableMethodAdvice.invoke(ChainableMethodAdvice.java:55)
	at com.liferay.portal.spring.aop.ServiceBeanMethodInvocation.proceed(ServiceBeanMethodInvocation.java:130)
	at com.liferay.portal.spring.aop.ServiceBeanAopProxy.invoke(ServiceBeanAopProxy.java:125)
	at com.sun.proxy.$Proxy462.findByUSER_ID(Unknown Source)
	at com.crowd.funding.database.service.UserRegistrationLocalServiceUtil.findByUSER_ID(UserRegistrationLocalServiceUtil.java:187)
	at org.apache.jsp.jsp.BenificiaryDetails.ApprovalDetails_jsp._jspService(ApprovalDetails_jsp:413)
	... 193 more
2019-04-11 08:17:50.160 ERROR [http-nio-8080-exec-1][render_portlet_jsp:131] null
com.crowd.funding.database.exception.NoSuchUserRegistrationException: No UserRegistration exists with the key {USER_ID=47153}
	at com.crowd.funding.database.service.persistence.impl.UserRegistrationPersistenceImpl.findByUSER_ID(UserRegistrationPersistenceImpl.java:677)
	at com.crowd.funding.database.service.impl.UserRegistrationLocalServiceImpl.findByUSER_ID(UserRegistrationLocalServiceImpl.java:43)
	at com.liferay.portal.spring.aop.ServiceBeanMethodInvocation.proceed(ServiceBeanMethodInvocation.java:153)
	at com.liferay.portal.spring.transaction.DefaultTransactionExecutor._execute(DefaultTransactionExecutor.java:203)
	at com.liferay.portal.spring.transaction.DefaultTransactionExecutor.execute(DefaultTransactionExecutor.java:94)
	at com.liferay.portal.spring.transaction.TransactionInterceptor.invoke(TransactionInterceptor.java:113)
	at com.liferay.portal.spring.aop.ServiceBeanMethodInvocation.proceed(ServiceBeanMethodInvocation.java:130)
	at com.liferay.portal.spring.aop.ChainableMethodAdvice.invoke(ChainableMethodAdvice.java:55)
	at com.liferay.portal.spring.aop.ServiceBeanMethodInvocation.proceed(ServiceBeanMethodInvocation.java:130)
	at com.liferay.portal.spring.aop.ServiceBeanAopProxy.invoke(ServiceBeanAopProxy.java:125)
	at com.crowd.funding.database.service.UserRegistrationLocalServiceUtil.findByUSER_ID(UserRegistrationLocalServiceUtil.java:187)
	at org.apache.jsp.jsp.BenificiaryDetails.ApprovalDetails_jsp._jspService(ApprovalDetails_jsp:413)
	at org.apache.jasper.runtime.HttpJspBase.service(HttpJspBase.java:111)
	at javax.servlet.http.HttpServlet.service(HttpServlet.java:741)
	at org.apache.jasper.servlet.JspServletWrapper.service(JspServletWrapper.java:411)
	at org.apache.jasper.servlet.JspServlet.serviceJspFile(JspServlet.java:473)
	at org.apache.jasper.servlet.JspServlet.service(JspServlet.java:377)
	at javax.servlet.http.HttpServlet.service(HttpServlet.java:741)
	at com.liferay.portal.osgi.web.servlet.jsp.compiler.internal.JspServlet.service(JspServlet.java:319)
	at com.liferay.portal.osgi.web.servlet.jsp.compiler.internal.JspServlet.service(JspServlet.java:330)
2019-04-11 09:01:12.209 WARN  [HikariPool-1 housekeeper][HikariPool:686] HikariPool-1 - Thread starvation or clock leap detected (housekeeper delta=10m59s529ms420µs571ns).
2019-04-11 09:01:17.759 WARN  [HikariPool-2 housekeeper][HikariPool:686] HikariPool-2 - Thread starvation or clock leap detected (housekeeper delta=10m59s529ms694µs505ns).
