2019-05-07 04:00:28.134 INFO  [main][DialectDetector:158] Using dialect org.hibernate.dialect.MySQLDialect for MySQL 5.7
2019-05-07 04:00:31.219 INFO  [main][ModuleFrameworkImpl:1326] Starting initial bundles
2019-05-07 04:00:57.091 INFO  [ModuleFramework-Static-Bundles-1][LPKGIndexValidator:166] Passed integrity check
2019-05-07 04:00:57.260 INFO  [main][ModuleFrameworkImpl:1592] Started initial bundles
2019-05-07 04:00:57.261 INFO  [main][ModuleFrameworkImpl:1627] Starting dynamic bundles
2019-05-07 04:01:12.645 INFO  [main][ModuleFrameworkImpl:1716] Started dynamic bundles
2019-05-07 04:01:12.662 INFO  [main][ModuleFrameworkImpl:413] Navigate to Control Panel > Configuration > Gogo Shell and enter "lb" to see all bundles
2019-05-07 04:01:18.612 WARN  [Elasticsearch initialization thread][EmbeddedElasticsearchConnection:286] Liferay is configured to use embedded Elasticsearch as its search engine. Do NOT use embedded Elasticsearch in production. Embedded Elasticsearch is useful for development and demonstration purposes. Remote Elasticsearch connections can be configured in the Control Panel.
2019-05-07 04:01:31.317 INFO  [main][StartupHelper:72] There are no patches installed
2019-05-07 04:01:34.092 INFO  [main][AutoDeployDir:193] Auto deploy scanner started for C:\LR7\liferay-ce-portal-7.1.1-ga2\deploy
2019-05-07 04:02:17.985 INFO  [main][ThemeHotDeployListener:108] 1 theme for classic-theme is available for use
2019-05-07 04:02:19.205 INFO  [main][ThemeHotDeployListener:108] 1 theme for admin-theme is available for use
2019-05-07 04:02:23.584 ERROR [main][PortletImpl:2920] Unable to link role for portlet [MyCampaigns] with role-name [cf_PROJECT_OWNER] because role-link is null
2019-05-07 04:02:26.345 INFO  [main][SystemCheckOSGiCommands:54] System check is enabled. You can run a system check with the command "system:check" in Gogo shell.
2019-05-07 04:02:26.346 INFO  [main][SystemCheckOSGiCommands:64] Running system check
2019-05-07 04:02:26.347 INFO  [main][SystemCheckOSGiCommands:95] Available checkers :[Declarative Service Soft Circular Dependency Checker, Declarative Service Unsatisfied Component Checker, Spring Extender Unavailable Component Checker]
2019-05-07 04:02:26.348 INFO  [main][SystemCheckOSGiCommands:111] Running "Declarative Service Soft Circular Dependency Checker". You can run this by itself with command "ds:softCircularDependency" in gogo shell.
2019-05-07 04:02:27.500 INFO  [main][SystemCheckOSGiCommands:123] Declarative Service Soft Circular Dependency Checker check result: No issues were found.
2019-05-07 04:02:27.501 INFO  [main][SystemCheckOSGiCommands:111] Running "Declarative Service Unsatisfied Component Checker". You can run this by itself with command "ds:unsatisfied" in gogo shell.
2019-05-07 04:02:32.424 INFO  [main][SystemCheckOSGiCommands:123] Declarative Service Unsatisfied Component Checker check result: No issues were found.
2019-05-07 04:02:32.425 INFO  [main][SystemCheckOSGiCommands:111] Running "Spring Extender Unavailable Component Checker". You can run this by itself with command "dm na" in gogo shell.
2019-05-07 04:02:32.426 INFO  [main][SystemCheckOSGiCommands:123] Spring Extender Unavailable Component Checker check result: No issues were found.
2019-05-07 04:49:36.713 INFO  [main][DialectDetector:158] Using dialect org.hibernate.dialect.MySQLDialect for MySQL 5.7
2019-05-07 04:49:39.263 INFO  [main][ModuleFrameworkImpl:1326] Starting initial bundles
2019-05-07 04:49:55.414 INFO  [ModuleFramework-Static-Bundles-1][LPKGIndexValidator:166] Passed integrity check
2019-05-07 04:49:55.571 INFO  [main][ModuleFrameworkImpl:1592] Started initial bundles
2019-05-07 04:49:55.571 INFO  [main][ModuleFrameworkImpl:1627] Starting dynamic bundles
2019-05-07 04:50:08.038 INFO  [main][ModuleFrameworkImpl:1716] Started dynamic bundles
2019-05-07 04:50:08.044 INFO  [main][ModuleFrameworkImpl:413] Navigate to Control Panel > Configuration > Gogo Shell and enter "lb" to see all bundles
2019-05-07 04:50:14.492 WARN  [Elasticsearch initialization thread][EmbeddedElasticsearchConnection:286] Liferay is configured to use embedded Elasticsearch as its search engine. Do NOT use embedded Elasticsearch in production. Embedded Elasticsearch is useful for development and demonstration purposes. Remote Elasticsearch connections can be configured in the Control Panel.
2019-05-07 04:50:25.780 INFO  [main][StartupHelper:72] There are no patches installed
2019-05-07 04:50:27.687 INFO  [main][AutoDeployDir:193] Auto deploy scanner started for C:\LR7\liferay-ce-portal-7.1.1-ga2\deploy
2019-05-07 04:50:52.160 INFO  [main][ThemeHotDeployListener:108] 1 theme for classic-theme is available for use
2019-05-07 04:50:53.117 INFO  [main][ThemeHotDeployListener:108] 1 theme for admin-theme is available for use
2019-05-07 04:50:54.601 ERROR [main][PortletImpl:2920] Unable to link role for portlet [MyCampaigns] with role-name [cf_PROJECT_OWNER] because role-link is null
2019-05-07 04:50:58.376 INFO  [main][SystemCheckOSGiCommands:54] System check is enabled. You can run a system check with the command "system:check" in Gogo shell.
2019-05-07 04:50:58.379 INFO  [main][SystemCheckOSGiCommands:64] Running system check
2019-05-07 04:50:58.379 INFO  [main][SystemCheckOSGiCommands:95] Available checkers :[Declarative Service Soft Circular Dependency Checker, Declarative Service Unsatisfied Component Checker, Spring Extender Unavailable Component Checker]
2019-05-07 04:50:58.381 INFO  [main][SystemCheckOSGiCommands:111] Running "Declarative Service Soft Circular Dependency Checker". You can run this by itself with command "ds:softCircularDependency" in gogo shell.
2019-05-07 04:50:59.381 INFO  [main][SystemCheckOSGiCommands:123] Declarative Service Soft Circular Dependency Checker check result: No issues were found.
2019-05-07 04:50:59.381 INFO  [main][SystemCheckOSGiCommands:111] Running "Declarative Service Unsatisfied Component Checker". You can run this by itself with command "ds:unsatisfied" in gogo shell.
2019-05-07 04:51:03.380 INFO  [main][SystemCheckOSGiCommands:123] Declarative Service Unsatisfied Component Checker check result: No issues were found.
2019-05-07 04:51:03.387 INFO  [main][SystemCheckOSGiCommands:111] Running "Spring Extender Unavailable Component Checker". You can run this by itself with command "dm na" in gogo shell.
2019-05-07 04:51:03.388 INFO  [main][SystemCheckOSGiCommands:123] Spring Extender Unavailable Component Checker check result: No issues were found.
2019-05-07 04:56:47.235 INFO  [fileinstall-C:/LR7/liferay-ce-portal-7.1.1-ga2/osgi/modules][BundleStartStopLogger:42] STOPPED com.crowd.funding.module.controller_1.0.0 [8664]
2019-05-07 04:56:47.493 INFO  [Refresh Thread: Equinox Container: 670f347a-8fb8-4a14-a981-e3200da086a1][BundleStartStopLogger:39] STARTED com.crowd.funding.module.controller_1.0.0 [8664]
2019-05-07 04:56:47.671 ERROR [Refresh Thread: Equinox Container: 670f347a-8fb8-4a14-a981-e3200da086a1][PortletImpl:2920] Unable to link role for portlet [MyCampaigns] with role-name [cf_PROJECT_OWNER] because role-link is null
2019-05-07 05:02:08.104 INFO  [fileinstall-C:/LR7/liferay-ce-portal-7.1.1-ga2/osgi/modules][BundleStartStopLogger:42] STOPPED com.crowd.funding.module.controller_1.0.0 [8664]
2019-05-07 05:02:08.344 INFO  [Refresh Thread: Equinox Container: 670f347a-8fb8-4a14-a981-e3200da086a1][BundleStartStopLogger:39] STARTED com.crowd.funding.module.controller_1.0.0 [8664]
2019-05-07 05:02:08.586 ERROR [Refresh Thread: Equinox Container: 670f347a-8fb8-4a14-a981-e3200da086a1][PortletImpl:2920] Unable to link role for portlet [MyCampaigns] with role-name [cf_PROJECT_OWNER] because role-link is null
2019-05-07 06:45:33.272 WARN  [HikariPool-1 housekeeper][HikariPool:686] HikariPool-1 - Thread starvation or clock leap detected (housekeeper delta=20m26s351ms721µs551ns).
2019-05-07 06:45:35.535 WARN  [HikariPool-2 housekeeper][HikariPool:686] HikariPool-2 - Thread starvation or clock leap detected (housekeeper delta=20m26s350ms929µs834ns).
2019-05-07 07:20:47.717 WARN  [HikariPool-1 housekeeper][HikariPool:686] HikariPool-1 - Thread starvation or clock leap detected (housekeeper delta=5m14s485ms193µs267ns).
2019-05-07 07:20:49.973 WARN  [HikariPool-2 housekeeper][HikariPool:686] HikariPool-2 - Thread starvation or clock leap detected (housekeeper delta=5m14s484ms360µs495ns).
2019-05-07 10:14:32.792 WARN  [HikariPool-1 housekeeper][HikariPool:686] HikariPool-1 - Thread starvation or clock leap detected (housekeeper delta=2h23m45s66ms276µs294ns).
2019-05-07 10:14:34.992 WARN  [HikariPool-2 housekeeper][HikariPool:686] HikariPool-2 - Thread starvation or clock leap detected (housekeeper delta=2h23m45s66ms654µs634ns).
