2019-04-10 04:10:11.623 INFO  [main][DialectDetector:158] Using dialect org.hibernate.dialect.MySQLDialect for MySQL 5.7
2019-04-10 04:10:14.366 INFO  [main][ModuleFrameworkImpl:1326] Starting initial bundles
2019-04-10 04:10:36.219 INFO  [ModuleFramework-Static-Bundles-3][LPKGIndexValidator:166] Passed integrity check
2019-04-10 04:10:36.407 INFO  [main][ModuleFrameworkImpl:1592] Started initial bundles
2019-04-10 04:10:36.407 INFO  [main][ModuleFrameworkImpl:1627] Starting dynamic bundles
2019-04-10 04:10:58.640 INFO  [main][ModuleFrameworkImpl:1716] Started dynamic bundles
2019-04-10 04:10:58.655 INFO  [main][ModuleFrameworkImpl:413] Navigate to Control Panel > Configuration > Gogo Shell and enter "lb" to see all bundles
2019-04-10 04:11:09.405 WARN  [Elasticsearch initialization thread][EmbeddedElasticsearchConnection:286] Liferay is configured to use embedded Elasticsearch as its search engine. Do NOT use embedded Elasticsearch in production. Embedded Elasticsearch is useful for development and demonstration purposes. Remote Elasticsearch connections can be configured in the Control Panel.
2019-04-10 04:11:29.576 INFO  [main][StartupHelper:72] There are no patches installed
2019-04-10 04:11:33.984 INFO  [main][AutoDeployDir:193] Auto deploy scanner started for C:\LR7\liferay-ce-portal-7.1.1-ga2\deploy
2019-04-10 04:11:54.411 ERROR [main][PortletImpl:2920] Unable to link role for portlet [MyCampaigns] with role-name [cf_PROJECT_OWNER] because role-link is null
2019-04-10 04:12:09.559 INFO  [main][ThemeHotDeployListener:108] 1 theme for admin-theme is available for use
2019-04-10 04:12:10.860 INFO  [main][ThemeHotDeployListener:108] 1 theme for classic-theme is available for use
2019-04-10 04:12:10.896 INFO  [main][SystemCheckOSGiCommands:54] System check is enabled. You can run a system check with the command "system:check" in Gogo shell.
2019-04-10 04:12:10.896 INFO  [main][SystemCheckOSGiCommands:64] Running system check
2019-04-10 04:12:10.896 INFO  [main][SystemCheckOSGiCommands:95] Available checkers :[Declarative Service Soft Circular Dependency Checker, Declarative Service Unsatisfied Component Checker, Spring Extender Unavailable Component Checker]
2019-04-10 04:12:10.896 INFO  [main][SystemCheckOSGiCommands:111] Running "Declarative Service Soft Circular Dependency Checker". You can run this by itself with command "ds:softCircularDependency" in gogo shell.
2019-04-10 04:12:12.083 INFO  [main][SystemCheckOSGiCommands:123] Declarative Service Soft Circular Dependency Checker check result: No issues were found.
2019-04-10 04:12:12.083 INFO  [main][SystemCheckOSGiCommands:111] Running "Declarative Service Unsatisfied Component Checker". You can run this by itself with command "ds:unsatisfied" in gogo shell.
2019-04-10 04:12:16.840 INFO  [main][SystemCheckOSGiCommands:123] Declarative Service Unsatisfied Component Checker check result: No issues were found.
2019-04-10 04:12:16.853 INFO  [main][SystemCheckOSGiCommands:111] Running "Spring Extender Unavailable Component Checker". You can run this by itself with command "dm na" in gogo shell.
2019-04-10 04:12:16.854 INFO  [main][SystemCheckOSGiCommands:123] Spring Extender Unavailable Component Checker check result: No issues were found.
2019-04-10 04:46:54.230 INFO  [fileinstall-C:/LR7/liferay-ce-portal-7.1.1-ga2/osgi/modules][BundleStartStopLogger:42] STOPPED com.crowd.funding.database.api_1.0.0 [5878]
2019-04-10 04:46:54.618 INFO  [Refresh Thread: Equinox Container: d08f5495-d595-4ef3-a89a-42ebce63e974][BundleStartStopLogger:42] STOPPED com.crowd.funding.recruitment_1.0.0 [6762]
2019-04-10 04:46:54.647 INFO  [Refresh Thread: Equinox Container: d08f5495-d595-4ef3-a89a-42ebce63e974][BundleStartStopLogger:42] STOPPED nirav.demo_1.0.0 [5884]
2019-04-10 04:46:54.705 INFO  [Refresh Thread: Equinox Container: d08f5495-d595-4ef3-a89a-42ebce63e974][BundleStartStopLogger:42] STOPPED crowd.funding.newsletter.email_1.0.0 [5883]
2019-04-10 04:46:54.726 INFO  [Refresh Thread: Equinox Container: d08f5495-d595-4ef3-a89a-42ebce63e974][BundleStartStopLogger:42] STOPPED com.crowd.funding.user.registration.controller_1.0.0 [5882]
2019-04-10 04:46:55.031 INFO  [Refresh Thread: Equinox Container: d08f5495-d595-4ef3-a89a-42ebce63e974][BundleStartStopLogger:42] STOPPED com.crowd.funding.module.controller_1.0.0 [5881]
2019-04-10 04:46:55.107 INFO  [Refresh Thread: Equinox Container: d08f5495-d595-4ef3-a89a-42ebce63e974][BundleStartStopLogger:42] STOPPED com.crowd.funding.dynamic.fees.controller_1.0.0 [5880]
2019-04-10 04:46:55.363 INFO  [Refresh Thread: Equinox Container: d08f5495-d595-4ef3-a89a-42ebce63e974][BundleStartStopLogger:42] STOPPED com.crowd.funding.database.service_1.0.0 [5879]
2019-04-10 04:46:55.395 INFO  [Refresh Thread: Equinox Container: d08f5495-d595-4ef3-a89a-42ebce63e974][BundleStartStopLogger:42] STOPPED com.crowd.funding.admin.report_1.0.0 [5877]
2019-04-10 04:46:56.145 INFO  [Refresh Thread: Equinox Container: d08f5495-d595-4ef3-a89a-42ebce63e974][BundleStartStopLogger:39] STARTED com.crowd.funding.admin.report_1.0.0 [5877]
2019-04-10 04:46:56.225 INFO  [Refresh Thread: Equinox Container: d08f5495-d595-4ef3-a89a-42ebce63e974][BundleStartStopLogger:39] STARTED com.crowd.funding.database.service_1.0.0 [5879]
2019-04-10 04:46:57.759 INFO  [Refresh Thread: Equinox Container: d08f5495-d595-4ef3-a89a-42ebce63e974][BundleStartStopLogger:39] STARTED com.crowd.funding.dynamic.fees.controller_1.0.0 [5880]
2019-04-10 04:46:57.993 ERROR [Refresh Thread: Equinox Container: d08f5495-d595-4ef3-a89a-42ebce63e974][PortletImpl:2920] Unable to link role for portlet [MyCampaigns] with role-name [cf_PROJECT_OWNER] because role-link is null
2019-04-10 04:46:58.036 INFO  [Refresh Thread: Equinox Container: d08f5495-d595-4ef3-a89a-42ebce63e974][BundleStartStopLogger:39] STARTED com.crowd.funding.module.controller_1.0.0 [5881]
2019-04-10 04:46:58.095 INFO  [Refresh Thread: Equinox Container: d08f5495-d595-4ef3-a89a-42ebce63e974][BundleStartStopLogger:39] STARTED com.crowd.funding.user.registration.controller_1.0.0 [5882]
2019-04-10 04:46:58.161 INFO  [Refresh Thread: Equinox Container: d08f5495-d595-4ef3-a89a-42ebce63e974][BundleStartStopLogger:39] STARTED crowd.funding.newsletter.email_1.0.0 [5883]
2019-04-10 04:46:58.193 INFO  [Refresh Thread: Equinox Container: d08f5495-d595-4ef3-a89a-42ebce63e974][BundleStartStopLogger:39] STARTED nirav.demo_1.0.0 [5884]
2019-04-10 04:46:58.271 INFO  [Refresh Thread: Equinox Container: d08f5495-d595-4ef3-a89a-42ebce63e974][BundleStartStopLogger:39] STARTED com.crowd.funding.recruitment_1.0.0 [6762]
2019-04-10 04:46:58.272 INFO  [Refresh Thread: Equinox Container: d08f5495-d595-4ef3-a89a-42ebce63e974][BundleStartStopLogger:39] STARTED com.crowd.funding.database.api_1.0.0 [5878]
2019-04-10 04:47:08.406 INFO  [fileinstall-C:/LR7/liferay-ce-portal-7.1.1-ga2/osgi/modules][BundleStartStopLogger:42] STOPPED com.crowd.funding.database.service_1.0.0 [5879]
2019-04-10 04:47:08.543 INFO  [Refresh Thread: Equinox Container: d08f5495-d595-4ef3-a89a-42ebce63e974][BundleStartStopLogger:39] STARTED com.crowd.funding.database.service_1.0.0 [5879]
2019-04-10 04:47:09.252 WARN  [Refresh Thread: Equinox Container: d08f5495-d595-4ef3-a89a-42ebce63e974][ServiceComponentLocalServiceImpl:625] Auto upgrading CrowdFunding database to build number 156 is not supported for a production environment. Write an UpgradeStep to ensure data is upgraded correctly.
2019-04-10 04:47:09.256 INFO  [Refresh Thread: Equinox Container: d08f5495-d595-4ef3-a89a-42ebce63e974][ServiceComponentLocalServiceImpl:630] Upgrading database with tables.sql
2019-04-10 04:47:09.585 WARN  [Refresh Thread: Equinox Container: d08f5495-d595-4ef3-a89a-42ebce63e974][BaseDB:487] Table 'cf_acknowledgement_details' already exists: create table cf_acknowledgement_details (_uuid_ varchar(75) null,_ACKNOWLEDGMENT_ID bigint not null primary key,_PROJECT_ID bigint,_DETAILS longtext null,_DOCUMENT_NAME varchar(75) null,_DOCUMENT_TYPE varchar(75) null,_DOCUMENT longblob,_VIDEO_TYPE varchar(75) null,_VIDEO longblob,_DATE datetime(6) null_) engine InnoDB;_ [Sanitized]
2019-04-10 04:47:09.587 WARN  [Refresh Thread: Equinox Container: d08f5495-d595-4ef3-a89a-42ebce63e974][BaseDB:487] Table 'cf_candidate_details' already exists: create table cf_candidate_details (_uuid_ varchar(75) null,_CANDIDATE_ID bigint not null primary key,_POSITION_ID bigint,_NAME varchar(75) null,_EMAIL varchar(75) null,_MOBILE_NO bigint,_CURRENT_LOCATION varchar(75) null,_EXPERIENCE varchar(75) null,_RESUME_TYPE varchar(75) null,_RESUME longblob,_DATE datetime(6) null,_STATUS integer_) engine InnoDB;_ [Sanitized]
2019-04-10 04:47:09.589 WARN  [Refresh Thread: Equinox Container: d08f5495-d595-4ef3-a89a-42ebce63e974][BaseDB:487] Table 'cf_donor_details' already exists: create table cf_donor_details (_uuid_ varchar(75) null,_DONOR_ID bigint not null primary key,_NAME varchar(75) null,_ADDRESS varchar(75) null,_CITY varchar(75) null,_STATE varchar(75) null,_COUNTRY varchar(75) null,_PINCODE varchar(75) null,_MAIL_ADDRESS varchar(75) null,_MOBILE_NO bigint,_OTP integer,_MAIL_VERIFICATION integer,_SMS_VERIFICATION integer,_CREATION_DATE_TIME datetime(6) null_) engine InnoDB;_ [Sanitized]
2019-04-10 04:47:09.591 WARN  [Refresh Thread: Equinox Container: d08f5495-d595-4ef3-a89a-42ebce63e974][BaseDB:487] Table 'cf_dynamic_fees_details' already exists: create table cf_dynamic_fees_details (_uuid_ varchar(75) null,_CATEGORY_ID bigint not null primary key,_CATEGORY_NAME varchar(75) null,_PROCESSING_FEES double,_PROJECT_FEES double,_PAYMENT_GATEWAY_CHARGES double,_OTHER_CHARGES double_) engine InnoDB;_ [Sanitized]
2019-04-10 04:47:09.592 WARN  [Refresh Thread: Equinox Container: d08f5495-d595-4ef3-a89a-42ebce63e974][BaseDB:487] Table 'cf_extention_details' already exists: create table cf_extention_details (_uuid_ varchar(75) null,_PROJECT_EXTENTION_ID bigint not null primary key,_PROJECT_ID bigint,_EXTENTION_DATE datetime(6) null,_COMMENT varchar(75) null,_STATUS integer,_DATE datetime(6) null_) engine InnoDB;_ [Sanitized]
2019-04-10 04:47:09.593 WARN  [Refresh Thread: Equinox Container: d08f5495-d595-4ef3-a89a-42ebce63e974][BaseDB:487] Table 'cf_fund_release_details' already exists: create table cf_fund_release_details (_uuid_ varchar(75) null,_FUND_RELEASE_ID bigint not null primary key,_PROJECT_FEES_ID bigint,_PROJECT_ID bigint,_CURRENCY varchar(75) null,_PROCESSING_FEES double,_PROJECT_FEES double,_PAYMENT_GATEWAY_CHARGES double,_OTHER_CHARGES double,_TOTAL_WITHDRAW_AMOUNT double,_STATUS integer,_RELEASE_DATE datetime(6) null,_REQUEST_DATE datetime(6) null_) engine InnoDB;_ [Sanitized]
2019-04-10 04:47:09.595 WARN  [Refresh Thread: Equinox Container: d08f5495-d595-4ef3-a89a-42ebce63e974][BaseDB:487] Table 'cf_history_log_details' already exists: create table cf_history_log_details (_uuid_ varchar(75) null,_HISTORY_ID bigint not null primary key,_USER_ID bigint,_URL varchar(75) null,_DATE datetime(6) null_) engine InnoDB;_ [Sanitized]
2019-04-10 04:47:09.597 WARN  [Refresh Thread: Equinox Container: d08f5495-d595-4ef3-a89a-42ebce63e974][BaseDB:487] Table 'cf_news_letter_details' already exists: create table cf_news_letter_details (_uuid_ varchar(75) null,_NEWS_LETTER_ID bigint not null primary key,_TITLE varchar(75) null,_DETAILS varchar(75) null,_DOCUMENT_TYPE varchar(75) null,_DOCUMENT longblob,_DATE datetime(6) null_) engine InnoDB;_ [Sanitized]
2019-04-10 04:47:09.598 WARN  [Refresh Thread: Equinox Container: d08f5495-d595-4ef3-a89a-42ebce63e974][BaseDB:487] Table 'cf_position_details' already exists: create table cf_position_details (_uuid_ varchar(75) null,_POSITION_ID bigint not null primary key,_ADVERTISMENT_NUM varchar(75) null,_POSITION_NAME varchar(75) null,_DESCRIPTION varchar(75) null,_EXPERIENCE_LEVEL varchar(75) null,_SALARY varchar(75) null,_INDUSTRY_TYPE varchar(75) null,_FUNCTIONAL_AREA varchar(75) null,_ROLE_CATEGORY varchar(75) null,_EMPLOYMENT_TYPE varchar(75) null,_LOCATION varchar(75) null,_DATE datetime(6) null,_STATUS integer_) engine InnoDB;_ [Sanitized]
2019-04-10 04:47:09.600 WARN  [Refresh Thread: Equinox Container: d08f5495-d595-4ef3-a89a-42ebce63e974][BaseDB:487] Table 'cf_project_account_details' already exists: create table cf_project_account_details (_uuid_ varchar(75) null,_ACCOUNT_ID bigint not null primary key,_PROJECT_ID bigint,_ACCOUNT_NO bigint,_ACCOUNT_HOLDER_NAME varchar(1000) null,_IFSC_CODE varchar(75) null,_UPI_NO varchar(75) null_) engine InnoDB;_ [Sanitized]
2019-04-10 04:47:09.602 WARN  [Refresh Thread: Equinox Container: d08f5495-d595-4ef3-a89a-42ebce63e974][BaseDB:487] Table 'cf_project_benificiary_details' already exists: create table cf_project_benificiary_details (_uuid_ varchar(75) null,_BENIFICIARY_ID bigint not null primary key,_BENIFICIARY_CATEGORY varchar(75) null,_BENIFICIARY_TYPE varchar(75) null,_BENIFICIARY_NAME varchar(500) null,_AGE varchar(75) null,_GENDER varchar(75) null,_LOCATION varchar(75) null,_RELATIONSHIP varchar(500) null,_RELATIONSHIP_DETAILS varchar(75) null,_MEMBERS_NO integer,_CAUSE_DETAILS varchar(75) null,_ADDRESS_LINE1 varchar(1000) null,_ADDRESS_LINE2 varchar(1000) null,_CITY varchar(75) null,_STATE varchar(75) null,_PINCODE integer,_COUNTRY varchar(75) null,_CONTACT_NAME varchar(75) null,_CONTACT_NO bigint,_ALTERNATE_CONTACT_NO bigint,_EMERGENCY_CONTACT_DETAILS longtext null,_IMAGE_TYPE varchar(75) null,_IMAGE longblob_) engine InnoDB;_ [Sanitized]
2019-04-10 04:47:09.604 WARN  [Refresh Thread: Equinox Container: d08f5495-d595-4ef3-a89a-42ebce63e974][BaseDB:487] Table 'cf_project_comment_details' already exists: create table cf_project_comment_details (_uuid_ varchar(75) null,_PROJECT_COMMENT_ID bigint not null primary key,_PROJECT_ID bigint,_COMMENT longtext null,_ANSWER longtext null,_DONOR_USER_ID bigint,_COMMENT_DATE datetime(6) null,_STATUS integer_) engine InnoDB;_ [Sanitized]
2019-04-10 04:47:09.605 WARN  [Refresh Thread: Equinox Container: d08f5495-d595-4ef3-a89a-42ebce63e974][BaseDB:487] Table 'cf_project_document_details' already exists: create table cf_project_document_details (_uuid_ varchar(75) null,_PROJECT_DOCUMENT_ID bigint not null primary key,_PROJECT_ID bigint,_DOCUMENT_NAME varchar(1000) null,_DOCUMENT_TYPE varchar(75) null,_DOCUMENT longblob_) engine InnoDB;_ [Sanitized]
2019-04-10 04:47:09.608 WARN  [Refresh Thread: Equinox Container: d08f5495-d595-4ef3-a89a-42ebce63e974][BaseDB:487] Table 'cf_project_feedback_details' already exists: create table cf_project_feedback_details (_uuid_ varchar(75) null,_PROJECT_FEEDBACK_ID bigint not null primary key,_PROJECT_ID bigint,_FEEDBACK longtext null,_DONOR_USER_ID bigint,_FEEDBACK_DATE datetime(6) null,_STATUS integer_) engine InnoDB;_ [Sanitized]
2019-04-10 04:47:09.610 WARN  [Refresh Thread: Equinox Container: d08f5495-d595-4ef3-a89a-42ebce63e974][BaseDB:487] Table 'cf_project_fees_details' already exists: create table cf_project_fees_details (_uuid_ varchar(75) null,_PROJECT_FEES_ID bigint not null primary key,_CATEGORY_ID bigint,_PROJECT_ID bigint,_START_AMOUNT double,_END_AMOUNT double,_WITHDRAW_STATUS integer,_DATE datetime(6) null_) engine InnoDB;_ [Sanitized]
2019-04-10 04:47:09.636 WARN  [Refresh Thread: Equinox Container: d08f5495-d595-4ef3-a89a-42ebce63e974][BaseDB:487] Table 'cf_project_follower_details' already exists: create table cf_project_follower_details (_uuid_ varchar(75) null,_PROJECT_FOLLOWER_ID bigint not null primary key,_USER_ID bigint,_PROJECT_ID bigint,_STATUS integer_) engine InnoDB;_ [Sanitized]
2019-04-10 04:47:09.637 WARN  [Refresh Thread: Equinox Container: d08f5495-d595-4ef3-a89a-42ebce63e974][BaseDB:487] Table 'cf_project_fund_details' already exists: create table cf_project_fund_details (_uuid_ varchar(75) null,_PROJECT_FUND_ID bigint not null primary key,_DONOR_ID bigint,_PROJECT_ID bigint,_CATEGORY_ID bigint,_CURRENCY varchar(75) null,_DONATED_AMOUNT double,_DONOR_USER_ID bigint,_DONOR_STATUS integer,_COMMENT longtext null,_DONATED_DATE datetime(6) null_) engine InnoDB;_ [Sanitized]
2019-04-10 04:47:09.639 WARN  [Refresh Thread: Equinox Container: d08f5495-d595-4ef3-a89a-42ebce63e974][BaseDB:487] Table 'cf_project_image_details' already exists: create table cf_project_image_details (_uuid_ varchar(75) null,_PROJECT_IMAGE_ID bigint not null primary key,_PROJECT_ID bigint,_IMAGE_NAME varchar(75) null,_IMAGE_TYPE varchar(75) null,_IMAGE longblob_) engine InnoDB;_ [Sanitized]
2019-04-10 04:47:09.640 WARN  [Refresh Thread: Equinox Container: d08f5495-d595-4ef3-a89a-42ebce63e974][BaseDB:487] Table 'cf_project_master' already exists: create table cf_project_master (_uuid_ varchar(75) null,_PROJECT_ID bigint not null primary key,_USER_ID bigint,_BENIFICIARY_ID bigint,_TITLE longtext null,_DESCRIPTION longtext null,_VIDEO_TYPE varchar(75) null,_VIDEO longblob,_REQUIRED_FUND_AMOUNT double,_CREATION_DATE datetime(6) null,_END_DATE datetime(6) null,_COMMENT varchar(75) null,_STATUS integer,_REQUEST_STATUS integer_) engine InnoDB;_ [Sanitized]
2019-04-10 04:47:09.642 WARN  [Refresh Thread: Equinox Container: d08f5495-d595-4ef3-a89a-42ebce63e974][BaseDB:487] Table 'cf_project_priority_details' already exists: create table cf_project_priority_details (_uuid_ varchar(75) null,_PROJECT_PRIORITY_ID bigint not null primary key,_PROJECT_ID bigint,_PRIORITY integer,_PRIORITY_SEQUANCE integer_) engine InnoDB;_ [Sanitized]
2019-04-10 04:47:09.643 WARN  [Refresh Thread: Equinox Container: d08f5495-d595-4ef3-a89a-42ebce63e974][BaseDB:487] Table 'cf_project_question_details' already exists: create table cf_project_question_details (_uuid_ varchar(75) null,_PROJECT_QUESTION_ID bigint not null primary key,_PROJECT_ID bigint,_QUESTION longtext null,_QUESTION_REQUESTER_USER_ID bigint,_QUESTION_DATE datetime(6) null,_STATUS integer_) engine InnoDB;_ [Sanitized]
2019-04-10 04:47:09.644 WARN  [Refresh Thread: Equinox Container: d08f5495-d595-4ef3-a89a-42ebce63e974][BaseDB:487] Table 'cf_project_update_details' already exists: create table cf_project_update_details (_uuid_ varchar(75) null,_PROJECT_UPDATE_ID bigint not null primary key,_PROJECT_ID bigint,_UPDATE_DETAILS longtext null,_UPDATE_DATE datetime(6) null,_STATUS integer_) engine InnoDB;_ [Sanitized]
2019-04-10 04:47:09.646 WARN  [Refresh Thread: Equinox Container: d08f5495-d595-4ef3-a89a-42ebce63e974][BaseDB:487] Table 'cf_subscription_details' already exists: create table cf_subscription_details (_uuid_ varchar(75) null,_SUSCRIBER_ID bigint not null primary key,_EMAIL varchar(75) null,_STATUS integer_) engine InnoDB;_ [Sanitized]
2019-04-10 04:47:09.647 WARN  [Refresh Thread: Equinox Container: d08f5495-d595-4ef3-a89a-42ebce63e974][BaseDB:487] Table 'cf_update_requester_details' already exists: create table cf_update_requester_details (_uuid_ varchar(75) null,_PROJECT_UPDATE_REQUEST_ID bigint not null primary key,_PROJECT_ID bigint,_UPDATE_REQUESTER_USER_ID bigint,_UPDATE_REQUEST_DATE datetime(6) null,_STATUS integer_) engine InnoDB;_ [Sanitized]
2019-04-10 04:47:09.660 WARN  [Refresh Thread: Equinox Container: d08f5495-d595-4ef3-a89a-42ebce63e974][BaseDB:487] Table 'cf_user_follow_details' already exists: create table cf_user_follow_details (_uuid_ varchar(75) null,_USER_FOLLOW_ID bigint not null primary key,_USER_ID bigint,_FOLLOWER_USER_ID bigint,_STATUS integer_) engine InnoDB;_ [Sanitized]
2019-04-10 04:47:09.662 WARN  [Refresh Thread: Equinox Container: d08f5495-d595-4ef3-a89a-42ebce63e974][BaseDB:487] Table 'cf_user_master' already exists: create table cf_user_master (_uuid_ varchar(75) null,_USER_ID bigint not null primary key,_USER_OTP_ID bigint,_FULL_NAME varchar(1000) null,_PASSWORD varchar(75) null,_GENDER varchar(75) null,_CREATION_DATE datetime(6) null_) engine InnoDB;_ [Sanitized]
2019-04-10 04:47:09.665 WARN  [Refresh Thread: Equinox Container: d08f5495-d595-4ef3-a89a-42ebce63e974][BaseDB:487] Table 'cf_user_otp_details' already exists: create table cf_user_otp_details (_uuid_ varchar(75) null,_USER_OTP_ID bigint not null primary key,_MOBILE_NO bigint,_MAIL varchar(75) null,_OTP integer,_OTP_DEVICE integer,_OTP_VERIFICATION_STATUS integer,_CREATION_DATE_TIME datetime(6) null_) engine InnoDB;_ [Sanitized]
2019-04-10 04:47:09.665 INFO  [Refresh Thread: Equinox Container: d08f5495-d595-4ef3-a89a-42ebce63e974][ServiceComponentLocalServiceImpl:431] No optional file META-INF/portlet-model-hints-ext.xml found
2019-04-10 04:47:09.708 INFO  [Refresh Thread: Equinox Container: d08f5495-d595-4ef3-a89a-42ebce63e974][Table:168] Starting backup of cf_project_fund_details to C:\LR7\liferay-ce-portal-7.1.1-ga2\tomcat-9.0.10\temp\temp-db-cf_project_fund_details-91869921870716315.tmp
2019-04-10 04:47:09.722 INFO  [Refresh Thread: Equinox Container: d08f5495-d595-4ef3-a89a-42ebce63e974][Table:204] Finished backup of cf_project_fund_details to C:\LR7\liferay-ce-portal-7.1.1-ga2\tomcat-9.0.10\temp\temp-db-cf_project_fund_details-91869921870716315.tmp in 14 ms
2019-04-10 04:47:10.869 INFO  [Refresh Thread: Equinox Container: d08f5495-d595-4ef3-a89a-42ebce63e974][ServiceComponentLocalServiceImpl:652] Upgrading database with indexes.sql
2019-04-10 04:47:34.179 INFO  [fileinstall-C:/LR7/liferay-ce-portal-7.1.1-ga2/osgi/modules][BundleStartStopLogger:42] STOPPED com.crowd.funding.module.controller_1.0.0 [5881]
2019-04-10 04:48:04.723 ERROR [fileinstall-C:/LR7/liferay-ce-portal-7.1.1-ga2/osgi/modules][PortletImpl:2920] Unable to link role for portlet [MyCampaigns] with role-name [cf_PROJECT_OWNER] because role-link is null
2019-04-10 04:48:04.758 INFO  [fileinstall-C:/LR7/liferay-ce-portal-7.1.1-ga2/osgi/modules][BundleStartStopLogger:39] STARTED com.crowd.funding.module.controller_1.0.0 [6763]
2019-04-10 04:48:49.922 INFO  [fileinstall-C:/LR7/liferay-ce-portal-7.1.1-ga2/osgi/modules][BundleStartStopLogger:42] STOPPED com.crowd.funding.module.controller_1.0.0 [6763]
2019-04-10 04:48:50.238 ERROR [Refresh Thread: Equinox Container: d08f5495-d595-4ef3-a89a-42ebce63e974][PortletImpl:2920] Unable to link role for portlet [MyCampaigns] with role-name [cf_PROJECT_OWNER] because role-link is null
2019-04-10 04:48:50.270 INFO  [Refresh Thread: Equinox Container: d08f5495-d595-4ef3-a89a-42ebce63e974][BundleStartStopLogger:39] STARTED com.crowd.funding.module.controller_1.0.0 [6763]
2019-04-10 04:49:25.372 INFO  [fileinstall-C:/LR7/liferay-ce-portal-7.1.1-ga2/osgi/modules][BundleStartStopLogger:42] STOPPED com.crowd.funding.dynamic.fees.controller_1.0.0 [5880]
2019-04-10 04:49:26.157 INFO  [Refresh Thread: Equinox Container: d08f5495-d595-4ef3-a89a-42ebce63e974][BundleStartStopLogger:39] STARTED com.crowd.funding.dynamic.fees.controller_1.0.0 [5880]
2019-04-10 05:34:49.345 INFO  [fileinstall-C:/LR7/liferay-ce-portal-7.1.1-ga2/osgi/modules][BundleStartStopLogger:42] STOPPED com.crowd.funding.module.controller_1.0.0 [6763]
2019-04-10 05:34:49.773 ERROR [Refresh Thread: Equinox Container: d08f5495-d595-4ef3-a89a-42ebce63e974][PortletImpl:2920] Unable to link role for portlet [MyCampaigns] with role-name [cf_PROJECT_OWNER] because role-link is null
2019-04-10 05:34:49.817 INFO  [Refresh Thread: Equinox Container: d08f5495-d595-4ef3-a89a-42ebce63e974][BundleStartStopLogger:39] STARTED com.crowd.funding.module.controller_1.0.0 [6763]
2019-04-10 05:46:25.195 INFO  [fileinstall-C:/LR7/liferay-ce-portal-7.1.1-ga2/osgi/modules][BundleStartStopLogger:42] STOPPED com.crowd.funding.module.controller_1.0.0 [6763]
2019-04-10 05:46:25.555 ERROR [Refresh Thread: Equinox Container: d08f5495-d595-4ef3-a89a-42ebce63e974][PortletImpl:2920] Unable to link role for portlet [MyCampaigns] with role-name [cf_PROJECT_OWNER] because role-link is null
2019-04-10 05:46:25.592 INFO  [Refresh Thread: Equinox Container: d08f5495-d595-4ef3-a89a-42ebce63e974][BundleStartStopLogger:39] STARTED com.crowd.funding.module.controller_1.0.0 [6763]
2019-04-10 10:56:36.104 WARN  [HikariPool-1 housekeeper][HikariPool:686] HikariPool-1 - Thread starvation or clock leap detected (housekeeper delta=4h24m26s652ms18µs773ns).
2019-04-10 10:56:39.634 WARN  [HikariPool-2 housekeeper][HikariPool:686] HikariPool-2 - Thread starvation or clock leap detected (housekeeper delta=4h24m26s651ms962µs500ns).
