2019-11-21 04:23:33.530 INFO  [main][DialectDetector:158] Using dialect org.hibernate.dialect.MySQLDialect for MySQL 5.7
2019-11-21 04:23:37.945 INFO  [main][ModuleFrameworkImpl:1326] Starting initial bundles
2019-11-21 04:23:58.534 INFO  [ModuleFramework-Static-Bundles-1][LPKGIndexValidator:150] Running validation because of mismatched checksum for liferay-target-platform
2019-11-21 04:28:46.153 INFO  [ModuleFramework-Static-Bundles-1][LPKGIndexValidator:273] LPKG validation time 04:57s
2019-11-21 04:28:53.482 INFO  [ModuleFramework-Static-Bundles-1][LPKGIndexValidator:212] Updated C:\LR7\liferay-ce-portal-7.1.1-ga2\osgi\target-platform\integrity.properties
2019-11-21 04:28:53.835 INFO  [main][ModuleFrameworkImpl:1592] Started initial bundles
2019-11-21 04:28:53.835 INFO  [main][ModuleFrameworkImpl:1627] Starting dynamic bundles
2019-11-21 04:29:27.583 INFO  [main][ModuleFrameworkImpl:1716] Started dynamic bundles
2019-11-21 04:29:27.598 INFO  [main][ModuleFrameworkImpl:413] Navigate to Control Panel > Configuration > Gogo Shell and enter "lb" to see all bundles
2019-11-21 04:29:41.571 WARN  [Elasticsearch initialization thread][EmbeddedElasticsearchConnection:286] Liferay is configured to use embedded Elasticsearch as its search engine. Do NOT use embedded Elasticsearch in production. Embedded Elasticsearch is useful for development and demonstration purposes. Remote Elasticsearch connections can be configured in the Control Panel.
2019-11-21 04:30:06.281 INFO  [main][StartupHelper:72] There are no patches installed
2019-11-21 04:30:11.595 INFO  [main][AutoDeployDir:193] Auto deploy scanner started for C:\LR7\liferay-ce-portal-7.1.1-ga2\deploy
2019-11-21 04:31:02.742 ERROR [main][PortletImpl:2920] Unable to link role for portlet [MyCampaigns] with role-name [cf_PROJECT_OWNER] because role-link is null
2019-11-21 04:31:15.119 INFO  [main][ThemeHotDeployListener:108] 1 theme for classic-theme is available for use
2019-11-21 04:31:16.314 INFO  [main][ThemeHotDeployListener:108] 1 theme for admin-theme is available for use
2019-11-21 04:31:20.368 INFO  [main][ThemeHotDeployListener:108] 1 theme for my-custome-theme is available for use
2019-11-21 04:31:22.587 INFO  [main][SystemCheckOSGiCommands:54] System check is enabled. You can run a system check with the command "system:check" in Gogo shell.
2019-11-21 04:31:22.594 INFO  [main][SystemCheckOSGiCommands:64] Running system check
2019-11-21 04:31:22.594 INFO  [main][SystemCheckOSGiCommands:95] Available checkers :[Declarative Service Soft Circular Dependency Checker, Declarative Service Unsatisfied Component Checker, Spring Extender Unavailable Component Checker]
2019-11-21 04:31:22.594 INFO  [main][SystemCheckOSGiCommands:111] Running "Declarative Service Soft Circular Dependency Checker". You can run this by itself with command "ds:softCircularDependency" in gogo shell.
2019-11-21 04:31:23.564 INFO  [main][SystemCheckOSGiCommands:123] Declarative Service Soft Circular Dependency Checker check result: No issues were found.
2019-11-21 04:31:23.564 INFO  [main][SystemCheckOSGiCommands:111] Running "Declarative Service Unsatisfied Component Checker". You can run this by itself with command "ds:unsatisfied" in gogo shell.
2019-11-21 04:31:27.627 INFO  [main][SystemCheckOSGiCommands:123] Declarative Service Unsatisfied Component Checker check result: No issues were found.
2019-11-21 04:31:27.636 INFO  [main][SystemCheckOSGiCommands:111] Running "Spring Extender Unavailable Component Checker". You can run this by itself with command "dm na" in gogo shell.
2019-11-21 04:31:27.637 INFO  [main][SystemCheckOSGiCommands:123] Spring Extender Unavailable Component Checker check result: No issues were found.
2019-11-21 04:36:35.488 INFO  [fileinstall-C:/LR7/liferay-ce-portal-7.1.1-ga2/osgi/modules][BundleStartStopLogger:42] STOPPED crowd.funding.home.page_1.0.0 [8688]
2019-11-21 04:36:36.865 INFO  [Refresh Thread: Equinox Container: 33e2438e-4fac-4ce6-a152-6e9c1b065c40][BundleStartStopLogger:39] STARTED crowd.funding.home.page_1.0.0 [8688]
2019-11-21 04:46:23.612 INFO  [fileinstall-C:/LR7/liferay-ce-portal-7.1.1-ga2/osgi/modules][BundleStartStopLogger:42] STOPPED crowd.funding.home.page_1.0.0 [8688]
2019-11-21 04:46:24.148 INFO  [Refresh Thread: Equinox Container: 33e2438e-4fac-4ce6-a152-6e9c1b065c40][BundleStartStopLogger:39] STARTED crowd.funding.home.page_1.0.0 [8688]
2019-11-21 04:47:09.336 INFO  [fileinstall-C:/LR7/liferay-ce-portal-7.1.1-ga2/osgi/modules][BundleStartStopLogger:42] STOPPED crowd.funding.home.page_1.0.0 [8688]
2019-11-21 04:47:09.803 INFO  [Refresh Thread: Equinox Container: 33e2438e-4fac-4ce6-a152-6e9c1b065c40][BundleStartStopLogger:39] STARTED crowd.funding.home.page_1.0.0 [8688]
2019-11-21 05:13:52.818 INFO  [fileinstall-C:/LR7/liferay-ce-portal-7.1.1-ga2/osgi/modules][BundleStartStopLogger:42] STOPPED com.crowd.funding.module.controller_1.0.0 [8664]
2019-11-21 05:13:53.269 INFO  [Refresh Thread: Equinox Container: 33e2438e-4fac-4ce6-a152-6e9c1b065c40][BundleStartStopLogger:39] STARTED com.crowd.funding.module.controller_1.0.0 [8664]
2019-11-21 05:13:55.335 ERROR [Refresh Thread: Equinox Container: 33e2438e-4fac-4ce6-a152-6e9c1b065c40][PortletImpl:2920] Unable to link role for portlet [MyCampaigns] with role-name [cf_PROJECT_OWNER] because role-link is null
2019-11-21 05:21:02.795 INFO  [fileinstall-C:/LR7/liferay-ce-portal-7.1.1-ga2/osgi/modules][BundleStartStopLogger:42] STOPPED crowd.funding.home.page_1.0.0 [8688]
2019-11-21 05:21:03.529 INFO  [Refresh Thread: Equinox Container: 33e2438e-4fac-4ce6-a152-6e9c1b065c40][BundleStartStopLogger:39] STARTED crowd.funding.home.page_1.0.0 [8688]
2019-11-21 05:23:34.690 INFO  [fileinstall-C:/LR7/liferay-ce-portal-7.1.1-ga2/osgi/modules][BundleStartStopLogger:42] STOPPED crowd.funding.home.page_1.0.0 [8688]
2019-11-21 05:23:35.231 INFO  [Refresh Thread: Equinox Container: 33e2438e-4fac-4ce6-a152-6e9c1b065c40][BundleStartStopLogger:39] STARTED crowd.funding.home.page_1.0.0 [8688]
2019-11-21 05:24:06.091 INFO  [fileinstall-C:/LR7/liferay-ce-portal-7.1.1-ga2/osgi/modules][BundleStartStopLogger:42] STOPPED crowd.funding.home.page_1.0.0 [8688]
2019-11-21 05:24:06.565 INFO  [Refresh Thread: Equinox Container: 33e2438e-4fac-4ce6-a152-6e9c1b065c40][BundleStartStopLogger:39] STARTED crowd.funding.home.page_1.0.0 [8688]
2019-11-21 05:28:02.084 INFO  [fileinstall-C:/LR7/liferay-ce-portal-7.1.1-ga2/osgi/modules][BundleStartStopLogger:42] STOPPED crowd.funding.home.page_1.0.0 [8688]
2019-11-21 05:28:02.588 INFO  [Refresh Thread: Equinox Container: 33e2438e-4fac-4ce6-a152-6e9c1b065c40][BundleStartStopLogger:39] STARTED crowd.funding.home.page_1.0.0 [8688]
2019-11-21 06:43:30.543 INFO  [fileinstall-C:/LR7/liferay-ce-portal-7.1.1-ga2/osgi/modules][BundleStartStopLogger:42] STOPPED crowd.funding.home.page_1.0.0 [8688]
2019-11-21 06:43:31.295 INFO  [Refresh Thread: Equinox Container: 33e2438e-4fac-4ce6-a152-6e9c1b065c40][BundleStartStopLogger:39] STARTED crowd.funding.home.page_1.0.0 [8688]
2019-11-21 09:51:01.131 WARN  [http-nio-8080-exec-3][code_jsp:172] {code="404", msg="Not Found", uri=/o/com.crowd.funding.user.registration.controller/css/main.css}
2019-11-21 11:12:33.433 INFO  [main][DialectDetector:158] Using dialect org.hibernate.dialect.MySQLDialect for MySQL 5.7
2019-11-21 11:12:36.345 INFO  [main][ModuleFrameworkImpl:1326] Starting initial bundles
2019-11-21 11:12:50.780 INFO  [ModuleFramework-Static-Bundles-3][LPKGIndexValidator:150] Running validation because of mismatched checksum for liferay-target-platform
2019-11-21 11:18:25.544 INFO  [ModuleFramework-Static-Bundles-3][LPKGIndexValidator:273] LPKG validation time 05:45s
2019-11-21 11:18:32.785 INFO  [ModuleFramework-Static-Bundles-3][LPKGIndexValidator:212] Updated C:\LR7\liferay-ce-portal-7.1.1-ga2\osgi\target-platform\integrity.properties
2019-11-21 11:18:32.882 INFO  [ModuleFramework-Static-Bundles-3][BundleBlacklist:120] Reinstalling bundle nirav.demo
2019-11-21 11:18:32.898 ERROR [ModuleFramework-Static-Bundles-3][com_liferay_portal_bundle_blacklist_impl:97] bundle com.liferay.portal.bundle.blacklist.impl:1.0.5 (7759)[com.liferay.portal.bundle.blacklist.internal.BundleBlacklist(16)] : The activate method has thrown an exception 
org.osgi.framework.BundleException: Error reading bundle content.
	at org.eclipse.osgi.storage.Storage.install(Storage.java:612)
	at org.eclipse.osgi.internal.framework.BundleContextImpl.installBundle(BundleContextImpl.java:146)
	at org.eclipse.osgi.internal.framework.BundleContextImpl.installBundle(BundleContextImpl.java:139)
	at com.liferay.portal.bundle.blacklist.internal.BundleUtil.reinstallBundle(BundleUtil.java:128)
	at com.liferay.portal.bundle.blacklist.internal.BundleBlacklist.activate(BundleBlacklist.java:123)
	at sun.reflect.NativeMethodAccessorImpl.invoke0(Native Method)
	at sun.reflect.NativeMethodAccessorImpl.invoke(NativeMethodAccessorImpl.java:62)
	at sun.reflect.DelegatingMethodAccessorImpl.invoke(DelegatingMethodAccessorImpl.java:43)
	at java.lang.reflect.Method.invoke(Method.java:498)
	at org.apache.felix.scr.impl.inject.methods.BaseMethod.invokeMethod(BaseMethod.java:228)
	at org.apache.felix.scr.impl.inject.methods.BaseMethod.access$500(BaseMethod.java:41)
	at org.apache.felix.scr.impl.inject.methods.BaseMethod$Resolved.invoke(BaseMethod.java:664)
	at org.apache.felix.scr.impl.inject.methods.BaseMethod.invoke(BaseMethod.java:510)
	at org.apache.felix.scr.impl.inject.methods.ActivateMethod.invoke(ActivateMethod.java:317)
	at org.apache.felix.scr.impl.inject.methods.ActivateMethod.invoke(ActivateMethod.java:307)
	at org.apache.felix.scr.impl.manager.SingleComponentManager.createImplementationObject(SingleComponentManager.java:341)
	at org.apache.felix.scr.impl.manager.SingleComponentManager.createComponent(SingleComponentManager.java:114)
	at org.apache.felix.scr.impl.manager.SingleComponentManager.getService(SingleComponentManager.java:983)
	at org.apache.felix.scr.impl.manager.SingleComponentManager.getServiceInternal(SingleComponentManager.java:956)
	at org.apache.felix.scr.impl.manager.AbstractComponentManager.activateInternal(AbstractComponentManager.java:756)
	at org.apache.felix.scr.impl.manager.DependencyManager$SingleStaticCustomizer.addedService(DependencyManager.java:1053)
	at org.apache.felix.scr.impl.manager.DependencyManager$SingleStaticCustomizer.addedService(DependencyManager.java:1007)
	at org.apache.felix.scr.impl.manager.ServiceTracker$Tracked.customizerAdded(ServiceTracker.java:1216)
	at org.apache.felix.scr.impl.manager.ServiceTracker$Tracked.customizerAdded(ServiceTracker.java:1137)
	at org.apache.felix.scr.impl.manager.ServiceTracker$AbstractTracked.trackAdding(ServiceTracker.java:944)
	at org.apache.felix.scr.impl.manager.ServiceTracker$AbstractTracked.track(ServiceTracker.java:880)
	at org.apache.felix.scr.impl.manager.ServiceTracker$Tracked.serviceChanged(ServiceTracker.java:1168)
	at org.apache.felix.scr.impl.BundleComponentActivator$ListenerInfo.serviceChanged(BundleComponentActivator.java:125)
	at org.eclipse.osgi.internal.serviceregistry.FilteredServiceListener.serviceChanged(FilteredServiceListener.java:109)
	at org.eclipse.osgi.internal.serviceregistry.ServiceRegistry.publishServiceEventPrivileged(ServiceRegistry.java:891)
	at org.eclipse.osgi.internal.serviceregistry.ServiceRegistry.publishServiceEvent(ServiceRegistry.java:804)
	at org.eclipse.osgi.internal.serviceregistry.ServiceRegistrationImpl.register(ServiceRegistrationImpl.java:127)
	at org.eclipse.osgi.internal.serviceregistry.ServiceRegistry.registerService(ServiceRegistry.java:228)
	at org.eclipse.osgi.internal.framework.BundleContextImpl.registerService(BundleContextImpl.java:469)
	at org.apache.felix.scr.impl.manager.AbstractComponentManager$3.register(AbstractComponentManager.java:906)
	at org.apache.felix.scr.impl.manager.AbstractComponentManager$3.register(AbstractComponentManager.java:892)
	at org.apache.felix.scr.impl.manager.RegistrationManager.changeRegistration(RegistrationManager.java:128)
	at org.apache.felix.scr.impl.manager.AbstractComponentManager.registerService(AbstractComponentManager.java:959)
	at org.apache.felix.scr.impl.manager.AbstractComponentManager.activateInternal(AbstractComponentManager.java:732)
	at org.apache.felix.scr.impl.manager.DependencyManager$SingleStaticCustomizer.addedService(DependencyManager.java:1053)
	at org.apache.felix.scr.impl.manager.DependencyManager$SingleStaticCustomizer.addedService(DependencyManager.java:1007)
	at org.apache.felix.scr.impl.manager.ServiceTracker$Tracked.customizerAdded(ServiceTracker.java:1216)
	at org.apache.felix.scr.impl.manager.ServiceTracker$Tracked.customizerAdded(ServiceTracker.java:1137)
	at org.apache.felix.scr.impl.manager.ServiceTracker$AbstractTracked.trackAdding(ServiceTracker.java:944)
	at org.apache.felix.scr.impl.manager.ServiceTracker$AbstractTracked.track(ServiceTracker.java:880)
	at org.apache.felix.scr.impl.manager.ServiceTracker$Tracked.serviceChanged(ServiceTracker.java:1168)
	at org.apache.felix.scr.impl.BundleComponentActivator$ListenerInfo.serviceChanged(BundleComponentActivator.java:125)
	at org.eclipse.osgi.internal.serviceregistry.FilteredServiceListener.serviceChanged(FilteredServiceListener.java:109)
	at org.eclipse.osgi.internal.serviceregistry.ServiceRegistry.publishServiceEventPrivileged(ServiceRegistry.java:891)
	at org.eclipse.osgi.internal.serviceregistry.ServiceRegistry.publishServiceEvent(ServiceRegistry.java:804)
	at org.eclipse.osgi.internal.serviceregistry.ServiceRegistrationImpl.register(ServiceRegistrationImpl.java:127)
	at org.eclipse.osgi.internal.serviceregistry.ServiceRegistry.registerService(ServiceRegistry.java:228)
	at org.eclipse.osgi.internal.framework.BundleContextImpl.registerService(BundleContextImpl.java:469)
	at org.apache.felix.scr.impl.manager.AbstractComponentManager$3.register(AbstractComponentManager.java:906)
	at org.apache.felix.scr.impl.manager.AbstractComponentManager$3.register(AbstractComponentManager.java:892)
	at org.apache.felix.scr.impl.manager.RegistrationManager.changeRegistration(RegistrationManager.java:128)
	at org.apache.felix.scr.impl.manager.AbstractComponentManager.registerService(AbstractComponentManager.java:959)
	at org.apache.felix.scr.impl.manager.AbstractComponentManager.activateInternal(AbstractComponentManager.java:732)
	at org.apache.felix.scr.impl.manager.DependencyManager$SingleStaticCustomizer.addedService(DependencyManager.java:1053)
	at org.apache.felix.scr.impl.manager.DependencyManager$SingleStaticCustomizer.addedService(DependencyManager.java:1007)
	at org.apache.felix.scr.impl.manager.ServiceTracker$Tracked.customizerAdded(ServiceTracker.java:1216)
	at org.apache.felix.scr.impl.manager.ServiceTracker$Tracked.customizerAdded(ServiceTracker.java:1137)
	at org.apache.felix.scr.impl.manager.ServiceTracker$AbstractTracked.trackAdding(ServiceTracker.java:944)
	at org.apache.felix.scr.impl.manager.ServiceTracker$AbstractTracked.track(ServiceTracker.java:880)
	at org.apache.felix.scr.impl.manager.ServiceTracker$Tracked.serviceChanged(ServiceTracker.java:1168)
	at org.apache.felix.scr.impl.BundleComponentActivator$ListenerInfo.serviceChanged(BundleComponentActivator.java:125)
	at org.eclipse.osgi.internal.serviceregistry.FilteredServiceListener.serviceChanged(FilteredServiceListener.java:109)
	at org.eclipse.osgi.internal.serviceregistry.ServiceRegistry.publishServiceEventPrivileged(ServiceRegistry.java:891)
	at org.eclipse.osgi.internal.serviceregistry.ServiceRegistry.publishServiceEvent(ServiceRegistry.java:804)
	at org.eclipse.osgi.internal.serviceregistry.ServiceRegistrationImpl.register(ServiceRegistrationImpl.java:127)
	at org.eclipse.osgi.internal.serviceregistry.ServiceRegistry.registerService(ServiceRegistry.java:228)
	at org.eclipse.osgi.internal.framework.BundleContextImpl.registerService(BundleContextImpl.java:469)
	at org.apache.felix.scr.impl.manager.AbstractComponentManager$3.register(AbstractComponentManager.java:906)
	at org.apache.felix.scr.impl.manager.AbstractComponentManager$3.register(AbstractComponentManager.java:892)
	at org.apache.felix.scr.impl.manager.RegistrationManager.changeRegistration(RegistrationManager.java:128)
	at org.apache.felix.scr.impl.manager.AbstractComponentManager.registerService(AbstractComponentManager.java:959)
	at org.apache.felix.scr.impl.manager.AbstractComponentManager.activateInternal(AbstractComponentManager.java:732)
	at org.apache.felix.scr.impl.manager.DependencyManager$SingleStaticCustomizer.addedService(DependencyManager.java:1053)
	at org.apache.felix.scr.impl.manager.DependencyManager$SingleStaticCustomizer.addedService(DependencyManager.java:1007)
	at org.apache.felix.scr.impl.manager.ServiceTracker$Tracked.customizerAdded(ServiceTracker.java:1216)
	at org.apache.felix.scr.impl.manager.ServiceTracker$Tracked.customizerAdded(ServiceTracker.java:1137)
	at org.apache.felix.scr.impl.manager.ServiceTracker$AbstractTracked.trackAdding(ServiceTracker.java:944)
	at org.apache.felix.scr.impl.manager.ServiceTracker$AbstractTracked.track(ServiceTracker.java:880)
	at org.apache.felix.scr.impl.manager.ServiceTracker$Tracked.serviceChanged(ServiceTracker.java:1168)
	at org.apache.felix.scr.impl.BundleComponentActivator$ListenerInfo.serviceChanged(BundleComponentActivator.java:125)
	at org.eclipse.osgi.internal.serviceregistry.FilteredServiceListener.serviceChanged(FilteredServiceListener.java:109)
	at org.eclipse.osgi.internal.serviceregistry.ServiceRegistry.publishServiceEventPrivileged(ServiceRegistry.java:891)
	at org.eclipse.osgi.internal.serviceregistry.ServiceRegistry.publishServiceEvent(ServiceRegistry.java:804)
	at org.eclipse.osgi.internal.serviceregistry.ServiceRegistrationImpl.register(ServiceRegistrationImpl.java:127)
	at org.eclipse.osgi.internal.serviceregistry.ServiceRegistry.registerService(ServiceRegistry.java:228)
	at org.eclipse.osgi.internal.framework.BundleContextImpl.registerService(BundleContextImpl.java:469)
	at org.eclipse.osgi.internal.framework.BundleContextImpl.registerService(BundleContextImpl.java:487)
	at org.eclipse.osgi.internal.framework.BundleContextImpl.registerService(BundleContextImpl.java:1010)
	at org.apache.felix.cm.impl.ConfigurationManager.start(ConfigurationManager.java:186)
	at org.apache.felix.cm.impl.persistence.PersistenceManagerTracker.activate(PersistenceManagerTracker.java:110)
	at org.apache.felix.cm.impl.persistence.PersistenceManagerTracker.addingService(PersistenceManagerTracker.java:167)
	at org.apache.felix.cm.impl.persistence.PersistenceManagerTracker.addingService(PersistenceManagerTracker.java:49)
	at org.osgi.util.tracker.ServiceTracker$Tracked.customizerAdding(ServiceTracker.java:943)
	at org.osgi.util.tracker.ServiceTracker$Tracked.customizerAdding(ServiceTracker.java:1)
	at org.osgi.util.tracker.AbstractTracked.trackAdding(AbstractTracked.java:256)
	at org.osgi.util.tracker.AbstractTracked.track(AbstractTracked.java:229)
	at org.osgi.util.tracker.ServiceTracker$Tracked.serviceChanged(ServiceTracker.java:903)
	at org.eclipse.osgi.internal.serviceregistry.FilteredServiceListener.serviceChanged(FilteredServiceListener.java:109)
	at org.eclipse.osgi.internal.serviceregistry.ServiceRegistry.publishServiceEventPrivileged(ServiceRegistry.java:891)
	at org.eclipse.osgi.internal.serviceregistry.ServiceRegistry.publishServiceEvent(ServiceRegistry.java:804)
	at org.eclipse.osgi.internal.serviceregistry.ServiceRegistrationImpl.register(ServiceRegistrationImpl.java:127)
	at org.eclipse.osgi.internal.serviceregistry.ServiceRegistry.registerService(ServiceRegistry.java:228)
	at org.eclipse.osgi.internal.framework.BundleContextImpl.registerService(BundleContextImpl.java:469)
	at com.liferay.portal.configuration.persistence.internal.activator.ConfigurationPersistenceBundleActivator.start(ConfigurationPersistenceBundleActivator.java:75)
	at org.eclipse.osgi.internal.framework.BundleContextImpl$3.run(BundleContextImpl.java:779)
	at org.eclipse.osgi.internal.framework.BundleContextImpl$3.run(BundleContextImpl.java:1)
	at java.security.AccessController.doPrivileged(Native Method)
	at org.eclipse.osgi.internal.framework.BundleContextImpl.startActivator(BundleContextImpl.java:772)
	at org.eclipse.osgi.internal.framework.BundleContextImpl.start(BundleContextImpl.java:729)
	at org.eclipse.osgi.internal.framework.EquinoxBundle.startWorker0(EquinoxBundle.java:1002)
	at org.eclipse.osgi.internal.framework.EquinoxBundle$EquinoxModule.startWorker(EquinoxBundle.java:354)
	at org.eclipse.osgi.container.Module.doStart(Module.java:581)
	at org.eclipse.osgi.container.Module.start(Module.java:449)
	at org.eclipse.osgi.internal.framework.EquinoxBundle.start(EquinoxBundle.java:428)
	at org.eclipse.osgi.internal.framework.EquinoxBundle.start(EquinoxBundle.java:447)
	at com.liferay.portal.bootstrap.ModuleFrameworkImpl$6.call(ModuleFrameworkImpl.java:1554)
	at com.liferay.portal.bootstrap.ModuleFrameworkImpl$6.call(ModuleFrameworkImpl.java:1550)
	at java.util.concurrent.FutureTask.run(FutureTask.java:266)
	at java.util.concurrent.ThreadPoolExecutor.runWorker(ThreadPoolExecutor.java:1142)
	at java.util.concurrent.ThreadPoolExecutor$Worker.run(ThreadPoolExecutor.java:617)
	at java.lang.Thread.run(Thread.java:745)
Caused by: java.io.FileNotFoundException: C:\LR7\liferay-ce-portal-7.1.1-ga2\osgi\modules\nirav.demo.jar (The system cannot find the file specified)
	at java.io.FileInputStream.open0(Native Method)
	at java.io.FileInputStream.open(FileInputStream.java:195)
	at java.io.FileInputStream.<init>(FileInputStream.java:138)
	at java.io.FileInputStream.<init>(FileInputStream.java:93)
	at sun.net.www.protocol.file.FileURLConnection.connect(FileURLConnection.java:90)
	at sun.net.www.protocol.file.FileURLConnection.getInputStream(FileURLConnection.java:188)
	at org.eclipse.osgi.storage.Storage.install(Storage.java:610)
	... 125 more
2019-11-21 11:18:33.117 INFO  [main][ModuleFrameworkImpl:1592] Started initial bundles
2019-11-21 11:18:33.117 INFO  [main][ModuleFrameworkImpl:1627] Starting dynamic bundles
2019-11-21 11:19:36.503 INFO  [main][ModuleFrameworkImpl:1716] Started dynamic bundles
2019-11-21 11:19:36.503 INFO  [main][ModuleFrameworkImpl:413] Navigate to Control Panel > Configuration > Gogo Shell and enter "lb" to see all bundles
2019-11-21 11:19:45.289 WARN  [Elasticsearch initialization thread][EmbeddedElasticsearchConnection:286] Liferay is configured to use embedded Elasticsearch as its search engine. Do NOT use embedded Elasticsearch in production. Embedded Elasticsearch is useful for development and demonstration purposes. Remote Elasticsearch connections can be configured in the Control Panel.
2019-11-21 11:19:58.859 INFO  [main][StartupHelper:72] There are no patches installed
2019-11-21 11:20:02.251 INFO  [main][AutoDeployDir:193] Auto deploy scanner started for C:\LR7\liferay-ce-portal-7.1.1-ga2\deploy
2019-11-21 11:20:40.228 ERROR [main][PortletImpl:2920] Unable to link role for portlet [MyCampaigns] with role-name [cf_PROJECT_OWNER] because role-link is null
2019-11-21 11:20:49.113 INFO  [main][ThemeHotDeployListener:108] 1 theme for classic-theme is available for use
2019-11-21 11:20:49.862 INFO  [main][ThemeHotDeployListener:108] 1 theme for admin-theme is available for use
2019-11-21 11:20:53.013 INFO  [main][ThemeHotDeployListener:108] 1 theme for my-custome-theme is available for use
2019-11-21 11:20:53.051 INFO  [main][SystemCheckOSGiCommands:54] System check is enabled. You can run a system check with the command "system:check" in Gogo shell.
2019-11-21 11:20:53.052 INFO  [main][SystemCheckOSGiCommands:64] Running system check
2019-11-21 11:20:53.053 INFO  [main][SystemCheckOSGiCommands:95] Available checkers :[Declarative Service Soft Circular Dependency Checker, Declarative Service Unsatisfied Component Checker, Spring Extender Unavailable Component Checker]
2019-11-21 11:20:53.053 INFO  [main][SystemCheckOSGiCommands:111] Running "Declarative Service Soft Circular Dependency Checker". You can run this by itself with command "ds:softCircularDependency" in gogo shell.
2019-11-21 11:20:54.648 INFO  [main][SystemCheckOSGiCommands:123] Declarative Service Soft Circular Dependency Checker check result: No issues were found.
2019-11-21 11:20:54.649 INFO  [main][SystemCheckOSGiCommands:111] Running "Declarative Service Unsatisfied Component Checker". You can run this by itself with command "ds:unsatisfied" in gogo shell.
2019-11-21 11:20:58.935 INFO  [main][SystemCheckOSGiCommands:123] Declarative Service Unsatisfied Component Checker check result: No issues were found.
2019-11-21 11:20:58.936 INFO  [main][SystemCheckOSGiCommands:111] Running "Spring Extender Unavailable Component Checker". You can run this by itself with command "dm na" in gogo shell.
2019-11-21 11:20:58.937 INFO  [main][SystemCheckOSGiCommands:123] Spring Extender Unavailable Component Checker check result: No issues were found.
2019-11-21 12:03:55.693 INFO  [fileinstall-C:/LR7/liferay-ce-portal-7.1.1-ga2/osgi/modules][BundleStartStopLogger:42] STOPPED com.crowd.funding.module.controller_1.0.0 [8664]
2019-11-21 12:04:17.466 INFO  [pipe-start 8691][BundleStartStopLogger:39] STARTED com.crowd.funding.module.controller_1.0.0 [8691]
2019-11-21 12:04:18.073 ERROR [pipe-start 8691][PortletImpl:2920] Unable to link role for portlet [MyCampaigns] with role-name [cf_PROJECT_OWNER] because role-link is null
