2019-04-02 03:12:30.514 INFO  [main][DialectDetector:158] Using dialect org.hibernate.dialect.MySQLDialect for MySQL 5.7
2019-04-02 03:12:32.903 INFO  [main][ModuleFrameworkImpl:1326] Starting initial bundles
2019-04-02 03:13:08.333 INFO  [ModuleFramework-Static-Bundles-4][LPKGIndexValidator:150] Running validation because of mismatched checksum for liferay-target-platform
2019-04-02 03:17:45.339 INFO  [ModuleFramework-Static-Bundles-4][LPKGIndexValidator:273] LPKG validation time 04:44s
2019-04-02 03:17:49.406 INFO  [ModuleFramework-Static-Bundles-4][LPKGIndexValidator:212] Updated C:\LR7\liferay-ce-portal-7.1.1-ga2\osgi\target-platform\integrity.properties
2019-04-02 03:17:49.434 INFO  [main][ModuleFrameworkImpl:1592] Started initial bundles
2019-04-02 03:17:49.434 INFO  [main][ModuleFrameworkImpl:1627] Starting dynamic bundles
2019-04-02 03:18:05.568 INFO  [main][ModuleFrameworkImpl:1716] Started dynamic bundles
2019-04-02 03:18:05.569 INFO  [main][ModuleFrameworkImpl:413] Navigate to Control Panel > Configuration > Gogo Shell and enter "lb" to see all bundles
2019-04-02 03:18:10.016 WARN  [Elasticsearch initialization thread][EmbeddedElasticsearchConnection:286] Liferay is configured to use embedded Elasticsearch as its search engine. Do NOT use embedded Elasticsearch in production. Embedded Elasticsearch is useful for development and demonstration purposes. Remote Elasticsearch connections can be configured in the Control Panel.
2019-04-02 03:18:24.664 INFO  [main][StartupHelper:72] There are no patches installed
2019-04-02 03:18:26.950 INFO  [main][AutoDeployDir:193] Auto deploy scanner started for C:\LR7\liferay-ce-portal-7.1.1-ga2\deploy
2019-04-02 03:18:49.516 INFO  [main][ThemeHotDeployListener:108] 1 theme for classic-theme is available for use
2019-04-02 03:18:50.194 INFO  [main][ThemeHotDeployListener:108] 1 theme for admin-theme is available for use
2019-04-02 03:18:50.584 ERROR [main][PortletImpl:2920] Unable to link role for portlet [MyCampaigns] with role-name [cf_PROJECT_OWNER] because role-link is null
2019-04-02 03:18:53.406 INFO  [main][SystemCheckOSGiCommands:54] System check is enabled. You can run a system check with the command "system:check" in Gogo shell.
2019-04-02 03:18:53.415 INFO  [main][SystemCheckOSGiCommands:64] Running system check
2019-04-02 03:18:53.415 INFO  [main][SystemCheckOSGiCommands:95] Available checkers :[Declarative Service Soft Circular Dependency Checker, Declarative Service Unsatisfied Component Checker, Spring Extender Unavailable Component Checker]
2019-04-02 03:18:53.415 INFO  [main][SystemCheckOSGiCommands:111] Running "Declarative Service Soft Circular Dependency Checker". You can run this by itself with command "ds:softCircularDependency" in gogo shell.
2019-04-02 03:18:54.398 INFO  [main][SystemCheckOSGiCommands:123] Declarative Service Soft Circular Dependency Checker check result: No issues were found.
2019-04-02 03:18:54.398 INFO  [main][SystemCheckOSGiCommands:111] Running "Declarative Service Unsatisfied Component Checker". You can run this by itself with command "ds:unsatisfied" in gogo shell.
2019-04-02 03:18:58.852 INFO  [main][SystemCheckOSGiCommands:123] Declarative Service Unsatisfied Component Checker check result: No issues were found.
2019-04-02 03:18:58.852 INFO  [main][SystemCheckOSGiCommands:111] Running "Spring Extender Unavailable Component Checker". You can run this by itself with command "dm na" in gogo shell.
2019-04-02 03:18:58.858 INFO  [main][SystemCheckOSGiCommands:123] Spring Extender Unavailable Component Checker check result: No issues were found.
2019-04-02 03:32:14.567 INFO  [fileinstall-C:/LR7/liferay-ce-portal-7.1.1-ga2/osgi/modules][BundleStartStopLogger:42] STOPPED com.crowd.funding.database.api_1.0.0 [4927]
2019-04-02 03:32:14.804 INFO  [Refresh Thread: Equinox Container: a6b9f8a0-c7c2-4e5a-b147-ef8bfd821ec7][BundleStartStopLogger:42] STOPPED nirav.demo_1.0.0 [5811]
2019-04-02 03:32:14.827 INFO  [Refresh Thread: Equinox Container: a6b9f8a0-c7c2-4e5a-b147-ef8bfd821ec7][BundleStartStopLogger:42] STOPPED crowd.funding.newsletter.email_1.0.0 [4932]
2019-04-02 03:32:14.859 INFO  [Refresh Thread: Equinox Container: a6b9f8a0-c7c2-4e5a-b147-ef8bfd821ec7][BundleStartStopLogger:42] STOPPED com.crowd.funding.module.controller_1.0.0 [4930]
2019-04-02 03:32:14.874 INFO  [Refresh Thread: Equinox Container: a6b9f8a0-c7c2-4e5a-b147-ef8bfd821ec7][BundleStartStopLogger:42] STOPPED com.crowd.funding.dynamic.fees.controller_1.0.0 [4929]
2019-04-02 03:32:15.112 INFO  [Refresh Thread: Equinox Container: a6b9f8a0-c7c2-4e5a-b147-ef8bfd821ec7][BundleStartStopLogger:42] STOPPED com.crowd.funding.database.service_1.0.0 [4928]
2019-04-02 03:32:15.150 INFO  [Refresh Thread: Equinox Container: a6b9f8a0-c7c2-4e5a-b147-ef8bfd821ec7][BundleStartStopLogger:42] STOPPED com.crowd.funding.admin.report_1.0.0 [4926]
2019-04-02 03:32:15.456 INFO  [Refresh Thread: Equinox Container: a6b9f8a0-c7c2-4e5a-b147-ef8bfd821ec7][BundleStartStopLogger:39] STARTED com.crowd.funding.admin.report_1.0.0 [4926]
2019-04-02 03:32:15.459 INFO  [Refresh Thread: Equinox Container: a6b9f8a0-c7c2-4e5a-b147-ef8bfd821ec7][BundleStartStopLogger:39] STARTED com.crowd.funding.database.service_1.0.0 [4928]
2019-04-02 03:32:16.787 INFO  [Refresh Thread: Equinox Container: a6b9f8a0-c7c2-4e5a-b147-ef8bfd821ec7][BundleStartStopLogger:39] STARTED com.crowd.funding.dynamic.fees.controller_1.0.0 [4929]
2019-04-02 03:32:16.959 ERROR [Refresh Thread: Equinox Container: a6b9f8a0-c7c2-4e5a-b147-ef8bfd821ec7][PortletImpl:2920] Unable to link role for portlet [MyCampaigns] with role-name [cf_PROJECT_OWNER] because role-link is null
2019-04-02 03:32:16.998 INFO  [Refresh Thread: Equinox Container: a6b9f8a0-c7c2-4e5a-b147-ef8bfd821ec7][BundleStartStopLogger:39] STARTED com.crowd.funding.module.controller_1.0.0 [4930]
2019-04-02 03:32:17.033 INFO  [Refresh Thread: Equinox Container: a6b9f8a0-c7c2-4e5a-b147-ef8bfd821ec7][BundleStartStopLogger:39] STARTED crowd.funding.newsletter.email_1.0.0 [4932]
2019-04-02 03:32:17.058 INFO  [Refresh Thread: Equinox Container: a6b9f8a0-c7c2-4e5a-b147-ef8bfd821ec7][BundleStartStopLogger:39] STARTED nirav.demo_1.0.0 [5811]
2019-04-02 03:32:17.060 INFO  [Refresh Thread: Equinox Container: a6b9f8a0-c7c2-4e5a-b147-ef8bfd821ec7][BundleStartStopLogger:39] STARTED com.crowd.funding.database.api_1.0.0 [4927]
2019-04-02 03:32:27.208 INFO  [fileinstall-C:/LR7/liferay-ce-portal-7.1.1-ga2/osgi/modules][BundleStartStopLogger:42] STOPPED com.crowd.funding.database.service_1.0.0 [4928]
2019-04-02 03:32:27.354 INFO  [Refresh Thread: Equinox Container: a6b9f8a0-c7c2-4e5a-b147-ef8bfd821ec7][BundleStartStopLogger:39] STARTED com.crowd.funding.database.service_1.0.0 [4928]
2019-04-02 03:32:27.906 WARN  [Refresh Thread: Equinox Container: a6b9f8a0-c7c2-4e5a-b147-ef8bfd821ec7][ServiceComponentLocalServiceImpl:625] Auto upgrading CrowdFunding database to build number 153 is not supported for a production environment. Write an UpgradeStep to ensure data is upgraded correctly.
2019-04-02 03:32:27.907 INFO  [Refresh Thread: Equinox Container: a6b9f8a0-c7c2-4e5a-b147-ef8bfd821ec7][ServiceComponentLocalServiceImpl:630] Upgrading database with tables.sql
2019-04-02 03:32:27.976 WARN  [Refresh Thread: Equinox Container: a6b9f8a0-c7c2-4e5a-b147-ef8bfd821ec7][BaseDB:487] Table 'cf_acknowledgement_details' already exists: create table cf_acknowledgement_details (_uuid_ varchar(75) null,_ACKNOWLEDGMENT_ID bigint not null primary key,_PROJECT_ID bigint,_DETAILS longtext null,_DOCUMENT_NAME varchar(75) null,_DOCUMENT_TYPE varchar(75) null,_DOCUMENT longblob,_VIDEO_TYPE varchar(75) null,_VIDEO longblob,_DATE datetime(6) null_) engine InnoDB;_ [Sanitized]
2019-04-02 03:32:27.980 WARN  [Refresh Thread: Equinox Container: a6b9f8a0-c7c2-4e5a-b147-ef8bfd821ec7][BaseDB:487] Table 'cf_candidate_details' already exists: create table cf_candidate_details (_uuid_ varchar(75) null,_CANDIDATE_ID bigint not null primary key,_POSITION_ID bigint,_NAME varchar(75) null,_EMAIL varchar(75) null,_MOBILE_NO bigint,_CURRENT_LOCATION varchar(75) null,_EXPERIENCE varchar(75) null,_RESUME longblob,_DATE datetime(6) null,_STATUS integer_) engine InnoDB;_ [Sanitized]
2019-04-02 03:32:27.988 WARN  [Refresh Thread: Equinox Container: a6b9f8a0-c7c2-4e5a-b147-ef8bfd821ec7][BaseDB:487] Table 'cf_donor_details' already exists: create table cf_donor_details (_uuid_ varchar(75) null,_DONOR_ID bigint not null primary key,_NAME varchar(75) null,_ADDRESS varchar(75) null,_CITY varchar(75) null,_STATE varchar(75) null,_COUNTRY varchar(75) null,_PINCODE varchar(75) null,_MAIL_ADDRESS varchar(75) null,_MOBILE_NO bigint,_OTP integer,_MAIL_VERIFICATION integer,_SMS_VERIFICATION integer,_CREATION_DATE_TIME datetime(6) null_) engine InnoDB;_ [Sanitized]
2019-04-02 03:32:27.990 WARN  [Refresh Thread: Equinox Container: a6b9f8a0-c7c2-4e5a-b147-ef8bfd821ec7][BaseDB:487] Table 'cf_dynamic_fees_details' already exists: create table cf_dynamic_fees_details (_uuid_ varchar(75) null,_CATEGORY_ID bigint not null primary key,_CATEGORY_NAME varchar(75) null,_PROCESSING_FEES double,_PROJECT_FEES double,_PAYMENT_GATEWAY_CHARGES double,_OTHER_CHARGES double_) engine InnoDB;_ [Sanitized]
2019-04-02 03:32:27.993 WARN  [Refresh Thread: Equinox Container: a6b9f8a0-c7c2-4e5a-b147-ef8bfd821ec7][BaseDB:487] Table 'cf_extention_details' already exists: create table cf_extention_details (_uuid_ varchar(75) null,_PROJECT_EXTENTION_ID bigint not null primary key,_PROJECT_ID bigint,_EXTENTION_DATE datetime(6) null,_COMMENT varchar(75) null,_STATUS integer,_DATE datetime(6) null_) engine InnoDB;_ [Sanitized]
2019-04-02 03:32:27.996 WARN  [Refresh Thread: Equinox Container: a6b9f8a0-c7c2-4e5a-b147-ef8bfd821ec7][BaseDB:487] Table 'cf_fund_release_details' already exists: create table cf_fund_release_details (_uuid_ varchar(75) null,_FUND_RELEASE_ID bigint not null primary key,_PROJECT_FEES_ID bigint,_PROJECT_ID bigint,_CURRENCY varchar(75) null,_PROCESSING_FEES double,_PROJECT_FEES double,_PAYMENT_GATEWAY_CHARGES double,_OTHER_CHARGES double,_TOTAL_WITHDRAW_AMOUNT double,_STATUS integer,_RELEASE_DATE datetime(6) null,_REQUEST_DATE datetime(6) null_) engine InnoDB;_ [Sanitized]
2019-04-02 03:32:27.998 WARN  [Refresh Thread: Equinox Container: a6b9f8a0-c7c2-4e5a-b147-ef8bfd821ec7][BaseDB:487] Table 'cf_history_log_details' already exists: create table cf_history_log_details (_uuid_ varchar(75) null,_HISTORY_ID bigint not null primary key,_USER_ID bigint,_URL varchar(75) null,_DATE datetime(6) null_) engine InnoDB;_ [Sanitized]
2019-04-02 03:32:28.000 WARN  [Refresh Thread: Equinox Container: a6b9f8a0-c7c2-4e5a-b147-ef8bfd821ec7][BaseDB:487] Table 'cf_news_letter_details' already exists: create table cf_news_letter_details (_uuid_ varchar(75) null,_NEWS_LETTER_ID bigint not null primary key,_TITLE varchar(75) null,_DETAILS varchar(75) null,_DOCUMENT_TYPE varchar(75) null,_DOCUMENT longblob,_DATE datetime(6) null_) engine InnoDB;_ [Sanitized]
2019-04-02 03:32:28.003 WARN  [Refresh Thread: Equinox Container: a6b9f8a0-c7c2-4e5a-b147-ef8bfd821ec7][BaseDB:487] Table 'cf_position_details' already exists: create table cf_position_details (_uuid_ varchar(75) null,_POSITION_ID bigint not null primary key,_ADVERTISMENT_NUM varchar(75) null,_POSITION_NAME varchar(75) null,_DESCRIPTION varchar(75) null,_EXPERIENCE_LEVEL varchar(75) null,_SALARY varchar(75) null,_INDUSTRY_TYPE varchar(75) null,_FUNCTIONAL_AREA varchar(75) null,_ROLE_CATEGORY varchar(75) null,_EMPLOYMENT_TYPE varchar(75) null,_LOCATION varchar(75) null,_DATE datetime(6) null,_STATUS integer_) engine InnoDB;_ [Sanitized]
2019-04-02 03:32:28.004 WARN  [Refresh Thread: Equinox Container: a6b9f8a0-c7c2-4e5a-b147-ef8bfd821ec7][BaseDB:487] Table 'cf_project_account_details' already exists: create table cf_project_account_details (_uuid_ varchar(75) null,_ACCOUNT_ID bigint not null primary key,_PROJECT_ID bigint,_ACCOUNT_NO bigint,_ACCOUNT_HOLDER_NAME varchar(1000) null,_IFSC_CODE varchar(75) null,_UPI_NO varchar(75) null_) engine InnoDB;_ [Sanitized]
2019-04-02 03:32:28.008 WARN  [Refresh Thread: Equinox Container: a6b9f8a0-c7c2-4e5a-b147-ef8bfd821ec7][BaseDB:487] Table 'cf_project_benificiary_details' already exists: create table cf_project_benificiary_details (_uuid_ varchar(75) null,_BENIFICIARY_ID bigint not null primary key,_BENIFICIARY_CATEGORY varchar(75) null,_BENIFICIARY_TYPE varchar(75) null,_BENIFICIARY_NAME varchar(500) null,_AGE varchar(75) null,_GENDER varchar(75) null,_LOCATION varchar(75) null,_RELATIONSHIP varchar(500) null,_RELATIONSHIP_DETAILS varchar(75) null,_MEMBERS_NO integer,_CAUSE_DETAILS varchar(75) null,_ADDRESS_LINE1 varchar(1000) null,_ADDRESS_LINE2 varchar(1000) null,_CITY varchar(75) null,_STATE varchar(75) null,_PINCODE integer,_COUNTRY varchar(75) null,_CONTACT_NAME varchar(75) null,_CONTACT_NO bigint,_ALTERNATE_CONTACT_NO bigint,_EMERGENCY_CONTACT_DETAILS longtext null,_IMAGE_TYPE varchar(75) null,_IMAGE longblob_) engine InnoDB;_ [Sanitized]
2019-04-02 03:32:28.011 WARN  [Refresh Thread: Equinox Container: a6b9f8a0-c7c2-4e5a-b147-ef8bfd821ec7][BaseDB:487] Table 'cf_project_comment_details' already exists: create table cf_project_comment_details (_uuid_ varchar(75) null,_PROJECT_COMMENT_ID bigint not null primary key,_PROJECT_ID bigint,_COMMENT longtext null,_ANSWER longtext null,_DONOR_USER_ID bigint,_COMMENT_DATE datetime(6) null,_STATUS integer_) engine InnoDB;_ [Sanitized]
2019-04-02 03:32:28.014 WARN  [Refresh Thread: Equinox Container: a6b9f8a0-c7c2-4e5a-b147-ef8bfd821ec7][BaseDB:487] Table 'cf_project_document_details' already exists: create table cf_project_document_details (_uuid_ varchar(75) null,_PROJECT_DOCUMENT_ID bigint not null primary key,_PROJECT_ID bigint,_DOCUMENT_NAME varchar(1000) null,_DOCUMENT_TYPE varchar(75) null,_DOCUMENT longblob_) engine InnoDB;_ [Sanitized]
2019-04-02 03:32:28.018 WARN  [Refresh Thread: Equinox Container: a6b9f8a0-c7c2-4e5a-b147-ef8bfd821ec7][BaseDB:487] Table 'cf_project_feedback_details' already exists: create table cf_project_feedback_details (_uuid_ varchar(75) null,_PROJECT_FEEDBACK_ID bigint not null primary key,_PROJECT_ID bigint,_FEEDBACK longtext null,_DONOR_USER_ID bigint,_FEEDBACK_DATE datetime(6) null,_STATUS integer_) engine InnoDB;_ [Sanitized]
2019-04-02 03:32:28.020 WARN  [Refresh Thread: Equinox Container: a6b9f8a0-c7c2-4e5a-b147-ef8bfd821ec7][BaseDB:487] Table 'cf_project_fees_details' already exists: create table cf_project_fees_details (_uuid_ varchar(75) null,_PROJECT_FEES_ID bigint not null primary key,_CATEGORY_ID bigint,_PROJECT_ID bigint,_START_AMOUNT double,_END_AMOUNT double,_WITHDRAW_STATUS integer,_DATE datetime(6) null_) engine InnoDB;_ [Sanitized]
2019-04-02 03:32:28.022 WARN  [Refresh Thread: Equinox Container: a6b9f8a0-c7c2-4e5a-b147-ef8bfd821ec7][BaseDB:487] Table 'cf_project_follower_details' already exists: create table cf_project_follower_details (_uuid_ varchar(75) null,_PROJECT_FOLLOWER_ID bigint not null primary key,_USER_ID bigint,_PROJECT_ID bigint,_STATUS integer_) engine InnoDB;_ [Sanitized]
2019-04-02 03:32:28.025 WARN  [Refresh Thread: Equinox Container: a6b9f8a0-c7c2-4e5a-b147-ef8bfd821ec7][BaseDB:487] Table 'cf_project_fund_details' already exists: create table cf_project_fund_details (_uuid_ varchar(75) null,_PROJECT_FUND_ID bigint not null primary key,_DONOR_ID bigint,_PROJECT_ID bigint,_CURRENCY varchar(75) null,_DONATED_AMOUNT double,_DONOR_USER_ID bigint,_DONOR_STATUS integer,_COMMENT longtext null,_DONATED_DATE datetime(6) null_) engine InnoDB;_ [Sanitized]
2019-04-02 03:32:28.026 WARN  [Refresh Thread: Equinox Container: a6b9f8a0-c7c2-4e5a-b147-ef8bfd821ec7][BaseDB:487] Table 'cf_project_image_details' already exists: create table cf_project_image_details (_uuid_ varchar(75) null,_PROJECT_IMAGE_ID bigint not null primary key,_PROJECT_ID bigint,_IMAGE_NAME varchar(75) null,_IMAGE_TYPE varchar(75) null,_IMAGE longblob_) engine InnoDB;_ [Sanitized]
2019-04-02 03:32:28.028 WARN  [Refresh Thread: Equinox Container: a6b9f8a0-c7c2-4e5a-b147-ef8bfd821ec7][BaseDB:487] Table 'cf_project_master' already exists: create table cf_project_master (_uuid_ varchar(75) null,_PROJECT_ID bigint not null primary key,_USER_ID bigint,_BENIFICIARY_ID bigint,_TITLE longtext null,_DESCRIPTION longtext null,_VIDEO_TYPE varchar(75) null,_VIDEO longblob,_REQUIRED_FUND_AMOUNT double,_CREATION_DATE datetime(6) null,_END_DATE datetime(6) null,_COMMENT varchar(75) null,_STATUS integer,_REQUEST_STATUS integer_) engine InnoDB;_ [Sanitized]
2019-04-02 03:32:28.028 WARN  [Refresh Thread: Equinox Container: a6b9f8a0-c7c2-4e5a-b147-ef8bfd821ec7][BaseDB:487] Table 'cf_project_priority_details' already exists: create table cf_project_priority_details (_uuid_ varchar(75) null,_PROJECT_PRIORITY_ID bigint not null primary key,_PROJECT_ID bigint,_PRIORITY integer,_PRIORITY_SEQUANCE integer_) engine InnoDB;_ [Sanitized]
2019-04-02 03:32:28.030 WARN  [Refresh Thread: Equinox Container: a6b9f8a0-c7c2-4e5a-b147-ef8bfd821ec7][BaseDB:487] Table 'cf_project_question_details' already exists: create table cf_project_question_details (_uuid_ varchar(75) null,_PROJECT_QUESTION_ID bigint not null primary key,_PROJECT_ID bigint,_QUESTION longtext null,_QUESTION_REQUESTER_USER_ID bigint,_QUESTION_DATE datetime(6) null,_STATUS integer_) engine InnoDB;_ [Sanitized]
2019-04-02 03:32:28.033 WARN  [Refresh Thread: Equinox Container: a6b9f8a0-c7c2-4e5a-b147-ef8bfd821ec7][BaseDB:487] Table 'cf_project_update_details' already exists: create table cf_project_update_details (_uuid_ varchar(75) null,_PROJECT_UPDATE_ID bigint not null primary key,_PROJECT_ID bigint,_UPDATE_DETAILS longtext null,_UPDATE_DATE datetime(6) null,_STATUS integer_) engine InnoDB;_ [Sanitized]
2019-04-02 03:32:28.034 WARN  [Refresh Thread: Equinox Container: a6b9f8a0-c7c2-4e5a-b147-ef8bfd821ec7][BaseDB:487] Table 'cf_subscription_details' already exists: create table cf_subscription_details (_uuid_ varchar(75) null,_SUSCRIBER_ID bigint not null primary key,_EMAIL varchar(75) null,_STATUS integer_) engine InnoDB;_ [Sanitized]
2019-04-02 03:32:28.035 WARN  [Refresh Thread: Equinox Container: a6b9f8a0-c7c2-4e5a-b147-ef8bfd821ec7][BaseDB:487] Table 'cf_update_requester_details' already exists: create table cf_update_requester_details (_uuid_ varchar(75) null,_PROJECT_UPDATE_REQUEST_ID bigint not null primary key,_PROJECT_ID bigint,_UPDATE_REQUESTER_USER_ID bigint,_UPDATE_REQUEST_DATE datetime(6) null,_STATUS integer_) engine InnoDB;_ [Sanitized]
2019-04-02 03:32:28.036 WARN  [Refresh Thread: Equinox Container: a6b9f8a0-c7c2-4e5a-b147-ef8bfd821ec7][BaseDB:487] Table 'cf_user_follow_details' already exists: create table cf_user_follow_details (_uuid_ varchar(75) null,_USER_FOLLOW_ID bigint not null primary key,_USER_ID bigint,_FOLLOWER_USER_ID bigint,_STATUS integer_) engine InnoDB;_ [Sanitized]
2019-04-02 03:32:28.037 WARN  [Refresh Thread: Equinox Container: a6b9f8a0-c7c2-4e5a-b147-ef8bfd821ec7][BaseDB:487] Table 'cf_user_master' already exists: create table cf_user_master (_uuid_ varchar(75) null,_USER_ID bigint not null primary key,_USER_OTP_ID bigint,_FULL_NAME varchar(1000) null,_PASSWORD varchar(75) null,_GENDER varchar(75) null,_CREATION_DATE datetime(6) null_) engine InnoDB;_ [Sanitized]
2019-04-02 03:32:28.039 WARN  [Refresh Thread: Equinox Container: a6b9f8a0-c7c2-4e5a-b147-ef8bfd821ec7][BaseDB:487] Table 'cf_user_otp_details' already exists: create table cf_user_otp_details (_uuid_ varchar(75) null,_USER_OTP_ID bigint not null primary key,_MOBILE_NO bigint,_MAIL varchar(75) null,_OTP integer,_OTP_DEVICE integer,_OTP_VERIFICATION_STATUS integer,_CREATION_DATE_TIME datetime(6) null_) engine InnoDB;_ [Sanitized]
2019-04-02 03:32:28.040 INFO  [Refresh Thread: Equinox Container: a6b9f8a0-c7c2-4e5a-b147-ef8bfd821ec7][ServiceComponentLocalServiceImpl:431] No optional file META-INF/portlet-model-hints-ext.xml found
2019-04-02 03:32:28.066 INFO  [Refresh Thread: Equinox Container: a6b9f8a0-c7c2-4e5a-b147-ef8bfd821ec7][Table:168] Starting backup of cf_fund_release_details to C:\LR7\liferay-ce-portal-7.1.1-ga2\tomcat-9.0.10\temp\temp-db-cf_fund_release_details-5786123206467483737.tmp
2019-04-02 03:32:28.088 INFO  [Refresh Thread: Equinox Container: a6b9f8a0-c7c2-4e5a-b147-ef8bfd821ec7][Table:204] Finished backup of cf_fund_release_details to C:\LR7\liferay-ce-portal-7.1.1-ga2\tomcat-9.0.10\temp\temp-db-cf_fund_release_details-5786123206467483737.tmp in 22 ms
2019-04-02 03:32:29.095 INFO  [Refresh Thread: Equinox Container: a6b9f8a0-c7c2-4e5a-b147-ef8bfd821ec7][ServiceComponentLocalServiceImpl:652] Upgrading database with indexes.sql
2019-04-02 03:32:29.139 WARN  [Refresh Thread: Equinox Container: a6b9f8a0-c7c2-4e5a-b147-ef8bfd821ec7][BaseDB:487] Table 'lr7.cf_fund_otp_details' doesn't exist: create index IX_F4C15618 on cf_fund_otp_details (MOBILE_NO);_ [Sanitized]
2019-04-02 03:32:29.142 WARN  [Refresh Thread: Equinox Container: a6b9f8a0-c7c2-4e5a-b147-ef8bfd821ec7][BaseDB:487] Table 'lr7.cf_fund_otp_details' doesn't exist: create index IX_E4E3B61E on cf_fund_otp_details (uuid_);_ [Sanitized]
2019-04-02 03:38:46.353 INFO  [fileinstall-C:/LR7/liferay-ce-portal-7.1.1-ga2/osgi/modules][BundleStartStopLogger:42] STOPPED com.crowd.funding.database.service_1.0.0 [4928]
2019-04-02 03:38:46.490 INFO  [Refresh Thread: Equinox Container: a6b9f8a0-c7c2-4e5a-b147-ef8bfd821ec7][BundleStartStopLogger:39] STARTED com.crowd.funding.database.service_1.0.0 [4928]
2019-04-02 03:39:20.508 WARN  [HikariPool-1 housekeeper][HikariPool:686] HikariPool-1 - Thread starvation or clock leap detected (housekeeper delta=49s833ms652µs863ns).
2019-04-02 03:39:22.558 WARN  [HikariPool-2 housekeeper][HikariPool:686] HikariPool-2 - Thread starvation or clock leap detected (housekeeper delta=49s832ms99µs160ns).
2019-04-02 03:40:02.606 INFO  [fileinstall-C:/LR7/liferay-ce-portal-7.1.1-ga2/osgi/modules][BundleStartStopLogger:39] STARTED com.crowd.funding.user.registration.controller_1.0.0 [5812]
2019-04-02 04:05:44.547 INFO  [fileinstall-C:/LR7/liferay-ce-portal-7.1.1-ga2/osgi/modules][BundleStartStopLogger:42] STOPPED com.crowd.funding.user.registration.controller_1.0.0 [5812]
2019-04-02 04:05:44.887 INFO  [Refresh Thread: Equinox Container: a6b9f8a0-c7c2-4e5a-b147-ef8bfd821ec7][BundleStartStopLogger:39] STARTED com.crowd.funding.user.registration.controller_1.0.0 [5812]
2019-04-02 04:09:20.213 INFO  [fileinstall-C:/LR7/liferay-ce-portal-7.1.1-ga2/osgi/modules][BundleStartStopLogger:42] STOPPED com.crowd.funding.user.registration.controller_1.0.0 [5812]
2019-04-02 04:09:20.571 INFO  [Refresh Thread: Equinox Container: a6b9f8a0-c7c2-4e5a-b147-ef8bfd821ec7][BundleStartStopLogger:39] STARTED com.crowd.funding.user.registration.controller_1.0.0 [5812]
2019-04-02 04:11:55.746 INFO  [fileinstall-C:/LR7/liferay-ce-portal-7.1.1-ga2/osgi/modules][BundleStartStopLogger:42] STOPPED com.crowd.funding.user.registration.controller_1.0.0 [5812]
2019-04-02 04:11:56.082 INFO  [Refresh Thread: Equinox Container: a6b9f8a0-c7c2-4e5a-b147-ef8bfd821ec7][BundleStartStopLogger:39] STARTED com.crowd.funding.user.registration.controller_1.0.0 [5812]
2019-04-02 04:12:56.173 INFO  [fileinstall-C:/LR7/liferay-ce-portal-7.1.1-ga2/osgi/modules][BundleStartStopLogger:42] STOPPED com.crowd.funding.user.registration.controller_1.0.0 [5812]
2019-04-02 04:12:56.435 INFO  [Refresh Thread: Equinox Container: a6b9f8a0-c7c2-4e5a-b147-ef8bfd821ec7][BundleStartStopLogger:39] STARTED com.crowd.funding.user.registration.controller_1.0.0 [5812]
2019-04-02 04:17:41.813 INFO  [fileinstall-C:/LR7/liferay-ce-portal-7.1.1-ga2/osgi/modules][BundleStartStopLogger:42] STOPPED com.crowd.funding.user.registration.controller_1.0.0 [5812]
2019-04-02 04:17:42.091 INFO  [Refresh Thread: Equinox Container: a6b9f8a0-c7c2-4e5a-b147-ef8bfd821ec7][BundleStartStopLogger:39] STARTED com.crowd.funding.user.registration.controller_1.0.0 [5812]
2019-04-02 04:18:32.197 INFO  [fileinstall-C:/LR7/liferay-ce-portal-7.1.1-ga2/osgi/modules][BundleStartStopLogger:42] STOPPED com.crowd.funding.user.registration.controller_1.0.0 [5812]
2019-04-02 04:18:32.559 INFO  [Refresh Thread: Equinox Container: a6b9f8a0-c7c2-4e5a-b147-ef8bfd821ec7][BundleStartStopLogger:39] STARTED com.crowd.funding.user.registration.controller_1.0.0 [5812]
2019-04-02 04:19:52.697 INFO  [fileinstall-C:/LR7/liferay-ce-portal-7.1.1-ga2/osgi/modules][BundleStartStopLogger:42] STOPPED com.crowd.funding.user.registration.controller_1.0.0 [5812]
2019-04-02 04:19:52.961 INFO  [Refresh Thread: Equinox Container: a6b9f8a0-c7c2-4e5a-b147-ef8bfd821ec7][BundleStartStopLogger:39] STARTED com.crowd.funding.user.registration.controller_1.0.0 [5812]
2019-04-02 04:28:23.656 INFO  [fileinstall-C:/LR7/liferay-ce-portal-7.1.1-ga2/osgi/modules][BundleStartStopLogger:42] STOPPED com.crowd.funding.user.registration.controller_1.0.0 [5812]
2019-04-02 04:28:23.931 INFO  [Refresh Thread: Equinox Container: a6b9f8a0-c7c2-4e5a-b147-ef8bfd821ec7][BundleStartStopLogger:39] STARTED com.crowd.funding.user.registration.controller_1.0.0 [5812]
2019-04-02 04:32:14.259 INFO  [fileinstall-C:/LR7/liferay-ce-portal-7.1.1-ga2/osgi/modules][BundleStartStopLogger:42] STOPPED com.crowd.funding.user.registration.controller_1.0.0 [5812]
2019-04-02 04:32:14.520 INFO  [Refresh Thread: Equinox Container: a6b9f8a0-c7c2-4e5a-b147-ef8bfd821ec7][BundleStartStopLogger:39] STARTED com.crowd.funding.user.registration.controller_1.0.0 [5812]
2019-04-02 04:33:59.692 INFO  [fileinstall-C:/LR7/liferay-ce-portal-7.1.1-ga2/osgi/modules][BundleStartStopLogger:42] STOPPED com.crowd.funding.user.registration.controller_1.0.0 [5812]
2019-04-02 04:33:59.994 INFO  [Refresh Thread: Equinox Container: a6b9f8a0-c7c2-4e5a-b147-ef8bfd821ec7][BundleStartStopLogger:39] STARTED com.crowd.funding.user.registration.controller_1.0.0 [5812]
2019-04-02 04:37:30.282 INFO  [fileinstall-C:/LR7/liferay-ce-portal-7.1.1-ga2/osgi/modules][BundleStartStopLogger:42] STOPPED com.crowd.funding.user.registration.controller_1.0.0 [5812]
2019-04-02 04:37:30.582 INFO  [Refresh Thread: Equinox Container: a6b9f8a0-c7c2-4e5a-b147-ef8bfd821ec7][BundleStartStopLogger:39] STARTED com.crowd.funding.user.registration.controller_1.0.0 [5812]
2019-04-02 04:39:50.809 INFO  [fileinstall-C:/LR7/liferay-ce-portal-7.1.1-ga2/osgi/modules][BundleStartStopLogger:42] STOPPED com.crowd.funding.user.registration.controller_1.0.0 [5812]
2019-04-02 04:39:51.096 INFO  [Refresh Thread: Equinox Container: a6b9f8a0-c7c2-4e5a-b147-ef8bfd821ec7][BundleStartStopLogger:39] STARTED com.crowd.funding.user.registration.controller_1.0.0 [5812]
2019-04-02 04:40:31.178 INFO  [fileinstall-C:/LR7/liferay-ce-portal-7.1.1-ga2/osgi/modules][BundleStartStopLogger:42] STOPPED com.crowd.funding.user.registration.controller_1.0.0 [5812]
2019-04-02 04:40:31.455 INFO  [Refresh Thread: Equinox Container: a6b9f8a0-c7c2-4e5a-b147-ef8bfd821ec7][BundleStartStopLogger:39] STARTED com.crowd.funding.user.registration.controller_1.0.0 [5812]
2019-04-02 04:43:36.718 INFO  [fileinstall-C:/LR7/liferay-ce-portal-7.1.1-ga2/osgi/modules][BundleStartStopLogger:42] STOPPED com.crowd.funding.user.registration.controller_1.0.0 [5812]
2019-04-02 04:43:36.996 INFO  [Refresh Thread: Equinox Container: a6b9f8a0-c7c2-4e5a-b147-ef8bfd821ec7][BundleStartStopLogger:39] STARTED com.crowd.funding.user.registration.controller_1.0.0 [5812]
2019-04-02 04:53:02.759 INFO  [fileinstall-C:/LR7/liferay-ce-portal-7.1.1-ga2/osgi/modules][BundleStartStopLogger:42] STOPPED com.crowd.funding.user.registration.controller_1.0.0 [5812]
2019-04-02 04:53:03.020 INFO  [Refresh Thread: Equinox Container: a6b9f8a0-c7c2-4e5a-b147-ef8bfd821ec7][BundleStartStopLogger:39] STARTED com.crowd.funding.user.registration.controller_1.0.0 [5812]
2019-04-02 04:55:33.268 INFO  [fileinstall-C:/LR7/liferay-ce-portal-7.1.1-ga2/osgi/modules][BundleStartStopLogger:42] STOPPED com.crowd.funding.user.registration.controller_1.0.0 [5812]
2019-04-02 04:55:33.589 INFO  [Refresh Thread: Equinox Container: a6b9f8a0-c7c2-4e5a-b147-ef8bfd821ec7][BundleStartStopLogger:39] STARTED com.crowd.funding.user.registration.controller_1.0.0 [5812]
2019-04-02 05:12:19.988 INFO  [fileinstall-C:/LR7/liferay-ce-portal-7.1.1-ga2/osgi/modules][BundleStartStopLogger:42] STOPPED nirav.demo_1.0.0 [5811]
2019-04-02 05:12:20.214 INFO  [Refresh Thread: Equinox Container: a6b9f8a0-c7c2-4e5a-b147-ef8bfd821ec7][BundleStartStopLogger:39] STARTED nirav.demo_1.0.0 [5811]
2019-04-02 05:18:40.852 INFO  [fileinstall-C:/LR7/liferay-ce-portal-7.1.1-ga2/osgi/modules][BundleStartStopLogger:42] STOPPED com.crowd.funding.database.service_1.0.0 [4928]
2019-04-02 05:18:41.017 INFO  [Refresh Thread: Equinox Container: a6b9f8a0-c7c2-4e5a-b147-ef8bfd821ec7][BundleStartStopLogger:39] STARTED com.crowd.funding.database.service_1.0.0 [4928]
2019-04-02 05:20:47.123 INFO  [fileinstall-C:/LR7/liferay-ce-portal-7.1.1-ga2/osgi/modules][BundleStartStopLogger:42] STOPPED com.crowd.funding.database.api_1.0.0 [4927]
2019-04-02 05:20:47.176 INFO  [Refresh Thread: Equinox Container: a6b9f8a0-c7c2-4e5a-b147-ef8bfd821ec7][BundleStartStopLogger:42] STOPPED com.crowd.funding.user.registration.controller_1.0.0 [5812]
2019-04-02 05:20:47.187 INFO  [Refresh Thread: Equinox Container: a6b9f8a0-c7c2-4e5a-b147-ef8bfd821ec7][BundleStartStopLogger:42] STOPPED nirav.demo_1.0.0 [5811]
2019-04-02 05:20:47.206 INFO  [Refresh Thread: Equinox Container: a6b9f8a0-c7c2-4e5a-b147-ef8bfd821ec7][BundleStartStopLogger:42] STOPPED crowd.funding.newsletter.email_1.0.0 [4932]
2019-04-02 05:20:47.236 INFO  [Refresh Thread: Equinox Container: a6b9f8a0-c7c2-4e5a-b147-ef8bfd821ec7][BundleStartStopLogger:42] STOPPED com.crowd.funding.module.controller_1.0.0 [4930]
2019-04-02 05:20:47.253 INFO  [Refresh Thread: Equinox Container: a6b9f8a0-c7c2-4e5a-b147-ef8bfd821ec7][BundleStartStopLogger:42] STOPPED com.crowd.funding.dynamic.fees.controller_1.0.0 [4929]
2019-04-02 05:20:47.367 INFO  [Refresh Thread: Equinox Container: a6b9f8a0-c7c2-4e5a-b147-ef8bfd821ec7][BundleStartStopLogger:42] STOPPED com.crowd.funding.database.service_1.0.0 [4928]
2019-04-02 05:20:47.382 INFO  [Refresh Thread: Equinox Container: a6b9f8a0-c7c2-4e5a-b147-ef8bfd821ec7][BundleStartStopLogger:42] STOPPED com.crowd.funding.admin.report_1.0.0 [4926]
2019-04-02 05:20:48.603 INFO  [Refresh Thread: Equinox Container: a6b9f8a0-c7c2-4e5a-b147-ef8bfd821ec7][BundleStartStopLogger:39] STARTED com.crowd.funding.admin.report_1.0.0 [4926]
2019-04-02 05:20:48.605 INFO  [Refresh Thread: Equinox Container: a6b9f8a0-c7c2-4e5a-b147-ef8bfd821ec7][BundleStartStopLogger:39] STARTED com.crowd.funding.database.service_1.0.0 [4928]
2019-04-02 05:20:49.875 INFO  [Refresh Thread: Equinox Container: a6b9f8a0-c7c2-4e5a-b147-ef8bfd821ec7][BundleStartStopLogger:39] STARTED com.crowd.funding.dynamic.fees.controller_1.0.0 [4929]
2019-04-02 05:20:50.093 ERROR [Refresh Thread: Equinox Container: a6b9f8a0-c7c2-4e5a-b147-ef8bfd821ec7][PortletImpl:2920] Unable to link role for portlet [MyCampaigns] with role-name [cf_PROJECT_OWNER] because role-link is null
2019-04-02 05:20:50.137 INFO  [Refresh Thread: Equinox Container: a6b9f8a0-c7c2-4e5a-b147-ef8bfd821ec7][BundleStartStopLogger:39] STARTED com.crowd.funding.module.controller_1.0.0 [4930]
2019-04-02 05:20:50.180 INFO  [Refresh Thread: Equinox Container: a6b9f8a0-c7c2-4e5a-b147-ef8bfd821ec7][BundleStartStopLogger:39] STARTED crowd.funding.newsletter.email_1.0.0 [4932]
2019-04-02 05:20:50.214 INFO  [Refresh Thread: Equinox Container: a6b9f8a0-c7c2-4e5a-b147-ef8bfd821ec7][BundleStartStopLogger:39] STARTED nirav.demo_1.0.0 [5811]
2019-04-02 05:20:50.250 INFO  [Refresh Thread: Equinox Container: a6b9f8a0-c7c2-4e5a-b147-ef8bfd821ec7][BundleStartStopLogger:39] STARTED com.crowd.funding.user.registration.controller_1.0.0 [5812]
2019-04-02 05:20:50.252 INFO  [Refresh Thread: Equinox Container: a6b9f8a0-c7c2-4e5a-b147-ef8bfd821ec7][BundleStartStopLogger:39] STARTED com.crowd.funding.database.api_1.0.0 [4927]
2019-04-02 05:21:00.402 INFO  [fileinstall-C:/LR7/liferay-ce-portal-7.1.1-ga2/osgi/modules][BundleStartStopLogger:42] STOPPED com.crowd.funding.database.service_1.0.0 [4928]
2019-04-02 05:21:00.539 INFO  [Refresh Thread: Equinox Container: a6b9f8a0-c7c2-4e5a-b147-ef8bfd821ec7][BundleStartStopLogger:39] STARTED com.crowd.funding.database.service_1.0.0 [4928]
2019-04-02 05:21:01.072 WARN  [Refresh Thread: Equinox Container: a6b9f8a0-c7c2-4e5a-b147-ef8bfd821ec7][ServiceComponentLocalServiceImpl:625] Auto upgrading CrowdFunding database to build number 154 is not supported for a production environment. Write an UpgradeStep to ensure data is upgraded correctly.
2019-04-02 05:21:01.076 INFO  [Refresh Thread: Equinox Container: a6b9f8a0-c7c2-4e5a-b147-ef8bfd821ec7][ServiceComponentLocalServiceImpl:630] Upgrading database with tables.sql
2019-04-02 05:21:01.086 WARN  [Refresh Thread: Equinox Container: a6b9f8a0-c7c2-4e5a-b147-ef8bfd821ec7][BaseDB:487] Table 'cf_acknowledgement_details' already exists: create table cf_acknowledgement_details (_uuid_ varchar(75) null,_ACKNOWLEDGMENT_ID bigint not null primary key,_PROJECT_ID bigint,_DETAILS longtext null,_DOCUMENT_NAME varchar(75) null,_DOCUMENT_TYPE varchar(75) null,_DOCUMENT longblob,_VIDEO_TYPE varchar(75) null,_VIDEO longblob,_DATE datetime(6) null_) engine InnoDB;_ [Sanitized]
2019-04-02 05:21:01.089 WARN  [Refresh Thread: Equinox Container: a6b9f8a0-c7c2-4e5a-b147-ef8bfd821ec7][BaseDB:487] Table 'cf_candidate_details' already exists: create table cf_candidate_details (_uuid_ varchar(75) null,_CANDIDATE_ID bigint not null primary key,_POSITION_ID bigint,_NAME varchar(75) null,_EMAIL varchar(75) null,_MOBILE_NO bigint,_CURRENT_LOCATION varchar(75) null,_EXPERIENCE varchar(75) null,_RESUME_TYPE varchar(75) null,_RESUME longblob,_DATE datetime(6) null,_STATUS integer_) engine InnoDB;_ [Sanitized]
2019-04-02 05:21:01.093 WARN  [Refresh Thread: Equinox Container: a6b9f8a0-c7c2-4e5a-b147-ef8bfd821ec7][BaseDB:487] Table 'cf_donor_details' already exists: create table cf_donor_details (_uuid_ varchar(75) null,_DONOR_ID bigint not null primary key,_NAME varchar(75) null,_ADDRESS varchar(75) null,_CITY varchar(75) null,_STATE varchar(75) null,_COUNTRY varchar(75) null,_PINCODE varchar(75) null,_MAIL_ADDRESS varchar(75) null,_MOBILE_NO bigint,_OTP integer,_MAIL_VERIFICATION integer,_SMS_VERIFICATION integer,_CREATION_DATE_TIME datetime(6) null_) engine InnoDB;_ [Sanitized]
2019-04-02 05:21:01.096 WARN  [Refresh Thread: Equinox Container: a6b9f8a0-c7c2-4e5a-b147-ef8bfd821ec7][BaseDB:487] Table 'cf_dynamic_fees_details' already exists: create table cf_dynamic_fees_details (_uuid_ varchar(75) null,_CATEGORY_ID bigint not null primary key,_CATEGORY_NAME varchar(75) null,_PROCESSING_FEES double,_PROJECT_FEES double,_PAYMENT_GATEWAY_CHARGES double,_OTHER_CHARGES double_) engine InnoDB;_ [Sanitized]
2019-04-02 05:21:01.099 WARN  [Refresh Thread: Equinox Container: a6b9f8a0-c7c2-4e5a-b147-ef8bfd821ec7][BaseDB:487] Table 'cf_extention_details' already exists: create table cf_extention_details (_uuid_ varchar(75) null,_PROJECT_EXTENTION_ID bigint not null primary key,_PROJECT_ID bigint,_EXTENTION_DATE datetime(6) null,_COMMENT varchar(75) null,_STATUS integer,_DATE datetime(6) null_) engine InnoDB;_ [Sanitized]
2019-04-02 05:21:01.102 WARN  [Refresh Thread: Equinox Container: a6b9f8a0-c7c2-4e5a-b147-ef8bfd821ec7][BaseDB:487] Table 'cf_fund_release_details' already exists: create table cf_fund_release_details (_uuid_ varchar(75) null,_FUND_RELEASE_ID bigint not null primary key,_PROJECT_FEES_ID bigint,_PROJECT_ID bigint,_CURRENCY varchar(75) null,_PROCESSING_FEES double,_PROJECT_FEES double,_PAYMENT_GATEWAY_CHARGES double,_OTHER_CHARGES double,_TOTAL_WITHDRAW_AMOUNT double,_STATUS integer,_RELEASE_DATE datetime(6) null,_REQUEST_DATE datetime(6) null_) engine InnoDB;_ [Sanitized]
2019-04-02 05:21:01.105 WARN  [Refresh Thread: Equinox Container: a6b9f8a0-c7c2-4e5a-b147-ef8bfd821ec7][BaseDB:487] Table 'cf_history_log_details' already exists: create table cf_history_log_details (_uuid_ varchar(75) null,_HISTORY_ID bigint not null primary key,_USER_ID bigint,_URL varchar(75) null,_DATE datetime(6) null_) engine InnoDB;_ [Sanitized]
2019-04-02 05:21:01.107 WARN  [Refresh Thread: Equinox Container: a6b9f8a0-c7c2-4e5a-b147-ef8bfd821ec7][BaseDB:487] Table 'cf_news_letter_details' already exists: create table cf_news_letter_details (_uuid_ varchar(75) null,_NEWS_LETTER_ID bigint not null primary key,_TITLE varchar(75) null,_DETAILS varchar(75) null,_DOCUMENT_TYPE varchar(75) null,_DOCUMENT longblob,_DATE datetime(6) null_) engine InnoDB;_ [Sanitized]
2019-04-02 05:21:01.109 WARN  [Refresh Thread: Equinox Container: a6b9f8a0-c7c2-4e5a-b147-ef8bfd821ec7][BaseDB:487] Table 'cf_position_details' already exists: create table cf_position_details (_uuid_ varchar(75) null,_POSITION_ID bigint not null primary key,_ADVERTISMENT_NUM varchar(75) null,_POSITION_NAME varchar(75) null,_DESCRIPTION varchar(75) null,_EXPERIENCE_LEVEL varchar(75) null,_SALARY varchar(75) null,_INDUSTRY_TYPE varchar(75) null,_FUNCTIONAL_AREA varchar(75) null,_ROLE_CATEGORY varchar(75) null,_EMPLOYMENT_TYPE varchar(75) null,_LOCATION varchar(75) null,_DATE datetime(6) null,_STATUS integer_) engine InnoDB;_ [Sanitized]
2019-04-02 05:21:01.111 WARN  [Refresh Thread: Equinox Container: a6b9f8a0-c7c2-4e5a-b147-ef8bfd821ec7][BaseDB:487] Table 'cf_project_account_details' already exists: create table cf_project_account_details (_uuid_ varchar(75) null,_ACCOUNT_ID bigint not null primary key,_PROJECT_ID bigint,_ACCOUNT_NO bigint,_ACCOUNT_HOLDER_NAME varchar(1000) null,_IFSC_CODE varchar(75) null,_UPI_NO varchar(75) null_) engine InnoDB;_ [Sanitized]
2019-04-02 05:21:01.113 WARN  [Refresh Thread: Equinox Container: a6b9f8a0-c7c2-4e5a-b147-ef8bfd821ec7][BaseDB:487] Table 'cf_project_benificiary_details' already exists: create table cf_project_benificiary_details (_uuid_ varchar(75) null,_BENIFICIARY_ID bigint not null primary key,_BENIFICIARY_CATEGORY varchar(75) null,_BENIFICIARY_TYPE varchar(75) null,_BENIFICIARY_NAME varchar(500) null,_AGE varchar(75) null,_GENDER varchar(75) null,_LOCATION varchar(75) null,_RELATIONSHIP varchar(500) null,_RELATIONSHIP_DETAILS varchar(75) null,_MEMBERS_NO integer,_CAUSE_DETAILS varchar(75) null,_ADDRESS_LINE1 varchar(1000) null,_ADDRESS_LINE2 varchar(1000) null,_CITY varchar(75) null,_STATE varchar(75) null,_PINCODE integer,_COUNTRY varchar(75) null,_CONTACT_NAME varchar(75) null,_CONTACT_NO bigint,_ALTERNATE_CONTACT_NO bigint,_EMERGENCY_CONTACT_DETAILS longtext null,_IMAGE_TYPE varchar(75) null,_IMAGE longblob_) engine InnoDB;_ [Sanitized]
2019-04-02 05:21:01.114 WARN  [Refresh Thread: Equinox Container: a6b9f8a0-c7c2-4e5a-b147-ef8bfd821ec7][BaseDB:487] Table 'cf_project_comment_details' already exists: create table cf_project_comment_details (_uuid_ varchar(75) null,_PROJECT_COMMENT_ID bigint not null primary key,_PROJECT_ID bigint,_COMMENT longtext null,_ANSWER longtext null,_DONOR_USER_ID bigint,_COMMENT_DATE datetime(6) null,_STATUS integer_) engine InnoDB;_ [Sanitized]
2019-04-02 05:21:01.116 WARN  [Refresh Thread: Equinox Container: a6b9f8a0-c7c2-4e5a-b147-ef8bfd821ec7][BaseDB:487] Table 'cf_project_document_details' already exists: create table cf_project_document_details (_uuid_ varchar(75) null,_PROJECT_DOCUMENT_ID bigint not null primary key,_PROJECT_ID bigint,_DOCUMENT_NAME varchar(1000) null,_DOCUMENT_TYPE varchar(75) null,_DOCUMENT longblob_) engine InnoDB;_ [Sanitized]
2019-04-02 05:21:01.117 WARN  [Refresh Thread: Equinox Container: a6b9f8a0-c7c2-4e5a-b147-ef8bfd821ec7][BaseDB:487] Table 'cf_project_feedback_details' already exists: create table cf_project_feedback_details (_uuid_ varchar(75) null,_PROJECT_FEEDBACK_ID bigint not null primary key,_PROJECT_ID bigint,_FEEDBACK longtext null,_DONOR_USER_ID bigint,_FEEDBACK_DATE datetime(6) null,_STATUS integer_) engine InnoDB;_ [Sanitized]
2019-04-02 05:21:01.118 WARN  [Refresh Thread: Equinox Container: a6b9f8a0-c7c2-4e5a-b147-ef8bfd821ec7][BaseDB:487] Table 'cf_project_fees_details' already exists: create table cf_project_fees_details (_uuid_ varchar(75) null,_PROJECT_FEES_ID bigint not null primary key,_CATEGORY_ID bigint,_PROJECT_ID bigint,_START_AMOUNT double,_END_AMOUNT double,_WITHDRAW_STATUS integer,_DATE datetime(6) null_) engine InnoDB;_ [Sanitized]
2019-04-02 05:21:01.120 WARN  [Refresh Thread: Equinox Container: a6b9f8a0-c7c2-4e5a-b147-ef8bfd821ec7][BaseDB:487] Table 'cf_project_follower_details' already exists: create table cf_project_follower_details (_uuid_ varchar(75) null,_PROJECT_FOLLOWER_ID bigint not null primary key,_USER_ID bigint,_PROJECT_ID bigint,_STATUS integer_) engine InnoDB;_ [Sanitized]
2019-04-02 05:21:01.121 WARN  [Refresh Thread: Equinox Container: a6b9f8a0-c7c2-4e5a-b147-ef8bfd821ec7][BaseDB:487] Table 'cf_project_fund_details' already exists: create table cf_project_fund_details (_uuid_ varchar(75) null,_PROJECT_FUND_ID bigint not null primary key,_DONOR_ID bigint,_PROJECT_ID bigint,_CURRENCY varchar(75) null,_DONATED_AMOUNT double,_DONOR_USER_ID bigint,_DONOR_STATUS integer,_COMMENT longtext null,_DONATED_DATE datetime(6) null_) engine InnoDB;_ [Sanitized]
2019-04-02 05:21:01.122 WARN  [Refresh Thread: Equinox Container: a6b9f8a0-c7c2-4e5a-b147-ef8bfd821ec7][BaseDB:487] Table 'cf_project_image_details' already exists: create table cf_project_image_details (_uuid_ varchar(75) null,_PROJECT_IMAGE_ID bigint not null primary key,_PROJECT_ID bigint,_IMAGE_NAME varchar(75) null,_IMAGE_TYPE varchar(75) null,_IMAGE longblob_) engine InnoDB;_ [Sanitized]
2019-04-02 05:21:01.124 WARN  [Refresh Thread: Equinox Container: a6b9f8a0-c7c2-4e5a-b147-ef8bfd821ec7][BaseDB:487] Table 'cf_project_master' already exists: create table cf_project_master (_uuid_ varchar(75) null,_PROJECT_ID bigint not null primary key,_USER_ID bigint,_BENIFICIARY_ID bigint,_TITLE longtext null,_DESCRIPTION longtext null,_VIDEO_TYPE varchar(75) null,_VIDEO longblob,_REQUIRED_FUND_AMOUNT double,_CREATION_DATE datetime(6) null,_END_DATE datetime(6) null,_COMMENT varchar(75) null,_STATUS integer,_REQUEST_STATUS integer_) engine InnoDB;_ [Sanitized]
2019-04-02 05:21:01.125 WARN  [Refresh Thread: Equinox Container: a6b9f8a0-c7c2-4e5a-b147-ef8bfd821ec7][BaseDB:487] Table 'cf_project_priority_details' already exists: create table cf_project_priority_details (_uuid_ varchar(75) null,_PROJECT_PRIORITY_ID bigint not null primary key,_PROJECT_ID bigint,_PRIORITY integer,_PRIORITY_SEQUANCE integer_) engine InnoDB;_ [Sanitized]
2019-04-02 05:21:01.127 WARN  [Refresh Thread: Equinox Container: a6b9f8a0-c7c2-4e5a-b147-ef8bfd821ec7][BaseDB:487] Table 'cf_project_question_details' already exists: create table cf_project_question_details (_uuid_ varchar(75) null,_PROJECT_QUESTION_ID bigint not null primary key,_PROJECT_ID bigint,_QUESTION longtext null,_QUESTION_REQUESTER_USER_ID bigint,_QUESTION_DATE datetime(6) null,_STATUS integer_) engine InnoDB;_ [Sanitized]
2019-04-02 05:21:01.129 WARN  [Refresh Thread: Equinox Container: a6b9f8a0-c7c2-4e5a-b147-ef8bfd821ec7][BaseDB:487] Table 'cf_project_update_details' already exists: create table cf_project_update_details (_uuid_ varchar(75) null,_PROJECT_UPDATE_ID bigint not null primary key,_PROJECT_ID bigint,_UPDATE_DETAILS longtext null,_UPDATE_DATE datetime(6) null,_STATUS integer_) engine InnoDB;_ [Sanitized]
2019-04-02 05:21:01.130 WARN  [Refresh Thread: Equinox Container: a6b9f8a0-c7c2-4e5a-b147-ef8bfd821ec7][BaseDB:487] Table 'cf_subscription_details' already exists: create table cf_subscription_details (_uuid_ varchar(75) null,_SUSCRIBER_ID bigint not null primary key,_EMAIL varchar(75) null,_STATUS integer_) engine InnoDB;_ [Sanitized]
2019-04-02 05:21:01.131 WARN  [Refresh Thread: Equinox Container: a6b9f8a0-c7c2-4e5a-b147-ef8bfd821ec7][BaseDB:487] Table 'cf_update_requester_details' already exists: create table cf_update_requester_details (_uuid_ varchar(75) null,_PROJECT_UPDATE_REQUEST_ID bigint not null primary key,_PROJECT_ID bigint,_UPDATE_REQUESTER_USER_ID bigint,_UPDATE_REQUEST_DATE datetime(6) null,_STATUS integer_) engine InnoDB;_ [Sanitized]
2019-04-02 05:21:01.133 WARN  [Refresh Thread: Equinox Container: a6b9f8a0-c7c2-4e5a-b147-ef8bfd821ec7][BaseDB:487] Table 'cf_user_follow_details' already exists: create table cf_user_follow_details (_uuid_ varchar(75) null,_USER_FOLLOW_ID bigint not null primary key,_USER_ID bigint,_FOLLOWER_USER_ID bigint,_STATUS integer_) engine InnoDB;_ [Sanitized]
2019-04-02 05:21:01.134 WARN  [Refresh Thread: Equinox Container: a6b9f8a0-c7c2-4e5a-b147-ef8bfd821ec7][BaseDB:487] Table 'cf_user_master' already exists: create table cf_user_master (_uuid_ varchar(75) null,_USER_ID bigint not null primary key,_USER_OTP_ID bigint,_FULL_NAME varchar(1000) null,_PASSWORD varchar(75) null,_GENDER varchar(75) null,_CREATION_DATE datetime(6) null_) engine InnoDB;_ [Sanitized]
2019-04-02 05:21:01.136 WARN  [Refresh Thread: Equinox Container: a6b9f8a0-c7c2-4e5a-b147-ef8bfd821ec7][BaseDB:487] Table 'cf_user_otp_details' already exists: create table cf_user_otp_details (_uuid_ varchar(75) null,_USER_OTP_ID bigint not null primary key,_MOBILE_NO bigint,_MAIL varchar(75) null,_OTP integer,_OTP_DEVICE integer,_OTP_VERIFICATION_STATUS integer,_CREATION_DATE_TIME datetime(6) null_) engine InnoDB;_ [Sanitized]
2019-04-02 05:21:01.137 INFO  [Refresh Thread: Equinox Container: a6b9f8a0-c7c2-4e5a-b147-ef8bfd821ec7][ServiceComponentLocalServiceImpl:431] No optional file META-INF/portlet-model-hints-ext.xml found
2019-04-02 05:21:01.142 INFO  [Refresh Thread: Equinox Container: a6b9f8a0-c7c2-4e5a-b147-ef8bfd821ec7][Table:168] Starting backup of cf_candidate_details to C:\LR7\liferay-ce-portal-7.1.1-ga2\tomcat-9.0.10\temp\temp-db-cf_candidate_details-7511951665694761083.tmp
2019-04-02 05:21:01.155 INFO  [Refresh Thread: Equinox Container: a6b9f8a0-c7c2-4e5a-b147-ef8bfd821ec7][Table:204] Finished backup of cf_candidate_details to C:\LR7\liferay-ce-portal-7.1.1-ga2\tomcat-9.0.10\temp\temp-db-cf_candidate_details-7511951665694761083.tmp in 13 ms
2019-04-02 05:21:02.001 INFO  [Refresh Thread: Equinox Container: a6b9f8a0-c7c2-4e5a-b147-ef8bfd821ec7][ServiceComponentLocalServiceImpl:652] Upgrading database with indexes.sql
2019-04-02 05:39:10.254 INFO  [fileinstall-C:/LR7/liferay-ce-portal-7.1.1-ga2/osgi/modules][BundleStartStopLogger:42] STOPPED com.crowd.funding.user.registration.controller_1.0.0 [5812]
2019-04-02 05:39:10.553 INFO  [Refresh Thread: Equinox Container: a6b9f8a0-c7c2-4e5a-b147-ef8bfd821ec7][BundleStartStopLogger:39] STARTED com.crowd.funding.user.registration.controller_1.0.0 [5812]
2019-04-02 05:46:06.089 INFO  [fileinstall-C:/LR7/liferay-ce-portal-7.1.1-ga2/osgi/modules][BundleStartStopLogger:42] STOPPED com.crowd.funding.user.registration.controller_1.0.0 [5812]
2019-04-02 05:46:06.343 INFO  [Refresh Thread: Equinox Container: a6b9f8a0-c7c2-4e5a-b147-ef8bfd821ec7][BundleStartStopLogger:39] STARTED com.crowd.funding.user.registration.controller_1.0.0 [5812]
2019-04-02 05:48:06.528 INFO  [fileinstall-C:/LR7/liferay-ce-portal-7.1.1-ga2/osgi/modules][BundleStartStopLogger:42] STOPPED com.crowd.funding.user.registration.controller_1.0.0 [5812]
2019-04-02 05:48:06.812 INFO  [Refresh Thread: Equinox Container: a6b9f8a0-c7c2-4e5a-b147-ef8bfd821ec7][BundleStartStopLogger:39] STARTED com.crowd.funding.user.registration.controller_1.0.0 [5812]
2019-04-02 05:56:02.511 INFO  [fileinstall-C:/LR7/liferay-ce-portal-7.1.1-ga2/osgi/modules][BundleStartStopLogger:42] STOPPED com.crowd.funding.user.registration.controller_1.0.0 [5812]
2019-04-02 05:56:02.803 INFO  [Refresh Thread: Equinox Container: a6b9f8a0-c7c2-4e5a-b147-ef8bfd821ec7][BundleStartStopLogger:39] STARTED com.crowd.funding.user.registration.controller_1.0.0 [5812]
2019-04-02 05:58:07.999 INFO  [fileinstall-C:/LR7/liferay-ce-portal-7.1.1-ga2/osgi/modules][BundleStartStopLogger:42] STOPPED com.crowd.funding.user.registration.controller_1.0.0 [5812]
2019-04-02 05:58:08.274 INFO  [Refresh Thread: Equinox Container: a6b9f8a0-c7c2-4e5a-b147-ef8bfd821ec7][BundleStartStopLogger:39] STARTED com.crowd.funding.user.registration.controller_1.0.0 [5812]
2019-04-02 06:14:14.523 INFO  [fileinstall-C:/LR7/liferay-ce-portal-7.1.1-ga2/osgi/modules][BundleStartStopLogger:42] STOPPED com.crowd.funding.user.registration.controller_1.0.0 [5812]
2019-04-02 06:14:14.880 INFO  [Refresh Thread: Equinox Container: a6b9f8a0-c7c2-4e5a-b147-ef8bfd821ec7][BundleStartStopLogger:39] STARTED com.crowd.funding.user.registration.controller_1.0.0 [5812]
2019-04-02 06:16:15.076 INFO  [fileinstall-C:/LR7/liferay-ce-portal-7.1.1-ga2/osgi/modules][BundleStartStopLogger:42] STOPPED com.crowd.funding.user.registration.controller_1.0.0 [5812]
2019-04-02 06:16:15.355 INFO  [Refresh Thread: Equinox Container: a6b9f8a0-c7c2-4e5a-b147-ef8bfd821ec7][BundleStartStopLogger:39] STARTED com.crowd.funding.user.registration.controller_1.0.0 [5812]
2019-04-02 06:18:05.575 INFO  [fileinstall-C:/LR7/liferay-ce-portal-7.1.1-ga2/osgi/modules][BundleStartStopLogger:42] STOPPED com.crowd.funding.user.registration.controller_1.0.0 [5812]
2019-04-02 06:18:05.864 INFO  [Refresh Thread: Equinox Container: a6b9f8a0-c7c2-4e5a-b147-ef8bfd821ec7][BundleStartStopLogger:39] STARTED com.crowd.funding.user.registration.controller_1.0.0 [5812]
2019-04-02 06:37:07.525 INFO  [fileinstall-C:/LR7/liferay-ce-portal-7.1.1-ga2/osgi/modules][BundleStartStopLogger:42] STOPPED com.crowd.funding.user.registration.controller_1.0.0 [5812]
2019-04-02 06:37:07.769 INFO  [Refresh Thread: Equinox Container: a6b9f8a0-c7c2-4e5a-b147-ef8bfd821ec7][BundleStartStopLogger:39] STARTED com.crowd.funding.user.registration.controller_1.0.0 [5812]
2019-04-02 06:47:48.593 INFO  [fileinstall-C:/LR7/liferay-ce-portal-7.1.1-ga2/osgi/modules][BundleStartStopLogger:42] STOPPED com.crowd.funding.user.registration.controller_1.0.0 [5812]
2019-04-02 06:47:48.902 INFO  [Refresh Thread: Equinox Container: a6b9f8a0-c7c2-4e5a-b147-ef8bfd821ec7][BundleStartStopLogger:39] STARTED com.crowd.funding.user.registration.controller_1.0.0 [5812]
2019-04-02 06:50:54.171 INFO  [fileinstall-C:/LR7/liferay-ce-portal-7.1.1-ga2/osgi/modules][BundleStartStopLogger:42] STOPPED com.crowd.funding.user.registration.controller_1.0.0 [5812]
2019-04-02 06:50:54.421 INFO  [Refresh Thread: Equinox Container: a6b9f8a0-c7c2-4e5a-b147-ef8bfd821ec7][BundleStartStopLogger:39] STARTED com.crowd.funding.user.registration.controller_1.0.0 [5812]
2019-04-02 06:52:34.552 INFO  [fileinstall-C:/LR7/liferay-ce-portal-7.1.1-ga2/osgi/modules][BundleStartStopLogger:42] STOPPED com.crowd.funding.user.registration.controller_1.0.0 [5812]
2019-04-02 06:52:34.831 INFO  [Refresh Thread: Equinox Container: a6b9f8a0-c7c2-4e5a-b147-ef8bfd821ec7][BundleStartStopLogger:39] STARTED com.crowd.funding.user.registration.controller_1.0.0 [5812]
2019-04-02 06:54:10.013 INFO  [fileinstall-C:/LR7/liferay-ce-portal-7.1.1-ga2/osgi/modules][BundleStartStopLogger:42] STOPPED com.crowd.funding.user.registration.controller_1.0.0 [5812]
2019-04-02 06:54:10.281 INFO  [Refresh Thread: Equinox Container: a6b9f8a0-c7c2-4e5a-b147-ef8bfd821ec7][BundleStartStopLogger:39] STARTED com.crowd.funding.user.registration.controller_1.0.0 [5812]
2019-04-02 06:57:50.590 INFO  [fileinstall-C:/LR7/liferay-ce-portal-7.1.1-ga2/osgi/modules][BundleStartStopLogger:42] STOPPED com.crowd.funding.user.registration.controller_1.0.0 [5812]
2019-04-02 06:57:50.879 INFO  [Refresh Thread: Equinox Container: a6b9f8a0-c7c2-4e5a-b147-ef8bfd821ec7][BundleStartStopLogger:39] STARTED com.crowd.funding.user.registration.controller_1.0.0 [5812]
2019-04-02 06:59:16.115 INFO  [fileinstall-C:/LR7/liferay-ce-portal-7.1.1-ga2/osgi/modules][BundleStartStopLogger:42] STOPPED com.crowd.funding.user.registration.controller_1.0.0 [5812]
2019-04-02 06:59:16.360 INFO  [Refresh Thread: Equinox Container: a6b9f8a0-c7c2-4e5a-b147-ef8bfd821ec7][BundleStartStopLogger:39] STARTED com.crowd.funding.user.registration.controller_1.0.0 [5812]
2019-04-02 07:08:32.089 INFO  [fileinstall-C:/LR7/liferay-ce-portal-7.1.1-ga2/osgi/modules][BundleStartStopLogger:42] STOPPED com.crowd.funding.user.registration.controller_1.0.0 [5812]
2019-04-02 07:08:32.412 INFO  [Refresh Thread: Equinox Container: a6b9f8a0-c7c2-4e5a-b147-ef8bfd821ec7][BundleStartStopLogger:39] STARTED com.crowd.funding.user.registration.controller_1.0.0 [5812]
2019-04-02 07:10:42.629 INFO  [fileinstall-C:/LR7/liferay-ce-portal-7.1.1-ga2/osgi/modules][BundleStartStopLogger:42] STOPPED com.crowd.funding.user.registration.controller_1.0.0 [5812]
2019-04-02 07:10:42.913 INFO  [Refresh Thread: Equinox Container: a6b9f8a0-c7c2-4e5a-b147-ef8bfd821ec7][BundleStartStopLogger:39] STARTED com.crowd.funding.user.registration.controller_1.0.0 [5812]
2019-04-02 07:16:08.394 INFO  [fileinstall-C:/LR7/liferay-ce-portal-7.1.1-ga2/osgi/modules][BundleStartStopLogger:42] STOPPED com.crowd.funding.user.registration.controller_1.0.0 [5812]
2019-04-02 07:16:08.671 INFO  [Refresh Thread: Equinox Container: a6b9f8a0-c7c2-4e5a-b147-ef8bfd821ec7][BundleStartStopLogger:39] STARTED com.crowd.funding.user.registration.controller_1.0.0 [5812]
2019-04-02 07:23:54.258 INFO  [fileinstall-C:/LR7/liferay-ce-portal-7.1.1-ga2/osgi/modules][BundleStartStopLogger:42] STOPPED com.crowd.funding.user.registration.controller_1.0.0 [5812]
2019-04-02 07:23:54.526 INFO  [Refresh Thread: Equinox Container: a6b9f8a0-c7c2-4e5a-b147-ef8bfd821ec7][BundleStartStopLogger:39] STARTED com.crowd.funding.user.registration.controller_1.0.0 [5812]
2019-04-02 07:28:24.919 INFO  [fileinstall-C:/LR7/liferay-ce-portal-7.1.1-ga2/osgi/modules][BundleStartStopLogger:42] STOPPED com.crowd.funding.user.registration.controller_1.0.0 [5812]
2019-04-02 07:28:25.221 INFO  [Refresh Thread: Equinox Container: a6b9f8a0-c7c2-4e5a-b147-ef8bfd821ec7][BundleStartStopLogger:39] STARTED com.crowd.funding.user.registration.controller_1.0.0 [5812]
2019-04-02 07:32:30.543 INFO  [fileinstall-C:/LR7/liferay-ce-portal-7.1.1-ga2/osgi/modules][BundleStartStopLogger:42] STOPPED com.crowd.funding.user.registration.controller_1.0.0 [5812]
2019-04-02 07:32:30.840 INFO  [Refresh Thread: Equinox Container: a6b9f8a0-c7c2-4e5a-b147-ef8bfd821ec7][BundleStartStopLogger:39] STARTED com.crowd.funding.user.registration.controller_1.0.0 [5812]
2019-04-02 08:18:38.632 WARN  [HikariPool-1 housekeeper][HikariPool:686] HikariPool-1 - Thread starvation or clock leap detected (housekeeper delta=13m19s953ms880µs490ns).
2019-04-02 08:18:40.626 WARN  [HikariPool-2 housekeeper][HikariPool:686] HikariPool-2 - Thread starvation or clock leap detected (housekeeper delta=13m19s953ms360µs228ns).
2019-04-02 08:31:31.374 INFO  [fileinstall-C:/LR7/liferay-ce-portal-7.1.1-ga2/osgi/modules][BundleStartStopLogger:42] STOPPED com.crowd.funding.user.registration.controller_1.0.0 [5812]
2019-04-02 08:31:31.724 INFO  [Refresh Thread: Equinox Container: a6b9f8a0-c7c2-4e5a-b147-ef8bfd821ec7][BundleStartStopLogger:39] STARTED com.crowd.funding.user.registration.controller_1.0.0 [5812]
2019-04-02 08:34:06.911 INFO  [fileinstall-C:/LR7/liferay-ce-portal-7.1.1-ga2/osgi/modules][BundleStartStopLogger:42] STOPPED com.crowd.funding.user.registration.controller_1.0.0 [5812]
2019-04-02 08:34:07.199 INFO  [Refresh Thread: Equinox Container: a6b9f8a0-c7c2-4e5a-b147-ef8bfd821ec7][BundleStartStopLogger:39] STARTED com.crowd.funding.user.registration.controller_1.0.0 [5812]
2019-04-02 08:38:37.563 INFO  [fileinstall-C:/LR7/liferay-ce-portal-7.1.1-ga2/osgi/modules][BundleStartStopLogger:42] STOPPED com.crowd.funding.user.registration.controller_1.0.0 [5812]
2019-04-02 08:38:37.859 INFO  [Refresh Thread: Equinox Container: a6b9f8a0-c7c2-4e5a-b147-ef8bfd821ec7][BundleStartStopLogger:39] STARTED com.crowd.funding.user.registration.controller_1.0.0 [5812]
2019-04-02 08:49:48.896 INFO  [fileinstall-C:/LR7/liferay-ce-portal-7.1.1-ga2/osgi/modules][BundleStartStopLogger:42] STOPPED com.crowd.funding.module.controller_1.0.0 [4930]
2019-04-02 08:49:49.298 ERROR [Refresh Thread: Equinox Container: a6b9f8a0-c7c2-4e5a-b147-ef8bfd821ec7][PortletImpl:2920] Unable to link role for portlet [MyCampaigns] with role-name [cf_PROJECT_OWNER] because role-link is null
2019-04-02 08:49:49.345 INFO  [Refresh Thread: Equinox Container: a6b9f8a0-c7c2-4e5a-b147-ef8bfd821ec7][BundleStartStopLogger:39] STARTED com.crowd.funding.module.controller_1.0.0 [4930]
2019-04-02 08:50:14.412 INFO  [fileinstall-C:/LR7/liferay-ce-portal-7.1.1-ga2/osgi/modules][BundleStartStopLogger:42] STOPPED com.crowd.funding.dynamic.fees.controller_1.0.0 [4929]
2019-04-02 08:50:15.191 INFO  [Refresh Thread: Equinox Container: a6b9f8a0-c7c2-4e5a-b147-ef8bfd821ec7][BundleStartStopLogger:39] STARTED com.crowd.funding.dynamic.fees.controller_1.0.0 [4929]
2019-04-02 08:52:55.441 INFO  [fileinstall-C:/LR7/liferay-ce-portal-7.1.1-ga2/osgi/modules][BundleStartStopLogger:42] STOPPED com.crowd.funding.module.controller_1.0.0 [4930]
2019-04-02 08:52:55.732 ERROR [Refresh Thread: Equinox Container: a6b9f8a0-c7c2-4e5a-b147-ef8bfd821ec7][PortletImpl:2920] Unable to link role for portlet [MyCampaigns] with role-name [cf_PROJECT_OWNER] because role-link is null
2019-04-02 08:52:55.755 INFO  [Refresh Thread: Equinox Container: a6b9f8a0-c7c2-4e5a-b147-ef8bfd821ec7][BundleStartStopLogger:39] STARTED com.crowd.funding.module.controller_1.0.0 [4930]
