2019-04-30 02:38:04.902 INFO  [main][DialectDetector:158] Using dialect org.hibernate.dialect.MySQLDialect for MySQL 5.7
2019-04-30 02:38:07.827 INFO  [main][ModuleFrameworkImpl:1326] Starting initial bundles
2019-04-30 02:38:25.369 INFO  [ModuleFramework-Static-Bundles-1][LPKGIndexValidator:166] Passed integrity check
2019-04-30 02:38:25.537 INFO  [main][ModuleFrameworkImpl:1592] Started initial bundles
2019-04-30 02:38:25.537 INFO  [main][ModuleFrameworkImpl:1627] Starting dynamic bundles
2019-04-30 02:38:43.317 INFO  [main][ModuleFrameworkImpl:1716] Started dynamic bundles
2019-04-30 02:38:43.329 INFO  [main][ModuleFrameworkImpl:413] Navigate to Control Panel > Configuration > Gogo Shell and enter "lb" to see all bundles
2019-04-30 02:38:49.501 WARN  [Elasticsearch initialization thread][EmbeddedElasticsearchConnection:286] Liferay is configured to use embedded Elasticsearch as its search engine. Do NOT use embedded Elasticsearch in production. Embedded Elasticsearch is useful for development and demonstration purposes. Remote Elasticsearch connections can be configured in the Control Panel.
2019-04-30 02:38:59.124 INFO  [main][StartupHelper:72] There are no patches installed
2019-04-30 02:39:01.103 INFO  [main][AutoDeployDir:193] Auto deploy scanner started for C:\LR7\liferay-ce-portal-7.1.1-ga2\deploy
2019-04-30 02:39:27.082 INFO  [main][ThemeHotDeployListener:108] 1 theme for classic-theme is available for use
2019-04-30 02:39:28.199 INFO  [main][ThemeHotDeployListener:108] 1 theme for admin-theme is available for use
2019-04-30 02:39:29.664 ERROR [main][PortletImpl:2920] Unable to link role for portlet [MyCampaigns] with role-name [cf_PROJECT_OWNER] because role-link is null
2019-04-30 02:39:33.016 INFO  [main][SystemCheckOSGiCommands:54] System check is enabled. You can run a system check with the command "system:check" in Gogo shell.
2019-04-30 02:39:33.018 INFO  [main][SystemCheckOSGiCommands:64] Running system check
2019-04-30 02:39:33.018 INFO  [main][SystemCheckOSGiCommands:95] Available checkers :[Declarative Service Soft Circular Dependency Checker, Declarative Service Unsatisfied Component Checker, Spring Extender Unavailable Component Checker]
2019-04-30 02:39:33.019 INFO  [main][SystemCheckOSGiCommands:111] Running "Declarative Service Soft Circular Dependency Checker". You can run this by itself with command "ds:softCircularDependency" in gogo shell.
2019-04-30 02:39:33.987 INFO  [main][SystemCheckOSGiCommands:123] Declarative Service Soft Circular Dependency Checker check result: No issues were found.
2019-04-30 02:39:33.987 INFO  [main][SystemCheckOSGiCommands:111] Running "Declarative Service Unsatisfied Component Checker". You can run this by itself with command "ds:unsatisfied" in gogo shell.
2019-04-30 02:39:38.003 INFO  [main][SystemCheckOSGiCommands:123] Declarative Service Unsatisfied Component Checker check result: No issues were found.
2019-04-30 02:39:38.003 INFO  [main][SystemCheckOSGiCommands:111] Running "Spring Extender Unavailable Component Checker". You can run this by itself with command "dm na" in gogo shell.
2019-04-30 02:39:38.016 INFO  [main][SystemCheckOSGiCommands:123] Spring Extender Unavailable Component Checker check result: No issues were found.
2019-04-30 02:58:59.624 INFO  [main][ThemeHotDeployListener:171] 1 theme for admin-theme was unregistered
2019-04-30 02:58:59.750 INFO  [main][ThemeHotDeployListener:171] 1 theme for classic-theme was unregistered
2019-04-30 02:59:02.781 WARN  [liferay/search_writer/SYSTEM_ENGINE-8][ProxyMessageListener:88] com.liferay.portal.kernel.search.SearchException: Unable to delete document com_liferay_configuration_admin_web_portlet_SystemSettingsPortlet_PORTLET_com.liferay.portal.upload.internal.configuration.UploadServletRequestConfiguration
com.liferay.portal.kernel.search.SearchException: Unable to delete document com_liferay_configuration_admin_web_portlet_SystemSettingsPortlet_PORTLET_com.liferay.portal.upload.internal.configuration.UploadServletRequestConfiguration
	at com.liferay.portal.search.elasticsearch6.internal.ElasticsearchIndexWriter.deleteDocument(ElasticsearchIndexWriter.java:138)
	at sun.reflect.GeneratedMethodAccessor519.invoke(Unknown Source)
	at sun.reflect.DelegatingMethodAccessorImpl.invoke(DelegatingMethodAccessorImpl.java:43)
	at java.lang.reflect.Method.invoke(Method.java:498)
	at com.liferay.portal.kernel.messaging.proxy.ProxyRequest.execute(ProxyRequest.java:82)
	at com.liferay.portal.kernel.messaging.proxy.ProxyMessageListener.receive(ProxyMessageListener.java:58)
	at com.liferay.portal.kernel.messaging.InvokerMessageListener.receive(InvokerMessageListener.java:74)
	at com.liferay.portal.kernel.messaging.ParallelDestination$1.run(ParallelDestination.java:52)
	at com.liferay.portal.kernel.concurrent.ThreadPoolExecutor$WorkerTask._runTask(ThreadPoolExecutor.java:752)
	at com.liferay.portal.kernel.concurrent.ThreadPoolExecutor$WorkerTask.run(ThreadPoolExecutor.java:664)
	at java.lang.Thread.run(Thread.java:745)
Caused by: java.lang.IllegalStateException: Future got interrupted
	at org.elasticsearch.action.support.AdapterActionFuture.actionGet(AdapterActionFuture.java:42)
	at org.elasticsearch.action.ActionRequestBuilder.get(ActionRequestBuilder.java:53)
	at com.liferay.portal.search.elasticsearch6.internal.ElasticsearchIndexWriter.deleteDocument(ElasticsearchIndexWriter.java:125)
	... 10 more
Caused by: java.lang.InterruptedException
	at java.util.concurrent.locks.AbstractQueuedSynchronizer.doAcquireSharedInterruptibly(AbstractQueuedSynchronizer.java:998)
	at java.util.concurrent.locks.AbstractQueuedSynchronizer.acquireSharedInterruptibly(AbstractQueuedSynchronizer.java:1304)
	at org.elasticsearch.common.util.concurrent.BaseFuture$Sync.get(BaseFuture.java:251)
	at org.elasticsearch.common.util.concurrent.BaseFuture.get(BaseFuture.java:94)
	at org.elasticsearch.action.support.AdapterActionFuture.actionGet(AdapterActionFuture.java:39)
	... 12 more
2019-04-30 02:59:02.781 WARN  [liferay/search_writer/SYSTEM_ENGINE-5][ProxyMessageListener:88] com.liferay.portal.kernel.search.SearchException: Unable to delete document com_liferay_configuration_admin_web_portlet_SystemSettingsPortlet_PORTLET_com.liferay.journal.configuration.JournalFileUploadsConfiguration
com.liferay.portal.kernel.search.SearchException: Unable to delete document com_liferay_configuration_admin_web_portlet_SystemSettingsPortlet_PORTLET_com.liferay.journal.configuration.JournalFileUploadsConfiguration
	at com.liferay.portal.search.elasticsearch6.internal.ElasticsearchIndexWriter.deleteDocument(ElasticsearchIndexWriter.java:138)
	at sun.reflect.GeneratedMethodAccessor519.invoke(Unknown Source)
	at sun.reflect.DelegatingMethodAccessorImpl.invoke(DelegatingMethodAccessorImpl.java:43)
	at java.lang.reflect.Method.invoke(Method.java:498)
	at com.liferay.portal.kernel.messaging.proxy.ProxyRequest.execute(ProxyRequest.java:82)
	at com.liferay.portal.kernel.messaging.proxy.ProxyMessageListener.receive(ProxyMessageListener.java:58)
	at com.liferay.portal.kernel.messaging.InvokerMessageListener.receive(InvokerMessageListener.java:74)
	at com.liferay.portal.kernel.messaging.ParallelDestination$1.run(ParallelDestination.java:52)
	at com.liferay.portal.kernel.concurrent.ThreadPoolExecutor$WorkerTask._runTask(ThreadPoolExecutor.java:752)
	at com.liferay.portal.kernel.concurrent.ThreadPoolExecutor$WorkerTask.run(ThreadPoolExecutor.java:664)
	at java.lang.Thread.run(Thread.java:745)
Caused by: java.lang.IllegalStateException: Future got interrupted
	at org.elasticsearch.action.support.AdapterActionFuture.actionGet(AdapterActionFuture.java:42)
	at org.elasticsearch.action.ActionRequestBuilder.get(ActionRequestBuilder.java:53)
	at com.liferay.portal.search.elasticsearch6.internal.ElasticsearchIndexWriter.deleteDocument(ElasticsearchIndexWriter.java:125)
	... 10 more
Caused by: java.lang.InterruptedException
	at java.util.concurrent.locks.AbstractQueuedSynchronizer.doAcquireSharedInterruptibly(AbstractQueuedSynchronizer.java:998)
	at java.util.concurrent.locks.AbstractQueuedSynchronizer.acquireSharedInterruptibly(AbstractQueuedSynchronizer.java:1304)
	at org.elasticsearch.common.util.concurrent.BaseFuture$Sync.get(BaseFuture.java:251)
	at org.elasticsearch.common.util.concurrent.BaseFuture.get(BaseFuture.java:94)
	at org.elasticsearch.action.support.AdapterActionFuture.actionGet(AdapterActionFuture.java:39)
	... 12 more
2019-04-30 02:59:02.781 WARN  [liferay/search_writer/SYSTEM_ENGINE-4][ProxyMessageListener:88] com.liferay.portal.kernel.search.SearchException: Unable to delete document com_liferay_configuration_admin_web_portlet_SystemSettingsPortlet_PORTLET_com.liferay.journal.configuration.JournalServiceConfiguration
com.liferay.portal.kernel.search.SearchException: Unable to delete document com_liferay_configuration_admin_web_portlet_SystemSettingsPortlet_PORTLET_com.liferay.journal.configuration.JournalServiceConfiguration
	at com.liferay.portal.search.elasticsearch6.internal.ElasticsearchIndexWriter.deleteDocument(ElasticsearchIndexWriter.java:138)
	at sun.reflect.GeneratedMethodAccessor519.invoke(Unknown Source)
	at sun.reflect.DelegatingMethodAccessorImpl.invoke(DelegatingMethodAccessorImpl.java:43)
	at java.lang.reflect.Method.invoke(Method.java:498)
	at com.liferay.portal.kernel.messaging.proxy.ProxyRequest.execute(ProxyRequest.java:82)
	at com.liferay.portal.kernel.messaging.proxy.ProxyMessageListener.receive(ProxyMessageListener.java:58)
	at com.liferay.portal.kernel.messaging.InvokerMessageListener.receive(InvokerMessageListener.java:74)
	at com.liferay.portal.kernel.messaging.ParallelDestination$1.run(ParallelDestination.java:52)
	at com.liferay.portal.kernel.concurrent.ThreadPoolExecutor$WorkerTask._runTask(ThreadPoolExecutor.java:752)
	at com.liferay.portal.kernel.concurrent.ThreadPoolExecutor$WorkerTask.run(ThreadPoolExecutor.java:664)
	at java.lang.Thread.run(Thread.java:745)
Caused by: java.lang.IllegalStateException: Future got interrupted
	at org.elasticsearch.action.support.AdapterActionFuture.actionGet(AdapterActionFuture.java:42)
	at org.elasticsearch.action.ActionRequestBuilder.get(ActionRequestBuilder.java:53)
	at com.liferay.portal.search.elasticsearch6.internal.ElasticsearchIndexWriter.deleteDocument(ElasticsearchIndexWriter.java:125)
	... 10 more
Caused by: java.lang.InterruptedException
	at java.util.concurrent.locks.AbstractQueuedSynchronizer.doAcquireSharedInterruptibly(AbstractQueuedSynchronizer.java:998)
	at java.util.concurrent.locks.AbstractQueuedSynchronizer.acquireSharedInterruptibly(AbstractQueuedSynchronizer.java:1304)
	at org.elasticsearch.common.util.concurrent.BaseFuture$Sync.get(BaseFuture.java:251)
	at org.elasticsearch.common.util.concurrent.BaseFuture.get(BaseFuture.java:94)
	at org.elasticsearch.action.support.AdapterActionFuture.actionGet(AdapterActionFuture.java:39)
	... 12 more
2019-04-30 02:59:02.781 WARN  [liferay/search_writer/SYSTEM_ENGINE-6][ProxyMessageListener:88] com.liferay.portal.kernel.search.SearchException: Unable to delete document com_liferay_configuration_admin_web_portlet_SystemSettingsPortlet_PORTLET_com.liferay.portal.remote.soap.extender.internal.configuration.SoapExtenderConfiguration
com.liferay.portal.kernel.search.SearchException: Unable to delete document com_liferay_configuration_admin_web_portlet_SystemSettingsPortlet_PORTLET_com.liferay.portal.remote.soap.extender.internal.configuration.SoapExtenderConfiguration
	at com.liferay.portal.search.elasticsearch6.internal.ElasticsearchIndexWriter.deleteDocument(ElasticsearchIndexWriter.java:138)
	at sun.reflect.NativeMethodAccessorImpl.invoke0(Native Method)
	at sun.reflect.NativeMethodAccessorImpl.invoke(NativeMethodAccessorImpl.java:62)
	at sun.reflect.DelegatingMethodAccessorImpl.invoke(DelegatingMethodAccessorImpl.java:43)
	at java.lang.reflect.Method.invoke(Method.java:498)
	at com.liferay.portal.kernel.messaging.proxy.ProxyRequest.execute(ProxyRequest.java:82)
	at com.liferay.portal.kernel.messaging.proxy.ProxyMessageListener.receive(ProxyMessageListener.java:58)
	at com.liferay.portal.kernel.messaging.InvokerMessageListener.receive(InvokerMessageListener.java:74)
	at com.liferay.portal.kernel.messaging.ParallelDestination$1.run(ParallelDestination.java:52)
	at com.liferay.portal.kernel.concurrent.ThreadPoolExecutor$WorkerTask._runTask(ThreadPoolExecutor.java:752)
	at com.liferay.portal.kernel.concurrent.ThreadPoolExecutor$WorkerTask.run(ThreadPoolExecutor.java:664)
	at java.lang.Thread.run(Thread.java:745)
Caused by: java.lang.IllegalStateException: Future got interrupted
	at org.elasticsearch.action.support.AdapterActionFuture.actionGet(AdapterActionFuture.java:42)
	at org.elasticsearch.action.ActionRequestBuilder.get(ActionRequestBuilder.java:53)
	at com.liferay.portal.search.elasticsearch6.internal.ElasticsearchIndexWriter.deleteDocument(ElasticsearchIndexWriter.java:125)
	... 11 more
Caused by: java.lang.InterruptedException
	at java.util.concurrent.locks.AbstractQueuedSynchronizer.doAcquireSharedInterruptibly(AbstractQueuedSynchronizer.java:998)
	at java.util.concurrent.locks.AbstractQueuedSynchronizer.acquireSharedInterruptibly(AbstractQueuedSynchronizer.java:1304)
	at org.elasticsearch.common.util.concurrent.BaseFuture$Sync.get(BaseFuture.java:251)
	at org.elasticsearch.common.util.concurrent.BaseFuture.get(BaseFuture.java:94)
	at org.elasticsearch.action.support.AdapterActionFuture.actionGet(AdapterActionFuture.java:39)
	... 13 more
2019-04-30 02:59:02.781 WARN  [liferay/search_writer/SYSTEM_ENGINE-7][ProxyMessageListener:88] com.liferay.portal.kernel.search.SearchException: Unable to delete document com_liferay_configuration_admin_web_portlet_SystemSettingsPortlet_PORTLET_com.liferay.journal.configuration.JournalGroupServiceConfiguration
com.liferay.portal.kernel.search.SearchException: Unable to delete document com_liferay_configuration_admin_web_portlet_SystemSettingsPortlet_PORTLET_com.liferay.journal.configuration.JournalGroupServiceConfiguration
	at com.liferay.portal.search.elasticsearch6.internal.ElasticsearchIndexWriter.deleteDocument(ElasticsearchIndexWriter.java:138)
	at sun.reflect.GeneratedMethodAccessor519.invoke(Unknown Source)
	at sun.reflect.DelegatingMethodAccessorImpl.invoke(DelegatingMethodAccessorImpl.java:43)
	at java.lang.reflect.Method.invoke(Method.java:498)
	at com.liferay.portal.kernel.messaging.proxy.ProxyRequest.execute(ProxyRequest.java:82)
	at com.liferay.portal.kernel.messaging.proxy.ProxyMessageListener.receive(ProxyMessageListener.java:58)
	at com.liferay.portal.kernel.messaging.InvokerMessageListener.receive(InvokerMessageListener.java:74)
	at com.liferay.portal.kernel.messaging.ParallelDestination$1.run(ParallelDestination.java:52)
	at com.liferay.portal.kernel.concurrent.ThreadPoolExecutor$WorkerTask._runTask(ThreadPoolExecutor.java:752)
	at com.liferay.portal.kernel.concurrent.ThreadPoolExecutor$WorkerTask.run(ThreadPoolExecutor.java:664)
	at java.lang.Thread.run(Thread.java:745)
Caused by: java.lang.IllegalStateException: Future got interrupted
	at org.elasticsearch.action.support.AdapterActionFuture.actionGet(AdapterActionFuture.java:42)
	at org.elasticsearch.action.ActionRequestBuilder.get(ActionRequestBuilder.java:53)
	at com.liferay.portal.search.elasticsearch6.internal.ElasticsearchIndexWriter.deleteDocument(ElasticsearchIndexWriter.java:125)
	... 10 more
Caused by: java.lang.InterruptedException
	at java.util.concurrent.locks.AbstractQueuedSynchronizer.doAcquireSharedInterruptibly(AbstractQueuedSynchronizer.java:998)
	at java.util.concurrent.locks.AbstractQueuedSynchronizer.acquireSharedInterruptibly(AbstractQueuedSynchronizer.java:1304)
	at org.elasticsearch.common.util.concurrent.BaseFuture$Sync.get(BaseFuture.java:251)
	at org.elasticsearch.common.util.concurrent.BaseFuture.get(BaseFuture.java:94)
	at org.elasticsearch.action.support.AdapterActionFuture.actionGet(AdapterActionFuture.java:39)
	... 12 more
2019-04-30 02:59:12.115 INFO  [main][DialectDetector:158] Using dialect org.hibernate.dialect.MySQLDialect for MySQL 5.7
2019-04-30 02:59:14.158 INFO  [main][ModuleFrameworkImpl:1326] Starting initial bundles
2019-04-30 02:59:23.138 INFO  [ModuleFramework-Static-Bundles-3][LPKGIndexValidator:166] Passed integrity check
2019-04-30 02:59:23.427 INFO  [main][ModuleFrameworkImpl:1592] Started initial bundles
2019-04-30 02:59:23.427 INFO  [main][ModuleFrameworkImpl:1627] Starting dynamic bundles
2019-04-30 02:59:39.082 INFO  [main][ModuleFrameworkImpl:1716] Started dynamic bundles
2019-04-30 02:59:39.092 INFO  [main][ModuleFrameworkImpl:413] Navigate to Control Panel > Configuration > Gogo Shell and enter "lb" to see all bundles
2019-04-30 02:59:44.016 WARN  [Elasticsearch initialization thread][EmbeddedElasticsearchConnection:286] Liferay is configured to use embedded Elasticsearch as its search engine. Do NOT use embedded Elasticsearch in production. Embedded Elasticsearch is useful for development and demonstration purposes. Remote Elasticsearch connections can be configured in the Control Panel.
2019-04-30 02:59:50.219 INFO  [main][StartupHelper:72] There are no patches installed
2019-04-30 02:59:51.609 INFO  [main][AutoDeployDir:193] Auto deploy scanner started for C:\LR7\liferay-ce-portal-7.1.1-ga2\deploy
2019-04-30 03:00:08.935 ERROR [main][PortletImpl:2920] Unable to link role for portlet [MyCampaigns] with role-name [cf_PROJECT_OWNER] because role-link is null
2019-04-30 03:00:15.776 INFO  [main][ThemeHotDeployListener:108] 1 theme for classic-theme is available for use
2019-04-30 03:00:16.296 INFO  [main][ThemeHotDeployListener:108] 1 theme for admin-theme is available for use
2019-04-30 03:00:16.343 INFO  [main][SystemCheckOSGiCommands:54] System check is enabled. You can run a system check with the command "system:check" in Gogo shell.
2019-04-30 03:00:16.359 INFO  [main][SystemCheckOSGiCommands:64] Running system check
2019-04-30 03:00:16.359 INFO  [main][SystemCheckOSGiCommands:95] Available checkers :[Declarative Service Soft Circular Dependency Checker, Declarative Service Unsatisfied Component Checker, Spring Extender Unavailable Component Checker]
2019-04-30 03:00:16.359 INFO  [main][SystemCheckOSGiCommands:111] Running "Declarative Service Soft Circular Dependency Checker". You can run this by itself with command "ds:softCircularDependency" in gogo shell.
2019-04-30 03:00:17.515 INFO  [main][SystemCheckOSGiCommands:123] Declarative Service Soft Circular Dependency Checker check result: No issues were found.
2019-04-30 03:00:17.531 INFO  [main][SystemCheckOSGiCommands:111] Running "Declarative Service Unsatisfied Component Checker". You can run this by itself with command "ds:unsatisfied" in gogo shell.
2019-04-30 03:00:21.454 INFO  [main][SystemCheckOSGiCommands:123] Declarative Service Unsatisfied Component Checker check result: No issues were found.
2019-04-30 03:00:21.454 INFO  [main][SystemCheckOSGiCommands:111] Running "Spring Extender Unavailable Component Checker". You can run this by itself with command "dm na" in gogo shell.
2019-04-30 03:00:21.462 INFO  [main][SystemCheckOSGiCommands:123] Spring Extender Unavailable Component Checker check result: No issues were found.
2019-04-30 09:03:12.082 WARN  [HikariPool-1 housekeeper][HikariPool:686] HikariPool-1 - Thread starvation or clock leap detected (housekeeper delta=5h12m29s249ms355µs159ns).
2019-04-30 09:03:13.929 WARN  [HikariPool-2 housekeeper][HikariPool:686] HikariPool-2 - Thread starvation or clock leap detected (housekeeper delta=5h12m29s253ms563µs966ns).
